[INFO  - 2019-01-12T02:25:12.206Z] GhostDriver - Main - running on port 53853
[INFO  - 2019-01-12T02:25:13.099Z] Session [4a750970-1611-11e9-b460-03e83a02ecad] - page.settings - {"XSSAuditingEnabled":false,"javascriptCanCloseWindows":true,"javascriptCanOpenWindows":true,"javascriptEnabled":true,"loadImages":true,"localToRemoteUrlAccessEnabled":false,"userAgent":"Mozilla/5.0 (Unknown; Linux x86_64) AppleWebKit/538.1 (KHTML, like Gecko) PhantomJS/2.1.1 Safari/538.1","webSecurityEnabled":true}
[INFO  - 2019-01-12T02:25:13.099Z] Session [4a750970-1611-11e9-b460-03e83a02ecad] - page.customHeaders:  - {}
[INFO  - 2019-01-12T02:25:13.099Z] Session [4a750970-1611-11e9-b460-03e83a02ecad] - Session.negotiatedCapabilities - {"browserName":"phantomjs","version":"2.1.1","driverName":"ghostdriver","driverVersion":"1.2.0","platform":"linux-unknown-64bit","javascriptEnabled":true,"takesScreenshot":true,"handlesAlerts":false,"databaseEnabled":false,"locationContextEnabled":false,"applicationCacheEnabled":false,"browserConnectionEnabled":false,"cssSelectorsEnabled":true,"webStorageEnabled":false,"rotatable":false,"acceptSslCerts":false,"nativeEvents":true,"proxy":{"proxyType":"direct"}}
[INFO  - 2019-01-12T02:25:13.099Z] SessionManagerReqHand - _postNewSessionCommand - New Session Created: 4a750970-1611-11e9-b460-03e83a02ecad
[ERROR - 2019-01-12T02:29:43.637Z] Session [4a750970-1611-11e9-b460-03e83a02ecad] - page.onError - msg: TypeError: null is not an object (evaluating '$.id("about-toggle").addEventListener')

  phantomjs://platform/console++.js:263 in error
[ERROR - 2019-01-12T02:29:43.637Z] Session [4a750970-1611-11e9-b460-03e83a02ecad] - page.onError - stack:
  (anonymous function) (https://traintimes.org.uk/js/front.min.js?1543914724:2)
  c (https://traintimes.org.uk/js/core.min.js?1543914723:4)

  phantomjs://platform/console++.js:263 in error
[ERROR - 2019-01-12T02:29:44.566Z] Session [4a750970-1611-11e9-b460-03e83a02ecad] - page.onError - msg: TypeError: null is not an object (evaluating '$.id("about-toggle").addEventListener')

  phantomjs://platform/console++.js:263 in error
[ERROR - 2019-01-12T02:29:44.566Z] Session [4a750970-1611-11e9-b460-03e83a02ecad] - page.onError - stack:
  (anonymous function) (https://traintimes.org.uk/js/front.min.js?1543914724:2)
  c (https://traintimes.org.uk/js/core.min.js?1543914723:4)

  phantomjs://platform/console++.js:263 in error
[ERROR - 2019-01-12T02:29:45.561Z] Session [4a750970-1611-11e9-b460-03e83a02ecad] - page.onError - msg: TypeError: null is not an object (evaluating '$.id("about-toggle").addEventListener')

  phantomjs://platform/console++.js:263 in error
[ERROR - 2019-01-12T02:29:45.561Z] Session [4a750970-1611-11e9-b460-03e83a02ecad] - page.onError - stack:
  (anonymous function) (https://traintimes.org.uk/js/front.min.js?1543914724:2)
  c (https://traintimes.org.uk/js/core.min.js?1543914723:4)

  phantomjs://platform/console++.js:263 in error
[ERROR - 2019-01-12T02:29:46.575Z] Session [4a750970-1611-11e9-b460-03e83a02ecad] - page.onError - msg: TypeError: null is not an object (evaluating '$.id("about-toggle").addEventListener')

  phantomjs://platform/console++.js:263 in error
[ERROR - 2019-01-12T02:29:46.575Z] Session [4a750970-1611-11e9-b460-03e83a02ecad] - page.onError - stack:
  (anonymous function) (https://traintimes.org.uk/js/front.min.js?1543914724:2)
  c (https://traintimes.org.uk/js/core.min.js?1543914723:4)

  phantomjs://platform/console++.js:263 in error
[ERROR - 2019-01-12T02:29:47.540Z] Session [4a750970-1611-11e9-b460-03e83a02ecad] - page.onError - msg: TypeError: null is not an object (evaluating '$.id("about-toggle").addEventListener')

  phantomjs://platform/console++.js:263 in error
[ERROR - 2019-01-12T02:29:47.540Z] Session [4a750970-1611-11e9-b460-03e83a02ecad] - page.onError - stack:
  (anonymous function) (https://traintimes.org.uk/js/front.min.js?1543914724:2)
  c (https://traintimes.org.uk/js/core.min.js?1543914723:4)

  phantomjs://platform/console++.js:263 in error
[ERROR - 2019-01-12T02:29:48.567Z] Session [4a750970-1611-11e9-b460-03e83a02ecad] - page.onError - msg: TypeError: null is not an object (evaluating '$.id("about-toggle").addEventListener')

  phantomjs://platform/console++.js:263 in error
[ERROR - 2019-01-12T02:29:48.567Z] Session [4a750970-1611-11e9-b460-03e83a02ecad] - page.onError - stack:
  (anonymous function) (https://traintimes.org.uk/js/front.min.js?1543914724:2)
  c (https://traintimes.org.uk/js/core.min.js?1543914723:4)

  phantomjs://platform/console++.js:263 in error
[ERROR - 2019-01-12T02:29:49.575Z] Session [4a750970-1611-11e9-b460-03e83a02ecad] - page.onError - msg: TypeError: null is not an object (evaluating '$.id("about-toggle").addEventListener')

  phantomjs://platform/console++.js:263 in error
[ERROR - 2019-01-12T02:29:49.575Z] Session [4a750970-1611-11e9-b460-03e83a02ecad] - page.onError - stack:
  (anonymous function) (https://traintimes.org.uk/js/front.min.js?1543914724:2)
  c (https://traintimes.org.uk/js/core.min.js?1543914723:4)

  phantomjs://platform/console++.js:263 in error
[ERROR - 2019-01-12T02:29:50.580Z] Session [4a750970-1611-11e9-b460-03e83a02ecad] - page.onError - msg: TypeError: null is not an object (evaluating '$.id("about-toggle").addEventListener')

  phantomjs://platform/console++.js:263 in error
[ERROR - 2019-01-12T02:29:50.580Z] Session [4a750970-1611-11e9-b460-03e83a02ecad] - page.onError - stack:
  (anonymous function) (https://traintimes.org.uk/js/front.min.js?1543914724:2)
  c (https://traintimes.org.uk/js/core.min.js?1543914723:4)

  phantomjs://platform/console++.js:263 in error
[ERROR - 2019-01-12T02:29:51.569Z] Session [4a750970-1611-11e9-b460-03e83a02ecad] - page.onError - msg: TypeError: null is not an object (evaluating '$.id("about-toggle").addEventListener')

  phantomjs://platform/console++.js:263 in error
[ERROR - 2019-01-12T02:29:51.569Z] Session [4a750970-1611-11e9-b460-03e83a02ecad] - page.onError - stack:
  (anonymous function) (https://traintimes.org.uk/js/front.min.js?1543914724:2)
  c (https://traintimes.org.uk/js/core.min.js?1543914723:4)

  phantomjs://platform/console++.js:263 in error
[ERROR - 2019-01-12T02:29:52.564Z] Session [4a750970-1611-11e9-b460-03e83a02ecad] - page.onError - msg: TypeError: null is not an object (evaluating '$.id("about-toggle").addEventListener')

  phantomjs://platform/console++.js:263 in error
[ERROR - 2019-01-12T02:29:52.564Z] Session [4a750970-1611-11e9-b460-03e83a02ecad] - page.onError - stack:
  (anonymous function) (https://traintimes.org.uk/js/front.min.js?1543914724:2)
  c (https://traintimes.org.uk/js/core.min.js?1543914723:4)

  phantomjs://platform/console++.js:263 in error
[ERROR - 2019-01-12T02:29:53.574Z] Session [4a750970-1611-11e9-b460-03e83a02ecad] - page.onError - msg: TypeError: null is not an object (evaluating '$.id("about-toggle").addEventListener')

  phantomjs://platform/console++.js:263 in error
[ERROR - 2019-01-12T02:29:53.574Z] Session [4a750970-1611-11e9-b460-03e83a02ecad] - page.onError - stack:
  (anonymous function) (https://traintimes.org.uk/js/front.min.js?1543914724:2)
  c (https://traintimes.org.uk/js/core.min.js?1543914723:4)

  phantomjs://platform/console++.js:263 in error
[ERROR - 2019-01-12T02:29:54.555Z] Session [4a750970-1611-11e9-b460-03e83a02ecad] - page.onError - msg: TypeError: null is not an object (evaluating '$.id("about-toggle").addEventListener')

  phantomjs://platform/console++.js:263 in error
[ERROR - 2019-01-12T02:29:54.555Z] Session [4a750970-1611-11e9-b460-03e83a02ecad] - page.onError - stack:
  (anonymous function) (https://traintimes.org.uk/js/front.min.js?1543914724:2)
  c (https://traintimes.org.uk/js/core.min.js?1543914723:4)

  phantomjs://platform/console++.js:263 in error
[ERROR - 2019-01-12T02:29:56.238Z] Session [4a750970-1611-11e9-b460-03e83a02ecad] - page.onError - msg: TypeError: null is not an object (evaluating '$.id("about-toggle").addEventListener')

  phantomjs://platform/console++.js:263 in error
[ERROR - 2019-01-12T02:29:56.238Z] Session [4a750970-1611-11e9-b460-03e83a02ecad] - page.onError - stack:
  (anonymous function) (https://traintimes.org.uk/js/front.min.js?1543914724:2)
  c (https://traintimes.org.uk/js/core.min.js?1543914723:4)

  phantomjs://platform/console++.js:263 in error
[ERROR - 2019-01-12T02:29:56.627Z] Session [4a750970-1611-11e9-b460-03e83a02ecad] - page.onError - msg: TypeError: null is not an object (evaluating '$.id("about-toggle").addEventListener')

  phantomjs://platform/console++.js:263 in error
[ERROR - 2019-01-12T02:29:56.627Z] Session [4a750970-1611-11e9-b460-03e83a02ecad] - page.onError - stack:
  (anonymous function) (https://traintimes.org.uk/js/front.min.js?1543914724:2)
  c (https://traintimes.org.uk/js/core.min.js?1543914723:4)

  phantomjs://platform/console++.js:263 in error
[ERROR - 2019-01-12T02:29:57.823Z] Session [4a750970-1611-11e9-b460-03e83a02ecad] - page.onError - msg: TypeError: null is not an object (evaluating '$.id("about-toggle").addEventListener')

  phantomjs://platform/console++.js:263 in error
[ERROR - 2019-01-12T02:29:57.823Z] Session [4a750970-1611-11e9-b460-03e83a02ecad] - page.onError - stack:
  (anonymous function) (https://traintimes.org.uk/js/front.min.js?1543914724:2)
  c (https://traintimes.org.uk/js/core.min.js?1543914723:4)

  phantomjs://platform/console++.js:263 in error
[ERROR - 2019-01-12T02:29:58.583Z] Session [4a750970-1611-11e9-b460-03e83a02ecad] - page.onError - msg: TypeError: null is not an object (evaluating '$.id("about-toggle").addEventListener')

  phantomjs://platform/console++.js:263 in error
[ERROR - 2019-01-12T02:29:58.583Z] Session [4a750970-1611-11e9-b460-03e83a02ecad] - page.onError - stack:
  (anonymous function) (https://traintimes.org.uk/js/front.min.js?1543914724:2)
  c (https://traintimes.org.uk/js/core.min.js?1543914723:4)

  phantomjs://platform/console++.js:263 in error
[ERROR - 2019-01-12T02:29:59.821Z] Session [4a750970-1611-11e9-b460-03e83a02ecad] - page.onError - msg: TypeError: null is not an object (evaluating '$.id("about-toggle").addEventListener')

  phantomjs://platform/console++.js:263 in error
[ERROR - 2019-01-12T02:29:59.821Z] Session [4a750970-1611-11e9-b460-03e83a02ecad] - page.onError - stack:
  (anonymous function) (https://traintimes.org.uk/js/front.min.js?1543914724:2)
  c (https://traintimes.org.uk/js/core.min.js?1543914723:4)

  phantomjs://platform/console++.js:263 in error
[ERROR - 2019-01-12T02:30:00.722Z] Session [4a750970-1611-11e9-b460-03e83a02ecad] - page.onError - msg: TypeError: null is not an object (evaluating '$.id("about-toggle").addEventListener')

  phantomjs://platform/console++.js:263 in error
[ERROR - 2019-01-12T02:30:00.723Z] Session [4a750970-1611-11e9-b460-03e83a02ecad] - page.onError - stack:
  (anonymous function) (https://traintimes.org.uk/js/front.min.js?1543914724:2)
  c (https://traintimes.org.uk/js/core.min.js?1543914723:4)

  phantomjs://platform/console++.js:263 in error
[ERROR - 2019-01-12T02:30:01.770Z] Session [4a750970-1611-11e9-b460-03e83a02ecad] - page.onError - msg: TypeError: null is not an object (evaluating '$.id("about-toggle").addEventListener')

  phantomjs://platform/console++.js:263 in error
[ERROR - 2019-01-12T02:30:01.770Z] Session [4a750970-1611-11e9-b460-03e83a02ecad] - page.onError - stack:
  (anonymous function) (https://traintimes.org.uk/js/front.min.js?1543914724:2)
  c (https://traintimes.org.uk/js/core.min.js?1543914723:4)

  phantomjs://platform/console++.js:263 in error
[ERROR - 2019-01-12T02:30:02.913Z] Session [4a750970-1611-11e9-b460-03e83a02ecad] - page.onError - msg: TypeError: null is not an object (evaluating '$.id("about-toggle").addEventListener')

  phantomjs://platform/console++.js:263 in error
[ERROR - 2019-01-12T02:30:02.913Z] Session [4a750970-1611-11e9-b460-03e83a02ecad] - page.onError - stack:
  (anonymous function) (https://traintimes.org.uk/js/front.min.js?1543914724:2)
  c (https://traintimes.org.uk/js/core.min.js?1543914723:4)

  phantomjs://platform/console++.js:263 in error
[ERROR - 2019-01-12T02:30:03.726Z] Session [4a750970-1611-11e9-b460-03e83a02ecad] - page.onError - msg: TypeError: null is not an object (evaluating '$.id("about-toggle").addEventListener')

  phantomjs://platform/console++.js:263 in error
[ERROR - 2019-01-12T02:30:03.726Z] Session [4a750970-1611-11e9-b460-03e83a02ecad] - page.onError - stack:
  (anonymous function) (https://traintimes.org.uk/js/front.min.js?1543914724:2)
  c (https://traintimes.org.uk/js/core.min.js?1543914723:4)

  phantomjs://platform/console++.js:263 in error
[INFO  - 2019-01-12T02:30:12.205Z] SessionManagerReqHand - _cleanupWindowlessSessions - Asynchronous Sessions clean-up phase starting NOW
[INFO  - 2019-01-12T02:35:12.205Z] SessionManagerReqHand - _cleanupWindowlessSessions - Asynchronous Sessions clean-up phase starting NOW
[INFO  - 2019-01-12T02:40:12.205Z] SessionManagerReqHand - _cleanupWindowlessSessions - Asynchronous Sessions clean-up phase starting NOW
[INFO  - 2019-01-12T02:45:12.205Z] SessionManagerReqHand - _cleanupWindowlessSessions - Asynchronous Sessions clean-up phase starting NOW
[INFO  - 2019-01-12T02:50:12.205Z] SessionManagerReqHand - _cleanupWindowlessSessions - Asynchronous Sessions clean-up phase starting NOW
[INFO  - 2019-01-12T02:55:12.205Z] SessionManagerReqHand - _cleanupWindowlessSessions - Asynchronous Sessions clean-up phase starting NOW
[INFO  - 2019-01-12T03:00:12.205Z] SessionManagerReqHand - _cleanupWindowlessSessions - Asynchronous Sessions clean-up phase starting NOW
[ERROR - 2019-01-12T03:02:51.013Z] Session [4a750970-1611-11e9-b460-03e83a02ecad] - page.onError - msg: TypeError: null is not an object (evaluating '$.id("about-toggle").addEventListener')

  phantomjs://platform/console++.js:263 in error
[ERROR - 2019-01-12T03:02:51.013Z] Session [4a750970-1611-11e9-b460-03e83a02ecad] - page.onError - stack:
  (anonymous function) (https://traintimes.org.uk/js/front.min.js?1543914724:2)
  c (https://traintimes.org.uk/js/core.min.js?1543914723:4)

  phantomjs://platform/console++.js:263 in error
[ERROR - 2019-01-12T03:02:52.003Z] Session [4a750970-1611-11e9-b460-03e83a02ecad] - page.onError - msg: TypeError: null is not an object (evaluating '$.id("about-toggle").addEventListener')

  phantomjs://platform/console++.js:263 in error
[ERROR - 2019-01-12T03:02:52.004Z] Session [4a750970-1611-11e9-b460-03e83a02ecad] - page.onError - stack:
  (anonymous function) (https://traintimes.org.uk/js/front.min.js?1543914724:2)
  c (https://traintimes.org.uk/js/core.min.js?1543914723:4)

  phantomjs://platform/console++.js:263 in error
[ERROR - 2019-01-12T03:02:52.989Z] Session [4a750970-1611-11e9-b460-03e83a02ecad] - page.onError - msg: TypeError: null is not an object (evaluating '$.id("about-toggle").addEventListener')

  phantomjs://platform/console++.js:263 in error
[ERROR - 2019-01-12T03:02:52.989Z] Session [4a750970-1611-11e9-b460-03e83a02ecad] - page.onError - stack:
  (anonymous function) (https://traintimes.org.uk/js/front.min.js?1543914724:2)
  c (https://traintimes.org.uk/js/core.min.js?1543914723:4)

  phantomjs://platform/console++.js:263 in error
[ERROR - 2019-01-12T03:02:54.023Z] Session [4a750970-1611-11e9-b460-03e83a02ecad] - page.onError - msg: TypeError: null is not an object (evaluating '$.id("about-toggle").addEventListener')

  phantomjs://platform/console++.js:263 in error
[ERROR - 2019-01-12T03:02:54.024Z] Session [4a750970-1611-11e9-b460-03e83a02ecad] - page.onError - stack:
  (anonymous function) (https://traintimes.org.uk/js/front.min.js?1543914724:2)
  c (https://traintimes.org.uk/js/core.min.js?1543914723:4)

  phantomjs://platform/console++.js:263 in error
[ERROR - 2019-01-12T03:02:55.076Z] Session [4a750970-1611-11e9-b460-03e83a02ecad] - page.onError - msg: TypeError: null is not an object (evaluating '$.id("about-toggle").addEventListener')

  phantomjs://platform/console++.js:263 in error
[ERROR - 2019-01-12T03:02:55.076Z] Session [4a750970-1611-11e9-b460-03e83a02ecad] - page.onError - stack:
  (anonymous function) (https://traintimes.org.uk/js/front.min.js?1543914724:2)
  c (https://traintimes.org.uk/js/core.min.js?1543914723:4)

  phantomjs://platform/console++.js:263 in error
[ERROR - 2019-01-12T03:02:56.016Z] Session [4a750970-1611-11e9-b460-03e83a02ecad] - page.onError - msg: TypeError: null is not an object (evaluating '$.id("about-toggle").addEventListener')

  phantomjs://platform/console++.js:263 in error
[ERROR - 2019-01-12T03:02:56.018Z] Session [4a750970-1611-11e9-b460-03e83a02ecad] - page.onError - stack:
  (anonymous function) (https://traintimes.org.uk/js/front.min.js?1543914724:2)
  c (https://traintimes.org.uk/js/core.min.js?1543914723:4)

  phantomjs://platform/console++.js:263 in error
[ERROR - 2019-01-12T03:02:56.995Z] Session [4a750970-1611-11e9-b460-03e83a02ecad] - page.onError - msg: TypeError: null is not an object (evaluating '$.id("about-toggle").addEventListener')

  phantomjs://platform/console++.js:263 in error
[ERROR - 2019-01-12T03:02:56.996Z] Session [4a750970-1611-11e9-b460-03e83a02ecad] - page.onError - stack:
  (anonymous function) (https://traintimes.org.uk/js/front.min.js?1543914724:2)
  c (https://traintimes.org.uk/js/core.min.js?1543914723:4)

  phantomjs://platform/console++.js:263 in error
[ERROR - 2019-01-12T03:02:58.009Z] Session [4a750970-1611-11e9-b460-03e83a02ecad] - page.onError - msg: TypeError: null is not an object (evaluating '$.id("about-toggle").addEventListener')

  phantomjs://platform/console++.js:263 in error
[ERROR - 2019-01-12T03:02:58.009Z] Session [4a750970-1611-11e9-b460-03e83a02ecad] - page.onError - stack:
  (anonymous function) (https://traintimes.org.uk/js/front.min.js?1543914724:2)
  c (https://traintimes.org.uk/js/core.min.js?1543914723:4)

  phantomjs://platform/console++.js:263 in error
[ERROR - 2019-01-12T03:02:59.012Z] Session [4a750970-1611-11e9-b460-03e83a02ecad] - page.onError - msg: TypeError: null is not an object (evaluating '$.id("about-toggle").addEventListener')

  phantomjs://platform/console++.js:263 in error
[ERROR - 2019-01-12T03:02:59.012Z] Session [4a750970-1611-11e9-b460-03e83a02ecad] - page.onError - stack:
  (anonymous function) (https://traintimes.org.uk/js/front.min.js?1543914724:2)
  c (https://traintimes.org.uk/js/core.min.js?1543914723:4)

  phantomjs://platform/console++.js:263 in error
[ERROR - 2019-01-12T03:03:00.029Z] Session [4a750970-1611-11e9-b460-03e83a02ecad] - page.onError - msg: TypeError: null is not an object (evaluating '$.id("about-toggle").addEventListener')

  phantomjs://platform/console++.js:263 in error
[ERROR - 2019-01-12T03:03:00.029Z] Session [4a750970-1611-11e9-b460-03e83a02ecad] - page.onError - stack:
  (anonymous function) (https://traintimes.org.uk/js/front.min.js?1543914724:2)
  c (https://traintimes.org.uk/js/core.min.js?1543914723:4)

  phantomjs://platform/console++.js:263 in error
[ERROR - 2019-01-12T03:03:01.001Z] Session [4a750970-1611-11e9-b460-03e83a02ecad] - page.onError - msg: TypeError: null is not an object (evaluating '$.id("about-toggle").addEventListener')

  phantomjs://platform/console++.js:263 in error
[ERROR - 2019-01-12T03:03:01.001Z] Session [4a750970-1611-11e9-b460-03e83a02ecad] - page.onError - stack:
  (anonymous function) (https://traintimes.org.uk/js/front.min.js?1543914724:2)
  c (https://traintimes.org.uk/js/core.min.js?1543914723:4)

  phantomjs://platform/console++.js:263 in error
[ERROR - 2019-01-12T03:03:02.003Z] Session [4a750970-1611-11e9-b460-03e83a02ecad] - page.onError - msg: TypeError: null is not an object (evaluating '$.id("about-toggle").addEventListener')

  phantomjs://platform/console++.js:263 in error
[ERROR - 2019-01-12T03:03:02.003Z] Session [4a750970-1611-11e9-b460-03e83a02ecad] - page.onError - stack:
  (anonymous function) (https://traintimes.org.uk/js/front.min.js?1543914724:2)
  c (https://traintimes.org.uk/js/core.min.js?1543914723:4)

  phantomjs://platform/console++.js:263 in error
[ERROR - 2019-01-12T03:03:03.022Z] Session [4a750970-1611-11e9-b460-03e83a02ecad] - page.onError - msg: TypeError: null is not an object (evaluating '$.id("about-toggle").addEventListener')

  phantomjs://platform/console++.js:263 in error
[ERROR - 2019-01-12T03:03:03.022Z] Session [4a750970-1611-11e9-b460-03e83a02ecad] - page.onError - stack:
  (anonymous function) (https://traintimes.org.uk/js/front.min.js?1543914724:2)
  c (https://traintimes.org.uk/js/core.min.js?1543914723:4)

  phantomjs://platform/console++.js:263 in error
[ERROR - 2019-01-12T03:03:04.010Z] Session [4a750970-1611-11e9-b460-03e83a02ecad] - page.onError - msg: TypeError: null is not an object (evaluating '$.id("about-toggle").addEventListener')

  phantomjs://platform/console++.js:263 in error
[ERROR - 2019-01-12T03:03:04.010Z] Session [4a750970-1611-11e9-b460-03e83a02ecad] - page.onError - stack:
  (anonymous function) (https://traintimes.org.uk/js/front.min.js?1543914724:2)
  c (https://traintimes.org.uk/js/core.min.js?1543914723:4)

  phantomjs://platform/console++.js:263 in error
[ERROR - 2019-01-12T03:03:04.991Z] Session [4a750970-1611-11e9-b460-03e83a02ecad] - page.onError - msg: TypeError: null is not an object (evaluating '$.id("about-toggle").addEventListener')

  phantomjs://platform/console++.js:263 in error
[ERROR - 2019-01-12T03:03:04.991Z] Session [4a750970-1611-11e9-b460-03e83a02ecad] - page.onError - stack:
  (anonymous function) (https://traintimes.org.uk/js/front.min.js?1543914724:2)
  c (https://traintimes.org.uk/js/core.min.js?1543914723:4)

  phantomjs://platform/console++.js:263 in error
[ERROR - 2019-01-12T03:03:05.991Z] Session [4a750970-1611-11e9-b460-03e83a02ecad] - page.onError - msg: TypeError: null is not an object (evaluating '$.id("about-toggle").addEventListener')

  phantomjs://platform/console++.js:263 in error
[ERROR - 2019-01-12T03:03:05.991Z] Session [4a750970-1611-11e9-b460-03e83a02ecad] - page.onError - stack:
  (anonymous function) (https://traintimes.org.uk/js/front.min.js?1543914724:2)
  c (https://traintimes.org.uk/js/core.min.js?1543914723:4)

  phantomjs://platform/console++.js:263 in error
[ERROR - 2019-01-12T03:03:06.986Z] Session [4a750970-1611-11e9-b460-03e83a02ecad] - page.onError - msg: TypeError: null is not an object (evaluating '$.id("about-toggle").addEventListener')

  phantomjs://platform/console++.js:263 in error
[ERROR - 2019-01-12T03:03:06.987Z] Session [4a750970-1611-11e9-b460-03e83a02ecad] - page.onError - stack:
  (anonymous function) (https://traintimes.org.uk/js/front.min.js?1543914724:2)
  c (https://traintimes.org.uk/js/core.min.js?1543914723:4)

  phantomjs://platform/console++.js:263 in error
[ERROR - 2019-01-12T03:03:08.009Z] Session [4a750970-1611-11e9-b460-03e83a02ecad] - page.onError - msg: TypeError: null is not an object (evaluating '$.id("about-toggle").addEventListener')

  phantomjs://platform/console++.js:263 in error
[ERROR - 2019-01-12T03:03:08.009Z] Session [4a750970-1611-11e9-b460-03e83a02ecad] - page.onError - stack:
  (anonymous function) (https://traintimes.org.uk/js/front.min.js?1543914724:2)
  c (https://traintimes.org.uk/js/core.min.js?1543914723:4)

  phantomjs://platform/console++.js:263 in error
[ERROR - 2019-01-12T03:03:09.021Z] Session [4a750970-1611-11e9-b460-03e83a02ecad] - page.onError - msg: TypeError: null is not an object (evaluating '$.id("about-toggle").addEventListener')

  phantomjs://platform/console++.js:263 in error
[ERROR - 2019-01-12T03:03:09.021Z] Session [4a750970-1611-11e9-b460-03e83a02ecad] - page.onError - stack:
  (anonymous function) (https://traintimes.org.uk/js/front.min.js?1543914724:2)
  c (https://traintimes.org.uk/js/core.min.js?1543914723:4)

  phantomjs://platform/console++.js:263 in error
[ERROR - 2019-01-12T03:03:10.017Z] Session [4a750970-1611-11e9-b460-03e83a02ecad] - page.onError - msg: TypeError: null is not an object (evaluating '$.id("about-toggle").addEventListener')

  phantomjs://platform/console++.js:263 in error
[ERROR - 2019-01-12T03:03:10.017Z] Session [4a750970-1611-11e9-b460-03e83a02ecad] - page.onError - stack:
  (anonymous function) (https://traintimes.org.uk/js/front.min.js?1543914724:2)
  c (https://traintimes.org.uk/js/core.min.js?1543914723:4)

  phantomjs://platform/console++.js:263 in error
[ERROR - 2019-01-12T03:03:11.015Z] Session [4a750970-1611-11e9-b460-03e83a02ecad] - page.onError - msg: TypeError: null is not an object (evaluating '$.id("about-toggle").addEventListener')

  phantomjs://platform/console++.js:263 in error
[ERROR - 2019-01-12T03:03:11.015Z] Session [4a750970-1611-11e9-b460-03e83a02ecad] - page.onError - stack:
  (anonymous function) (https://traintimes.org.uk/js/front.min.js?1543914724:2)
  c (https://traintimes.org.uk/js/core.min.js?1543914723:4)

  phantomjs://platform/console++.js:263 in error
[INFO  - 2019-01-12T03:05:12.205Z] SessionManagerReqHand - _cleanupWindowlessSessions - Asynchronous Sessions clean-up phase starting NOW
[INFO  - 2019-01-12T03:10:12.205Z] SessionManagerReqHand - _cleanupWindowlessSessions - Asynchronous Sessions clean-up phase starting NOW
[INFO  - 2019-01-12T03:15:12.205Z] SessionManagerReqHand - _cleanupWindowlessSessions - Asynchronous Sessions clean-up phase starting NOW
[ERROR - 2019-01-12T03:17:39.431Z] Session [4a750970-1611-11e9-b460-03e83a02ecad] - page.onError - msg: TypeError: null is not an object (evaluating '$.id("about-toggle").addEventListener')

  phantomjs://platform/console++.js:263 in error
[ERROR - 2019-01-12T03:17:39.431Z] Session [4a750970-1611-11e9-b460-03e83a02ecad] - page.onError - stack:
  (anonymous function) (https://traintimes.org.uk/js/front.min.js?1543914724:2)
  c (https://traintimes.org.uk/js/core.min.js?1543914723:4)

  phantomjs://platform/console++.js:263 in error
[ERROR - 2019-01-12T03:17:40.429Z] Session [4a750970-1611-11e9-b460-03e83a02ecad] - page.onError - msg: TypeError: null is not an object (evaluating '$.id("about-toggle").addEventListener')

  phantomjs://platform/console++.js:263 in error
[ERROR - 2019-01-12T03:17:40.429Z] Session [4a750970-1611-11e9-b460-03e83a02ecad] - page.onError - stack:
  (anonymous function) (https://traintimes.org.uk/js/front.min.js?1543914724:2)
  c (https://traintimes.org.uk/js/core.min.js?1543914723:4)

  phantomjs://platform/console++.js:263 in error
[ERROR - 2019-01-12T03:17:41.426Z] Session [4a750970-1611-11e9-b460-03e83a02ecad] - page.onError - msg: TypeError: null is not an object (evaluating '$.id("about-toggle").addEventListener')

  phantomjs://platform/console++.js:263 in error
[ERROR - 2019-01-12T03:17:41.426Z] Session [4a750970-1611-11e9-b460-03e83a02ecad] - page.onError - stack:
  (anonymous function) (https://traintimes.org.uk/js/front.min.js?1543914724:2)
  c (https://traintimes.org.uk/js/core.min.js?1543914723:4)

  phantomjs://platform/console++.js:263 in error
[ERROR - 2019-01-12T03:17:42.425Z] Session [4a750970-1611-11e9-b460-03e83a02ecad] - page.onError - msg: TypeError: null is not an object (evaluating '$.id("about-toggle").addEventListener')

  phantomjs://platform/console++.js:263 in error
[ERROR - 2019-01-12T03:17:42.426Z] Session [4a750970-1611-11e9-b460-03e83a02ecad] - page.onError - stack:
  (anonymous function) (https://traintimes.org.uk/js/front.min.js?1543914724:2)
  c (https://traintimes.org.uk/js/core.min.js?1543914723:4)

  phantomjs://platform/console++.js:263 in error
[ERROR - 2019-01-12T03:17:43.427Z] Session [4a750970-1611-11e9-b460-03e83a02ecad] - page.onError - msg: TypeError: null is not an object (evaluating '$.id("about-toggle").addEventListener')

  phantomjs://platform/console++.js:263 in error
[ERROR - 2019-01-12T03:17:43.427Z] Session [4a750970-1611-11e9-b460-03e83a02ecad] - page.onError - stack:
  (anonymous function) (https://traintimes.org.uk/js/front.min.js?1543914724:2)
  c (https://traintimes.org.uk/js/core.min.js?1543914723:4)

  phantomjs://platform/console++.js:263 in error
[ERROR - 2019-01-12T03:17:44.418Z] Session [4a750970-1611-11e9-b460-03e83a02ecad] - page.onError - msg: TypeError: null is not an object (evaluating '$.id("about-toggle").addEventListener')

  phantomjs://platform/console++.js:263 in error
[ERROR - 2019-01-12T03:17:44.418Z] Session [4a750970-1611-11e9-b460-03e83a02ecad] - page.onError - stack:
  (anonymous function) (https://traintimes.org.uk/js/front.min.js?1543914724:2)
  c (https://traintimes.org.uk/js/core.min.js?1543914723:4)

  phantomjs://platform/console++.js:263 in error
[ERROR - 2019-01-12T03:17:45.453Z] Session [4a750970-1611-11e9-b460-03e83a02ecad] - page.onError - msg: TypeError: null is not an object (evaluating '$.id("about-toggle").addEventListener')

  phantomjs://platform/console++.js:263 in error
[ERROR - 2019-01-12T03:17:45.453Z] Session [4a750970-1611-11e9-b460-03e83a02ecad] - page.onError - stack:
  (anonymous function) (https://traintimes.org.uk/js/front.min.js?1543914724:2)
  c (https://traintimes.org.uk/js/core.min.js?1543914723:4)

  phantomjs://platform/console++.js:263 in error
[ERROR - 2019-01-12T03:17:46.417Z] Session [4a750970-1611-11e9-b460-03e83a02ecad] - page.onError - msg: TypeError: null is not an object (evaluating '$.id("about-toggle").addEventListener')

  phantomjs://platform/console++.js:263 in error
[ERROR - 2019-01-12T03:17:46.417Z] Session [4a750970-1611-11e9-b460-03e83a02ecad] - page.onError - stack:
  (anonymous function) (https://traintimes.org.uk/js/front.min.js?1543914724:2)
  c (https://traintimes.org.uk/js/core.min.js?1543914723:4)

  phantomjs://platform/console++.js:263 in error
[ERROR - 2019-01-12T03:17:47.412Z] Session [4a750970-1611-11e9-b460-03e83a02ecad] - page.onError - msg: TypeError: null is not an object (evaluating '$.id("about-toggle").addEventListener')

  phantomjs://platform/console++.js:263 in error
[ERROR - 2019-01-12T03:17:47.412Z] Session [4a750970-1611-11e9-b460-03e83a02ecad] - page.onError - stack:
  (anonymous function) (https://traintimes.org.uk/js/front.min.js?1543914724:2)
  c (https://traintimes.org.uk/js/core.min.js?1543914723:4)

  phantomjs://platform/console++.js:263 in error
[ERROR - 2019-01-12T03:17:48.419Z] Session [4a750970-1611-11e9-b460-03e83a02ecad] - page.onError - msg: TypeError: null is not an object (evaluating '$.id("about-toggle").addEventListener')

  phantomjs://platform/console++.js:263 in error
[ERROR - 2019-01-12T03:17:48.419Z] Session [4a750970-1611-11e9-b460-03e83a02ecad] - page.onError - stack:
  (anonymous function) (https://traintimes.org.uk/js/front.min.js?1543914724:2)
  c (https://traintimes.org.uk/js/core.min.js?1543914723:4)

  phantomjs://platform/console++.js:263 in error
[ERROR - 2019-01-12T03:17:49.419Z] Session [4a750970-1611-11e9-b460-03e83a02ecad] - page.onError - msg: TypeError: null is not an object (evaluating '$.id("about-toggle").addEventListener')

  phantomjs://platform/console++.js:263 in error
[ERROR - 2019-01-12T03:17:49.419Z] Session [4a750970-1611-11e9-b460-03e83a02ecad] - page.onError - stack:
  (anonymous function) (https://traintimes.org.uk/js/front.min.js?1543914724:2)
  c (https://traintimes.org.uk/js/core.min.js?1543914723:4)

  phantomjs://platform/console++.js:263 in error
[ERROR - 2019-01-12T03:17:50.421Z] Session [4a750970-1611-11e9-b460-03e83a02ecad] - page.onError - msg: TypeError: null is not an object (evaluating '$.id("about-toggle").addEventListener')

  phantomjs://platform/console++.js:263 in error
[ERROR - 2019-01-12T03:17:50.421Z] Session [4a750970-1611-11e9-b460-03e83a02ecad] - page.onError - stack:
  (anonymous function) (https://traintimes.org.uk/js/front.min.js?1543914724:2)
  c (https://traintimes.org.uk/js/core.min.js?1543914723:4)

  phantomjs://platform/console++.js:263 in error
[ERROR - 2019-01-12T03:17:51.419Z] Session [4a750970-1611-11e9-b460-03e83a02ecad] - page.onError - msg: TypeError: null is not an object (evaluating '$.id("about-toggle").addEventListener')

  phantomjs://platform/console++.js:263 in error
[ERROR - 2019-01-12T03:17:51.419Z] Session [4a750970-1611-11e9-b460-03e83a02ecad] - page.onError - stack:
  (anonymous function) (https://traintimes.org.uk/js/front.min.js?1543914724:2)
  c (https://traintimes.org.uk/js/core.min.js?1543914723:4)

  phantomjs://platform/console++.js:263 in error
[ERROR - 2019-01-12T03:17:52.424Z] Session [4a750970-1611-11e9-b460-03e83a02ecad] - page.onError - msg: TypeError: null is not an object (evaluating '$.id("about-toggle").addEventListener')

  phantomjs://platform/console++.js:263 in error
[ERROR - 2019-01-12T03:17:52.424Z] Session [4a750970-1611-11e9-b460-03e83a02ecad] - page.onError - stack:
  (anonymous function) (https://traintimes.org.uk/js/front.min.js?1543914724:2)
  c (https://traintimes.org.uk/js/core.min.js?1543914723:4)

  phantomjs://platform/console++.js:263 in error
[ERROR - 2019-01-12T03:17:53.461Z] Session [4a750970-1611-11e9-b460-03e83a02ecad] - page.onError - msg: TypeError: null is not an object (evaluating '$.id("about-toggle").addEventListener')

  phantomjs://platform/console++.js:263 in error
[ERROR - 2019-01-12T03:17:53.463Z] Session [4a750970-1611-11e9-b460-03e83a02ecad] - page.onError - stack:
  (anonymous function) (https://traintimes.org.uk/js/front.min.js?1543914724:2)
  c (https://traintimes.org.uk/js/core.min.js?1543914723:4)

  phantomjs://platform/console++.js:263 in error
[ERROR - 2019-01-12T03:17:54.405Z] Session [4a750970-1611-11e9-b460-03e83a02ecad] - page.onError - msg: TypeError: null is not an object (evaluating '$.id("about-toggle").addEventListener')

  phantomjs://platform/console++.js:263 in error
[ERROR - 2019-01-12T03:17:54.405Z] Session [4a750970-1611-11e9-b460-03e83a02ecad] - page.onError - stack:
  (anonymous function) (https://traintimes.org.uk/js/front.min.js?1543914724:2)
  c (https://traintimes.org.uk/js/core.min.js?1543914723:4)

  phantomjs://platform/console++.js:263 in error
[ERROR - 2019-01-12T03:17:55.432Z] Session [4a750970-1611-11e9-b460-03e83a02ecad] - page.onError - msg: TypeError: null is not an object (evaluating '$.id("about-toggle").addEventListener')

  phantomjs://platform/console++.js:263 in error
[ERROR - 2019-01-12T03:17:55.432Z] Session [4a750970-1611-11e9-b460-03e83a02ecad] - page.onError - stack:
  (anonymous function) (https://traintimes.org.uk/js/front.min.js?1543914724:2)
  c (https://traintimes.org.uk/js/core.min.js?1543914723:4)

  phantomjs://platform/console++.js:263 in error
[ERROR - 2019-01-12T03:17:56.420Z] Session [4a750970-1611-11e9-b460-03e83a02ecad] - page.onError - msg: TypeError: null is not an object (evaluating '$.id("about-toggle").addEventListener')

  phantomjs://platform/console++.js:263 in error
[ERROR - 2019-01-12T03:17:56.420Z] Session [4a750970-1611-11e9-b460-03e83a02ecad] - page.onError - stack:
  (anonymous function) (https://traintimes.org.uk/js/front.min.js?1543914724:2)
  c (https://traintimes.org.uk/js/core.min.js?1543914723:4)

  phantomjs://platform/console++.js:263 in error
[ERROR - 2019-01-12T03:17:57.405Z] Session [4a750970-1611-11e9-b460-03e83a02ecad] - page.onError - msg: TypeError: null is not an object (evaluating '$.id("about-toggle").addEventListener')

  phantomjs://platform/console++.js:263 in error
[ERROR - 2019-01-12T03:17:57.405Z] Session [4a750970-1611-11e9-b460-03e83a02ecad] - page.onError - stack:
  (anonymous function) (https://traintimes.org.uk/js/front.min.js?1543914724:2)
  c (https://traintimes.org.uk/js/core.min.js?1543914723:4)

  phantomjs://platform/console++.js:263 in error
[ERROR - 2019-01-12T03:17:58.402Z] Session [4a750970-1611-11e9-b460-03e83a02ecad] - page.onError - msg: TypeError: null is not an object (evaluating '$.id("about-toggle").addEventListener')

  phantomjs://platform/console++.js:263 in error
[ERROR - 2019-01-12T03:17:58.402Z] Session [4a750970-1611-11e9-b460-03e83a02ecad] - page.onError - stack:
  (anonymous function) (https://traintimes.org.uk/js/front.min.js?1543914724:2)
  c (https://traintimes.org.uk/js/core.min.js?1543914723:4)

  phantomjs://platform/console++.js:263 in error
[ERROR - 2019-01-12T03:17:59.461Z] Session [4a750970-1611-11e9-b460-03e83a02ecad] - page.onError - msg: TypeError: null is not an object (evaluating '$.id("about-toggle").addEventListener')

  phantomjs://platform/console++.js:263 in error
[ERROR - 2019-01-12T03:17:59.462Z] Session [4a750970-1611-11e9-b460-03e83a02ecad] - page.onError - stack:
  (anonymous function) (https://traintimes.org.uk/js/front.min.js?1543914724:2)
  c (https://traintimes.org.uk/js/core.min.js?1543914723:4)

  phantomjs://platform/console++.js:263 in error
[INFO  - 2019-01-12T03:20:12.205Z] SessionManagerReqHand - _cleanupWindowlessSessions - Asynchronous Sessions clean-up phase starting NOW
[INFO  - 2019-01-12T03:25:12.205Z] SessionManagerReqHand - _cleanupWindowlessSessions - Asynchronous Sessions clean-up phase starting NOW
[INFO  - 2019-01-12T03:30:12.205Z] SessionManagerReqHand - _cleanupWindowlessSessions - Asynchronous Sessions clean-up phase starting NOW
[ERROR - 2019-01-12T03:33:41.910Z] Session [4a750970-1611-11e9-b460-03e83a02ecad] - page.onError - msg: TypeError: null is not an object (evaluating '$.id("about-toggle").addEventListener')

  phantomjs://platform/console++.js:263 in error
[ERROR - 2019-01-12T03:33:41.910Z] Session [4a750970-1611-11e9-b460-03e83a02ecad] - page.onError - stack:
  (anonymous function) (https://traintimes.org.uk/js/front.min.js?1543914724:2)
  c (https://traintimes.org.uk/js/core.min.js?1543914723:4)

  phantomjs://platform/console++.js:263 in error
[ERROR - 2019-01-12T03:33:42.907Z] Session [4a750970-1611-11e9-b460-03e83a02ecad] - page.onError - msg: TypeError: null is not an object (evaluating '$.id("about-toggle").addEventListener')

  phantomjs://platform/console++.js:263 in error
[ERROR - 2019-01-12T03:33:42.907Z] Session [4a750970-1611-11e9-b460-03e83a02ecad] - page.onError - stack:
  (anonymous function) (https://traintimes.org.uk/js/front.min.js?1543914724:2)
  c (https://traintimes.org.uk/js/core.min.js?1543914723:4)

  phantomjs://platform/console++.js:263 in error
[ERROR - 2019-01-12T03:33:43.913Z] Session [4a750970-1611-11e9-b460-03e83a02ecad] - page.onError - msg: TypeError: null is not an object (evaluating '$.id("about-toggle").addEventListener')

  phantomjs://platform/console++.js:263 in error
[ERROR - 2019-01-12T03:33:43.913Z] Session [4a750970-1611-11e9-b460-03e83a02ecad] - page.onError - stack:
  (anonymous function) (https://traintimes.org.uk/js/front.min.js?1543914724:2)
  c (https://traintimes.org.uk/js/core.min.js?1543914723:4)

  phantomjs://platform/console++.js:263 in error
[ERROR - 2019-01-12T03:33:44.894Z] Session [4a750970-1611-11e9-b460-03e83a02ecad] - page.onError - msg: TypeError: null is not an object (evaluating '$.id("about-toggle").addEventListener')

  phantomjs://platform/console++.js:263 in error
[ERROR - 2019-01-12T03:33:44.895Z] Session [4a750970-1611-11e9-b460-03e83a02ecad] - page.onError - stack:
  (anonymous function) (https://traintimes.org.uk/js/front.min.js?1543914724:2)
  c (https://traintimes.org.uk/js/core.min.js?1543914723:4)

  phantomjs://platform/console++.js:263 in error
[ERROR - 2019-01-12T03:33:45.895Z] Session [4a750970-1611-11e9-b460-03e83a02ecad] - page.onError - msg: TypeError: null is not an object (evaluating '$.id("about-toggle").addEventListener')

  phantomjs://platform/console++.js:263 in error
[ERROR - 2019-01-12T03:33:45.895Z] Session [4a750970-1611-11e9-b460-03e83a02ecad] - page.onError - stack:
  (anonymous function) (https://traintimes.org.uk/js/front.min.js?1543914724:2)
  c (https://traintimes.org.uk/js/core.min.js?1543914723:4)

  phantomjs://platform/console++.js:263 in error
[ERROR - 2019-01-12T03:33:46.930Z] Session [4a750970-1611-11e9-b460-03e83a02ecad] - page.onError - msg: TypeError: null is not an object (evaluating '$.id("about-toggle").addEventListener')

  phantomjs://platform/console++.js:263 in error
[ERROR - 2019-01-12T03:33:46.933Z] Session [4a750970-1611-11e9-b460-03e83a02ecad] - page.onError - stack:
  (anonymous function) (https://traintimes.org.uk/js/front.min.js?1543914724:2)
  c (https://traintimes.org.uk/js/core.min.js?1543914723:4)

  phantomjs://platform/console++.js:263 in error
[ERROR - 2019-01-12T03:33:47.926Z] Session [4a750970-1611-11e9-b460-03e83a02ecad] - page.onError - msg: TypeError: null is not an object (evaluating '$.id("about-toggle").addEventListener')

  phantomjs://platform/console++.js:263 in error
[ERROR - 2019-01-12T03:33:47.926Z] Session [4a750970-1611-11e9-b460-03e83a02ecad] - page.onError - stack:
  (anonymous function) (https://traintimes.org.uk/js/front.min.js?1543914724:2)
  c (https://traintimes.org.uk/js/core.min.js?1543914723:4)

  phantomjs://platform/console++.js:263 in error
[ERROR - 2019-01-12T03:33:48.921Z] Session [4a750970-1611-11e9-b460-03e83a02ecad] - page.onError - msg: TypeError: null is not an object (evaluating '$.id("about-toggle").addEventListener')

  phantomjs://platform/console++.js:263 in error
[ERROR - 2019-01-12T03:33:48.921Z] Session [4a750970-1611-11e9-b460-03e83a02ecad] - page.onError - stack:
  (anonymous function) (https://traintimes.org.uk/js/front.min.js?1543914724:2)
  c (https://traintimes.org.uk/js/core.min.js?1543914723:4)

  phantomjs://platform/console++.js:263 in error
[ERROR - 2019-01-12T03:33:49.958Z] Session [4a750970-1611-11e9-b460-03e83a02ecad] - page.onError - msg: TypeError: null is not an object (evaluating '$.id("about-toggle").addEventListener')

  phantomjs://platform/console++.js:263 in error
[ERROR - 2019-01-12T03:33:49.958Z] Session [4a750970-1611-11e9-b460-03e83a02ecad] - page.onError - stack:
  (anonymous function) (https://traintimes.org.uk/js/front.min.js?1543914724:2)
  c (https://traintimes.org.uk/js/core.min.js?1543914723:4)

  phantomjs://platform/console++.js:263 in error
[ERROR - 2019-01-12T03:33:50.920Z] Session [4a750970-1611-11e9-b460-03e83a02ecad] - page.onError - msg: TypeError: null is not an object (evaluating '$.id("about-toggle").addEventListener')

  phantomjs://platform/console++.js:263 in error
[ERROR - 2019-01-12T03:33:50.920Z] Session [4a750970-1611-11e9-b460-03e83a02ecad] - page.onError - stack:
  (anonymous function) (https://traintimes.org.uk/js/front.min.js?1543914724:2)
  c (https://traintimes.org.uk/js/core.min.js?1543914723:4)

  phantomjs://platform/console++.js:263 in error
[ERROR - 2019-01-12T03:33:51.928Z] Session [4a750970-1611-11e9-b460-03e83a02ecad] - page.onError - msg: TypeError: null is not an object (evaluating '$.id("about-toggle").addEventListener')

  phantomjs://platform/console++.js:263 in error
[ERROR - 2019-01-12T03:33:51.931Z] Session [4a750970-1611-11e9-b460-03e83a02ecad] - page.onError - stack:
  (anonymous function) (https://traintimes.org.uk/js/front.min.js?1543914724:2)
  c (https://traintimes.org.uk/js/core.min.js?1543914723:4)

  phantomjs://platform/console++.js:263 in error
[ERROR - 2019-01-12T03:33:52.892Z] Session [4a750970-1611-11e9-b460-03e83a02ecad] - page.onError - msg: TypeError: null is not an object (evaluating '$.id("about-toggle").addEventListener')

  phantomjs://platform/console++.js:263 in error
[ERROR - 2019-01-12T03:33:52.892Z] Session [4a750970-1611-11e9-b460-03e83a02ecad] - page.onError - stack:
  (anonymous function) (https://traintimes.org.uk/js/front.min.js?1543914724:2)
  c (https://traintimes.org.uk/js/core.min.js?1543914723:4)

  phantomjs://platform/console++.js:263 in error
[ERROR - 2019-01-12T03:33:53.900Z] Session [4a750970-1611-11e9-b460-03e83a02ecad] - page.onError - msg: TypeError: null is not an object (evaluating '$.id("about-toggle").addEventListener')

  phantomjs://platform/console++.js:263 in error
[ERROR - 2019-01-12T03:33:53.900Z] Session [4a750970-1611-11e9-b460-03e83a02ecad] - page.onError - stack:
  (anonymous function) (https://traintimes.org.uk/js/front.min.js?1543914724:2)
  c (https://traintimes.org.uk/js/core.min.js?1543914723:4)

  phantomjs://platform/console++.js:263 in error
[ERROR - 2019-01-12T03:33:54.901Z] Session [4a750970-1611-11e9-b460-03e83a02ecad] - page.onError - msg: TypeError: null is not an object (evaluating '$.id("about-toggle").addEventListener')

  phantomjs://platform/console++.js:263 in error
[ERROR - 2019-01-12T03:33:54.902Z] Session [4a750970-1611-11e9-b460-03e83a02ecad] - page.onError - stack:
  (anonymous function) (https://traintimes.org.uk/js/front.min.js?1543914724:2)
  c (https://traintimes.org.uk/js/core.min.js?1543914723:4)

  phantomjs://platform/console++.js:263 in error
[ERROR - 2019-01-12T03:33:56.114Z] Session [4a750970-1611-11e9-b460-03e83a02ecad] - page.onError - msg: TypeError: null is not an object (evaluating '$.id("about-toggle").addEventListener')

  phantomjs://platform/console++.js:263 in error
[ERROR - 2019-01-12T03:33:56.114Z] Session [4a750970-1611-11e9-b460-03e83a02ecad] - page.onError - stack:
  (anonymous function) (https://traintimes.org.uk/js/front.min.js?1543914724:2)
  c (https://traintimes.org.uk/js/core.min.js?1543914723:4)

  phantomjs://platform/console++.js:263 in error
[ERROR - 2019-01-12T03:33:56.918Z] Session [4a750970-1611-11e9-b460-03e83a02ecad] - page.onError - msg: TypeError: null is not an object (evaluating '$.id("about-toggle").addEventListener')

  phantomjs://platform/console++.js:263 in error
[ERROR - 2019-01-12T03:33:56.918Z] Session [4a750970-1611-11e9-b460-03e83a02ecad] - page.onError - stack:
  (anonymous function) (https://traintimes.org.uk/js/front.min.js?1543914724:2)
  c (https://traintimes.org.uk/js/core.min.js?1543914723:4)

  phantomjs://platform/console++.js:263 in error
[ERROR - 2019-01-12T03:33:57.923Z] Session [4a750970-1611-11e9-b460-03e83a02ecad] - page.onError - msg: TypeError: null is not an object (evaluating '$.id("about-toggle").addEventListener')

  phantomjs://platform/console++.js:263 in error
[ERROR - 2019-01-12T03:33:57.923Z] Session [4a750970-1611-11e9-b460-03e83a02ecad] - page.onError - stack:
  (anonymous function) (https://traintimes.org.uk/js/front.min.js?1543914724:2)
  c (https://traintimes.org.uk/js/core.min.js?1543914723:4)

  phantomjs://platform/console++.js:263 in error
[ERROR - 2019-01-12T03:33:58.980Z] Session [4a750970-1611-11e9-b460-03e83a02ecad] - page.onError - msg: TypeError: null is not an object (evaluating '$.id("about-toggle").addEventListener')

  phantomjs://platform/console++.js:263 in error
[ERROR - 2019-01-12T03:33:58.980Z] Session [4a750970-1611-11e9-b460-03e83a02ecad] - page.onError - stack:
  (anonymous function) (https://traintimes.org.uk/js/front.min.js?1543914724:2)
  c (https://traintimes.org.uk/js/core.min.js?1543914723:4)

  phantomjs://platform/console++.js:263 in error
[ERROR - 2019-01-12T03:34:00.289Z] Session [4a750970-1611-11e9-b460-03e83a02ecad] - page.onError - msg: TypeError: null is not an object (evaluating '$.id("about-toggle").addEventListener')

  phantomjs://platform/console++.js:263 in error
[ERROR - 2019-01-12T03:34:00.290Z] Session [4a750970-1611-11e9-b460-03e83a02ecad] - page.onError - stack:
  (anonymous function) (https://traintimes.org.uk/js/front.min.js?1543914724:2)
  c (https://traintimes.org.uk/js/core.min.js?1543914723:4)

  phantomjs://platform/console++.js:263 in error
[ERROR - 2019-01-12T03:34:01.033Z] Session [4a750970-1611-11e9-b460-03e83a02ecad] - page.onError - msg: TypeError: null is not an object (evaluating '$.id("about-toggle").addEventListener')

  phantomjs://platform/console++.js:263 in error
[ERROR - 2019-01-12T03:34:01.034Z] Session [4a750970-1611-11e9-b460-03e83a02ecad] - page.onError - stack:
  (anonymous function) (https://traintimes.org.uk/js/front.min.js?1543914724:2)
  c (https://traintimes.org.uk/js/core.min.js?1543914723:4)

  phantomjs://platform/console++.js:263 in error
[ERROR - 2019-01-12T03:34:01.994Z] Session [4a750970-1611-11e9-b460-03e83a02ecad] - page.onError - msg: TypeError: null is not an object (evaluating '$.id("about-toggle").addEventListener')

  phantomjs://platform/console++.js:263 in error
[ERROR - 2019-01-12T03:34:01.994Z] Session [4a750970-1611-11e9-b460-03e83a02ecad] - page.onError - stack:
  (anonymous function) (https://traintimes.org.uk/js/front.min.js?1543914724:2)
  c (https://traintimes.org.uk/js/core.min.js?1543914723:4)

  phantomjs://platform/console++.js:263 in error
[INFO  - 2019-01-12T03:35:12.205Z] SessionManagerReqHand - _cleanupWindowlessSessions - Asynchronous Sessions clean-up phase starting NOW
[INFO  - 2019-01-12T03:40:12.205Z] SessionManagerReqHand - _cleanupWindowlessSessions - Asynchronous Sessions clean-up phase starting NOW
[INFO  - 2019-01-12T03:45:12.205Z] SessionManagerReqHand - _cleanupWindowlessSessions - Asynchronous Sessions clean-up phase starting NOW
[INFO  - 2019-01-12T03:50:12.205Z] SessionManagerReqHand - _cleanupWindowlessSessions - Asynchronous Sessions clean-up phase starting NOW
[INFO  - 2019-01-12T03:55:12.205Z] SessionManagerReqHand - _cleanupWindowlessSessions - Asynchronous Sessions clean-up phase starting NOW
[INFO  - 2019-01-12T04:00:12.205Z] SessionManagerReqHand - _cleanupWindowlessSessions - Asynchronous Sessions clean-up phase starting NOW
[INFO  - 2019-01-12T04:05:12.205Z] SessionManagerReqHand - _cleanupWindowlessSessions - Asynchronous Sessions clean-up phase starting NOW
[INFO  - 2019-01-12T04:10:12.205Z] SessionManagerReqHand - _cleanupWindowlessSessions - Asynchronous Sessions clean-up phase starting NOW
[INFO  - 2019-01-12T04:15:12.205Z] SessionManagerReqHand - _cleanupWindowlessSessions - Asynchronous Sessions clean-up phase starting NOW
[INFO  - 2019-01-12T04:20:12.205Z] SessionManagerReqHand - _cleanupWindowlessSessions - Asynchronous Sessions clean-up phase starting NOW
