5.611847233047545 percent of stations (144) have direct services to liverpool
22.135619641465315 percent of stations (568) have services to liverpool with a single connection
72.25253312548713 percent of stations (1854) have services to liverpool with more than one connection
These stations are:
Abbey Wood (ABW)
Aber (ABE)
Abercynon (ACY)
Aberdare (ABA)
Aberdour (AUR)
Achanalt (AAT)
Achnasheen (ACN)
Achnashellach (ACH)
Acle (ACL)
Acocks Green (ACG)
Acton Central (ACC)
Acton Main Line (AML)
Addiewell (ADW)
Addlestone (ASN)
Adisham (ADM)
Ainsdale (ANS)
Aintree (AIN)
Airbles (AIR)
Airdrie (ADR)
Albany Park (AYP)
Aldermaston (AMT)
Aldershot (AHT)
Aldrington (AGT)
Alexandra Palace (AAP)
Alexandra Parade (AXP)
Alexandria (ALX)
Allens West (ALW)
Alloa (ALO)
Alness (ASS)
Alresford (Essex) (ALR)
Althorne (Essex) (ALN)
Althorpe (ALP)
Altnabreac (ABC)
Alton (AON)
Ambergate (AMB)
Amberley (AMY)
Amersham (AMR)
Anderston (AND)
Andover (ADV)
Anerley (ANZ)
Angel Road (AGR)
Angmering (ANG)
Annan (ANN)
Anniesland (ANL)
Apperley Bridge (APY)
Appleby (APP)
Appledore (Kent) (APD)
Appleford (APF)
Appley Bridge (APB)
Apsley (APS)
Arbroath (ARB)
Ardgay (ARD)
Ardlui (AUI)
Ardrossan Harbour (ADS)
Ardrossan South Beach (ASB)
Ardrossan Town (ADN)
Argyle Street (AGS)
Arisaig (ARG)
Arlesey (ARL)
Armadale (West Lothian) (ARM)
Armathwaite (AWT)
Arram (ARR)
Arrochar & Tarbet (ART)
Arundel (ARU)
Ascot (Berks) (ACT)
Ascott-under-Wychwood (AUW)
Ash (ASH)
Ash Vale (AHV)
Ashfield (ASF)
Ashford (Surrey) (AFS)
Ashford International (AFK)
Ashford International (Eurostar) (ASI)
Ashtead (AHD)
Ashton-under-Lyne (AHN)
Ashurst (Kent) (AHS)
Ashurst New Forest (ANF)
Ashwell & Morden (AWM)
Askam (ASK)
Aspatria (ASP)
Aspley Guise (APG)
Attadale (ATT)
Auchinleck (AUK)
Audley End (AUD)
Aughton Park (AUG)
Aviemore (AVM)
Avoncliff (AVF)
Avonmouth (AVN)
Axminster (AXM)
Aylesbury (AYS)
Aylesbury Vale Parkway (AVP)
Aylesford (AYL)
Aylesham (AYH)
Ayr (AYR)
Baglan (BAJ)
Bagshot (BAG)
Baildon (BLD)
Baillieston (BIO)
Balcombe (BAB)
Baldock (BDK)
Balham (BAL)
Balloch (BHC)
Balmossie (BSI)
Banavie (BNV)
Banstead (BAD)
Barassie (BSS)
Bare Lane (BAR)
Bargeddie (BGI)
Bargoed (BGD)
Barking (BKG)
Barlaston (BRT)
Barming (BMG)
Barnehurst (BNH)
Barnes (BNS)
Barnes Bridge (BNI)
Barnham (BAA)
Barnhill (BNL)
Barnstaple (BNP)
Barnt Green (BTG)
Barrhead (BRR)
Barrhill (BRL)
Barrow Haven (BAV)
Barry (BRY)
Barry Docks (BYD)
Barry Island (BYI)
Barry Links (BYL)
Barton-on-Humber (BAU)
Basildon (BSO)
Bat & Ball (BBL)
Bath Spa (BTH)
Bathgate (BHG)
Battersby (BTT)
Battersea Park (BAK)
Battle (BAT)
Battlesbridge (BLB)
Bayford (BAY)
Beaconsfield (BCF)
Bearley (BER)
Bearsden (BRN)
Bearsted (BSD)
Beasdale (BSL)
Beaulieu Road (BEU)
Beauly (BEL)
Beccles (BCC)
Beckenham Hill (BEC)
Beckenham Junction (BKJ)
Bedford (BDM)
Bedford St Johns (BSJ)
Bedhampton (BDH)
Bedminster (BMT)
Bedwyn (BDW)
Bekesbourne (BKS)
Bellgrove (BLG)
Bellingham (BGM)
Bellshill (BLH)
Belmont (BLM)
Belper (BLP)
Beltring (BEG)
Belvedere (BVD)
Ben Rhydding (BEY)
Benfleet (BEF)
Bentham (BEN)
Bentley (Hants) (BTY)
Bere Alston (BAS)
Bere Ferrers (BFE)
Berkswell (BKW)
Bermuda Park (BEP)
Berney Arms (BYA)
Berrylands (BRS)
Berwick (Sussex) (BRK)
Bescar Lane (BES)
Betchworth (BTO)
Bethnal Green (BET)
Betws-y-Coed (BYC)
Bexhill (BEX)
Bexley (BXY)
Bexleyheath (BXH)
Bicester North (BCS)
Bicester Village (BIT)
Bickley (BKL)
Biggleswade (BIW)
Bilbrook (BBK)
Billericay (BIC)
Billingham (Cleveland) (BIL)
Billingshurst (BIG)
Birchgrove (BCG)
Birchington-on-sea (BCH)
Birchwood (BWD)
Birkbeck (BIK)
Birkenhead Hamilton Square (BKQ)
Birkenhead North (BKN)
Birkenhead Park (BKP)
Birmingham International (BHI)
Birmingham Moor Street (BMO)
Bishopbriggs (BBG)
Bishops Stortford (BIS)
Bishopstone (Sussex) (BIP)
Bishopton (Strathclyde) (BPT)
Bitterne (BTE)
Blackheath (BKH)
Blackridge (BKR)
Blackwater (BAW)
Blaenau Ffestiniog (BFF)
Blair Atholl (BLA)
Blairhill (BAI)
Blakedown (BKD)
Blantyre (BLT)
Blundellsands & Crosby (BLN)
Bodmin Parkway (BOD)
Bognor Regis (BOG)
Bogston (BGS)
Bookham (BKA)
Bootle (Cumbria) (BOC)
Bordesley (BBS)
Borough Green & Wrotham (BRG)
Bosham (BOH)
Botley (BOE)
Bourne End (BNE)
Bow Brickhill (BWB)
Bowes Park (BOP)
Bowling (BWG)
Box Hill & Westhumble (BXW)
Bracknell (BCE)
Bradford-on-Avon (BOA)
Brading (BDN)
Braintree (BTR)
Braintree Freeport (BTP)
Bramley (Hants) (BMY)
Bramley (W Yorks) (BLE)
Brampton (Cumbria) (BMP)
Brampton (Suffolk) (BRP)
Branchton (BCN)
Brandon (BND)
Branksome (BSM)
Braystones (Cumbria) (BYS)
Breich (BRC)
Brentford (BFD)
Brentwood (BRE)
Bricket Wood (BWO)
Bridge of Allan (BEA)
Bridge of Orchy (BRO)
Bridgeton (BDG)
Bridgwater (BWT)
Brigg (BGG)
Brighton (East Sussex) (BTN)
Brimsdown (BMD)
Brithdir (BHD)
Briton Ferry (BNF)
Brixton (BRX)
Broadstairs (BSR)
Brockley (BCY)
Bromborough (BOM)
Bromborough Rake (BMR)
Bromley Cross (Lancs) (BMC)
Bromley North (BMN)
Bromley South (BMS)
Bromsgrove (BMV)
Brondesbury (BSY)
Brondesbury Park (BSP)
Brookmans Park (BPK)
Brookwood (BKO)
Brora (BRA)
Broughty Ferry (BYF)
Broxbourne (BXB)
Bruce Grove (BCV)
Brundall (BDA)
Brundall Gardens (BGA)
Brunstane (BSU)
Bruton (BRU)
Buckenham (Norfolk) (BUC)
Bugle (BGL)
Builth Road (BHR)
Bulwell (BLW)
Bures (BUE)
Burgess Hill (BUG)
Burley-in-Wharfedale (BUW)
Burneside (Cumbria) (BUD)
Burnham (Bucks) (BNM)
Burnham-on-Crouch (BUU)
Burnside (Strathclyde) (BUI)
Burntisland (BTS)
Burscough Bridge (BCB)
Burscough Junction (BCJ)
Bursledon (BUO)
Burton Joyce (BUJ)
Burton-on-Trent (BUT)
Bury St Edmunds (BSE)
Busby (BUS)
Bush Hill Park (BHK)
Buxted (BXD)
Byfleet & New Haw (BFN)
Bynea (BYE)
Cadoxton (CAD)
Caergwrle (CGW)
Caerphilly (CPH)
Caldercruix (CAC)
Caldicot (CDT)
Caledonian Rd & Barnsbury (CIR)
Calstock (CSK)
Cam & Dursley (CDU)
Camberley (CAM)
Camborne (CBN)
Cambridge Heath (CBH)
Cambuslang (CBL)
Camden Road (CMD)
Camelon (CMO)
Canada Water (ZCW)
Canonbury (CNN)
Canterbury East (CBE)
Canterbury West (CBW)
Cantley (CNY)
Carbis Bay (CBB)
Cardenden (CDD)
Cardiff Bay (CDB)
Cardiff Central (CDF)
Cardiff Queen Street (CDQ)
Cardonald (CDO)
Cardross (CDR)
Carfin (CRF)
Carlisle (CAR)
Carluke (CLU)
Carmarthen (CMN)
Carmyle (CML)
Carnoustie (CAN)
Carntyne (CAY)
Carrbridge (CAG)
Carshalton (CSH)
Carshalton Beeches (CSB)
Carstairs (CRS)
Cartsdyke (CDY)
Castle Bar Park (CBP)
Castle Cary (CLC)
Castleton (Manchester) (CAS)
Castleton Moor (CSM)
Caterham (CAT)
Catford (CTF)
Catford Bridge (CFB)
Cathays (CYS)
Cathcart (CCT)
Causeland (CAU)
Chadwell Heath (CTH)
Chafford Hundred Lakeside (CFH)
Chalfont & Latimer (CFO)
Chalkwell (CHW)
Chandlers Ford (CFR)
Chapel-en-le-Frith (CEF)
Chapelton (Devon) (CPN)
Chappel & Wakes Colne (CWC)
Charing (Kent) (CHG)
Charing Cross (Glasgow) (CHC)
Charlbury (CBY)
Charlton (CTN)
Chartham (CRT)
Chatelherault (CTE)
Chatham (CTM)
Chathill (CHT)
Cheadle Hulme (CHU)
Cheam (CHE)
Chelmsford (CHM)
Chelsfield (CLD)
Chertsey (CHY)
Cheshunt (CHN)
Chessington North (CSN)
Chessington South (CSS)
Chester Road (CRD)
Chesterfield (CHD)
Chester-le-Street (CLS)
Chestfield & Swalecliffe (CSW)
Chetnole (CNO)
Chichester (CCH)
Chilham (CIL)
Chilworth (CHL)
Chingford (CHI)
Chippenham (CPM)
Chipstead (CHP)
Chislehurst (CIT)
Chiswick (CHK)
Cholsey (CHO)
Chorleywood (CLW)
Christchurch (CHR)
Christs Hospital (CHH)
Church & Oswaldtwistle (CTW)
City Thameslink (CTK)
Clacton-on-Sea (CLT)
Clandon (CLA)
Clapham High Street (CLP)
Clapham Junction (CLJ)
Clapton (CPT)
Clarkston (CKS)
Claverdon (CLV)
Claygate (CLG)
Cleland (CEA)
Clifton Down (CFN)
Clock House (CLK)
Clydebank (CYK)
Coatbridge Central (CBC)
Coatbridge Sunnyside (CBS)
Coatdyke (COA)
Cobham & Stoke d'Abernon (CSD)
Cogan (CGN)
Colchester (COL)
Colchester Town (CET)
Collington (CLL)
Combe (Oxon) (CME)
Commondale (COM)
Congleton (CNG)
Conisbrough (CNS)
Connel Ferry (CON)
Conon Bridge (CBD)
Cooden Beach (COB)
Cookham (COO)
Cooksbridge (CBR)
Coombe Junction Halt (COE)
Copplestone (COP)
Corby (COR)
Corkerhill (CKH)
Corkickle (CKL)
Corpach (CPA)
Corrour (CRR)
Coryton (COY)
Cosham (CSA)
Coulsdon South (CDS)
Coulsdon Town (CDN)
Cowden (Kent) (CWN)
Cowdenbeath (COW)
Cradley Heath (CRA)
Craigendoran (CGD)
Cranbrook (Devon) (CBK)
Crawley (CRW)
Crayford (CRY)
Crediton (CDI)
Cressing (Essex) (CES)
Creswell (CWD)
Crewkerne (CKN)
Crews Hill (CWH)
Crianlarich (CNR)
Cricklewood (CRI)
Croftfoot (CFF)
Crofton Park (CFT)
Cromford (CMF)
Crookston (CKT)
Crosshill (COI)
Crosskeys (CKY)
Crossmyloof (CMY)
Crouch Hill (CRH)
Crowborough (COH)
Crowhurst (CWU)
Crowle (CWE)
Crowthorne (CRN)
Croy (CRO)
Crystal Palace (CYP)
Cuffley (CUF)
Culham (CUM)
Culrain (CUA)
Cumbernauld (CUB)
Cupar (CUP)
Curriehill (CUH)
Cuxton (CUX)
Cwmbach (CMH)
Cynghordy (CYN)
Dagenham Dock (DDK)
Dalgety Bay (DAG)
Dalmally (DAL)
Dalmarnock (DAK)
Dalmeny (DAM)
Dalmuir (DMR)
Dalreoch (DLR)
Dalry (DLY)
Dalston (Cumbria) (DLS)
Dalston Junction (DLJ)
Dalston Kingsland (DLK)
Dalwhinnie (DLW)
Danby (DNY)
Danescourt (DCT)
Danzey (DZY)
Darnall (DAN)
Darsham (DSM)
Dartford (DFD)
Datchet (DAT)
Davenport (DVN)
Dawlish (DWL)
Dawlish Warren (DWW)
Deal (DEA)
Dean (Wilts) (DEN)
Denham (DNM)
Denham Golf Club (DGC)
Denmark Hill (DMK)
Denton (DTN)
Deptford (DEP)
Derby (DBY)
Derby Road (Ipswich) (DBR)
Devonport (Devon) (DPT)
Devonport Dockyard (DOC)
Dewsbury (DEW)
Didcot Parkway (DID)
Digby & Sowton (DIG)
Dilton Marsh (DMH)
Dinas (Rhondda) (DMG)
Dinas Powys (DNS)
Dingle Road (DGL)
Dingwall (DIN)
Diss (DIS)
Dolau (DOL)
Doleham (DLH)
Dolgarrog (DLG)
Dolwyddelan (DWD)
Dorchester South (DCH)
Dorchester West (DCW)
Dorking (Main) (DKG)
Dorking Deepdene (DPD)
Dorking West (DKT)
Dormans (DMS)
Dorridge (DDG)
Dover Priory (DVP)
Dovercourt (DVC)
Downham Market (DOW)
Drayton Green (DRG)
Drayton Park (DYP)
Drem (DRM)
Drigg (DRI)
Droitwich Spa (DTW)
Drumchapel (DMC)
Drumfrochar (DFR)
Drumgelloch (DRU)
Drumry (DMY)
Dublin Ferryport (DFP)
Dublin Port - Stena (DPS)
Duffield (DFI)
Duirinish (DRN)
Duke Street (DST)
Dullingham (DUL)
Dumbarton Central (DBC)
Dumbarton East (DBE)
Dumbreck (DUM)
Dumfries (DMF)
Dumpton Park (DMP)
Dunblane (DBL)
Duncraig (DCG)
Dunfermline Queen Margaret (DFL)
Dunfermline Town (DFE)
Dunkeld & Birnam (DKD)
Dunlop (DNL)
Dunrobin Castle (DNO)
Dunton Green (DNG)
Durham (DHM)
Durrington-on-Sea (DUR)
Dyce (DYC)
Ealing Broadway (EAL)
Earlestown (ERL)
Earley (EAR)
Earlsfield (EAD)
Earlswood (Surrey) (ELD)
Earlswood (West Midlands) (EWD)
East Dulwich (EDW)
East Farleigh (EFL)
East Grinstead (EGR)
East Kilbride (EKL)
East Malling (EML)
East Midlands Parkway (EMD)
East Tilbury (ETL)
East Worthing (EWR)
Eastbourne (EBN)
Eastbrook (EBK)
Easterhouse (EST)
Eastleigh (ESL)
Ebbsfleet International (EBD)
Ebbw Vale Parkway (EBV)
Ebbw Vale Town (EBB)
Eden Park (EDN)
Edenbridge (EBR)
Edenbridge Town (EBT)
Edinburgh Gateway (EGY)
Edinburgh Park (EDP)
Edmonton Green (EDR)
Effingham Junction (EFF)
Eggesford (EGG)
Egham (EGH)
Elephant & Castle (Underground) (ZEL)
Elgin (ELG)
Ellesmere Port (ELP)
Elmers End (ELE)
Elmstead Woods (ESD)
Elmswell (ESW)
Elsenham (Essex) (ESM)
Elstree & Borehamwood (ELS)
Eltham (ELW)
Emerson Park (EMP)
Emsworth (EMS)
Energlyn & Churchill Park (ECP)
Enfield Chase (ENC)
Enfield Lock (ENL)
Enfield Town (ENF)
Entwistle (ENT)
Epsom (Surrey) (EPS)
Epsom Downs (EPD)
Eridge (ERI)
Erith (ERH)
Esher (ESH)
Eskbank (EKB)
Essex Road (EXR)
Etchingham (ETC)
Evesham (EVE)
Ewell East (EWE)
Ewell West (EWW)
Exeter Central (EXC)
Exeter St Thomas (EXT)
Exhibition Centre (Glasgow) (EXG)
Exmouth (EXM)
Exton (EXN)
Eynsford (EYN)
Fairlie (FRL)
Fairwater (FRW)
Falconwood (FCN)
Falkirk Grahamston (FKG)
Falkirk High (FKK)
Falls of Cruachan (FOC)
Falmer (FMR)
Falmouth Docks (FAL)
Falmouth Town (FMT)
Fareham (FRM)
Farnborough (Main) (FNB)
Farnborough North (FNN)
Farncombe (FNC)
Farnham (FNH)
Farningham Road (FNR)
Farringdon (ZFD)
Fauldhouse (FLD)
Faversham (FAV)
Faygate (FGT)
Fearn (FRN)
Featherstone (FEA)
Felixstowe (FLX)
Feltham (FEL)
Feniton (FNT)
Fenny Stratford (FEN)
Fernhill (FER)
Filton Abbey Wood (FIT)
Finchley Road & Frognal (FNY)
Finstock (FIN)
Fishbourne (Sussex) (FSB)
Fishersgate (FSG)
Fleet (FLE)
Flimby (FLM)
Flitwick (FLT)
Folkestone Central (FKC)
Folkestone West (FKW)
Ford (FOD)
Forest Gate (FOG)
Forest Hill (FOH)
Forres (FOR)
Forsinard (FRS)
Fort Matilda (FTM)
Fort William (FTW)
Foxfield (FOX)
Foxton (FXN)
Frant (FRT)
Fratton (FTN)
Freshfield (FRE)
Freshford (FFD)
Frimley (FML)
Frinton-on-Sea (FRI)
Frome (FRO)
Fulwell (FLW)
Furze Platt (FZP)
Gainsborough Central (GNB)
Galashiels (GAL)
Garelochhead (GCH)
Garrowhill (GAR)
Garscadden (GRS)
Garston (Hertfordshire) (GSN)
Gartcosh (GRH)
Garth (Mid Glamorgan) (GMG)
Garve (GVE)
Gathurst (GST)
Gatwick Airport (GTW)
Georgemas Junction (GGJ)
Gerrards Cross (GER)
Gidea Park (GDP)
Giffnock (GFN)
Gilfach Fargoed (GFF)
Gillingham (Dorset) (GIL)
Gillingham (Kent) (GLM)
Gilshochill (GSC)
Gipsy Hill (GIP)
Girvan (GIR)
Glaisdale (GLS)
Glan Conwy (GCW)
Glasgow Queen Street (GLQ)
Glazebrook (GLZ)
Gleneagles (GLE)
Glenfinnan (GLF)
Glengarnock (GLG)
Glenrothes with Thornton (GLT)
Glynde (GLY)
Godalming (GOD)
Godstone (GDN)
Golf Street (GOF)
Golspie (GOL)
Gomshall (GOM)
Goodmayes (GMY)
Goostrey (GTR)
Gordon Hill (GDH)
Gorebridge (GBG)
Goring & Streatley (GOR)
Goring-by-Sea (GBS)
Gospel Oak (GPO)
Gourock (GRK)
Goxhill (GOX)
Grange Park (GPK)
Grangetown (Cardiff) (GTN)
Grantham (GRA)
Grateley (GRT)
Gravelly Hill (GVH)
Gravesend (GRV)
Grays (GRY)
Great Ayton (GTA)
Great Bentley (GRB)
Great Chesterford (GRC)
Great Coates (GCT)
Great Missenden (GMN)
Great Yarmouth (GYM)
Green Lane (GNL)
Green Road (GNR)
Greenfaulds (GRL)
Greenfield (GNF)
Greenford (GFD)
Greenhithe (GNH)
Greenock Central (GKC)
Greenock West (GKW)
Greenwich (GNW)
Gretna Green (GEA)
Grimsby Docks (GMD)
Grove Park (GRP)
Guildford (GLD)
Guiseley (GSY)
Gunnersbury (GUN)
Gunnislake (GSL)
Gunton (GNT)
Gypsy Lane (GYP)
Habrough (HAB)
Hackbridge (HCB)
Hackney Central (HKC)
Hackney Downs (HAC)
Hackney Wick (HKW)
Haddenham & Thame Parkway (HDM)
Haddiscoe (HAD)
Hadfield (HDF)
Hadley Wood (HDW)
Hag Fold (HGF)
Haggerston (HGG)
Hagley (HAG)
Hairmyres (HMY)
Halesworth (HAS)
Halewood (HED)
Hall Green (HLG)
Halling (HAI)
Haltwhistle (HWH)
Ham Street (HMT)
Hamble (HME)
Hamilton Central (HNC)
Hamilton West (HNW)
Hampden Park (Sussex) (HMD)
Hampstead Heath (HDH)
Hampton (London) (HMP)
Hampton Court (HMC)
Hampton Wick (HMW)
Hamworthy (HAM)
Hanborough (HND)
Hanwell (HAN)
Harlech (HRL)
Harlington (Beds) (HLN)
Harlow Mill (HWM)
Harlow Town (HWN)
Harold Wood (HRO)
Harpenden (HPD)
Harrietsham (HRM)
Harringay (HGY)
Harringay Green Lanes (HRY)
Harrington (HRR)
Harrow-on-the-Hill (HOH)
Hartlebury (HBY)
Hartwood (HTW)
Harwich International (HPQ)
Harwich Town (HWC)
Haslemere (HSL)
Hassocks (HSK)
Hastings (HGS)
Hatfield & Stainforth (HFS)
Hatfield (Herts) (HAT)
Hatfield Peverel (HAP)
Hattersley (HTY)
Hatton (HTN)
Havant (HAV)
Havenhouse (HVN)
Haverfordwest (HVF)
Hawkhead (HKH)
Haydons Road (HYR)
Hayes & Harlington (HAY)
Hayes (Kent) (HYS)
Hayle (HYL)
Haywards Heath (HHE)
Headcorn (HCN)
Headingley (HDY)
Healing (HLI)
Heath High Level (HHL)
Heath Low Level (HLL)
Heathrow Airport Terminal 4 (HAF)
Heathrow Airport Terminal 5 (HWV)
Heathrow Airport Terminals 1, 2 and 3 (HXX)
Hebden Bridge (HBD)
Heckington (HEC)
Hedge End (HDE)
Hednesford (HNF)
Helensburgh Central (HLC)
Helensburgh Upper (HLU)
Helmsdale (HMS)
Hendon (HEN)
Hengoed (HNG)
Henley-in-Arden (HNL)
Henley-on-Thames (HOT)
Herne Bay (HNB)
Herne Hill (HNH)
Hersham (HER)
Hertford East (HFE)
Hertford North (HFN)
Hessle (HES)
Heswall (HSW)
Hever (HEV)
Heyford (HYD)
Heysham Port (HHB)
High Brooms (HIB)
High Street (Glasgow) (HST)
High Wycombe (HWY)
Higham (Kent) (HGM)
Highams Park (HIP)
Highbridge & Burnham (HIG)
Hildenborough (HLB)
Hillfoot (HLF)
Hillington East (HLE)
Hillington West (HLW)
Hillside (HIL)
Hilsea (HLS)
Hinchley Wood (HYW)
Hinton Admiral (HNA)
Hitchin (HIT)
Hither Green (HGR)
Hockley (HOC)
Hollingbourne (HBN)
Holmwood (HLM)
Holton Heath (HOL)
Holytown (HLY)
Homerton (HMN)
Honeybourne (HYB)
Honiton (HON)
Honor Oak Park (HPA)
Hook (HOK)
Hooton (HOO)
Hope (Derbyshire) (HOP)
Horley (HOR)
Hornbeam Park (HBP)
Hornsey (HRN)
Horsham (HRH)
Horsley (HSY)
Hoscar (HSC)
Hounslow (HOU)
Hove (HOV)
How Wood (Herts) (HWW)
Howwood (Renfrewshire) (HOZ)
Hoxton (HOX)
Hubberts Bridge (HBB)
Hucknall (HKN)
Huddersfield (HUD)
Hull (HUL)
Humphrey Park (HUP)
Hungerford (HGD)
Hunmanby (HUB)
Huntingdon (HUN)
Huntly (HNT)
Hurst Green (HUR)
Hyde Central (HYC)
Hyde North (HYT)
Hykeham (HKM)
Hyndland (HYN)
Hythe (Essex) (HYH)
IBM Halt (IBM)
Ifield (IFI)
Ilford (IFD)
Ingatestone (INT)
Insch (INS)
Invergordon (IGD)
Invergowrie (ING)
Inverkip (INP)
Inverness (INV)
Invershin (INH)
Inverurie (INR)
Ipswich (IPS)
Irvine (IRV)
Isleworth (ISL)
Islip (ISP)
Iver (IVR)
Ivybridge (IVY)
James Cook (JCH)
Jewellery Quarter (JEQ)
Johnstone (Strathclyde) (JHN)
Jordanhill (JOR)
Kearsney (Kent) (KSN)
Keith (KEH)
Kelvedon (KEL)
Kelvindale (KVD)
Kemble (KEM)
Kempston Hardwick (KMH)
Kempton Park Racecourse (KMP)
Kemsing (KMS)
Kemsley (KML)
Kenley (KLY)
Kennett (KNE)
Kennishead (KNS)
Kensal Rise (KNR)
Kent House (KTH)
Kentish Town (KTN)
Kentish Town West (KTW)
Kew Bridge (KWB)
Kew Gardens (KWG)
Keyham (KEY)
Keynsham (KYN)
Kidbrooke (KDB)
Kidderminster (KID)
Kildonan (KIL)
Kilgetty (KGT)
Kilmarnock (KMK)
Kilmaurs (KLM)
Kilpatrick (KPT)
Kilwinning (KWN)
Kinbrace (KBC)
Kingham (KGM)
Kinghorn (KGH)
Kings Lynn (KLN)
Kings Nympton (KGN)
Kings Park (KGP)
Kings Sutton (KGS)
Kingsknowe (KGE)
Kingston (KNG)
Kingswood (KND)
Kingussie (KIN)
Kintbury (KIT)
Kirby Cross (KBX)
Kirk Sandall (KKS)
Kirkby-in-Ashfield (KKB)
Kirkby-in-Furness (KBF)
Kirkcaldy (KDY)
Kirkconnel (KRK)
Kirkhill (KKH)
Kirknewton (KKN)
Kirkwood (KWD)
Kirton Lindsey (KTL)
Knaresborough (KNA)
Knebworth (KBW)
Knockholt (KCK)
Knottingley (KNO)
Kyle of Lochalsh (KYL)
Ladybank (LDY)
Ladywell (LAD)
Laindon (LAI)
Lairg (LRG)
Lake (LKE)
Lakenheath (LAK)
Lamphey (LAM)
Lanark (LNK)
Lancing (LAC)
Langbank (LGB)
Langley (Berks) (LNY)
Langley Green (LGG)
Langside (LGS)
Langwathby (LGW)
Langwith-Whaley Thorns (LAG)
Lapford (LAP)
Lapworth (LPW)
Larbert (LBT)
Largs (LAR)
Larkhall (LRH)
Laurencekirk (LAU)
Lawrence Hill (LWH)
Lazonby & Kirkoswald (LZB)
Lea Bridge (LEB)
Leagrave (LEA)
Leatherhead (LHD)
Ledbury (LED)
Lee (London) (LEE)
Leeds (LDS)
Leicester (LEI)
Leigh (Kent) (LIH)
Leigh-on-Sea (LES)
Lelant (LEL)
Lelant Saltings (LTS)
Lenham (LEN)
Lenzie (LNZ)
Letchworth Garden City (LET)
Lewes (LWS)
Lewisham (LEW)
Leyton Midland Road (LEM)
Leytonstone High Road (LER)
Lidlington (LID)
Limehouse (LHS)
Lingfield (LFD)
Lingwood (LGD)
Linlithgow (LIN)
Liphook (LIP)
Liskeard (LSK)
Liss (LIS)
Lisvane & Thornhill (LVT)
Little Kimble (LTK)
Littlehampton (LIT)
Littlehaven (LVN)
Littleport (LTP)
Livingston North (LSN)
Livingston South (LVG)
Llanbedr (LBR)
Llanbradach (LNB)
Llandaf (LLN)
Llandybie (LLI)
Llanelli (LLE)
Llanfairfechan (LLF)
Llanfairpwll (LPG)
Llangennech (LLH)
Llangynllo (LGO)
Llanharan (LLR)
Llanhilleth (LTH)
Llanishen (LLS)
Llanrwst (LWR)
Llantwit Major (LWM)
Llwynypia (LLY)
Loch Awe (LHA)
Loch Eil Outward Bound (LHE)
Lochailort (LCL)
Locheilside (LCS)
Lochgelly (LCG)
Lochluichart (LCC)
Lochwinnoch (LHW)
London Fields (LOF)
London Paddington (PAD)
London Road (Brighton) (LRB)
London Road (Guildford) (LRD)
London St Pancras (Intl) (SPX)
London St Pancras International (STP)
London Victoria (VIC)
London Waterloo (WAT)
London Waterloo East (WAE)
Long Buckby (LBK)
Long Eaton (LGE)
Longcross (LNG)
Longfield (LGF)
Longniddry (LND)
Longton (LGN)
Looe (LOO)
Lostock (LOT)
Lostock Gralam (LTG)
Lostwithiel (LOS)
Loughborough (LBO)
Loughborough Junction (LGJ)
Lowdham (LOW)
Lower Sydenham (LSY)
Lowestoft (LWT)
Luton (LUT)
Luton Airport Parkway (LTN)
Luxulyan (LUX)
Lye (West Midlands) (LYE)
Lymington Pier (LYP)
Lymington Town (LYT)
Lympstone Commando (LYC)
Lympstone Village (LYM)
Machynlleth (MCN)
Maesteg (MST)
Maesteg (Ewenny Road) (MEW)
Maghull (MAG)
Maiden Newton (MDN)
Maidenhead (MAI)
Maidstone Barracks (MDB)
Maidstone East (MDE)
Maidstone West (MDW)
Malden Manor (MAL)
Mallaig (MLG)
Malton (MLT)
Manchester Oxford Road (MCO)
Manchester Piccadilly (MAN)
Manchester United Football Ground (MUF)
Manchester Victoria (MCV)
Manningtree (MNG)
Manor Park (MNP)
Manorbier (MRB)
Manors (MAS)
Mansfield (MFT)
Mansfield Woodhouse (MSW)
March (MCH)
Marden (Kent) (MRN)
Margate (MAR)
Market Harborough (MHR)
Market Rasen (MKR)
Markinch (MNC)
Marks Tey (MKT)
Marlow (MLW)
Marple (MPL)
Martin Mill (MTM)
Martins Heron (MAO)
Marton (MTO)
Maryhill (MYH)
Maryland (MYL)
Maryport (MRY)
Matlock (MAT)
Matlock Bath (MTB)
Mauldeth Road (MAU)
Maxwell Park (MAX)
Maybole (MAY)
Maze Hill (MZH)
Meldreth (MEL)
Melksham (MKM)
Melton (Suffolk) (MES)
Menheniot (MEN)
Menston (MNN)
Meols (MEO)
Meols Cop (MEC)
Meopham (MEP)
Merryton (MEY)
Merstham (MHM)
Merthyr Tydfil (MER)
Merthyr Vale (MEV)
Metheringham (MGM)
MetroCentre (MCE)
Mexborough (MEX)
Micheldever (MIC)
Midgham (MDG)
Milford (Surrey) (MLF)
Milford Haven (MFH)
Mill Hill Broadway (MIL)
Millbrook (Beds) (MLB)
Millbrook (Hants) (MBK)
Milliken Park (MIN)
Millom (MLM)
Milngavie (MLN)
Minster (MSR)
Mistley (MIS)
Mitcham Eastfields (MTC)
Mitcham Junction (MIJ)
Monifieth (MON)
Monks Risborough (MRS)
Montpelier (MTP)
Moorgate (MOG)
Moorthorpe (MRP)
Morar (MRR)
Morchard Road (MRD)
Morden South (MDS)
Morecambe (MCM)
Moreton (Dorset) (MTN)
Moreton-in-Marsh (MIM)
Morley (MLY)
Mortimer (MOR)
Mortlake (MTL)
Mosspark (MPK)
Moston (MSO)
Motherwell (MTH)
Motspur Park (MOT)
Mottingham (MTG)
Mottisfont & Dunbridge (DBG)
Moulsecoomb (MCB)
Mount Florida (MFL)
Mount Vernon (MTV)
Mountain Ash (MTA)
Muir of Ord (MOO)
Muirend (MUI)
Musselburgh (MUB)
Nafferton (NFN)
Nailsea & Backwell (NLS)
Nairn (NRN)
Narberth (NAR)
Navigation Road (NVR)
Neath (NTH)
Needham Market (NMT)
Neilston (NEI)
Nethertown (NRT)
Netley (NTL)
New Barnet (NBA)
New Beckenham (NBC)
New Brighton (NBN)
New Clee (NCE)
New Cross (NWX)
New Cross Gate (NXG)
New Cumnock (NCK)
New Eltham (NEH)
New Holland (NHL)
New Hythe (NHE)
New Lane (NLN)
New Malden (NEM)
New Mills Central (NMC)
New Mills Newtown (NMN)
New Milton (NWM)
New Southgate (NSG)
Newark Castle (NCT)
Newark North Gate (NNG)
Newbridge (NBE)
Newbury (NBY)
Newbury Racecourse (NRC)
Newcourt (NCO)
Newcraighall (NEW)
Newhaven Harbour (NVH)
Newhaven Town (NVN)
Newington (NGT)
Newmarket (NMK)
Newport (Essex) (NWE)
Newquay (NQY)
Newton (Lanark) (NTN)
Newton Aycliffe (NAY)
Newton for Hyde (NWN)
Newton St Cyres (NTC)
Newtongrange (NEG)
Newton-le-Willows (NLW)
Newtonmore (NWR)
Newton-on-Ayr (NOA)
Ninian Park (NNP)
Nitshill (NIT)
Norbiton (NBT)
Normans Bay (NSB)
North Berwick (NBW)
North Camp (NCM)
North Dulwich (NDL)
North Fambridge (NFA)
North Llanrwst (NLR)
North Queensferry (NQU)
North Sheen (NSH)
North Wembley (NWB)
Northfleet (NFL)
Northolt Park (NLT)
Northumberland Park (NUM)
Norton Bridge (NTB)
Norwood Junction (NWD)
Nottingham (NOT)
Nunhead (NHD)
Nunthorpe (NNT)
Nutbourne (NUT)
Nutfield (NUF)
Oakham (OKM)
Oakleigh Park (OKL)
Oban (OBN)
Ockendon (OCK)
Ockley (OLY)
Okehampton (OKE)
Old Hill (OHL)
Old Roan (ORN)
Old Street (OLD)
Oldfield Park (OLF)
Olton (OLT)
Ore (ORE)
Orpington (ORP)
Otford (OTF)
Oulton Broad South (OUS)
Overpool (OVE)
Overton (OVR)
Oxenholme Lake District (OXN)
Oxford (OXF)
Oxford Parkway (OXP)
Oxshott (OXS)
Oxted (OXT)
Paddock Wood (PDW)
Paignton (PGN)
Paisley Canal (PCN)
Paisley Gilmour Street (PYG)
Paisley St James (PYJ)
Palmers Green (PAL)
Pangbourne (PAN)
Par (PAR)
Parbold (PBL)
Park Street (PKT)
Parkstone (Dorset) (PKS)
Parson Street (PSN)
Partick (PTK)
Parton (PRN)
Patchway (PWY)
Patterton (PTT)
Peckham Rye (PMR)
Pembrey & Burry Port (PBY)
Pembroke (PMB)
Pembroke Dock (PMD)
Penally (PNA)
Penarth (PEN)
Pencoed (PCD)
Pengam (PGM)
Penge East (PNE)
Penge West (PNW)
Penhelig (PHG)
Penmere (PNM)
Penrhiwceiber (PER)
Penrhyndeudraeth (PRH)
Penrith (North Lakes) (PNR)
Penryn (Cornwall) (PYN)
Penshurst (PHR)
Pentre-Bach (PTB)
Penzance (PNZ)
Perranwell (PRW)
Pershore (PSH)
Perth (PTH)
Peterborough (PBO)
Petersfield (PTR)
Petts Wood (PET)
Pevensey & Westham (PEV)
Pevensey Bay (PEB)
Pewsey (PEW)
Pilning (PIL)
Pinhoe (PIN)
Pitlochry (PIT)
Pitsea (PSE)
Plockton (PLK)
Pluckley (PLC)
Plumpton (PMP)
Plumstead (PLU)
Pokesdown (POK)
Polegate (PLG)
Pollokshaws East (PWE)
Pollokshaws West (PWW)
Pollokshields East (PLE)
Pollokshields West (PLW)
Polmont (PMT)
Polsloe Bridge (POL)
Ponders End (PON)
Pontarddulais (PTD)
Pontlottyn (PLT)
Pontyclun (PYC)
Pont-y-Pant (PYP)
Pontypridd (PPD)
Poole (POO)
Port Glasgow (PTG)
Port Sunlight (PSL)
Portchester (PTC)
Porth (POR)
Portlethen (PLN)
Portslade (PLD)
Portsmouth & Southsea (PMS)
Portsmouth Arms (PMA)
Portsmouth Harbour (PMH)
Possilpark & Parkhouse (PPK)
Potters Bar (PBR)
Preston (Lancs) (PRE)
Preston Park (PRP)
Prestonpans (PST)
Prestwick International Airport (PRA)
Prestwick Town (PTW)
Priesthill & Darnley (PTL)
Princes Risborough (PRR)
Prittlewell (PRL)
Pulborough (PUL)
Purfleet (PFL)
Purley (PUR)
Purley Oaks (PUO)
Putney (PUT)
Pye Corner (PYE)
Quakers Yard (QYD)
Queenborough (QBR)
Queens Park (Glasgow) (QPK)
Queens Road (Peckham) (QRP)
Queenstown Road (Battersea) (QRB)
Quintrell Downs (QUI)
Radlett (RDT)
Radley (RAD)
Radyr (RDR)
Rainford (RNF)
Rainham (Essex) (RNM)
Rainham (Kent) (RAI)
Ramsgate (RAM)
Rannoch (RAN)
Rauceby (RAU)
Ravenglass for Eskdale (RAV)
Ravensbourne (RVB)
Rayleigh (RLG)
Raynes Park (RAY)
Reading West (RDW)
Rectory Road (REC)
Redbridge (RDB)
Reddish South (RDS)
Redhill (RDH)
Redland (RDA)
Redruth (RED)
Reedham (Norfolk) (REE)
Reedham (Surrey) (RHM)
Reigate (REI)
Renton (RTN)
Rhiwbina (RHI)
Rhoose Cardiff International Airport (RIA)
Rhymney (RHY)
Rice Lane (RIL)
Richmond (London) (RMD)
Rickmansworth (RIC)
Riddlesdown (RDD)
Ridgmont (RID)
Risca & Pontymister (RCA)
Robertsbridge (RBR)
Roby (ROB)
Rochdale (RCD)
Roche (ROC)
Rochester (RTR)
Rochford (RFD)
Rogart (ROG)
Rogerstone (ROR)
Rolleston (ROL)
Roman Bridge (RMB)
Romford (RMF)
Romsey (ROM)
Rose Grove (RSG)
Rosyth (ROS)
Rotherhithe (ROE)
Rowlands Castle (RLN)
Rowley Regis (ROW)
Roy Bridge (RYB)
Roydon (RYN)
Royston (RYS)
Ruabon (RUA)
Rugeley Town (RGT)
Runcorn (RUN)
Runcorn East (RUE)
Ruskington (RKT)
Rutherglen (RUT)
Ryde Esplanade (RYD)
Ryde Pier Head (RYP)
Ryde St Johns Road (RYR)
Rye (Sussex) (RYE)
Rye House (RYH)
Salfords (Surrey) (SAF)
Salhouse (SAH)
Salisbury (SAL)
Saltash (STS)
Saltcoats (SLT)
Saltmarshe (SAM)
Salwick (SLW)
Sampford Courtenay (SMC)
Sanderstead (SNR)
Sandhurst (Berks) (SND)
Sandling (SDG)
Sandown (SAN)
Sandplace (SDP)
Sandwell & Dudley (SAD)
Sandwich (SDW)
Sandy (SDY)
Sanquhar (SQH)
Sarn (SRR)
Saundersfoot (SDF)
Saunderton (SDR)
Sawbridgeworth (SAW)
Saxilby (SXY)
Saxmundham (SAX)
Scotscalder (SCT)
Scotstounhill (SCH)
Scunthorpe (SCU)
Sea Mills (SML)
Seaford (Sussex) (SEF)
Seascale (SSC)
Seaton Carew (SEC)
Seer Green & Jordans (SRG)
Sellafield (SEL)
Selling (SEG)
Settle (SET)
Seven Kings (SVK)
Sevenoaks (SEV)
Severn Beach (SVB)
Severn Tunnel Junction (STJ)
Shadwell (SDE)
Shalford (Surrey) (SFR)
Shanklin (SHN)
Shawfair (SFI)
Shawford (SHW)
Shawlands (SHL)
Sheerness-on-Sea (SSS)
Sheffield (SHF)
Shelford (Cambs) (SED)
Shenfield (SNF)
Shepherds Well (SPH)
Shepperton (SHP)
Shepreth (STH)
Sherborne (SHE)
Sherburn-in-Elmet (SIE)
Shettleston (SLS)
Shieldmuir (SDM)
Shiplake (SHI)
Shipton (SIP)
Shirebrook (SHB)
Shirehampton (SHH)
Shirley (SRL)
Shoeburyness (SRY)
Sholing (SHO)
Shoreditch High Street (SDC)
Shoreham (Kent) (SEH)
Shoreham-by-Sea (SSE)
Shortlands (SRT)
Shotts (SHS)
Shrewsbury (SHR)
Sidcup (SID)
Silecroft (SIC)
Silkstone Common (SLK)
Silver Street (SLV)
Singer (SIN)
Sittingbourne (SIT)
Skegness (SKG)
Skewen (SKE)
Slade Green (SGR)
Slateford (SLA)
Slough (SLO)
Small Heath (SMA)
Smallbrook Junction (SAB)
Smethwick Rolfe Street (SMR)
Snodland (SDA)
Snowdown (SWO)
Sole Street (SOR)
Solihull (SOL)
Somerleyton (SYT)
South Acton (SAT)
South Bermondsey (SBM)
South Croydon (SCY)
South Greenford (SGN)
South Gyle (SGL)
South Hampstead (SOH)
South Merton (SMO)
South Ruislip (SRU)
South Tottenham (STO)
South Woodham Ferrers (SOF)
Southall (STL)
Southbourne (SOB)
Southbury (SBU)
Southease (SEE)
Southend Airport (SIA)
Southend Central (SOC)
Southend East (SOE)
Southend Victoria (SOV)
Southminster (SMN)
Southport (SOP)
Southwick (SWK)
Spean Bridge (SBR)
Spooner Row (SPN)
Spring Road (SRI)
Springburn (SPR)
Springfield (SPF)
St Albans Abbey (SAA)
St Albans City (SAC)
St Andrews Road (SAR)
St Austell (SAU)
St Bees (SBS)
St Budeaux Ferry Road (SBF)
St Budeaux Victoria Road (SBV)
St Columb Road (SCR)
St Denys (SDN)
St Erth (SER)
St Germans (SGM)
St Helier (Surrey) (SIH)
St Ives (Cornwall) (SIV)
St James Park (Exeter) (SJP)
St James Street (Walthamstow) (SJS)
St Johns (London) (SAJ)
St Keyne Wishing Well Halt (SKN)
St Leonards Warrior Square (SLQ)
St Margarets (Herts) (SMT)
St Margarets (London) (SMG)
St Mary Cray (SMY)
St Neots (SNO)
Staines (SNS)
Stallingborough (SLL)
Stalybridge (SYB)
Stamford Hill (SMH)
Stanford-le-Hope (SFO)
Stansted Mountfitchet (SST)
Staplehurst (SPU)
Stapleton Road (SRD)
Starcross (SCS)
Staveley (Cumbria) (SVL)
Stepps (SPS)
Stevenston (STV)
Stewartby (SWR)
Stewarton (STT)
Stirling (STG)
Stocksmoor (SSM)
Stockton (STK)
Stoke Mandeville (SKM)
Stoke Newington (SKW)
Stoke-on-Trent (SOT)
Stone Crossing (SCG)
Stonegate (SOG)
Stonehouse (SHU)
Stoneleigh (SNL)
Stourbridge Junction (SBJ)
Stourbridge Town (SBT)
Stow (SOI)
Stowmarket (SMK)
Stranraer (STR)
Stratford International (SFA)
Stratford-upon-Avon (SAV)
Stratford-upon-Avon Parkway (STY)
Strathcarron (STC)
Strawberry Hill (STW)
Streatham (Greater London) (STE)
Streatham Hill (SRH)
Stromeferry (STF)
Strood (Kent) (SOO)
Stroud (Gloucs) (STD)
Sturry (STU)
Sudbury & Harrow Road (SUD)
Sudbury (Suffolk) (SUY)
Sudbury Hill Harrow (SDH)
Sugar Loaf (SUG)
Summerston (SUM)
Sunbury (SUU)
Sundridge Park (SUP)
Sunningdale (SNG)
Sunnymeads (SNY)
Surbiton (SUR)
Surrey Quays (SQE)
Sutton (Surrey) (SUO)
Sutton Common (SUC)
Sutton Parkway (SPK)
Swale (SWL)
Swanley (SAY)
Swanscombe (SWM)
Swanwick (SNW)
Sway (SWY)
Swaythling (SWG)
Swindon (Wilts) (SWI)
Sydenham (London) (SYD)
Sydenham Hill (SYH)
Syon Lane (SYL)
Syston (SYS)
Tackley (TAC)
Tadworth (TAD)
Taffs Well (TAF)
Tain (TAI)
Talsarnau (TAL)
Tal-y-Cafn (TLC)
Taplow (TAP)
Tattenham Corner (TAT)
Taynuilt (TAY)
Teddington (TED)
Tees-side Airport (TEA)
Teignmouth (TGM)
Templecombe (TMC)
Tenby (TEN)
Teynham (TEY)
Thames Ditton (THD)
Thatcham (THA)
Thatto Heath (THH)
The Hawthorns (THW)
The Lakes (Warks) (TLK)
Theale (THE)
Theobalds Grove (TEO)
Thorne South (TNS)
Thornford (THO)
Thornliebank (THB)
Thornton Abbey (TNA)
Thorntonhall (THT)
Thorpe Bay (TPB)
Thorpe-le-Soken (TLS)
Three Bridges (TBD)
Three Oaks (TOK)
Thurso (THS)
Thurston (TRS)
Tilbury Town (TIL)
Tilehurst (TLH)
Tir-Phil (TIR)
Tisbury (TIS)
Tolworth (TOL)
Ton Pentre (TPN)
Tonbridge (TON)
Tondu (TDU)
Tonypandy (TNP)
Tooting (TOO)
Topsham (TOP)
Torquay (TQY)
Torre (TRR)
Totton (TTN)
Trefforest (TRF)
Trefforest Estate (TRE)
Trehafod (TRH)
Treherbert (TRB)
Treorchy (TRY)
Trimley (TRM)
Troed-y-rhiw (TRD)
Troon (TRN)
Trowbridge (TRO)
Truro (TRU)
Tulloch (TUL)
Tulse Hill (TUH)
Tunbridge Wells (TBW)
Turkey Street (TUR)
Tweedbank (TWB)
Twickenham (TWI)
Twyford (TWY)
Ty Croes (TYC)
Ty Glas (TGS)
Tyndrum Lower (TYL)
Tyseley (TYS)
Uckfield (UCK)
Uddingston (UDD)
Ulceby (ULC)
Umberleigh (UMB)
Uphall (UHA)
Upminster (UPM)
Upper Halliford (UPH)
Upper Holloway (UHL)
Upper Tyndrum (UTY)
Upper Warlingham (UWL)
Upwey (UPW)
Virginia Water (VIR)
Waddon (WDO)
Wadhurst (WAD)
Wakefield Westgate (WKF)
Walkden (WKD)
Wallasey Grove Road (WLG)
Wallasey Village (WLV)
Wallington (WLT)
Wallyford (WAF)
Walmer (WAM)
Waltham Cross (WLC)
Walthamstow Queen's Road (WMW)
Walton-on-Thames (WAL)
Walton-on-the-Naze (WON)
Wanborough (WAN)
Wandsworth Common (WSW)
Wandsworth Road (WWR)
Wandsworth Town (WNT)
Wanstead Park (WNP)
Wapping (WPE)
Warblington (WBL)
Ware (Herts) (WAR)
Wareham (Dorset) (WRM)
Wargrave (WGV)
Warminster (WMN)
Warnham (WNH)
Warrington Central (WAC)
Warwick (WRW)
Warwick Parkway (WRP)
Water Orton (WTO)
Waterbeach (WBC)
Wateringbury (WTR)
Waterloo (Merseyside) (WLO)
Watford North (WFN)
Watlington (WTG)
Watton-at-Stone (WAS)
Waun-Gron Park (WNG)
Wedgwood (WED)
Weeley (WEE)
Welham Green (WMG)
Welling (WLI)
Welwyn Garden City (WGC)
Welwyn North (WLW)
Wembley Stadium (WCX)
Wemyss Bay (WMS)
Wendover (WND)
West Byfleet (WBY)
West Calder (WCL)
West Croydon (WCY)
West Drayton (WDT)
West Dulwich (WDU)
West Ealing (WEA)
West Ham (WEH)
West Hampstead (WHD)
West Hampstead Thameslink (WHP)
West Horndon (WHR)
West Kilbride (WKB)
West Malling (WMA)
West Norwood (WNW)
West Ruislip (WRU)
West Runton (WRN)
West St Leonards (WLD)
West Sutton (WSU)
West Wickham (WWI)
West Worthing (WWO)
Westbury (Wilts) (WSB)
Westcliff (WCF)
Westcombe Park (WCB)
Westenhanger (WHA)
Wester Hailes (WTA)
Westerfield (WFI)
Westerton (WES)
Westgate-on-Sea (WGA)
Weston Milton (WNM)
Weston-super-Mare (WSM)
Wetheral (WRL)
Weybridge (WYB)
Weymouth (WEY)
Whatstandwell (WTS)
Whifflet (WFF)
Whimple (WHM)
Whinhill (WNL)
Whitchurch (Cardiff) (WHT)
Whitchurch (Hants) (WCH)
White Hart Lane (WHL)
White Notley (WNY)
Whitechapel (ZLW)
Whitecraigs (WCR)
Whitehaven (WTH)
Whitlocks End (WTE)
Whitstable (WHI)
Whittlesford Parkway (WLF)
Whitton (London) (WTN)
Whitwell (Derbyshire) (WWL)
Whyteleafe (WHY)
Whyteleafe South (WHS)
Wick (WCK)
Wickford (WIC)
Wickham Market (WCM)
Widney Manor (WMR)
Wigton (WGT)
Wildmill (WMI)
Williamwood (WLM)
Wilmcote (WMC)
Wimbledon (WIM)
Wimbledon Chase (WBO)
Winchelsea (WSE)
Winchfield (WNF)
Winchmore Hill (WIH)
Windsor & Eton Central (WNC)
Windsor & Eton Riverside (WNR)
Winnersh (WNS)
Winnersh Triangle (WTI)
Wishaw (WSH)
Witham (WTM)
Witley (WTY)
Wivelsfield (WVF)
Wivenhoe (WIV)
Woburn Sands (WOB)
Woking (WOK)
Wokingham (WKM)
Woldingham (WOH)
Wood End (WDE)
Wood Street (WST)
Woodbridge (WDB)
Woodgrange Park (WGR)
Woodhall (WDL)
Woodmansterne (WME)
Wool (WOO)
Woolston (WLS)
Woolwich Arsenal (WWA)
Woolwich Dockyard (WWD)
Wootton Wawen (WWW)
Worcester Park (WCP)
Workington (WKG)
Worle (WOR)
Worplesdon (WPL)
Worthing (WRH)
Wrabness (WRB)
Wraysbury (WRY)
Wye (WYE)
Wythall (WYT)
Yalding (YAL)
Yardley Wood (YRD)
Yate (YAE)
Yatton (YAT)
Yeoford (YEO)
Yeovil Junction (YVJ)
Yeovil Pen Mill (YVP)
Yetminster (YET)
Ynyswen (YNW)
Yoker (YOK)
Ystrad Mynach (YSM)
Ystrad Rhondda (YSR)
