29.988239905919247 percent of stations (765) have direct services to london
37.632301058408466 percent of stations (960) have services to london with a single connection
32.379459035672284 percent of stations (826) have services to london with more than one connection
These stations are:
Achanalt (AAT)
Achnasheen (ACN)
Achnashellach (ACH)
Adisham (ADM)
Adlington (Cheshire) (ADC)
Adlington (Lancs) (ADL)
Adwick (AWK)
Aigburth (AIG)
Ainsdale (ANS)
Aintree (AIN)
Alexandra Parade (AXP)
Alexandria (ALX)
Alfreton (ALF)
Allens West (ALW)
Alloa (ALO)
Altnabreac (ABC)
Alvechurch (ALV)
Ambergate (AMB)
Amberley (AMY)
Amersham (AMR)
Ammanford (AMF)
Annan (ANN)
Anniesland (ANL)
Appley Bridge (APB)
Ardlui (AUI)
Arisaig (ARG)
Armadale (West Lothian) (ARM)
Armathwaite (AWT)
Arnside (ARN)
Arrochar & Tarbet (ART)
Ascott-under-Wychwood (AUW)
Ash (ASH)
Ashfield (ASF)
Ashford International (AFK)
Ashford International (Eurostar) (ASI)
Ashley (ASY)
Ashtead (AHD)
Ashton-under-Lyne (AHN)
Attadale (ATT)
Attleborough (ATL)
Aughton Park (AUG)
Bache (BAC)
Baglan (BAJ)
Bagshot (BAG)
Baildon (BLD)
Baldock (BDK)
Balham (BAL)
Balloch (BHC)
Banavie (BNV)
Bank Hall (BAH)
Barbican (ZBB)
Bardon Mill (BLL)
Barlaston (BRT)
Barmouth (BRM)
Barnhill (BNL)
Barrhill (BRL)
Barrow Haven (BAV)
Barton-on-Humber (BAU)
Basingstoke (BSK)
Bat & Ball (BBL)
Bath Spa (BTH)
Bathgate (BHG)
Batley (BTL)
Battersby (BTT)
Beasdale (BSL)
Beauly (BEL)
Bebington (BEB)
Beckenham Junction (BKJ)
Bedford (BDM)
Bedford St Johns (BSJ)
Bedhampton (BDH)
Belle Vue (BLV)
Bellshill (BLH)
Belmont (BLM)
Belper (BLP)
Bere Alston (BAS)
Bermuda Park (BEP)
Berney Arms (BYA)
Bescar Lane (BES)
Bescot Stadium (BSC)
Bexley (BXY)
Bicester North (BCS)
Bicester Village (BIT)
Bickley (BKL)
Bidston (BID)
Biggleswade (BIW)
Billingham (Cleveland) (BIL)
Bingham (BIN)
Birchington-on-sea (BCH)
Birkdale (BDL)
Birkenhead Central (BKC)
Birkenhead Hamilton Square (BKQ)
Birkenhead North (BKN)
Birkenhead Park (BKP)
Birmingham Moor Street (BMO)
Birmingham New Street (BHM)
Bishopbriggs (BBG)
Bishopstone (Sussex) (BIP)
Bishopton (Strathclyde) (BPT)
Bitterne (BTE)
Blackburn (BBN)
Blackhorse Road (BHO)
Blackpool North (BPN)
Blackpool Pleasure Beach (BPB)
Blackpool South (BPS)
Blackridge (BKR)
Blairhill (BAI)
Blundellsands & Crosby (BLN)
Bootle New Strand (BNW)
Bootle Oriel Road (BOT)
Bordesley (BBS)
Bow Brickhill (BWB)
Bowes Park (BOP)
Bowling (BWG)
Bracknell (BCE)
Bradford Forster Square (BDQ)
Bradford Interchange (BDI)
Bradford-on-Avon (BOA)
Brading (BDN)
Branksome (BSM)
Braystones (Cumbria) (BYS)
Bridge of Allan (BEA)
Bridge of Orchy (BRO)
Bridlington (BDT)
Brigg (BGG)
Brimsdown (BMD)
Brixton (BRX)
Broad Green (BGE)
Bromborough (BOM)
Bromborough Rake (BMR)
Bromley Cross (Lancs) (BMC)
Bromsgrove (BMV)
Brora (BRA)
Brundall (BDA)
Brunstane (BSU)
Brunswick (BRW)
Bruton (BRU)
Buckenham (Norfolk) (BUC)
Buckley (BCK)
Bucknell (BUK)
Buckshaw Parkway (BSV)
Bugle (BGL)
Builth Road (BHR)
Burgess Hill (BUG)
Burnley Central (BNC)
Burscough Bridge (BCB)
Burscough Junction (BCJ)
Buxted (BXD)
Buxton (BUX)
Byfleet & New Haw (BFN)
Caergwrle (CGW)
Cambridge Heath (CBH)
Cardiff Bay (CDB)
Carrbridge (CAG)
Carshalton (CSH)
Carshalton Beeches (CSB)
Carstairs (CRS)
Cattal (CTL)
Cefn-y-Bedd (CYB)
Chafford Hundred Lakeside (CFH)
Chalkwell (CHW)
Chandlers Ford (CFR)
Chassen Road (CSR)
Cheddington (CED)
Chelford (Cheshire) (CEL)
Chelsfield (CLD)
Cheltenham Spa (CNM)
Chepstow (CPW)
Cherry Tree (CYT)
Chertsey (CHY)
Chilham (CIL)
Chiswick (CHK)
Cholsey (CHO)
Chorley (CRL)
Chorleywood (CLW)
Clapham High Street (CLP)
Clapham Junction (CLJ)
Clapton (CPT)
Clifton (Manchester) (CLI)
Clitheroe (CLH)
Coatbridge Sunnyside (CBS)
Colchester Town (CET)
Combe (Oxon) (CME)
Conisbrough (CNS)
Connel Ferry (CON)
Conon Bridge (CBD)
Cooksbridge (CBR)
Corpach (CPA)
Corrour (CRR)
Coryton (COY)
Coulsdon South (CDS)
Craigendoran (CGD)
Cressington (CSG)
Crewkerne (CKN)
Crianlarich (CNR)
Crosskeys (CKY)
Croston (CSO)
Crouch Hill (CRH)
Crowle (CWE)
Cuddington (CUD)
Cuffley (CUF)
Culham (CUM)
Culrain (CUA)
Cumbernauld (CUB)
Dalmally (DAL)
Danby (DNY)
Danescourt (DCT)
Danzey (DZY)
Darton (DRT)
Darwen (DWN)
Datchet (DAT)
Delamere (DLM)
Denham Golf Club (DGC)
Dent (DNT)
Denton (DTN)
Deptford (DEP)
Derby (DBY)
Dinas (Rhondda) (DMG)
Dinas Powys (DNS)
Dingwall (DIN)
Disley (DSL)
Dorchester West (DCW)
Dorking (Main) (DKG)
Dovercourt (DVC)
Drem (DRM)
Driffield (DRF)
Drigg (DRI)
Droitwich Spa (DTW)
Dronfield (DRO)
Dublin Port - Stena (DPS)
Duirinish (DRN)
Duke Street (DST)
Dunbar (DUN)
Duncraig (DCG)
Dundee (DEE)
Dunfermline Queen Margaret (DFL)
Dunfermline Town (DFE)
Dunkeld & Birnam (DKD)
Dunlop (DNL)
Dunrobin Castle (DNO)
Durham (DHM)
Durrington-on-Sea (DUR)
Dyce (DYC)
Dyffryn Ardudwy (DYF)
Ealing Broadway (EAL)
Earlestown (ERL)
Earlswood (West Midlands) (EWD)
East Croydon (ECR)
East Didsbury (EDY)
East Kilbride (EKL)
East Malling (EML)
East Midlands Parkway (EMD)
East Tilbury (ETL)
Eastleigh (ESL)
Ebbw Vale Parkway (EBV)
Eden Park (EDN)
Edge Hill (EDG)
Edinburgh (EDB)
Edinburgh Gateway (EGY)
Egham (EGH)
Egton (EGT)
Elephant & Castle (Underground) (ZEL)
Elgin (ELG)
Ellesmere Port (ELP)
Elmers End (ELE)
Elmstead Woods (ESD)
Elmswell (ESW)
Elsecar (ELR)
Elsenham (Essex) (ESM)
Eltham (ELW)
Elton & Orston (ELO)
Ely (ELY)
Emerson Park (EMP)
Emsworth (EMS)
Enfield Lock (ENL)
Enfield Town (ENF)
Entwistle (ENT)
Epsom (Surrey) (EPS)
Erdington (ERD)
Eridge (ERI)
Erith (ERH)
Esher (ESH)
Exeter Central (EXC)
Exeter St David's (EXD)
Exeter St Thomas (EXT)
Exhibition Centre (Glasgow) (EXG)
Falls of Cruachan (FOC)
Farnborough (Main) (FNB)
Farnham (FNH)
Farningham Road (FNR)
Farnworth (FNW)
Fauldhouse (FLD)
Faversham (FAV)
Faygate (FGT)
Fazakerley (FAZ)
Felixstowe (FLX)
Feniton (FNT)
Fenny Stratford (FEN)
Fernhill (FER)
Ferriby (FRY)
Flixton (FLI)
Folkestone West (FKW)
Forest Hill (FOH)
Formby (FBY)
Forres (FOR)
Forsinard (FRS)
Fort Matilda (FTM)
Fort William (FTW)
Frant (FRT)
Fratton (FTN)
Freshfield (FRE)
Gainsborough Central (GNB)
Garelochhead (GCH)
Garsdale (GSD)
Garve (GVE)
Gathurst (GST)
Gatwick Airport (GTW)
Georgemas Junction (GGJ)
Gilshochill (GSC)
Girvan (GIR)
Glazebrook (GLZ)
Glenfinnan (GLF)
Godstone (GDN)
Golspie (GOL)
Gorebridge (GBG)
Goring & Streatley (GOR)
Goring-by-Sea (GBS)
Gorton (GTO)
Gospel Oak (GPO)
Goxhill (GOX)
Grange Park (GPK)
Grays (GRY)
Great Ayton (GTA)
Great Coates (GCT)
Great Missenden (GMN)
Greenock Central (GKC)
Greenock West (GKW)
Gretna Green (GEA)
Grimsby Docks (GMD)
Grimsby Town (GMB)
Grindleford (GRN)
Guide Bridge (GUI)
Guildford (GLD)
Guiseley (GSY)
Gunnersbury (GUN)
Gwersyllt (GWE)
Gypsy Lane (GYP)
Hackney Wick (HKW)
Haddenham & Thame Parkway (HDM)
Hag Fold (HGF)
Haggerston (HGG)
Hagley (HAG)
Hairmyres (HMY)
Hale (Manchester) (HAL)
Hall Green (HLG)
Hall Road (HLR)
Halling (HAI)
Hall-i'-th'-Wood (HID)
Haltwhistle (HWH)
Hampton Court (HMC)
Hampton Wick (HMW)
Hampton-in-Arden (HIA)
Hamstead (Birmingham) (HSD)
Harringay (HGY)
Harrow-on-the-Hill (HOH)
Hartford (Cheshire) (HTF)
Hartlebury (HBY)
Hartwood (HTW)
Hatfield & Stainforth (HFS)
Hatfield (Herts) (HAT)
Hatfield Peverel (HAP)
Hathersage (HSG)
Hawarden (HWD)
Hawarden Bridge (HWB)
Hayes & Harlington (HAY)
Hayes (Kent) (HYS)
Hayle (HYL)
Haymarket (HYM)
Headcorn (HCN)
Healing (HLI)
Heathrow Airport Terminals 1, 2 and 3 (HXX)
Heaton Chapel (HTC)
Hebden Bridge (HBD)
Heckington (HEC)
Hedge End (HDE)
Hednesford (HNF)
Heighington (HEI)
Helensburgh Upper (HLU)
Helmsdale (HMS)
Hendon (HEN)
Hengoed (HNG)
Henley-in-Arden (HNL)
Henley-on-Thames (HOT)
Hensall (HEL)
Hersham (HER)
Hertford East (HFE)
Hertford North (HFN)
Hessle (HES)
Heswall (HSW)
Heworth (HEW)
Hexham (HEX)
Highbridge & Burnham (HIG)
Highbury & Islington (HHY)
Hightown (HTO)
Hildenborough (HLB)
Hillfoot (HLF)
Hillside (HIL)
Hollingbourne (HBN)
Holmes Chapel (HCH)
Holmwood (HLM)
Holton Heath (HOL)
Hope (Flintshire) (HPE)
Hopton Heath (HPT)
Hoscar (HSC)
Humphrey Park (HUP)
Huntly (HNT)
Hunts Cross (HNX)
Hurst Green (HUR)
IBM Halt (IBM)
Ifield (IFI)
Ilford (IFD)
Ilkley (ILK)
Imperial Wharf (IMW)
Ince & Elton (INE)
Ince (Manchester) (INC)
Insch (INS)
Invergordon (IGD)
Invergowrie (ING)
Inverkeithing (INK)
Invershin (INH)
Irlam (IRL)
Islip (ISP)
Iver (IVR)
Ivybridge (IVY)
James Cook (JCH)
Jewellery Quarter (JEQ)
Johnston (Pembs) (JOH)
Kearsley (Manchester) (KSL)
Kearsney (Kent) (KSN)
Kelvindale (KVD)
Kemble (KEM)
Kempston Hardwick (KMH)
Kennett (KNE)
Kennishead (KNS)
Kensal Green (KNL)
Kensal Rise (KNR)
Kentish Town (KTN)
Kentish Town West (KTW)
Kenton (KNT)
Kents Bank (KBK)
Kew Bridge (KWB)
Kew Gardens (KWG)
Keyham (KEY)
Keynsham (KYN)
Kidbrooke (KDB)
Kilburn High Road (KBN)
Kildale (KLD)
Kildonan (KIL)
Kilpatrick (KPT)
Kinbrace (KBC)
Kingham (KGM)
Kingussie (KIN)
Kintbury (KIT)
Kirby Cross (KBX)
Kirk Sandall (KKS)
Kirkby (Merseyside) (KIR)
Kirkdale (KKD)
Kirton Lindsey (KTL)
Kyle of Lochalsh (KYL)
Laindon (LAI)
Lairg (LRG)
Lake (LKE)
Lakenheath (LAK)
Lamphey (LAM)
Landywood (LAW)
Langbank (LGB)
Langho (LHO)
Langside (LGS)
Laurencekirk (LAU)
Lawrence Hill (LWH)
Layton (Lancs) (LAY)
Leighton Buzzard (LBZ)
Lelant (LEL)
Lelant Saltings (LTS)
Lenham (LEN)
Lenzie (LNZ)
Lewisham (LEW)
Leyland (LEY)
Leyton Midland Road (LEM)
Lingwood (LGD)
Linlithgow (LIN)
Liphook (LIP)
Liskeard (LSK)
Liss (LIS)
Little Sutton (LTT)
Littleborough (LTL)
Liverpool Central (LVC)
Liverpool James Street (LVJ)
Liverpool Lime Street (LIV)
Llandovery (LLV)
Llanelli (LLE)
Llanfairfechan (LLF)
Llanhilleth (LTH)
Llanishen (LLS)
Llanrwst (LWR)
Llantwit Major (LWM)
Llwynypia (LLY)
Loch Awe (LHA)
Loch Eil Outward Bound (LHE)
Lochailort (LCL)
Locheilside (LCS)
Lochluichart (LCC)
Longbridge (LOB)
Longfield (LGF)
Longniddry (LND)
Longport (LPT)
Longton (LGN)
Lowdham (LOW)
Lower Sydenham (LSY)
Luxulyan (LUX)
Lydney (LYD)
Maghull (MAG)
Maidstone Barracks (MDB)
Maidstone East (MDE)
Maidstone West (MDW)
Malden Manor (MAL)
Mallaig (MLG)
Manchester United Football Ground (MUF)
Manor Road (MNR)
Manorbier (MRB)
Manors (MAS)
Market Harborough (MHR)
Market Rasen (MKR)
Marks Tey (MKT)
Marple (MPL)
Marton (MTO)
Maryhill (MYH)
Maybole (MAY)
Maze Hill (MZH)
Meols Cop (MEC)
Merryton (MEY)
Merstham (MHM)
Merthyr Tydfil (MER)
Merthyr Vale (MEV)
Metheringham (MGM)
Millbrook (Beds) (MLB)
Millbrook (Hants) (MBK)
Milliken Park (MIN)
Millom (MLM)
Milton Keynes Central (MKC)
Mirfield (MIR)
Mitcham Junction (MIJ)
Mobberley (MOB)
Monifieth (MON)
Monks Risborough (MRS)
Montrose (MTS)
Moorside (MSD)
Moorthorpe (MRP)
Morar (MRR)
Morchard Road (MRD)
Morecambe (MCM)
Moreton (Dorset) (MTN)
Moreton (Merseyside) (MRT)
Moreton-in-Marsh (MIM)
Morfa Mawddach (MFA)
Morpeth (MPT)
Moston (MSO)
Motherwell (MTH)
Mottisfont & Dunbridge (DBG)
Mouldsworth (MLD)
Moulsecoomb (MCB)
Muir of Ord (MOO)
Neston (NES)
New Brighton (NBN)
New Clee (NCE)
New Cross (NWX)
New Holland (NHL)
New Hythe (NHE)
New Lane (NLN)
New Pudsey (NPD)
Newark Castle (NCT)
Newark North Gate (NNG)
Newbridge (NBE)
Newbury (NBY)
Newcourt (NCO)
Newcraighall (NEW)
Newington (NGT)
Newmarket (NMK)
Newport (South Wales) (NWP)
Newtonmore (NWR)
Normans Bay (NSB)
Normanton (NOR)
North Berwick (NBW)
North Camp (NCM)
North Dulwich (NDL)
North Road (Darlington) (NRD)
Northolt Park (NLT)
Northumberland Park (NUM)
Northwich (NWI)
Norton Bridge (NTB)
Nottingham (NOT)
Nuneaton (NUN)
Nunthorpe (NNT)
Oakham (OKM)
Oakleigh Park (OKL)
Oban (OBN)
Okehampton (OKE)
Old Hill (OHL)
Old Roan (ORN)
Orrell (ORR)
Orrell Park (OPK)
Oxford Parkway (OXP)
Padgate (PDG)
Paignton (PGN)
Paisley Canal (PCN)
Paisley Gilmour Street (PYG)
Paisley St James (PYJ)
Parbold (PBL)
Park Street (PKT)
Patterton (PTT)
Pegswood (PEG)
Pemberton (PEM)
Pembrey & Burry Port (PBY)
Pembroke (PMB)
Pembroke Dock (PMD)
Pencoed (PCD)
Penge West (PNW)
Penmere (PNM)
Penrhyndeudraeth (PRH)
Penryn (Cornwall) (PYN)
Pen-y-Bont (PNY)
Penyffordd (PNF)
Pevensey & Westham (PEV)
Pevensey Bay (PEB)
Pewsey (PEW)
Pilning (PIL)
Plockton (PLK)
Pluckley (PLC)
Polesworth (PSW)
Pollokshaws East (PWE)
Pontefract Tanshelf (POT)
Pontyclun (PYC)
Pont-y-Pant (PYP)
Possilpark & Parkhouse (PPK)
Poulton-le-Fylde (PFY)
Poynton (PYT)
Prees (PRS)
Preston Park (PRP)
Purley Oaks (PUO)
Pwllheli (PWL)
Pye Corner (PYE)
Pyle (PYL)
Quakers Yard (QYD)
Queenborough (QBR)
Queenstown Road (Battersea) (QRB)
Radlett (RDT)
Radley (RAD)
Radyr (RDR)
Rainford (RNF)
Ramsgreave & Wilpshire (RGW)
Rannoch (RAN)
Ravenglass for Eskdale (RAV)
Rawcliffe (RWC)
Rayleigh (RLG)
Reading (RDG)
Reading West (RDW)
Redbridge (RDB)
Reddish South (RDS)
Redditch (RDC)
Redruth (RED)
Renton (RTN)
Rhosneigr (RHO)
Rice Lane (RIL)
Ridgmont (RID)
Riding Mill (RDM)
Rochford (RFD)
Rock Ferry (RFY)
Rogart (ROG)
Rose Grove (RSG)
Rose Hill Marple (RSH)
Roy Bridge (RYB)
Ruabon (RUA)
Rufford (RUF)
Rugby (RUG)
Rugeley Town (RGT)
Runcorn (RUN)
Runcorn East (RUE)
Ryde Esplanade (RYD)
Ryde St Johns Road (RYR)
Salford Central (SFD)
Salford Crescent (SLD)
Salfords (Surrey) (SAF)
Sampford Courtenay (SMC)
Sandal & Agbrigg (SNA)
Sandhills (SDL)
Sandown (SAN)
Sandplace (SDP)
Sankey for Penketh (SNK)
Sanquhar (SQH)
Sarn (SRR)
Sawbridgeworth (SAW)
Saxilby (SXY)
Saxmundham (SAX)
Scarborough (SCA)
Scotscalder (SCT)
Seaforth & Litherland (SFL)
Seaton Carew (SEC)
Severn Tunnel Junction (STJ)
Shalford (Surrey) (SFR)
Shanklin (SHN)
Sheffield (SHF)
Shepreth (STH)
Shiplake (SHI)
Shippea Hill (SPP)
Shirley (SRL)
Shoreham-by-Sea (SSE)
Shotton (SHT)
Singer (SIN)
Smallbrook Junction (SAB)
Snaith (SNI)
Snodland (SDA)
Sole Street (SOR)
South Milford (SOM)
South Ruislip (SRU)
South Tottenham (STO)
South Wigston (SWS)
Southampton Airport Parkway (SOA)
Southend Central (SOC)
Southend East (SOE)
Southend Victoria (SOV)
Southminster (SMN)
Southport (SOP)
Spean Bridge (SBR)
Spondon (SPO)
Spring Road (SRI)
St Albans Abbey (SAA)
St Albans City (SAC)
St Andrews Road (SAR)
St Annes-on-Sea (SAS)
St Austell (SAU)
St Bees (SBS)
St Erth (SER)
St Helens Junction (SHJ)
St James Street (Walthamstow) (SJS)
St Margarets (London) (SMG)
St Michaels (STM)
Staines (SNS)
Stallingborough (SLL)
Stanlow & Thornton (SNT)
Stansted Airport (SSD)
Stansted Mountfitchet (SST)
Staplehurst (SPU)
Starbeck (SBE)
Stewarton (STT)
Stockton (STK)
Stonehaven (STN)
Stonehouse (SHU)
Stourbridge Town (SBT)
Stranraer (STR)
Strathcarron (STC)
Streatham Hill (SRH)
Streethouse (SHC)
Strines (SRN)
Stromeferry (STF)
Strood (Kent) (SOO)
Styal (SYA)
Sudbury & Harrow Road (SUD)
Sugar Loaf (SUG)
Summerston (SUM)
Sunbury (SUU)
Sutton Parkway (SPK)
Swale (SWL)
Swanley (SAY)
Swanscombe (SWM)
Sway (SWY)
Swinton (Manchester) (SNN)
Syon Lane (SYL)
Syston (SYS)
Tackley (TAC)
Tadworth (TAD)
Taffs Well (TAF)
Taynuilt (TAY)
Tees-side Airport (TEA)
Templecombe (TMC)
The Lakes (Warks) (TLK)
Thetford (TTF)
Thornton Abbey (TNA)
Thurso (THS)
Tonfanau (TNF)
Topsham (TOP)
Town Green (TWN)
Trafford Park (TRA)
Trefforest (TRF)
Tulloch (TUL)
Twyford (TWY)
Tyndrum Lower (TYL)
Ulceby (ULC)
Upholland (UPL)
Upper Holloway (UHL)
Upper Tyndrum (UTY)
Upton (Merseyside) (UPT)
Urmston (URM)
Waddon (WDO)
Wallasey Grove Road (WLG)
Walthamstow Queen's Road (WMW)
Walton (Merseyside) (WAO)
Waterloo (Merseyside) (WLO)
Wedgwood (WED)
Welham Green (WMG)
West Malling (WMA)
West Sutton (WSU)
West Wickham (WWI)
Weston Milton (WNM)
Whalley (Lancs) (WHE)
Whitchurch (Shropshire) (WTC)
Whitlocks End (WTE)
Whitton (London) (WTN)
Wick (WCK)
Wood End (WDE)
Woodgrange Park (WGR)
Wootton Wawen (WWW)
Wrexham Central (WXC)
Wythall (WYT)
Yardley Wood (YRD)
Yatton (YAT)
Yetminster (YET)
