0.0 changes for Station code ABW, Abbey Wood
1.0 changes for Station code ABE, Aber
1.0 changes for Station code ACY, Abercynon
1.0 changes for Station code ABA, Aberdare
0.0 changes for Station code ABD, Aberdeen
1.0 changes for Station code AUR, Aberdour
1.0 changes for Station code AVY, Aberdovey
1.0 changes for Station code ABH, Abererch
1.0 changes for Station code AGV, Abergavenny
1.0 changes for Station code AGL, Abergele & Pensarn
1.0 changes for Station code AYW, Aberystwyth
1.0 changes for Station code ACR, Accrington
More than 1 change for Station code AAT, Achanalt
More than 1 change for Station code ACN, Achnasheen
More than 1 change for Station code ACH, Achnashellach
1.0 changes for Station code ACK, Acklington
1.0 changes for Station code ACL, Acle
1.0 changes for Station code ACG, Acocks Green
1.0 changes for Station code ACB, Acton Bridge (Cheshire)
1.0 changes for Station code ACC, Acton Central
0.0 changes for Station code AML, Acton Main Line
1.0 changes for Station code ADD, Adderley Park
1.0 changes for Station code ADW, Addiewell
0.0 changes for Station code ASN, Addlestone
0.0 changes for Station code ADM, Adisham
1.0 changes for Station code ADC, Adlington (Cheshire)
1.0 changes for Station code ADL, Adlington (Lancs)
1.0 changes for Station code AWK, Adwick
More than 1 change for Station code AIG, Aigburth
More than 1 change for Station code ANS, Ainsdale
More than 1 change for Station code AIN, Aintree
1.0 changes for Station code AIR, Airbles
1.0 changes for Station code ADR, Airdrie
0.0 changes for Station code AYP, Albany Park
1.0 changes for Station code ALB, Albrighton
1.0 changes for Station code ALD, Alderley Edge
0.0 changes for Station code AMT, Aldermaston
0.0 changes for Station code AHT, Aldershot
1.0 changes for Station code AGT, Aldrington
0.0 changes for Station code AAP, Alexandra Palace
More than 1 change for Station code AXP, Alexandra Parade
More than 1 change for Station code ALX, Alexandria
0.0 changes for Station code ALF, Alfreton
1.0 changes for Station code ALW, Allens West
More than 1 change for Station code ALO, Alloa
1.0 changes for Station code ASS, Alness
0.0 changes for Station code ALM, Alnmouth
0.0 changes for Station code ALR, Alresford (Essex)
0.0 changes for Station code ASG, Alsager
0.0 changes for Station code ALN, Althorne (Essex)
1.0 changes for Station code ALP, Althorpe
More than 1 change for Station code ABC, Altnabreac
0.0 changes for Station code AON, Alton
1.0 changes for Station code ALT, Altrincham
1.0 changes for Station code ALV, Alvechurch
1.0 changes for Station code AMB, Ambergate
0.0 changes for Station code AMY, Amberley
0.0 changes for Station code AMR, Amersham
1.0 changes for Station code AMF, Ammanford
1.0 changes for Station code ANC, Ancaster
1.0 changes for Station code AND, Anderston
0.0 changes for Station code ADV, Andover
0.0 changes for Station code ANZ, Anerley
0.0 changes for Station code AGR, Angel Road
0.0 changes for Station code ANG, Angmering
1.0 changes for Station code ANN, Annan
1.0 changes for Station code ANL, Anniesland
1.0 changes for Station code AFV, Ansdell & Fairhaven
