10.751850409037788 percent of stations (276) have direct services to birmingham
55.43435917413323 percent of stations (1423) have services to birmingham with a single connection
33.38527463965719 percent of stations (857) have services to birmingham with more than one connection
These stations are:
Abbey Wood (ABW)
Achanalt (AAT)
Achnasheen (ACN)
Achnashellach (ACH)
Acle (ACL)
Acton Central (ACC)
Addlestone (ASN)
Adisham (ADM)
Ainsdale (ANS)
Albany Park (AYP)
Aldershot (AHT)
Aldrington (AGT)
Alexandra Palace (AAP)
Alexandra Parade (AXP)
Alexandria (ALX)
Alness (ASS)
Alresford (Essex) (ALR)
Althorne (Essex) (ALN)
Altnabreac (ABC)
Alton (AON)
Amberley (AMY)
Anerley (ANZ)
Angel Road (AGR)
Angmering (ANG)
Appledore (Kent) (APD)
Appley Bridge (APB)
Ardgay (ARD)
Ardlui (AUI)
Arisaig (ARG)
Arrochar & Tarbet (ART)
Arundel (ARU)
Ash Vale (AHV)
Ashfield (ASF)
Ashford International (AFK)
Ashton-under-Lyne (AHN)
Ashurst (Kent) (AHS)
Askam (ASK)
Atherton (ATN)
Attadale (ATT)
Aylesford (AYL)
Aylesham (AYH)
Bagshot (BAG)
Baildon (BLD)
Balcombe (BAB)
Baldock (BDK)
Balloch (BHC)
Banavie (BNV)
Bank Hall (BAH)
Banstead (BAD)
Barking (BKG)
Barlaston (BRT)
Barming (BMG)
Barnehurst (BNH)
Barnes (BNS)
Barnes Bridge (BNI)
Barnhill (BNL)
Barrow Haven (BAV)
Barton-on-Humber (BAU)
Basildon (BSO)
Bat & Ball (BBL)
Battersby (BTT)
Battersea Park (BAK)
Battle (BAT)
Battlesbridge (BLB)
Bayford (BAY)
Bearsted (BSD)
Beasdale (BSL)
Beauly (BEL)
Beccles (BCC)
Beckenham Hill (BEC)
Beckenham Junction (BKJ)
Bekesbourne (BKS)
Bellgrove (BLG)
Bellingham (BGM)
Belmont (BLM)
Beltring (BEG)
Belvedere (BVD)
Benfleet (BEF)
Bentley (Hants) (BTY)
Berrylands (BRS)
Berwick (Sussex) (BRK)
Bescar Lane (BES)
Bethnal Green (BET)
Bexhill (BEX)
Bexley (BXY)
Bexleyheath (BXH)
Bickley (BKL)
Billericay (BIC)
Billingham (Cleveland) (BIL)
Billingshurst (BIG)
Birchington-on-sea (BCH)
Birkbeck (BIK)
Birkdale (BDL)
Bishopbriggs (BBG)
Bishopstone (Sussex) (BIP)
Blackheath (BKH)
Blundellsands & Crosby (BLN)
Bognor Regis (BOG)
Bootle New Strand (BNW)
Bootle Oriel Road (BOT)
Borough Green & Wrotham (BRG)
Bosham (BOH)
Bourne End (BNE)
Bowes Park (BOP)
Bowling (BWG)
Box Hill & Westhumble (BXW)
Brading (BDN)
Braintree (BTR)
Braintree Freeport (BTP)
Brampton (Suffolk) (BRP)
Brentford (BFD)
Brentwood (BRE)
Bridge of Orchy (BRO)
Brighton (East Sussex) (BTN)
Brimsdown (BMD)
Brixton (BRX)
Broadstairs (BSR)
Brockley (BCY)
Bromley Cross (Lancs) (BMC)
Bromley North (BMN)
Bromley South (BMS)
Brondesbury (BSY)
Brondesbury Park (BSP)
Brookmans Park (BPK)
Brora (BRA)
Broxbourne (BXB)
Bruce Grove (BCV)
Brundall (BDA)
Brundall Gardens (BGA)
Bugle (BGL)
Bures (BUE)
Burgess Hill (BUG)
Burnham-on-Crouch (BUU)
Burscough Bridge (BCB)
Burscough Junction (BCJ)
Bush Hill Park (BHK)
Buxted (BXD)
Caledonian Rd & Barnsbury (CIR)
Camberley (CAM)
Cambridge Heath (CBH)
Camden Road (CMD)
Canada Water (ZCW)
Canonbury (CNN)
Canterbury East (CBE)
Canterbury West (CBW)
Cantley (CNY)
Cardiff Bay (CDB)
Carshalton (CSH)
Carshalton Beeches (CSB)
Castle Bar Park (CBP)
Castleton (Manchester) (CAS)
Castleton Moor (CSM)
Caterham (CAT)
Catford (CTF)
Catford Bridge (CFB)
Chadwell Heath (CTH)
Chafford Hundred Lakeside (CFH)
Chalkwell (CHW)
Chandlers Ford (CFR)
Chappel & Wakes Colne (CWC)
Charing (Kent) (CHG)
Charing Cross (Glasgow) (CHC)
Charlton (CTN)
Chartham (CRT)
Chassen Road (CSR)
Chatham (CTM)
Cheam (CHE)
Chelmsford (CHM)
Chelsfield (CLD)
Chertsey (CHY)
Cheshunt (CHN)
Chessington North (CSN)
Chessington South (CSS)
Chestfield & Swalecliffe (CSW)
Chilham (CIL)
Chingford (CHI)
Chipstead (CHP)
Chislehurst (CIT)
Chiswick (CHK)
Christs Hospital (CHH)
City Thameslink (CTK)
Clacton-on-Sea (CLT)
Clapham High Street (CLP)
Clapton (CPT)
Clifton (Manchester) (CLI)
Clitheroe (CLH)
Clock House (CLK)
Coatbridge Central (CBC)
Colchester Town (CET)
Collington (CLL)
Commondale (COM)
Connel Ferry (CON)
Conon Bridge (CBD)
Cooden Beach (COB)
Cookham (COO)
Cooksbridge (CBR)
Corpach (CPA)
Corrour (CRR)
Coulsdon South (CDS)
Coulsdon Town (CDN)
Cowden (Kent) (CWN)
Crawley (CRW)
Crayford (CRY)
Cressing (Essex) (CES)
Crews Hill (CWH)
Crianlarich (CNR)
Cricklewood (CRI)
Crofton Park (CFT)
Cromer (CMR)
Crouch Hill (CRH)
Crowborough (COH)
Crowhurst (CWU)
Crystal Palace (CYP)
Cuffley (CUF)
Culrain (CUA)
Cuxton (CUX)
Dagenham Dock (DDK)
Daisy Hill (DSY)
Dalmally (DAL)
Dalston Junction (DLJ)
Dalston Kingsland (DLK)
Danby (DNY)
Darsham (DSM)
Dartford (DFD)
Darwen (DWN)
Datchet (DAT)
Deal (DEA)
Denmark Hill (DMK)
Deptford (DEP)
Derby Road (Ipswich) (DBR)
Dingwall (DIN)
Diss (DIS)
Doleham (DLH)
Dorking (Main) (DKG)
Dormans (DMS)
Dover Priory (DVP)
Dovercourt (DVC)
Drayton Green (DRG)
Drayton Park (DYP)
Duirinish (DRN)
Duke Street (DST)
Dumpton Park (DMP)
Duncraig (DCG)
Dunton Green (DNG)
Durrington-on-Sea (DUR)
Earlsfield (EAD)
Earlswood (Surrey) (ELD)
East Dulwich (EDW)
East Farleigh (EFL)
East Grinstead (EGR)
East Malling (EML)
East Tilbury (ETL)
East Worthing (EWR)
Eastbourne (EBN)
Eastrington (EGN)
Ebbsfleet International (EBD)
Eden Park (EDN)
Edenbridge (EBR)
Edenbridge Town (EBT)
Edmonton Green (EDR)
Egton (EGT)
Ellesmere Port (ELP)
Elmers End (ELE)
Elmstead Woods (ESD)
Elstree & Borehamwood (ELS)
Eltham (ELW)
Emerson Park (EMP)
Enfield Chase (ENC)
Enfield Lock (ENL)
Enfield Town (ENF)
Entwistle (ENT)
Epsom (Surrey) (EPS)
Epsom Downs (EPD)
Eridge (ERI)
Erith (ERH)
Essex Road (EXR)
Etchingham (ETC)
Ewell East (EWE)
Ewell West (EWW)
Eynsford (EYN)
Falconwood (FCN)
Falmer (FMR)
Farnham (FNH)
Farningham Road (FNR)
Farnworth (FNW)
Faversham (FAV)
Faygate (FGT)
Fazakerley (FAZ)
Fearn (FRN)
Felixstowe (FLX)
Finchley Road & Frognal (FNY)
Fishbourne (Sussex) (FSB)
Fishersgate (FSG)
Flitwick (FLT)
Flixton (FLI)
Folkestone Central (FKC)
Folkestone West (FKW)
Ford (FOD)
Forest Gate (FOG)
Forest Hill (FOH)
Formby (FBY)
Forsinard (FRS)
Fort William (FTW)
Frant (FRT)
Freshfield (FRE)
Frimley (FML)
Frinton-on-Sea (FRI)
Fulwell (FLW)
Furze Platt (FZP)
Gainsborough Central (GNB)
Garelochhead (GCH)
Garve (GVE)
Gathurst (GST)
Georgemas Junction (GGJ)
Gidea Park (GDP)
Gillingham (Kent) (GLM)
Gilshochill (GSC)
Gipsy Hill (GIP)
Girvan (GIR)
Glaisdale (GLS)
Glazebrook (GLZ)
Glenfinnan (GLF)
Glynde (GLY)
Godalming (GOD)
Godstone (GDN)
Golspie (GOL)
Goodmayes (GMY)
Gordon Hill (GDH)
Goring-by-Sea (GBS)
Gospel Oak (GPO)
Goxhill (GOX)
Grange Park (GPK)
Gravesend (GRV)
Grays (GRY)
Great Ayton (GTA)
Great Bentley (GRB)
Great Coates (GCT)
Great Yarmouth (GYM)
Greenford (GFD)
Greenhithe (GNH)
Greenwich (GNW)
Grimsby Docks (GMD)
Grosmont (GMT)
Grove Park (GRP)
Gunnersbury (GUN)
Gunton (GNT)
Gypsy Lane (GYP)
Hackbridge (HCB)
Hackney Central (HKC)
Hackney Downs (HAC)
Hackney Wick (HKW)
Haddiscoe (HAD)
Hadley Wood (HDW)
Hag Fold (HGF)
Haggerston (HGG)
Halesworth (HAS)
Hall Road (HLR)
Halling (HAI)
Hall-i'-th'-Wood (HID)
Ham Street (HMT)
Hampden Park (Sussex) (HMD)
Hampstead Heath (HDH)
Hampton (London) (HMP)
Hampton Court (HMC)
Hampton Wick (HMW)
Harlington (Beds) (HLN)
Harlow Mill (HWM)
Harlow Town (HWN)
Harold Wood (HRO)
Harpenden (HPD)
Harrietsham (HRM)
Harringay (HGY)
Harringay Green Lanes (HRY)
Harwich International (HPQ)
Harwich Town (HWC)
Hassocks (HSK)
Hastings (HGS)
Hatfield Peverel (HAP)
Haydons Road (HYR)
Hayes (Kent) (HYS)
Haywards Heath (HHE)
Headcorn (HCN)
Healing (HLI)
Heathrow Airport Terminal 4 (HAF)
Heathrow Airport Terminal 5 (HWV)
Heathrow Airport Terminals 1, 2 and 3 (HXX)
Helensburgh Upper (HLU)
Helmsdale (HMS)
Hendon (HEN)
Herne Bay (HNB)
Herne Hill (HNH)
Hersham (HER)
Hertford East (HFE)
Hertford North (HFN)
Hever (HEV)
Heworth (HEW)
High Brooms (HIB)
High Street (Glasgow) (HST)
Higham (Kent) (HGM)
Highams Park (HIP)
Hightown (HTO)
Hildenborough (HLB)
Hillside (HIL)
Hither Green (HGR)
Hockley (HOC)
Hollingbourne (HBN)
Holmwood (HLM)
Homerton (HMN)
Honor Oak Park (HPA)
Horley (HOR)
Hornsey (HRN)
Horsham (HRH)
Hoscar (HSC)
Hounslow (HOU)
Hove (HOV)
Hoveton & Wroxham (HXM)
Hoxton (HOX)
Humphrey Park (HUP)
Hurst Green (HUR)
Hythe (Essex) (HYH)
Ifield (IFI)
Ilford (IFD)
Ince & Elton (INE)
Ince (Manchester) (INC)
Ingatestone (INT)
Insch (INS)
Invergordon (IGD)
Invershin (INH)
Inverurie (INR)
Isleworth (ISL)
James Cook (JCH)
Kearsley (Manchester) (KSL)
Kearsney (Kent) (KSN)
Kelvedon (KEL)
Kelvindale (KVD)
Kempton Park Racecourse (KMP)
Kemsing (KMS)
Kemsley (KML)
Kenley (KLY)
Kensal Rise (KNR)
Kent House (KTH)
Kentish Town (KTN)
Kentish Town West (KTW)
Kew Bridge (KWB)
Kew Gardens (KWG)
Kidbrooke (KDB)
Kildale (KLD)
Kildonan (KIL)
Kilgetty (KGT)
Kilpatrick (KPT)
Kinbrace (KBC)
Kingston (KNG)
Kingswood (KND)
Kirby Cross (KBX)
Kirkby (Merseyside) (KIR)
Knockholt (KCK)
Kyle of Lochalsh (KYL)
Ladywell (LAD)
Laindon (LAI)
Lairg (LRG)
Lake (LKE)
Lamphey (LAM)
Lancing (LAC)
Langho (LHO)
Laurencekirk (LAU)
Lea Bridge (LEB)
Leagrave (LEA)
Lealholm (LHM)
Lee (London) (LEE)
Leigh (Kent) (LIH)
Leigh-on-Sea (LES)
Lenham (LEN)
Lenzie (LNZ)
Letchworth Garden City (LET)
Lewes (LWS)
Lewisham (LEW)
Leyton Midland Road (LEM)
Leytonstone High Road (LER)
Lingfield (LFD)
Lingwood (LGD)
Littleborough (LTL)
Littlehampton (LIT)
Littlehaven (LVN)
Loch Awe (LHA)
Loch Eil Outward Bound (LHE)
Lochailort (LCL)
Locheilside (LCS)
Lochluichart (LCC)
London Fields (LOF)
London Road (Brighton) (LRB)
London Waterloo East (WAE)
Longfield (LGF)
Loughborough Junction (LGJ)
Lower Sydenham (LSY)
Lowestoft (LWT)
Luxulyan (LUX)
Maidstone Barracks (MDB)
Maidstone East (MDE)
Maidstone West (MDW)
Malden Manor (MAL)
Mallaig (MLG)
Manningtree (MNG)
Manor Park (MNP)
Manorbier (MRB)
Marden (Kent) (MRN)
Margate (MAR)
Market Rasen (MKR)
Marks Tey (MKT)
Marlow (MLW)
Martin Mill (MTM)
Marton (MTO)
Maryhill (MYH)
Maryland (MYL)
Maybole (MAY)
Maze Hill (MZH)
Melton (Suffolk) (MES)
Meols Cop (MEC)
Meopham (MEP)
Merstham (MHM)
Mill Hill Broadway (MIL)
Mills Hill (Manchester) (MIH)
Minster (MSR)
Mistley (MIS)
Mitcham Eastfields (MTC)
Mitcham Junction (MIJ)
Moorside (MSD)
Morar (MRR)
Morden South (MDS)
Mortlake (MTL)
Moses Gate (MSS)
Moston (MSO)
Motspur Park (MOT)
Mottingham (MTG)
Moulsecoomb (MCB)
Muir of Ord (MOO)
Narberth (NAR)
New Barnet (NBA)
New Beckenham (NBC)
New Clee (NCE)
New Cross (NWX)
New Cross Gate (NXG)
New Eltham (NEH)
New Holland (NHL)
New Hythe (NHE)
New Lane (NLN)
New Malden (NEM)
New Southgate (NSG)
Newhaven Harbour (NVH)
Newhaven Town (NVN)
Newington (NGT)
Newquay (NQY)
Norbiton (NBT)
Normans Bay (NSB)
North Dulwich (NDL)
North Fambridge (NFA)
North Sheen (NSH)
North Walsham (NWA)
Northfleet (NFL)
Northumberland Park (NUM)
Norton Bridge (NTB)
Norwood Junction (NWD)
Nunhead (NHD)
Nunthorpe (NNT)
Nutbourne (NUT)
Nutfield (NUF)
Oakleigh Park (OKL)
Oban (OBN)
Ockendon (OCK)
Ockley (OLY)
Old Street (OLD)
Ore (ORE)
Orpington (ORP)
Orrell (ORR)
Otford (OTF)
Oulton Broad North (OUN)
Oulton Broad South (OUS)
Oxted (OXT)
Paddock Wood (PDW)
Palmers Green (PAL)
Parbold (PBL)
Peckham Rye (PMR)
Pemberton (PEM)
Pembroke (PMB)
Pembroke Dock (PMD)
Penally (PNA)
Penge East (PNE)
Penge West (PNW)
Penshurst (PHR)
Petts Wood (PET)
Pevensey & Westham (PEV)
Pevensey Bay (PEB)
Pitsea (PSE)
Plockton (PLK)
Pluckley (PLC)
Plumpton (PMP)
Plumstead (PLU)
Polegate (PLG)
Ponders End (PON)
Portlethen (PLN)
Portslade (PLD)
Possilpark & Parkhouse (PPK)
Preston Park (PRP)
Prittlewell (PRL)
Pulborough (PUL)
Purfleet (PFL)
Purley (PUR)
Purley Oaks (PUO)
Putney (PUT)
Queenborough (QBR)
Queens Road (Peckham) (QRP)
Queenstown Road (Battersea) (QRB)
Quintrell Downs (QUI)
Radlett (RDT)
Rainford (RNF)
Rainham (Essex) (RNM)
Rainham (Kent) (RAI)
Ramsgate (RAM)
Ramsgreave & Wilpshire (RGW)
Rannoch (RAN)
Ravensbourne (RVB)
Rayleigh (RLG)
Raynes Park (RAY)
Rectory Road (REC)
Reedham (Norfolk) (REE)
Reedham (Surrey) (RHM)
Renton (RTN)
Rice Lane (RIL)
Richmond (London) (RMD)
Riddlesdown (RDD)
Robertsbridge (RBR)
Rochdale (RCD)
Roche (ROC)
Rochester (RTR)
Rochford (RFD)
Rogart (ROG)
Romford (RMF)
Rotherhithe (ROE)
Roughton Road (RNR)
Roy Bridge (RYB)
Roydon (RYN)
Ruswarp (RUS)
Ryde Esplanade (RYD)
Ryde Pier Head (RYP)
Ryde St Johns Road (RYR)
Rye (Sussex) (RYE)
Rye House (RYH)
Salford Central (SFD)
Salfords (Surrey) (SAF)
Salhouse (SAH)
Sanderstead (SNR)
Sandling (SDG)
Sandown (SAN)
Sandwich (SDW)
Saundersfoot (SDF)
Saxmundham (SAX)
Scotscalder (SCT)
Seaford (Sussex) (SEF)
Seaforth & Litherland (SFL)
Seaton Carew (SEC)
Selling (SEG)
Seven Kings (SVK)
Sevenoaks (SEV)
Shadwell (SDE)
Shanklin (SHN)
Sheerness-on-Sea (SSS)
Shenfield (SNF)
Shepherds Well (SPH)
Shepperton (SHP)
Sheringham (SHM)
Shippea Hill (SPP)
Shoeburyness (SRY)
Shoreditch High Street (SDC)
Shoreham (Kent) (SEH)
Shoreham-by-Sea (SSE)
Shortlands (SRT)
Sidcup (SID)
Silver Street (SLV)
Sittingbourne (SIT)
Slade Green (SGR)
Sleights (SLH)
Smallbrook Junction (SAB)
Smithy Bridge (SMB)
Snodland (SDA)
Snowdown (SWO)
Sole Street (SOR)
Somerleyton (SYT)
South Acton (SAT)
South Bermondsey (SBM)
South Croydon (SCY)
South Greenford (SGN)
South Merton (SMO)
South Tottenham (STO)
South Woodham Ferrers (SOF)
Southbury (SBU)
Southease (SEE)
Southend Airport (SIA)
Southend Central (SOC)
Southend East (SOE)
Southend Victoria (SOV)
Southminster (SMN)
Southport (SOP)
Southwick (SWK)
Spean Bridge (SBR)
Springburn (SPR)
St Albans City (SAC)
St Columb Road (SCR)
St Helier (Surrey) (SIH)
St James Street (Walthamstow) (SJS)
St Johns (London) (SAJ)
St Leonards Warrior Square (SLQ)
St Margarets (Herts) (SMT)
St Margarets (London) (SMG)
St Mary Cray (SMY)
Stallingborough (SLL)
Stamford Hill (SMH)
Stanford-le-Hope (SFO)
Stanlow & Thornton (SNT)
Staplehurst (SPU)
Stockton (STK)
Stoke Newington (SKW)
Stone Crossing (SCG)
Stonegate (SOG)
Stoneleigh (SNL)
Stratford International (SFA)
Strathcarron (STC)
Strawberry Hill (STW)
Streatham (Greater London) (STE)
Streatham Hill (SRH)
Stromeferry (STF)
Strood (Kent) (SOO)
Sturry (STU)
Sudbury (Suffolk) (SUY)
Summerston (SUM)
Sunbury (SUU)
Sundridge Park (SUP)
Sunnymeads (SNY)
Surrey Quays (SQE)
Sutton (Surrey) (SUO)
Sutton Common (SUC)
Swale (SWL)
Swanley (SAY)
Swanscombe (SWM)
Swinton (Manchester) (SNN)
Sydenham (London) (SYD)
Sydenham Hill (SYH)
Syon Lane (SYL)
Tadworth (TAD)
Tain (TAI)
Tattenham Corner (TAT)
Taynuilt (TAY)
Teddington (TED)
Tenby (TEN)
Teynham (TEY)
Thames Ditton (THD)
Theobalds Grove (TEO)
Thornton Abbey (TNA)
Thorpe Bay (TPB)
Thorpe-le-Soken (TLS)
Three Bridges (TBD)
Three Oaks (TOK)
Thurso (THS)
Tilbury Town (TIL)
Todmorden (TOD)
Tolworth (TOL)
Tonbridge (TON)
Tooting (TOO)
Trafford Park (TRA)
Trimley (TRM)
Tulloch (TUL)
Tulse Hill (TUH)
Tunbridge Wells (TBW)
Turkey Street (TUR)
Twickenham (TWI)
Tyndrum Lower (TYL)
Uckfield (UCK)
Ulceby (ULC)
Upholland (UPL)
Upminster (UPM)
Upper Halliford (UPH)
Upper Holloway (UHL)
Upper Tyndrum (UTY)
Upper Warlingham (UWL)
Waddon (WDO)
Wadhurst (WAD)
Walkden (WKD)
Wallington (WLT)
Walmer (WAM)
Walsden (WDN)
Waltham Cross (WLC)
Walthamstow Queen's Road (WMW)
Walton-on-the-Naze (WON)
Wandsworth Common (WSW)
Wandsworth Road (WWR)
Wandsworth Town (WNT)
Wanstead Park (WNP)
Wapping (WPE)
Ware (Herts) (WAR)
Warnham (WNH)
Wateringbury (WTR)
Waterloo (Merseyside) (WLO)
Watton-at-Stone (WAS)
Wedgwood (WED)
Weeley (WEE)
Welham Green (WMG)
Welling (WLI)
West Croydon (WCY)
West Dulwich (WDU)
West Hampstead (WHD)
West Hampstead Thameslink (WHP)
West Horndon (WHR)
West Malling (WMA)
West Norwood (WNW)
West Runton (WRN)
West St Leonards (WLD)
West Sutton (WSU)
West Wickham (WWI)
West Worthing (WWO)
Westcliff (WCF)
Westcombe Park (WCB)
Westenhanger (WHA)
Westerfield (WFI)
Westgate-on-Sea (WGA)
Whalley (Lancs) (WHE)
Whitby (WTB)
White Hart Lane (WHL)
White Notley (WNY)
Whitechapel (ZLW)
Whitstable (WHI)
Whyteleafe (WHY)
Whyteleafe South (WHS)
Wick (WCK)
Wickford (WIC)
Wickham Market (WCM)
Wimbledon (WIM)
Wimbledon Chase (WBO)
Winchelsea (WSE)
Winchmore Hill (WIH)
Windsor & Eton Central (WNC)
Windsor & Eton Riverside (WNR)
Witham (WTM)
Wivelsfield (WVF)
Wivenhoe (WIV)
Woldingham (WOH)
Wood Street (WST)
Woodbridge (WDB)
Woodgrange Park (WGR)
Woodmansterne (WME)
Woolwich Arsenal (WWA)
Woolwich Dockyard (WWD)
Worcester Park (WCP)
Worstead (WRT)
Worthing (WRH)
Wrabness (WRB)
Wraysbury (WRY)
Wressle (WRS)
Wye (WYE)
Yalding (YAL)
0.4285157771717959 percent of stations (11) have no services to birmingham or returned an error
These stations are:
Ashford International (Eurostar) (ASI)
Berney Arms (BYA)
Buckenham (Norfolk) (BUC)
Dunrobin Castle (DNO)
Elephant & Castle (Underground) (ZEL)
Falls of Cruachan (FOC)
IBM Halt (IBM)
London St Pancras (Intl) (SPX)
Manchester United Football Ground (MUF)
Okehampton (OKE)
Sampford Courtenay (SMC)
