5.994550408719346 percent of stations (154) have direct services to crewe
40.48267808485792 percent of stations (1040) have services to crewe with a single connection
53.09458933437135 percent of stations (1364) have services to crewe with more than one connection
These stations are:
Abbey Wood (ABW)
Achanalt (AAT)
Achnasheen (ACN)
Achnashellach (ACH)
Acklington (ACK)
Acle (ACL)
Acton Central (ACC)
Acton Main Line (AML)
Addlestone (ASN)
Adisham (ADM)
Adwick (AWK)
Ainsdale (ANS)
Albany Park (AYP)
Aldermaston (AMT)
Aldershot (AHT)
Aldrington (AGT)
Alexandra Palace (AAP)
Alexandra Parade (AXP)
Alexandria (ALX)
Allens West (ALW)
Alloa (ALO)
Alness (ASS)
Alnmouth (ALM)
Alresford (Essex) (ALR)
Althorne (Essex) (ALN)
Altnabreac (ABC)
Alton (AON)
Amberley (AMY)
Amersham (AMR)
Ancaster (ANC)
Andover (ADV)
Anerley (ANZ)
Angel Road (AGR)
Angmering (ANG)
Apperley Bridge (APY)
Appledore (Kent) (APD)
Appleford (APF)
Appley Bridge (APB)
Ardgay (ARD)
Ardlui (AUI)
Arisaig (ARG)
Arlesey (ARL)
Arram (ARR)
Arrochar & Tarbet (ART)
Arundel (ARU)
Ascot (Berks) (ACT)
Ascott-under-Wychwood (AUW)
Ash (ASH)
Ash Vale (AHV)
Ashfield (ASF)
Ashford (Surrey) (AFS)
Ashford International (AFK)
Ashtead (AHD)
Ashton-under-Lyne (AHN)
Ashurst (Kent) (AHS)
Ashurst New Forest (ANF)
Ashwell & Morden (AWM)
Aslockton (ALK)
Atherton (ATN)
Attadale (ATT)
Avonmouth (AVN)
Axminster (AXM)
Aylesbury (AYS)
Aylesbury Vale Parkway (AVP)
Aylesford (AYL)
Aylesham (AYH)
Bagshot (BAG)
Baildon (BLD)
Balcombe (BAB)
Baldock (BDK)
Balloch (BHC)
Balmossie (BSI)
Banavie (BNV)
Bank Hall (BAH)
Banstead (BAD)
Barking (BKG)
Barlaston (BRT)
Barming (BMG)
Barnehurst (BNH)
Barnes (BNS)
Barnes Bridge (BNI)
Barnham (BAA)
Barnhill (BNL)
Barnsley (BNY)
Barnstaple (BNP)
Barrow Haven (BAV)
Barrow-Upon-Soar (BWS)
Barry Links (BYL)
Barton-on-Humber (BAU)
Basildon (BSO)
Bat & Ball (BBL)
Batley (BTL)
Battersby (BTT)
Battersea Park (BAK)
Battle (BAT)
Battlesbridge (BLB)
Bayford (BAY)
Beaconsfield (BCF)
Bearley (BER)
Bearsted (BSD)
Beasdale (BSL)
Beaulieu Road (BEU)
Beauly (BEL)
Beccles (BCC)
Beckenham Hill (BEC)
Beckenham Junction (BKJ)
Bedhampton (BDH)
Bedwyn (BDW)
Bekesbourne (BKS)
Bellingham (BGM)
Belmont (BLM)
Beltring (BEG)
Belvedere (BVD)
Bempton (BEM)
Ben Rhydding (BEY)
Benfleet (BEF)
Bentley (Hants) (BTY)
Bentley (South Yorks) (BYK)
Bere Alston (BAS)
Bere Ferrers (BFE)
Berry Brow (BBW)
Berrylands (BRS)
Berwick (Sussex) (BRK)
Berwick-upon-Tweed (BWK)
Bescar Lane (BES)
Betchworth (BTO)
Bethnal Green (BET)
Beverley (BEV)
Bexhill (BEX)
Bexley (BXY)
Bexleyheath (BXH)
Bicester Village (BIT)
Bickley (BKL)
Biggleswade (BIW)
Billericay (BIC)
Billingham (Cleveland) (BIL)
Billingshurst (BIG)
Bingham (BIN)
Bingley (BIY)
Birchington-on-sea (BCH)
Birkbeck (BIK)
Birkdale (BDL)
Bishop Auckland (BIA)
Bishopbriggs (BBG)
Bishops Stortford (BIS)
Bishopstone (Sussex) (BIP)
Bitterne (BTE)
Blackheath (BKH)
Blackwater (BAW)
Blundellsands & Crosby (BLN)
Bognor Regis (BOG)
Bolton-Upon-Dearne (BTD)
Bookham (BKA)
Bootle New Strand (BNW)
Bootle Oriel Road (BOT)
Borough Green & Wrotham (BRG)
Bosham (BOH)
Boston (BSN)
Botley (BOE)
Bottesford (BTF)
Bourne End (BNE)
Bowes Park (BOP)
Bowling (BWG)
Box Hill & Westhumble (BXW)
Bracknell (BCE)
Bradford Forster Square (BDQ)
Bradford Interchange (BDI)
Brading (BDN)
Braintree (BTR)
Braintree Freeport (BTP)
Bramley (Hants) (BMY)
Bramley (W Yorks) (BLE)
Brampton (Suffolk) (BRP)
Brandon (BND)
Branksome (BSM)
Brentford (BFD)
Brentwood (BRE)
Bridge of Orchy (BRO)
Bridlington (BDT)
Brigg (BGG)
Brighouse (BGH)
Brighton (East Sussex) (BTN)
Brimsdown (BMD)
Brixton (BRX)
Broadstairs (BSR)
Brockholes (BHS)
Brockley (BCY)
Bromley Cross (Lancs) (BMC)
Bromley North (BMN)
Bromley South (BMS)
Brondesbury (BSY)
Brondesbury Park (BSP)
Brookmans Park (BPK)
Brookwood (BKO)
Broomfleet (BMF)
Brora (BRA)
Broxbourne (BXB)
Bruce Grove (BCV)
Brundall (BDA)
Brundall Gardens (BGA)
Bruton (BRU)
Bugle (BGL)
Bulwell (BLW)
Bures (BUE)
Burgess Hill (BUG)
Burley Park (BUY)
Burley-in-Wharfedale (BUW)
Burnham (Bucks) (BNM)
Burnham-on-Crouch (BUU)
Burscough Bridge (BCB)
Burscough Junction (BCJ)
Bursledon (BUO)
Bury St Edmunds (BSE)
Bush Hill Park (BHK)
Buxted (BXD)
Byfleet & New Haw (BFN)
Caledonian Rd & Barnsbury (CIR)
Calstock (CSK)
Cam & Dursley (CDU)
Camberley (CAM)
Cambridge Heath (CBH)
Camden Road (CMD)
Canada Water (ZCW)
Canonbury (CNN)
Canterbury East (CBE)
Canterbury West (CBW)
Cantley (CNY)
Carbis Bay (CBB)
Cardiff Bay (CDB)
Carshalton (CSH)
Carshalton Beeches (CSB)
Castle Bar Park (CBP)
Castle Cary (CLC)
Castleford (CFD)
Castleton (Manchester) (CAS)
Castleton Moor (CSM)
Caterham (CAT)
Catford (CTF)
Catford Bridge (CFB)
Cattal (CTL)
Causeland (CAU)
Chadwell Heath (CTH)
Chafford Hundred Lakeside (CFH)
Chalfont & Latimer (CFO)
Chalkwell (CHW)
Chandlers Ford (CFR)
Chapelton (Devon) (CPN)
Chapeltown (South Yorks) (CLN)
Chappel & Wakes Colne (CWC)
Charing (Kent) (CHG)
Charlbury (CBY)
Charlton (CTN)
Chartham (CRT)
Chatham (CTM)
Chathill (CHT)
Cheam (CHE)
Chelmsford (CHM)
Chelsfield (CLD)
Chertsey (CHY)
Cheshunt (CHN)
Chessington North (CSN)
Chessington South (CSS)
Chestfield & Swalecliffe (CSW)
Chetnole (CNO)
Chichester (CCH)
Chilham (CIL)
Chilworth (CHL)
Chingford (CHI)
Chipstead (CHP)
Chislehurst (CIT)
Chiswick (CHK)
Cholsey (CHO)
Chorleywood (CLW)
Christchurch (CHR)
Christs Hospital (CHH)
Church Fenton (CHF)
City Thameslink (CTK)
Clacton-on-Sea (CLT)
Clandon (CLA)
Clapham High Street (CLP)
Clapton (CPT)
Claverdon (CLV)
Claygate (CLG)
Clifton (Manchester) (CLI)
Clifton Down (CFN)
Clitheroe (CLH)
Clock House (CLK)
Cobham & Stoke d'Abernon (CSD)
Colchester (COL)
Colchester Town (CET)
Collingham (CLM)
Collington (CLL)
Combe (Oxon) (CME)
Commondale (COM)
Conisbrough (CNS)
Connel Ferry (CON)
Conon Bridge (CBD)
Cononley (CEY)
Cooden Beach (COB)
Cookham (COO)
Cooksbridge (CBR)
Coombe Junction Halt (COE)
Copplestone (COP)
Corby (COR)
Corpach (CPA)
Corrour (CRR)
Cottingham (CGM)
Cottingley (COT)
Coulsdon South (CDS)
Coulsdon Town (CDN)
Cowden (Kent) (CWN)
Cranbrook (Devon) (CBK)
Crawley (CRW)
Crayford (CRY)
Crediton (CDI)
Cressing (Essex) (CES)
Creswell (CWD)
Crewkerne (CKN)
Crews Hill (CWH)
Crianlarich (CNR)
Cricklewood (CRI)
Crofton Park (CFT)
Cromer (CMR)
Crossflatts (CFL)
Crouch Hill (CRH)
Crowborough (COH)
Crowhurst (CWU)
Crowthorne (CRN)
Crystal Palace (CYP)
Cuffley (CUF)
Culham (CUM)
Culrain (CUA)
Cuxton (CUX)
Dagenham Dock (DDK)
Daisy Hill (DSY)
Dalmally (DAL)
Dalston Junction (DLJ)
Dalston Kingsland (DLK)
Danby (DNY)
Darnall (DAN)
Darsham (DSM)
Dartford (DFD)
Darton (DRT)
Darwen (DWN)
Datchet (DAT)
Dawlish Warren (DWW)
Deal (DEA)
Dean (Wilts) (DEN)
Deighton (DHN)
Denby Dale (DBD)
Denham (DNM)
Denham Golf Club (DGC)
Denmark Hill (DMK)
Dent (DNT)
Deptford (DEP)
Derby Road (Ipswich) (DBR)
Devonport (Devon) (DPT)
Devonport Dockyard (DOC)
Didcot Parkway (DID)
Digby & Sowton (DIG)
Dingwall (DIN)
Dinsdale (DND)
Diss (DIS)
Dodworth (DOD)
Doleham (DLH)
Dorchester South (DCH)
Dorchester West (DCW)
Dorking (Main) (DKG)
Dorking Deepdene (DPD)
Dorking West (DKT)
Dormans (DMS)
Dover Priory (DVP)
Dovercourt (DVC)
Downham Market (DOW)
Drayton Green (DRG)
Drayton Park (DYP)
Driffield (DRF)
Duirinish (DRN)
Duke Street (DST)
Dullingham (DUL)
Dumpton Park (DMP)
Duncraig (DCG)
Dunton Green (DNG)
Durrington-on-Sea (DUR)
Eaglescliffe (EAG)
Ealing Broadway (EAL)
Earley (EAR)
Earlsfield (EAD)
Earlswood (Surrey) (ELD)
East Dulwich (EDW)
East Farleigh (EFL)
East Garforth (EGF)
East Grinstead (EGR)
East Malling (EML)
East Tilbury (ETL)
East Worthing (EWR)
Eastbourne (EBN)
Eastleigh (ESL)
Eastrington (EGN)
Ebbsfleet International (EBD)
Eden Park (EDN)
Edenbridge (EBR)
Edenbridge Town (EBT)
Edmonton Green (EDR)
Effingham Junction (EFF)
Eggesford (EGG)
Egham (EGH)
Egton (EGT)
Ellesmere Port (ELP)
Elmers End (ELE)
Elmstead Woods (ESD)
Elmswell (ESW)
Elsecar (ELR)
Elsenham (Essex) (ESM)
Elstree & Borehamwood (ELS)
Eltham (ELW)
Elton & Orston (ELO)
Emerson Park (EMP)
Emsworth (EMS)
Enfield Chase (ENC)
Enfield Lock (ENL)
Enfield Town (ENF)
Entwistle (ENT)
Epsom (Surrey) (EPS)
Epsom Downs (EPD)
Eridge (ERI)
Erith (ERH)
Esher (ESH)
Essex Road (EXR)
Etchingham (ETC)
Evesham (EVE)
Ewell East (EWE)
Ewell West (EWW)
Exeter Central (EXC)
Exeter St Thomas (EXT)
Exmouth (EXM)
Exton (EXN)
Eynsford (EYN)
Falconwood (FCN)
Falmer (FMR)
Falmouth Docks (FAL)
Falmouth Town (FMT)
Farnborough (Main) (FNB)
Farnborough North (FNN)
Farncombe (FNC)
Farnham (FNH)
Farningham Road (FNR)
Farringdon (ZFD)
Faversham (FAV)
Faygate (FGT)
Fazakerley (FAZ)
Fearn (FRN)
Featherstone (FEA)
Felixstowe (FLX)
Feltham (FEL)
Feniton (FNT)
Ferriby (FRY)
Filey (FIL)
Finchley Road & Frognal (FNY)
Finstock (FIN)
Fishbourne (Sussex) (FSB)
Fishersgate (FSG)
Fitzwilliam (FZW)
Fleet (FLE)
Flitwick (FLT)
Folkestone Central (FKC)
Folkestone West (FKW)
Ford (FOD)
Forest Gate (FOG)
Forest Hill (FOH)
Formby (FBY)
Forsinard (FRS)
Fort William (FTW)
Foxton (FXN)
Frant (FRT)
Freshfield (FRE)
Frimley (FML)
Frinton-on-Sea (FRI)
Frizinghall (FZH)
Frome (FRO)
Fulwell (FLW)
Furze Platt (FZP)
Gainsborough Central (GNB)
Gainsborough Lea Road (GBL)
Garelochhead (GCH)
Gargrave (GGV)
Garsdale (GSD)
Garve (GVE)
Gathurst (GST)
Gatwick Airport (GTW)
Georgemas Junction (GGJ)
Gerrards Cross (GER)
Gidea Park (GDP)
Gillingham (Dorset) (GIL)
Gillingham (Kent) (GLM)
Gilshochill (GSC)
Gipsy Hill (GIP)
Glaisdale (GLS)
Glasshoughton (GLH)
Glenfinnan (GLF)
Glynde (GLY)
Godalming (GOD)
Godstone (GDN)
Goldthorpe (GOE)
Golf Street (GOF)
Golspie (GOL)
Gomshall (GOM)
Goodmayes (GMY)
Goole (GOO)
Gordon Hill (GDH)
Goring & Streatley (GOR)
Goring-by-Sea (GBS)
Gospel Oak (GPO)
Goxhill (GOX)
Grange Park (GPK)
Grateley (GRT)
Gravesend (GRV)
Grays (GRY)
Great Ayton (GTA)
Great Bentley (GRB)
Great Chesterford (GRC)
Great Coates (GCT)
Great Missenden (GMN)
Great Yarmouth (GYM)
Greenford (GFD)
Greenhithe (GNH)
Greenwich (GNW)
Grimsby Docks (GMD)
Grosmont (GMT)
Grove Park (GRP)
Guiseley (GSY)
Gunnersbury (GUN)
Gunnislake (GSL)
Gunton (GNT)
Gypsy Lane (GYP)
Hackbridge (HCB)
Hackney Central (HKC)
Hackney Downs (HAC)
Hackney Wick (HKW)
Haddiscoe (HAD)
Hadley Wood (HDW)
Hag Fold (HGF)
Haggerston (HGG)
Halesworth (HAS)
Halifax (HFX)
Hall Road (HLR)
Halling (HAI)
Hall-i'-th'-Wood (HID)
Ham Street (HMT)
Hamble (HME)
Hammerton (HMM)
Hampden Park (Sussex) (HMD)
Hampstead Heath (HDH)
Hampton (London) (HMP)
Hampton Court (HMC)
Hampton Wick (HMW)
Hamworthy (HAM)
Hanborough (HND)
Hanwell (HAN)
Harlington (Beds) (HLN)
Harlow Mill (HWM)
Harlow Town (HWN)
Harold Wood (HRO)
Harpenden (HPD)
Harrietsham (HRM)
Harringay (HGY)
Harringay Green Lanes (HRY)
Harrogate (HGT)
Harrow-on-the-Hill (HOH)
Hartlepool (HPL)
Harwich International (HPQ)
Harwich Town (HWC)
Haslemere (HSL)
Hassocks (HSK)
Hastings (HGS)
Hatfield (Herts) (HAT)
Hatfield Peverel (HAP)
Havant (HAV)
Havenhouse (HVN)
Haydons Road (HYR)
Hayes & Harlington (HAY)
Hayes (Kent) (HYS)
Haywards Heath (HHE)
Headcorn (HCN)
Headingley (HDY)
Healing (HLI)
Heathrow Airport Terminal 4 (HAF)
Heathrow Airport Terminal 5 (HWV)
Heathrow Airport Terminals 1, 2 and 3 (HXX)
Heckington (HEC)
Hedge End (HDE)
Heighington (HEI)
Helensburgh Upper (HLU)
Helmsdale (HMS)
Hendon (HEN)
Henley-on-Thames (HOT)
Hensall (HEL)
Herne Bay (HNB)
Herne Hill (HNH)
Hersham (HER)
Hertford East (HFE)
Hertford North (HFN)
Hessle (HES)
Hever (HEV)
Heworth (HEW)
Heyford (HYD)
High Brooms (HIB)
Higham (Kent) (HGM)
Highams Park (HIP)
Hightown (HTO)
Hildenborough (HLB)
Hillside (HIL)
Hilsea (HLS)
Hinchley Wood (HYW)
Hinton Admiral (HNA)
Hitchin (HIT)
Hither Green (HGR)
Hockley (HOC)
Hollingbourne (HBN)
Holmwood (HLM)
Holton Heath (HOL)
Homerton (HMN)
Honeybourne (HYB)
Honiton (HON)
Honley (HOY)
Honor Oak Park (HPA)
Hook (HOK)
Horley (HOR)
Hornbeam Park (HBP)
Hornsey (HRN)
Horsforth (HRS)
Horsham (HRH)
Horsley (HSY)
Horton-in-Ribblesdale (HIR)
Hoscar (HSC)
Hounslow (HOU)
Hove (HOV)
Hoveton & Wroxham (HXM)
Hoxton (HOX)
Hubberts Bridge (HBB)
Hucknall (HKN)
Hungerford (HGD)
Hunmanby (HUB)
Huntingdon (HUN)
Hurst Green (HUR)
Hutton Cranswick (HUT)
Hykeham (HKM)
Hythe (Essex) (HYH)
Ifield (IFI)
Ilford (IFD)
Ilkley (ILK)
Ince & Elton (INE)
Ingatestone (INT)
Invergordon (IGD)
Invergowrie (ING)
Invershin (INH)
Ipswich (IPS)
Isleworth (ISL)
Islip (ISP)
Iver (IVR)
Ivybridge (IVY)
James Cook (JCH)
Kearsney (Kent) (KSN)
Keighley (KEI)
Kelvedon (KEL)
Kelvindale (KVD)
Kemble (KEM)
Kempton Park Racecourse (KMP)
Kemsing (KMS)
Kemsley (KML)
Kenley (KLY)
Kennett (KNE)
Kensal Rise (KNR)
Kent House (KTH)
Kentish Town (KTN)
Kentish Town West (KTW)
Kew Bridge (KWB)
Kew Gardens (KWG)
Keyham (KEY)
Kidbrooke (KDB)
Kildale (KLD)
Kildonan (KIL)
Kilpatrick (KPT)
Kinbrace (KBC)
Kingham (KGM)
Kings Lynn (KLN)
Kings Nympton (KGN)
Kings Sutton (KGS)
Kingston (KNG)
Kingswood (KND)
Kintbury (KIT)
Kirby Cross (KBX)
Kirk Sandall (KKS)
Kirkby (Merseyside) (KIR)
Kirkby-in-Ashfield (KKB)
Kirkstall Forge (KLF)
Kirton Lindsey (KTL)
Kiveton Bridge (KIV)
Kiveton Park (KVP)
Knaresborough (KNA)
Knebworth (KBW)
Knockholt (KCK)
Knottingley (KNO)
Kyle of Lochalsh (KYL)
Ladywell (LAD)
Laindon (LAI)
Lairg (LRG)
Lake (LKE)
Lakenheath (LAK)
Lancing (LAC)
Langho (LHO)
Langley (Berks) (LNY)
Langwith-Whaley Thorns (LAG)
Lapford (LAP)
Laurencekirk (LAU)
Lea Bridge (LEB)
Leagrave (LEA)
Lealholm (LHM)
Leatherhead (LHD)
Lee (London) (LEE)
Leigh (Kent) (LIH)
Leigh-on-Sea (LES)
Lelant (LEL)
Lelant Saltings (LTS)
Lenham (LEN)
Letchworth Garden City (LET)
Lewes (LWS)
Lewisham (LEW)
Leyton Midland Road (LEM)
Leytonstone High Road (LER)
Limehouse (LHS)
Lincoln Central (LCN)
Lingfield (LFD)
Lingwood (LGD)
Liphook (LIP)
Liss (LIS)
Little Kimble (LTK)
Little Sutton (LTT)
Littleborough (LTL)
Littlehampton (LIT)
Littlehaven (LVN)
Littleport (LTP)
Loch Awe (LHA)
Loch Eil Outward Bound (LHE)
Lochailort (LCL)
Locheilside (LCS)
Lochluichart (LCC)
Lockwood (LCK)
London Fields (LOF)
London Road (Brighton) (LRB)
London Road (Guildford) (LRD)
London Waterloo East (WAE)
Longbeck (LGK)
Longcross (LNG)
Longfield (LGF)
Looe (LOO)
Loughborough Junction (LGJ)
Lower Sydenham (LSY)
Lowestoft (LWT)
Luxulyan (LUX)
Lymington Pier (LYP)
Lymington Town (LYT)
Lympstone Commando (LYC)
Lympstone Village (LYM)
Maiden Newton (MDN)
Maidenhead (MAI)
Maidstone Barracks (MDB)
Maidstone East (MDE)
Maidstone West (MDW)
Malden Manor (MAL)
Mallaig (MLG)
Manningtree (MNG)
Manor Park (MNP)
Mansfield (MFT)
Mansfield Woodhouse (MSW)
Marden (Kent) (MRN)
Margate (MAR)
Market Rasen (MKR)
Marks Tey (MKT)
Marlow (MLW)
Marske (MSK)
Martin Mill (MTM)
Martins Heron (MAO)
Marton (MTO)
Maryhill (MYH)
Maryland (MYL)
Maze Hill (MZH)
Meldreth (MEL)
Melksham (MKM)
Melton (Suffolk) (MES)
Menheniot (MEN)
Menston (MNN)
Meols Cop (MEC)
Meopham (MEP)
Merstham (MHM)
Metheringham (MGM)
Mexborough (MEX)
Micheldever (MIC)
Micklefield (MIK)
Midgham (MDG)
Milford (Surrey) (MLF)
Mill Hill Broadway (MIL)
Millbrook (Hants) (MBK)
Mills Hill (Manchester) (MIH)
Minster (MSR)
Mirfield (MIR)
Mistley (MIS)
Mitcham Eastfields (MTC)
Mitcham Junction (MIJ)
Monks Risborough (MRS)
Montpelier (MTP)
Moorgate (MOG)
Moorside (MSD)
Moorthorpe (MRP)
Morar (MRR)
Morchard Road (MRD)
Morden South (MDS)
Moreton (Dorset) (MTN)
Moreton-in-Marsh (MIM)
Morley (MLY)
Mortimer (MOR)
Mortlake (MTL)
Moston (MSO)
Motspur Park (MOT)
Mottingham (MTG)
Mottisfont & Dunbridge (DBG)
Moulsecoomb (MCB)
Muir of Ord (MOO)
Nafferton (NFN)
Needham Market (NMT)
Netherfield (NET)
Netley (NTL)
New Barnet (NBA)
New Beckenham (NBC)
New Clee (NCE)
New Cross (NWX)
New Cross Gate (NXG)
New Eltham (NEH)
New Holland (NHL)
New Hythe (NHE)
New Lane (NLN)
New Malden (NEM)
New Milton (NWM)
New Pudsey (NPD)
New Southgate (NSG)
Newark North Gate (NNG)
Newbury (NBY)
Newbury Racecourse (NRC)
Newcourt (NCO)
Newhaven Harbour (NVH)
Newhaven Town (NVN)
Newington (NGT)
Newmarket (NMK)
Newport (Essex) (NWE)
Newquay (NQY)
Newstead (NSD)
Newton Aycliffe (NAY)
Newton St Cyres (NTC)
Norbiton (NBT)
Normans Bay (NSB)
Normanton (NOR)
North Camp (NCM)
North Dulwich (NDL)
North Fambridge (NFA)
North Road (Darlington) (NRD)
North Sheen (NSH)
North Walsham (NWA)
Northfleet (NFL)
Northolt Park (NLT)
Northumberland Park (NUM)
Norton Bridge (NTB)
Norwood Junction (NWD)
Nunhead (NHD)
Nunthorpe (NNT)
Nutbourne (NUT)
Nutfield (NUF)
Oakleigh Park (OKL)
Oban (OBN)
Ockendon (OCK)
Ockley (OLY)
Old Street (OLD)
Oldfield Park (OLF)
Ore (ORE)
Orpington (ORP)
Orrell (ORR)
Otford (OTF)
Oulton Broad North (OUN)
Oulton Broad South (OUS)
Outwood (OUT)
Overpool (OVE)
Overton (OVR)
Oxford Parkway (OXP)
Oxshott (OXS)
Oxted (OXT)
Paddock Wood (PDW)
Palmers Green (PAL)
Pangbourne (PAN)
Pannal (PNL)
Parbold (PBL)
Parkstone (Dorset) (PKS)
Peckham Rye (PMR)
Pegswood (PEG)
Pemberton (PEM)
Penge East (PNE)
Penge West (PNW)
Penistone (PNS)
Penmere (PNM)
Penryn (Cornwall) (PYN)
Penshurst (PHR)
Perranwell (PRW)
Pershore (PSH)
Petersfield (PTR)
Petts Wood (PET)
Pevensey & Westham (PEV)
Pevensey Bay (PEB)
Pewsey (PEW)
Pilning (PIL)
Pinhoe (PIN)
Pitsea (PSE)
Plockton (PLK)
Pluckley (PLC)
Plumpton (PMP)
Plumstead (PLU)
Pokesdown (POK)
Polegate (PLG)
Polsloe Bridge (POL)
Ponders End (PON)
Pontefract Baghill (PFR)
Pontefract Monkhill (PFM)
Pontefract Tanshelf (POT)
Poole (POO)
Poppleton (POP)
Portchester (PTC)
Portlethen (PLN)
Portslade (PLD)
Portsmouth Arms (PMA)
Possilpark & Parkhouse (PPK)
Potters Bar (PBR)
Preston Park (PRP)
Princes Risborough (PRR)
Prittlewell (PRL)
Pulborough (PUL)
Purfleet (PFL)
Purley (PUR)
Purley Oaks (PUO)
Putney (PUT)
Queenborough (QBR)
Queens Road (Peckham) (QRP)
Queenstown Road (Battersea) (QRB)
Quintrell Downs (QUI)
Radcliffe-on-Trent (RDF)
Radlett (RDT)
Radley (RAD)
Rainford (RNF)
Rainham (Essex) (RNM)
Rainham (Kent) (RAI)
Ramsgate (RAM)
Ramsgreave & Wilpshire (RGW)
Rannoch (RAN)
Rauceby (RAU)
Ravensbourne (RVB)
Ravensthorpe (RVN)
Rawcliffe (RWC)
Rayleigh (RLG)
Raynes Park (RAY)
Reading West (RDW)
Rectory Road (REC)
Redbridge (RDB)
Redcar British Steel (RBS)
Redcar Central (RCC)
Redcar East (RCE)
Redhill (RDH)
Redland (RDA)
Redruth (RED)
Reedham (Norfolk) (REE)
Reedham (Surrey) (RHM)
Reigate (REI)
Renton (RTN)
Retford (RET)
Ribblehead (RHD)
Rice Lane (RIL)
Richmond (London) (RMD)
Rickmansworth (RIC)
Riddlesdown (RDD)
Robertsbridge (RBR)
Rochdale (RCD)
Roche (ROC)
Rochester (RTR)
Rochford (RFD)
Rogart (ROG)
Romford (RMF)
Romsey (ROM)
Rotherhithe (ROE)
Roughton Road (RNR)
Rowlands Castle (RLN)
Roy Bridge (RYB)
Roydon (RYN)
Royston (RYS)
Ruskington (RKT)
Ruswarp (RUS)
Ryde Esplanade (RYD)
Ryde Pier Head (RYP)
Ryde St Johns Road (RYR)
Rye (Sussex) (RYE)
Rye House (RYH)
Salford Central (SFD)
Salfords (Surrey) (SAF)
Salhouse (SAH)
Salisbury (SAL)
Saltaire (SAE)
Saltash (STS)
Saltburn (SLB)
Saltmarshe (SAM)
Sandal & Agbrigg (SNA)
Sanderstead (SNR)
Sandhurst (Berks) (SND)
Sandling (SDG)
Sandown (SAN)
Sandplace (SDP)
Sandwich (SDW)
Sandy (SDY)
Saunderton (SDR)
Sawbridgeworth (SAW)
Saxilby (SXY)
Saxmundham (SAX)
Scotscalder (SCT)
Sea Mills (SML)
Seaford (Sussex) (SEF)
Seaforth & Litherland (SFL)
Seaton Carew (SEC)
Seer Green & Jordans (SRG)
Selling (SEG)
Settle (SET)
Seven Kings (SVK)
Sevenoaks (SEV)
Severn Beach (SVB)
Shadwell (SDE)
Shalford (Surrey) (SFR)
Shanklin (SHN)
Shawford (SHW)
Sheerness-on-Sea (SSS)
Shelford (Cambs) (SED)
Shenfield (SNF)
Shepherds Well (SPH)
Shepley (SPY)
Shepperton (SHP)
Shepreth (STH)
Sherborne (SHE)
Sherburn-in-Elmet (SIE)
Sheringham (SHM)
Shildon (SHD)
Shiplake (SHI)
Shipley (Yorks) (SHY)
Shippea Hill (SPP)
Shipton (SIP)
Shirebrook (SHB)
Shirehampton (SHH)
Shireoaks (SRO)
Shoeburyness (SRY)
Sholing (SHO)
Shoreditch High Street (SDC)
Shoreham (Kent) (SEH)
Shoreham-by-Sea (SSE)
Shortlands (SRT)
Sidcup (SID)
Sileby (SIL)
Silkstone Common (SLK)
Silver Street (SLV)
Sittingbourne (SIT)
Skegness (SKG)
Skipton (SKI)
Slade Green (SGR)
Sleaford (SLR)
Sleights (SLH)
Slough (SLO)
Smallbrook Junction (SAB)
Smithy Bridge (SMB)
Snaith (SNI)
Snodland (SDA)
Snowdown (SWO)
Sole Street (SOR)
Somerleyton (SYT)
South Acton (SAT)
South Bank (SBK)
South Bermondsey (SBM)
South Croydon (SCY)
South Elmsall (SES)
South Greenford (SGN)
South Merton (SMO)
South Milford (SOM)
South Ruislip (SRU)
South Tottenham (STO)
South Woodham Ferrers (SOF)
Southall (STL)
Southbourne (SOB)
Southbury (SBU)
Southease (SEE)
Southend Airport (SIA)
Southend Central (SOC)
Southend East (SOE)
Southend Victoria (SOV)
Southminster (SMN)
Southport (SOP)
Southwick (SWK)
Sowerby Bridge (SOW)
Spalding (SPA)
Spean Bridge (SBR)
Spooner Row (SPN)
St Albans City (SAC)
St Andrews Road (SAR)
St Budeaux Ferry Road (SBF)
St Budeaux Victoria Road (SBV)
St Columb Road (SCR)
St Denys (SDN)
St Germans (SGM)
St Helier (Surrey) (SIH)
St Ives (Cornwall) (SIV)
St James Park (Exeter) (SJP)
St James Street (Walthamstow) (SJS)
St Johns (London) (SAJ)
St Keyne Wishing Well Halt (SKN)
St Leonards Warrior Square (SLQ)
St Margarets (Herts) (SMT)
St Margarets (London) (SMG)
St Mary Cray (SMY)
St Neots (SNO)
Staines (SNS)
Stallingborough (SLL)
Stamford Hill (SMH)
Stanford-le-Hope (SFO)
Stanlow & Thornton (SNT)
Stansted Mountfitchet (SST)
Staplehurst (SPU)
Starbeck (SBE)
Starcross (SCS)
Steeton & Silsden (SON)
Stevenage (SVG)
Stocksmoor (SSM)
Stockton (STK)
Stoke Mandeville (SKM)
Stoke Newington (SKW)
Stone Crossing (SCG)
Stonegate (SOG)
Stonehouse (SHU)
Stoneleigh (SNL)
Stourbridge Town (SBT)
Stowmarket (SMK)
Stratford International (SFA)
Strathcarron (STC)
Strawberry Hill (STW)
Streatham (Greater London) (STE)
Streatham Hill (SRH)
Streethouse (SHC)
Stromeferry (STF)
Strood (Kent) (SOO)
Stroud (Gloucs) (STD)
Sturry (STU)
Sudbury & Harrow Road (SUD)
Sudbury (Suffolk) (SUY)
Sudbury Hill Harrow (SDH)
Summerston (SUM)
Sunbury (SUU)
Sunderland (SUN)
Sundridge Park (SUP)
Sunningdale (SNG)
Sunnymeads (SNY)
Surbiton (SUR)
Surrey Quays (SQE)
Sutton (Surrey) (SUO)
Sutton Common (SUC)
Sutton Parkway (SPK)
Swale (SWL)
Swanley (SAY)
Swanscombe (SWM)
Swanwick (SNW)
Sway (SWY)
Swaythling (SWG)
Swinderby (SWD)
Swineshead (SWE)
Swinton (Manchester) (SNN)
Swinton (South Yorks) (SWN)
Sydenham (London) (SYD)
Sydenham Hill (SYH)
Syon Lane (SYL)
Syston (SYS)
Tackley (TAC)
Tadworth (TAD)
Tain (TAI)
Taplow (TAP)
Tattenham Corner (TAT)
Taynuilt (TAY)
Teddington (TED)
Tees-side Airport (TEA)
Templecombe (TMC)
Teynham (TEY)
Thames Ditton (THD)
Thatcham (THA)
Theale (THE)
Theobalds Grove (TEO)
Thorne North (TNN)
Thornford (THO)
Thornton Abbey (TNA)
Thorpe Bay (TPB)
Thorpe Culvert (TPC)
Thorpe-le-Soken (TLS)
Three Bridges (TBD)
Three Oaks (TOK)
Thurnscoe (THC)
Thurso (THS)
Thurston (TRS)
Tilbury Town (TIL)
Tilehurst (TLH)
Tisbury (TIS)
Todmorden (TOD)
Tolworth (TOL)
Tonbridge (TON)
Tooting (TOO)
Topsham (TOP)
Torre (TRR)
Totton (TTN)
Trimley (TRM)
Tulloch (TUL)
Tulse Hill (TUH)
Tunbridge Wells (TBW)
Turkey Street (TUR)
Twickenham (TWI)
Twyford (TWY)
Tyndrum Lower (TYL)
Uckfield (UCK)
Ulceby (ULC)
Ulleskelf (ULL)
Umberleigh (UMB)
Upholland (UPL)
Upminster (UPM)
Upper Halliford (UPH)
Upper Holloway (UHL)
Upper Tyndrum (UTY)
Upper Warlingham (UWL)
Upwey (UPW)
Virginia Water (VIR)
Waddon (WDO)
Wadhurst (WAD)
Wainfleet (WFL)
Wakefield Kirkgate (WKK)
Wakefield Westgate (WKF)
Walkden (WKD)
Wallington (WLT)
Walmer (WAM)
Walsden (WDN)
Waltham Cross (WLC)
Walthamstow Queen's Road (WMW)
Walton-on-Thames (WAL)
Walton-on-the-Naze (WON)
Wanborough (WAN)
Wandsworth Common (WSW)
Wandsworth Road (WWR)
Wandsworth Town (WNT)
Wanstead Park (WNP)
Wapping (WPE)
Warblington (WBL)
Ware (Herts) (WAR)
Wareham (Dorset) (WRM)
Wargrave (WGV)
Warnham (WNH)
Warwick (WRW)
Waterbeach (WBC)
Wateringbury (WTR)
Waterloo (Merseyside) (WLO)
Watlington (WTG)
Watton-at-Stone (WAS)
Wedgwood (WED)
Weeley (WEE)
Weeton (WET)
Welham Green (WMG)
Welling (WLI)
Welwyn Garden City (WGC)
Welwyn North (WLW)
Wembley Stadium (WCX)
Wendover (WND)
West Byfleet (WBY)
West Croydon (WCY)
West Drayton (WDT)
West Dulwich (WDU)
West Ealing (WEA)
West Ham (WEH)
West Hampstead (WHD)
West Hampstead Thameslink (WHP)
West Horndon (WHR)
West Malling (WMA)
West Norwood (WNW)
West Ruislip (WRU)
West Runton (WRN)
West St Leonards (WLD)
West Sutton (WSU)
West Wickham (WWI)
West Worthing (WWO)
Westcliff (WCF)
Westcombe Park (WCB)
Westenhanger (WHA)
Westerfield (WFI)
Westgate-on-Sea (WGA)
Weybridge (WYB)
Weymouth (WEY)
Whalley (Lancs) (WHE)
Whimple (WHM)
Whitby (WTB)
Whitchurch (Hants) (WCH)
White Hart Lane (WHL)
White Notley (WNY)
Whitechapel (ZLW)
Whitley Bridge (WBD)
Whitstable (WHI)
Whittlesea (WLE)
Whittlesford Parkway (WLF)
Whitton (London) (WTN)
Whitwell (Derbyshire) (WWL)
Whyteleafe (WHY)
Whyteleafe South (WHS)
Wick (WCK)
Wickford (WIC)
Wickham Market (WCM)
Widdrington (WDD)
Wimbledon (WIM)
Wimbledon Chase (WBO)
Winchelsea (WSE)
Winchfield (WNF)
Winchmore Hill (WIH)
Windsor & Eton Central (WNC)
Windsor & Eton Riverside (WNR)
Winnersh (WNS)
Winnersh Triangle (WTI)
Witham (WTM)
Witley (WTY)
Wivelsfield (WVF)
Wivenhoe (WIV)
Woking (WOK)
Wokingham (WKM)
Woldingham (WOH)
Wombwell (WOM)
Wood Street (WST)
Woodbridge (WDB)
Woodgrange Park (WGR)
Woodhouse (WDH)
Woodlesford (WDS)
Woodmansterne (WME)
Wool (WOO)
Woolston (WLS)
Woolwich Arsenal (WWA)
Woolwich Dockyard (WWD)
Worcester Park (WCP)
Worksop (WRK)
Worplesdon (WPL)
Worstead (WRT)
Worthing (WRH)
Wrabness (WRB)
Wraysbury (WRY)
Wressle (WRS)
Wye (WYE)
Yalding (YAL)
Yate (YAE)
Yeoford (YEO)
Yeovil Junction (YVJ)
Yeovil Pen Mill (YVP)
Yetminster (YET)
0.42818217205138187 percent of stations (11) have no services to crewe or returned an error
These stations are:
Ashford International (Eurostar) (ASI)
Berney Arms (BYA)
Buckenham (Norfolk) (BUC)
Dunrobin Castle (DNO)
Elephant & Castle (Underground) (ZEL)
Falls of Cruachan (FOC)
IBM Halt (IBM)
London St Pancras (Intl) (SPX)
Manchester United Football Ground (MUF)
Okehampton (OKE)
Sampford Courtenay (SMC)
