6.697819314641745 percent of stations (172) have direct services to edinburgh
47.66355140186916 percent of stations (1224) have services to edinburgh with a single connection
45.21028037383178 percent of stations (1161) have services to edinburgh with more than one connection
These stations are:
Abbey Wood (ABW)
Aber (ABE)
Abercynon (ACY)
Aberdare (ABA)
Acle (ACL)
Acocks Green (ACG)
Acton Central (ACC)
Acton Main Line (AML)
Addlestone (ASN)
Adisham (ADM)
Aigburth (AIG)
Ainsdale (ANS)
Aintree (AIN)
Albany Park (AYP)
Aldershot (AHT)
Aldrington (AGT)
Alresford (Essex) (ALR)
Althorne (Essex) (ALN)
Alton (AON)
Amberley (AMY)
Amersham (AMR)
Andover (ADV)
Anerley (ANZ)
Angel Road (AGR)
Angmering (ANG)
Appledore (Kent) (APD)
Appley Bridge (APB)
Ardrossan South Beach (ASB)
Arundel (ARU)
Ascott-under-Wychwood (AUW)
Ash Vale (AHV)
Ashford (Surrey) (AFS)
Ashford International (AFK)
Ashtead (AHD)
Ashurst (Kent) (AHS)
Aspley Guise (APG)
Atherton (ATN)
Aughton Park (AUG)
Avoncliff (AVF)
Avonmouth (AVN)
Aylesbury Vale Parkway (AVP)
Aylesford (AYL)
Aylesham (AYH)
Bache (BAC)
Bagshot (BAG)
Baildon (BLD)
Balcombe (BAB)
Balham (BAL)
Bank Hall (BAH)
Banstead (BAD)
Bargoed (BGD)
Barking (BKG)
Barlaston (BRT)
Barming (BMG)
Barnehurst (BNH)
Barnes (BNS)
Barnes Bridge (BNI)
Barnham (BAA)
Barrow Haven (BAV)
Barrow-Upon-Soar (BWS)
Barry (BRY)
Barry Docks (BYD)
Barry Island (BYI)
Barton-on-Humber (BAU)
Basildon (BSO)
Basingstoke (BSK)
Bat & Ball (BBL)
Bath Spa (BTH)
Battersea Park (BAK)
Battle (BAT)
Battlesbridge (BLB)
Beaconsfield (BCF)
Bearley (BER)
Bearsted (BSD)
Bebington (BEB)
Beccles (BCC)
Beckenham Hill (BEC)
Beckenham Junction (BKJ)
Bedford St Johns (BSJ)
Bedhampton (BDH)
Bekesbourne (BKS)
Bellingham (BGM)
Belmont (BLM)
Beltring (BEG)
Belvedere (BVD)
Benfleet (BEF)
Bentley (Hants) (BTY)
Berry Brow (BBW)
Berrylands (BRS)
Berwick (Sussex) (BRK)
Bescar Lane (BES)
Betchworth (BTO)
Bethnal Green (BET)
Betws-y-Coed (BYC)
Bexhill (BEX)
Bexley (BXY)
Bexleyheath (BXH)
Bicester North (BCS)
Bickley (BKL)
Bidston (BID)
Billericay (BIC)
Billingshurst (BIG)
Birchgrove (BCG)
Birchington-on-sea (BCH)
Birkbeck (BIK)
Birkdale (BDL)
Birkenhead Central (BKC)
Birkenhead Hamilton Square (BKQ)
Birkenhead North (BKN)
Birkenhead Park (BKP)
Bishops Stortford (BIS)
Bishopstone (Sussex) (BIP)
Blackheath (BKH)
Blaenau Ffestiniog (BFF)
Blakedown (BKD)
Bleasby (BSB)
Blundellsands & Crosby (BLN)
Bognor Regis (BOG)
Bookham (BKA)
Bootle New Strand (BNW)
Bootle Oriel Road (BOT)
Bordesley (BBS)
Borough Green & Wrotham (BRG)
Bosham (BOH)
Botley (BOE)
Bourne End (BNE)
Bow Brickhill (BWB)
Box Hill & Westhumble (BXW)
Brading (BDN)
Braintree (BTR)
Braintree Freeport (BTP)
Brampton (Suffolk) (BRP)
Brandon (BND)
Branksome (BSM)
Brentford (BFD)
Brentwood (BRE)
Bricket Wood (BWO)
Brigg (BGG)
Brighton (East Sussex) (BTN)
Brimsdown (BMD)
Brithdir (BHD)
Brixton (BRX)
Broadstairs (BSR)
Brockholes (BHS)
Brockley (BCY)
Bromborough (BOM)
Bromborough Rake (BMR)
Bromley Cross (Lancs) (BMC)
Bromley North (BMN)
Bromley South (BMS)
Brondesbury (BSY)
Brondesbury Park (BSP)
Brookwood (BKO)
Broxbourne (BXB)
Bruce Grove (BCV)
Brundall (BDA)
Brundall Gardens (BGA)
Brunswick (BRW)
Buckley (BCK)
Bugle (BGL)
Bulwell (BLW)
Bures (BUE)
Burgess Hill (BUG)
Burnham (Bucks) (BNM)
Burnham-on-Crouch (BUU)
Burnside (Strathclyde) (BUI)
Burscough Bridge (BCB)
Bush Hill Park (BHK)
Buxted (BXD)
Byfleet & New Haw (BFN)
Cadoxton (CAD)
Caergwrle (CGW)
Caerphilly (CPH)
Caledonian Rd & Barnsbury (CIR)
Camberley (CAM)
Cambridge Heath (CBH)
Camden Road (CMD)
Canada Water (ZCW)
Canonbury (CNN)
Canterbury East (CBE)
Canterbury West (CBW)
Cantley (CNY)
Capenhurst (CPU)
Carbis Bay (CBB)
Cardiff Bay (CDB)
Cardiff Queen Street (CDQ)
Carshalton (CSH)
Carshalton Beeches (CSB)
Castle Bar Park (CBP)
Caterham (CAT)
Catford (CTF)
Catford Bridge (CFB)
Cathays (CYS)
Causeland (CAU)
Cefn-y-Bedd (CYB)
Chadwell Heath (CTH)
Chafford Hundred Lakeside (CFH)
Chalfont & Latimer (CFO)
Chalkwell (CHW)
Chandlers Ford (CFR)
Chapeltown (South Yorks) (CLN)
Chappel & Wakes Colne (CWC)
Charing (Kent) (CHG)
Charlton (CTN)
Chartham (CRT)
Chassen Road (CSR)
Chatham (CTM)
Cheam (CHE)
Chelmsford (CHM)
Chelsfield (CLD)
Chertsey (CHY)
Cheshunt (CHN)
Chessington North (CSN)
Chessington South (CSS)
Chestfield & Swalecliffe (CSW)
Chichester (CCH)
Chilham (CIL)
Chingford (CHI)
Chippenham (CPM)
Chipstead (CHP)
Chirk (CRK)
Chislehurst (CIT)
Chiswick (CHK)
Cholsey (CHO)
Chorleywood (CLW)
Christchurch (CHR)
Christs Hospital (CHH)
City Thameslink (CTK)
Clacton-on-Sea (CLT)
Clandon (CLA)
Clapham High Street (CLP)
Clapton (CPT)
Clarkston (CKS)
Claverdon (CLV)
Claygate (CLG)
Clifton Down (CFN)
Clitheroe (CLH)
Clock House (CLK)
Cobham & Stoke d'Abernon (CSD)
Cogan (CGN)
Colchester Town (CET)
Collington (CLL)
Conway Park (CNP)
Cooden Beach (COB)
Cookham (COO)
Cooksbridge (CBR)
Coombe Junction Halt (COE)
Corby (COR)
Coryton (COY)
Cosham (CSA)
Coulsdon Town (CDN)
Cowden (Kent) (CWN)
Cradley Heath (CRA)
Cranbrook (Devon) (CBK)
Crayford (CRY)
Cressing (Essex) (CES)
Cressington (CSG)
Creswell (CWD)
Cricklewood (CRI)
Croftfoot (CFF)
Crofton Park (CFT)
Cromer (CMR)
Crosskeys (CKY)
Crossmyloof (CMY)
Crouch Hill (CRH)
Crowborough (COH)
Crowhurst (CWU)
Crystal Palace (CYP)
Cuxton (CUX)
Cwmbach (CMH)
Dagenham Dock (DDK)
Daisy Hill (DSY)
Dalry (DLY)
Dalston Junction (DLJ)
Dalston Kingsland (DLK)
Danescourt (DCT)
Danzey (DZY)
Darsham (DSM)
Dartford (DFD)
Darwen (DWN)
Datchet (DAT)
Deal (DEA)
Dean (Wilts) (DEN)
Denby Dale (DBD)
Denham (DNM)
Denham Golf Club (DGC)
Denmark Hill (DMK)
Denton (DTN)
Deptford (DEP)
Derby Road (Ipswich) (DBR)
Dinas (Rhondda) (DMG)
Dinas Powys (DNS)
Dingle Road (DGL)
Diss (DIS)
Dodworth (DOD)
Doleham (DLH)
Dolgarrog (DLG)
Dolwyddelan (DWD)
Dorchester West (DCW)
Dorking (Main) (DKG)
Dorking Deepdene (DPD)
Dorking West (DKT)
Dormans (DMS)
Dorridge (DDG)
Dover Priory (DVP)
Dovercourt (DVC)
Downham Market (DOW)
Drayton Green (DRG)
Drayton Park (DYP)
Dublin Ferryport (DFP)
Dublin Port - Stena (DPS)
Dullingham (DUL)
Dumpton Park (DMP)
Dunton Green (DNG)
Durrington-on-Sea (DUR)
Ealing Broadway (EAL)
Earlsfield (EAD)
Earlswood (Surrey) (ELD)
Earlswood (West Midlands) (EWD)
East Croydon (ECR)
East Dulwich (EDW)
East Farleigh (EFL)
East Grinstead (EGR)
East Kilbride (EKL)
East Malling (EML)
East Tilbury (ETL)
East Worthing (EWR)
Eastbourne (EBN)
Eastbrook (EBK)
Eastham Rake (ERA)
Eastleigh (ESL)
Ebbsfleet International (EBD)
Ebbw Vale Parkway (EBV)
Ebbw Vale Town (EBB)
Eden Park (EDN)
Edenbridge (EBR)
Edenbridge Town (EBT)
Edmonton Green (EDR)
Effingham Junction (EFF)
Elephant & Castle (EPH)
Elmers End (ELE)
Elmstead Woods (ESD)
Elmswell (ESW)
Elsenham (Essex) (ESM)
Elstree & Borehamwood (ELS)
Eltham (ELW)
Elton & Orston (ELO)
Emerson Park (EMP)
Emsworth (EMS)
Energlyn & Churchill Park (ECP)
Enfield Lock (ENL)
Enfield Town (ENF)
Entwistle (ENT)
Epsom (Surrey) (EPS)
Epsom Downs (EPD)
Eridge (ERI)
Erith (ERH)
Esher (ESH)
Essex Road (EXR)
Etchingham (ETC)
Evesham (EVE)
Ewell East (EWE)
Ewell West (EWW)
Eynsford (EYN)
Fairwater (FRW)
Falconwood (FCN)
Falmer (FMR)
Falmouth Docks (FAL)
Falmouth Town (FMT)
Fareham (FRM)
Farnborough (Main) (FNB)
Farnborough North (FNN)
Farnham (FNH)
Farningham Road (FNR)
Farringdon (ZFD)
Faversham (FAV)
Fazakerley (FAZ)
Felixstowe (FLX)
Feltham (FEL)
Fenny Stratford (FEN)
Fernhill (FER)
Finchley Road & Frognal (FNY)
Fishbourne (Sussex) (FSB)
Fishersgate (FSG)
Fleet (FLE)
Flitwick (FLT)
Flixton (FLI)
Folkestone Central (FKC)
Folkestone West (FKW)
Ford (FOD)
Forest Gate (FOG)
Forest Hill (FOH)
Formby (FBY)
Frant (FRT)
Freshfield (FRE)
Freshford (FFD)
Frimley (FML)
Frinton-on-Sea (FRI)
Fulwell (FLW)
Furze Platt (FZP)
Gainsborough Central (GNB)
Garston (Hertfordshire) (GSN)
Gathurst (GST)
Gatwick Airport (GTW)
Gerrards Cross (GER)
Gidea Park (GDP)
Gilfach Fargoed (GFF)
Gillingham (Dorset) (GIL)
Gillingham (Kent) (GLM)
Gipsy Hill (GIP)
Glan Conwy (GCW)
Glazebrook (GLZ)
Glengarnock (GLG)
Glynde (GLY)
Gobowen (GOB)
Godstone (GDN)
Gomshall (GOM)
Goodmayes (GMY)
Gordon Hill (GDH)
Goring & Streatley (GOR)
Goring-by-Sea (GBS)
Gospel Oak (GPO)
Goxhill (GOX)
Grangetown (Cardiff) (GTN)
Gravesend (GRV)
Grays (GRY)
Great Bentley (GRB)
Great Chesterford (GRC)
Great Coates (GCT)
Great Missenden (GMN)
Great Yarmouth (GYM)
Green Lane (GNL)
Greenford (GFD)
Greenhithe (GNH)
Greenwich (GNW)
Grimsby Docks (GMD)
Grove Park (GRP)
Gunnersbury (GUN)
Gunton (GNT)
Gwersyllt (GWE)
Hackbridge (HCB)
Hackney Central (HKC)
Hackney Downs (HAC)
Hackney Wick (HKW)
Haddenham & Thame Parkway (HDM)
Haddiscoe (HAD)
Hadley Wood (HDW)
Hag Fold (HGF)
Haggerston (HGG)
Hagley (HAG)
Hairmyres (HMY)
Halesworth (HAS)
Hall Green (HLG)
Hall Road (HLR)
Halling (HAI)
Hall-i'-th'-Wood (HID)
Ham Street (HMT)
Hampden Park (Sussex) (HMD)
Hampstead Heath (HDH)
Hampton (London) (HMP)
Hampton Court (HMC)
Hampton Wick (HMW)
Hanwell (HAN)
Harlesden (HDN)
Harlington (Beds) (HLN)
Harlow Mill (HWM)
Harlow Town (HWN)
Harold Wood (HRO)
Harpenden (HPD)
Harrietsham (HRM)
Harringay Green Lanes (HRY)
Harrow-on-the-Hill (HOH)
Hartlebury (HBY)
Harwich International (HPQ)
Harwich Town (HWC)
Hassocks (HSK)
Hastings (HGS)
Hatfield Peverel (HAP)
Hatton (HTN)
Havenhouse (HVN)
Hawarden (HWD)
Hawarden Bridge (HWB)
Haydons Road (HYR)
Hayes & Harlington (HAY)
Hayes (Kent) (HYS)
Haywards Heath (HHE)
Headcorn (HCN)
Healing (HLI)
Heath High Level (HHL)
Heath Low Level (HLL)
Heathrow Airport Terminal 4 (HAF)
Heathrow Airport Terminal 5 (HWV)
Heathrow Airport Terminals 1, 2 and 3 (HXX)
Hendon (HEN)
Hengoed (HNG)
Henley-in-Arden (HNL)
Herne Bay (HNB)
Herne Hill (HNH)
Hersham (HER)
Hertford East (HFE)
Heswall (HSW)
Hever (HEV)
Heworth (HEW)
High Brooms (HIB)
Higham (Kent) (HGM)
Highams Park (HIP)
Hightown (HTO)
Hildenborough (HLB)
Hillside (HIL)
Hinchley Wood (HYW)
Hinton Admiral (HNA)
Hither Green (HGR)
Hockley (HOC)
Hollingbourne (HBN)
Holmwood (HLM)
Homerton (HMN)
Honeybourne (HYB)
Honiton (HON)
Honley (HOY)
Honor Oak Park (HPA)
Hook (HOK)
Hooton (HOO)
Hope (Flintshire) (HPE)
Horley (HOR)
Hornsey (HRN)
Horsley (HSY)
Hoscar (HSC)
Hounslow (HOU)
Hove (HOV)
Hoveton & Wroxham (HXM)
How Wood (Herts) (HWW)
Hoxton (HOX)
Hoylake (HYK)
Hubberts Bridge (HBB)
Hucknall (HKN)
Humphrey Park (HUP)
Hurst Green (HUR)
Hythe (Essex) (HYH)
Ilford (IFD)
Ince (Manchester) (INC)
Ingatestone (INT)
Isleworth (ISL)
Iver (IVR)
Jewellery Quarter (JEQ)
Kearsney (Kent) (KSN)
Kelvedon (KEL)
Kempston Hardwick (KMH)
Kempton Park Racecourse (KMP)
Kemsing (KMS)
Kemsley (KML)
Kenley (KLY)
Kennett (KNE)
Kensal Rise (KNR)
Kent House (KTH)
Kentish Town (KTN)
Kentish Town West (KTW)
Kew Bridge (KWB)
Kew Gardens (KWG)
Keynsham (KYN)
Kidbrooke (KDB)
Kidderminster (KID)
Kilgetty (KGT)
Kingham (KGM)
Kings Lynn (KLN)
Kings Park (KGP)
Kingston (KNG)
Kingswood (KND)
Kirby Cross (KBX)
Kirkby (Merseyside) (KIR)
Kirkby-in-Ashfield (KKB)
Kirkdale (KKD)
Kirkhill (KKH)
Knockholt (KCK)
Ladywell (LAD)
Laindon (LAI)
Lake (LKE)
Lakenheath (LAK)
Lamphey (LAM)
Lancing (LAC)
Langho (LHO)
Langley (Berks) (LNY)
Langley Green (LGG)
Langwith-Whaley Thorns (LAG)
Lapworth (LPW)
Lawrence Hill (LWH)
Lea Bridge (LEB)
Leagrave (LEA)
Leasowe (LSW)
Leatherhead (LHD)
Lee (London) (LEE)
Leigh (Kent) (LIH)
Leigh-on-Sea (LES)
Lelant (LEL)
Lelant Saltings (LTS)
Lenham (LEN)
Lewes (LWS)
Lewisham (LEW)
Leyton Midland Road (LEM)
Leytonstone High Road (LER)
Lidlington (LID)
Limehouse (LHS)
Lingfield (LFD)
Lingwood (LGD)
Lisvane & Thornhill (LVT)
Little Kimble (LTK)
Little Sutton (LTT)
Littlehampton (LIT)
Littleport (LTP)
Liverpool Central (LVC)
Liverpool James Street (LVJ)
Llanbradach (LNB)
Llandaf (LLN)
Llanhilleth (LTH)
Llanishen (LLS)
Llanrwst (LWR)
Llantwit Major (LWM)
Llwynypia (LLY)
Lockwood (LCK)
London Fields (LOF)
London Road (Brighton) (LRB)
London Road (Guildford) (LRD)
London Waterloo East (WAE)
Longfield (LGF)
Looe (LOO)
Loughborough Junction (LGJ)
Lowdham (LOW)
Lower Sydenham (LSY)
Lowestoft (LWT)
Luton (LUT)
Luton Airport Parkway (LTN)
Luxulyan (LUX)
Lye (West Midlands) (LYE)
Lymington Pier (LYP)
Lymington Town (LYT)
Maghull (MAG)
Maidenhead (MAI)
Maidstone Barracks (MDB)
Maidstone East (MDE)
Maidstone West (MDW)
Malden Manor (MAL)
Manor Park (MNP)
Manor Road (MNR)
Manorbier (MRB)
Mansfield (MFT)
Mansfield Woodhouse (MSW)
Marden (Kent) (MRN)
Margate (MAR)
Marks Tey (MKT)
Marlow (MLW)
Martin Mill (MTM)
Maryland (MYL)
Maxwell Park (MAX)
Maze Hill (MZH)
Melksham (MKM)
Melton (Suffolk) (MES)
Meols (MEO)
Meols Cop (MEC)
Meopham (MEP)
Merthyr Tydfil (MER)
Merthyr Vale (MEV)
Micheldever (MIC)
Mill Hill Broadway (MIL)
Millbrook (Beds) (MLB)
Milliken Park (MIN)
Minster (MSR)
Mistley (MIS)
Mitcham Eastfields (MTC)
Mitcham Junction (MIJ)
Monks Risborough (MRS)
Montpelier (MTP)
Moorfields (MRF)
Moorgate (MOG)
Moorside (MSD)
Morden South (MDS)
Moreton (Dorset) (MTN)
Moreton (Merseyside) (MRT)
Moreton-in-Marsh (MIM)
Mortlake (MTL)
Mossley Hill (MSH)
Moston (MSO)
Motspur Park (MOT)
Mottingham (MTG)
Mottisfont & Dunbridge (DBG)
Moulsecoomb (MCB)
Mountain Ash (MTA)
Nailsea & Backwell (NLS)
Narberth (NAR)
Needham Market (NMT)
Neilston (NEI)
Neston (NES)
Netherfield (NET)
New Beckenham (NBC)
New Brighton (NBN)
New Clee (NCE)
New Cross (NWX)
New Cross Gate (NXG)
New Eltham (NEH)
New Holland (NHL)
New Hythe (NHE)
New Lane (NLN)
New Malden (NEM)
Newbridge (NBE)
Newhaven Harbour (NVH)
Newhaven Town (NVN)
Newington (NGT)
Newmarket (NMK)
Newport (Essex) (NWE)
Newquay (NQY)
Newstead (NSD)
Ninian Park (NNP)
Norbiton (NBT)
Norbury (NRB)
Normans Bay (NSB)
North Dulwich (NDL)
North Fambridge (NFA)
North Llanrwst (NLR)
North Sheen (NSH)
North Walsham (NWA)
Northampton (NMP)
Northfleet (NFL)
Northolt Park (NLT)
Northumberland Park (NUM)
Norton Bridge (NTB)
Norwood Junction (NWD)
Nunhead (NHD)
Nutbourne (NUT)
Nutfield (NUF)
Ockendon (OCK)
Ockley (OLY)
Old Hill (OHL)
Old Roan (ORN)
Old Street (OLD)
Oldfield Park (OLF)
Olton (OLT)
Ore (ORE)
Orpington (ORP)
Orrell (ORR)
Orrell Park (OPK)
Otford (OTF)
Oulton Broad North (OUN)
Oulton Broad South (OUS)
Overpool (OVE)
Oxshott (OXS)
Oxted (OXT)
Paddock Wood (PDW)
Padgate (PDG)
Pangbourne (PAN)
Parbold (PBL)
Park Street (PKT)
Parkstone (Dorset) (PKS)
Peckham Rye (PMR)
Pemberton (PEM)
Pembroke (PMB)
Pembroke Dock (PMD)
Penally (PNA)
Penarth (PEN)
Pengam (PGM)
Penge East (PNE)
Penge West (PNW)
Penistone (PNS)
Penmere (PNM)
Penrhiwceiber (PER)
Penryn (Cornwall) (PYN)
Penshurst (PHR)
Pentre-Bach (PTB)
Penyffordd (PNF)
Perranwell (PRW)
Pershore (PSH)
Petts Wood (PET)
Pevensey & Westham (PEV)
Pevensey Bay (PEB)
Pinhoe (PIN)
Pitsea (PSE)
Pluckley (PLC)
Plumpton (PMP)
Plumstead (PLU)
Pokesdown (POK)
Polegate (PLG)
Pollokshaws West (PWW)
Pollokshields West (PLW)
Ponders End (PON)
Pontlottyn (PLT)
Pont-y-Pant (PYP)
Pontypridd (PPD)
Poole (POO)
Port Sunlight (PSL)
Portchester (PTC)
Porth (POR)
Portslade (PLD)
Preston Park (PRP)
Prittlewell (PRL)
Pulborough (PUL)
Purfleet (PFL)
Purley (PUR)
Purley Oaks (PUO)
Putney (PUT)
Pye Corner (PYE)
Quakers Yard (QYD)
Queenborough (QBR)
Queens Road (Peckham) (QRP)
Queenstown Road (Battersea) (QRB)
Quintrell Downs (QUI)
Radcliffe-on-Trent (RDF)
Radlett (RDT)
Radyr (RDR)
Rainford (RNF)
Rainham (Essex) (RNM)
Rainham (Kent) (RAI)
Ramsgate (RAM)
Ramsgreave & Wilpshire (RGW)
Ravensbourne (RVB)
Rayleigh (RLG)
Raynes Park (RAY)
Rectory Road (REC)
Reddish South (RDS)
Redhill (RDH)
Redland (RDA)
Reedham (Norfolk) (REE)
Reedham (Surrey) (RHM)
Reigate (REI)
Rhiwbina (RHI)
Rhoose Cardiff International Airport (RIA)
Rhymney (RHY)
Rice Lane (RIL)
Richmond (London) (RMD)
Rickmansworth (RIC)
Riddlesdown (RDD)
Ridgmont (RID)
Risca & Pontymister (RCA)
Robertsbridge (RBR)
Roche (ROC)
Rochester (RTR)
Rochford (RFD)
Rock Ferry (RFY)
Rogerstone (ROR)
Rolleston (ROL)
Roman Bridge (RMB)
Romford (RMF)
Romsey (ROM)
Rotherhithe (ROE)
Roughton Road (RNR)
Rowlands Castle (RLN)
Rowley Regis (ROW)
Roydon (RYN)
Royston (RYS)
Ruabon (RUA)
Ryde Esplanade (RYD)
Ryde Pier Head (RYP)
Ryde St Johns Road (RYR)
Rye (Sussex) (RYE)
Rye House (RYH)
Salfords (Surrey) (SAF)
Salhouse (SAH)
Salisbury (SAL)
Saltash (STS)
Sanderstead (SNR)
Sandhills (SDL)
Sandling (SDG)
Sandown (SAN)
Sandplace (SDP)
Sandwich (SDW)
Saundersfoot (SDF)
Sawbridgeworth (SAW)
Saxmundham (SAX)
Sea Mills (SML)
Seaford (Sussex) (SEF)
Seaforth & Litherland (SFL)
Seer Green & Jordans (SRG)
Selhurst (SRS)
Selling (SEG)
Seven Kings (SVK)
Sevenoaks (SEV)
Shadwell (SDE)
Shanklin (SHN)
Shawlands (SHL)
Sheerness-on-Sea (SSS)
Shelford (Cambs) (SED)
Shenfield (SNF)
Shepherds Well (SPH)
Shepley (SPY)
Shepperton (SHP)
Sherborne (SHE)
Sheringham (SHM)
Shippea Hill (SPP)
Shipton (SIP)
Shirebrook (SHB)
Shirehampton (SHH)
Shirley (SRL)
Shoeburyness (SRY)
Shoreditch High Street (SDC)
Shoreham (Kent) (SEH)
Shoreham-by-Sea (SSE)
Shortlands (SRT)
Sidcup (SID)
Sileby (SIL)
Silkstone Common (SLK)
Silver Street (SLV)
Sittingbourne (SIT)
Skegness (SKG)
Slade Green (SGR)
Slough (SLO)
Small Heath (SMA)
Smallbrook Junction (SAB)
Snodland (SDA)
Snowdown (SWO)
Sole Street (SOR)
Solihull (SOL)
Somerleyton (SYT)
South Acton (SAT)
South Bermondsey (SBM)
South Croydon (SCY)
South Greenford (SGN)
South Merton (SMO)
South Ruislip (SRU)
South Tottenham (STO)
South Woodham Ferrers (SOF)
Southall (STL)
Southbourne (SOB)
Southbury (SBU)
Southease (SEE)
Southend Airport (SIA)
Southend Central (SOC)
Southend East (SOE)
Southend Victoria (SOV)
Southminster (SMN)
Southport (SOP)
Southwick (SWK)
Spital (SPI)
Spooner Row (SPN)
Spring Road (SRI)
St Albans Abbey (SAA)
St Albans City (SAC)
St Columb Road (SCR)
St Germans (SGM)
St Helier (Surrey) (SIH)
St Ives (Cornwall) (SIV)
St James Street (Walthamstow) (SJS)
St Johns (London) (SAJ)
St Keyne Wishing Well Halt (SKN)
St Leonards Warrior Square (SLQ)
St Margarets (Herts) (SMT)
St Margarets (London) (SMG)
St Mary Cray (SMY)
St Michaels (STM)
Staines (SNS)
Stallingborough (SLL)
Stamford Hill (SMH)
Stanford-le-Hope (SFO)
Stansted Mountfitchet (SST)
Staplehurst (SPU)
Stapleton Road (SRD)
Stewartby (SWR)
Stocksmoor (SSM)
Stoke Mandeville (SKM)
Stoke Newington (SKW)
Stone Crossing (SCG)
Stonegate (SOG)
Stoneleigh (SNL)
Stourbridge Junction (SBJ)
Stourbridge Town (SBT)
Stratford International (SFA)
Stratford-upon-Avon (SAV)
Stratford-upon-Avon Parkway (STY)
Strawberry Hill (STW)
Streatham (Greater London) (STE)
Streatham Common (SRC)
Streatham Hill (SRH)
Strood (Kent) (SOO)
Sturry (STU)
Sudbury & Harrow Road (SUD)
Sudbury (Suffolk) (SUY)
Sudbury Hill Harrow (SDH)
Sunbury (SUU)
Sundridge Park (SUP)
Sunnymeads (SNY)
Surbiton (SUR)
Surrey Quays (SQE)
Sutton (Surrey) (SUO)
Sutton Common (SUC)
Sutton Parkway (SPK)
Swale (SWL)
Swanley (SAY)
Swanscombe (SWM)
Swanwick (SNW)
Swineshead (SWE)
Swinton (Manchester) (SNN)
Sydenham (London) (SYD)
Sydenham Hill (SYH)
Syon Lane (SYL)
Syston (SYS)
Tadworth (TAD)
Taffs Well (TAF)
Tal-y-Cafn (TLC)
Taplow (TAP)
Tattenham Corner (TAT)
Teddington (TED)
Templecombe (TMC)
Tenby (TEN)
Teynham (TEY)
Thames Ditton (THD)
The Hawthorns (THW)
The Lakes (Warks) (TLK)
Theobalds Grove (TEO)
Thornton Abbey (TNA)
Thornton Heath (TTH)
Thorpe Bay (TPB)
Thorpe Culvert (TPC)
Thorpe-le-Soken (TLS)
Three Bridges (TBD)
Three Oaks (TOK)
Thurston (TRS)
Tilbury Town (TIL)
Tilehurst (TLH)
Tir-Phil (TIR)
Tisbury (TIS)
Tolworth (TOL)
Ton Pentre (TPN)
Tonbridge (TON)
Tonypandy (TNP)
Tooting (TOO)
Town Green (TWN)
Trafford Park (TRA)
Trefforest (TRF)
Trefforest Estate (TRE)
Trehafod (TRH)
Treherbert (TRB)
Treorchy (TRY)
Trimley (TRM)
Troed-y-rhiw (TRD)
Tulse Hill (TUH)
Tunbridge Wells (TBW)
Turkey Street (TUR)
Twickenham (TWI)
Ty Glas (TGS)
Tyseley (TYS)
Uckfield (UCK)
Ulceby (ULC)
Upholland (UPL)
Upminster (UPM)
Upper Halliford (UPH)
Upper Holloway (UHL)
Upper Warlingham (UWL)
Upton (Merseyside) (UPT)
Waddon (WDO)
Wadhurst (WAD)
Wainfleet (WFL)
Walkden (WKD)
Wallasey Grove Road (WLG)
Wallasey Village (WLV)
Wallington (WLT)
Walmer (WAM)
Waltham Cross (WLC)
Walthamstow Queen's Road (WMW)
Walton (Merseyside) (WAO)
Walton-on-Thames (WAL)
Walton-on-the-Naze (WON)
Wanborough (WAN)
Wandsworth Common (WSW)
Wandsworth Road (WWR)
Wandsworth Town (WNT)
Wanstead Park (WNP)
Wapping (WPE)
Warblington (WBL)
Ware (Herts) (WAR)
Wargrave (WGV)
Warminster (WMN)
Warnham (WNH)
Warwick (WRW)
Warwick Parkway (WRP)
Waterbeach (WBC)
Wateringbury (WTR)
Waterloo (Merseyside) (WLO)
Watford High Street (WFH)
Watford North (WFN)
Watlington (WTG)
Watton-at-Stone (WAS)
Waun-Gron Park (WNG)
Wedgwood (WED)
Weeley (WEE)
Welling (WLI)
Wembley Stadium (WCX)
Wendover (WND)
West Allerton (WSA)
West Byfleet (WBY)
West Croydon (WCY)
West Drayton (WDT)
West Dulwich (WDU)
West Ealing (WEA)
West Ham (WEH)
West Hampstead (WHD)
West Hampstead Thameslink (WHP)
West Horndon (WHR)
West Kirby (WKI)
West Malling (WMA)
West Norwood (WNW)
West Ruislip (WRU)
West Runton (WRN)
West St Leonards (WLD)
West Sutton (WSU)
West Wickham (WWI)
West Worthing (WWO)
Westcliff (WCF)
Westcombe Park (WCB)
Westenhanger (WHA)
Westerfield (WFI)
Westgate-on-Sea (WGA)
Weybridge (WYB)
Whalley (Lancs) (WHE)
Whitchurch (Cardiff) (WHT)
White Hart Lane (WHL)
White Notley (WNY)
Whitechapel (ZLW)
Whitlocks End (WTE)
Whitstable (WHI)
Whittlesford Parkway (WLF)
Whitton (London) (WTN)
Whitwell (Derbyshire) (WWL)
Whyteleafe (WHY)
Whyteleafe South (WHS)
Wickford (WIC)
Wickham Market (WCM)
Widney Manor (WMR)
Wilmcote (WMC)
Wimbledon (WIM)
Wimbledon Chase (WBO)
Winchelsea (WSE)
Winchfield (WNF)
Windsor & Eton Central (WNC)
Windsor & Eton Riverside (WNR)
Witham (WTM)
Wivelsfield (WVF)
Wivenhoe (WIV)
Woburn Sands (WOB)
Woking (WOK)
Woldingham (WOH)
Wood End (WDE)
Wood Street (WST)
Woodbridge (WDB)
Woodgrange Park (WGR)
Woodmansterne (WME)
Woolwich Arsenal (WWA)
Woolwich Dockyard (WWD)
Wootton Wawen (WWW)
Worcester Park (WCP)
Worcester Shrub Hill (WOS)
Worle (WOR)
Worplesdon (WPL)
Worstead (WRT)
Worthing (WRH)
Wrabness (WRB)
Wraysbury (WRY)
Wrexham Central (WXC)
Wye (WYE)
Wythall (WYT)
Yalding (YAL)
Yardley Wood (YRD)
Yarm (YRM)
Yatton (YAT)
Ynyswen (YNW)
Ystrad Mynach (YSM)
Ystrad Rhondda (YSR)
0.42834890965732086 percent of stations (11) have no services to edinburgh or returned an error
These stations are:
Ashford International (Eurostar) (ASI)
Berney Arms (BYA)
Buckenham (Norfolk) (BUC)
Dunrobin Castle (DNO)
Elephant & Castle (Underground) (ZEL)
Falls of Cruachan (FOC)
IBM Halt (IBM)
London St Pancras (Intl) (SPX)
Manchester United Football Ground (MUF)
Okehampton (OKE)
Sampford Courtenay (SMC)
