More than 1 change for Station code ABW, Abbey Wood
More than 1 change for Station code ABE, Aber
More than 1 change for Station code ACY, Abercynon
No connection or Error parsing for Station code ABA, Aberdare
1.0 changes for Station code ABD, Aberdeen
More than 1 change for Station code AUR, Aberdour
No connection or Error parsing for Station code AVY, Aberdovey
No connection or Error parsing for Station code ABH, Abererch
1.0 changes for Station code AGV, Abergavenny
No connection or Error parsing for Station code AGL, Abergele & Pensarn
1.0 changes for Station code AYW, Aberystwyth
1.0 changes for Station code ACR, Accrington
No connection or Error parsing for Station code AAT, Achanalt
More than 1 change for Station code ACN, Achnasheen
No connection or Error parsing for Station code ACH, Achnashellach
No connection or Error parsing for Station code ACK, Acklington
1.0 changes for Station code ACL, Acle
More than 1 change for Station code ACG, Acocks Green
No connection or Error parsing for Station code ACB, Acton Bridge (Cheshire)
More than 1 change for Station code ACC, Acton Central
No connection or Error parsing for Station code AML, Acton Main Line
1.0 changes for Station code ADD, Adderley Park
More than 1 change for Station code ADW, Addiewell
More than 1 change for Station code ASN, Addlestone
No connection or Error parsing for Station code ADM, Adisham
1.0 changes for Station code ADC, Adlington (Cheshire)
1.0 changes for Station code ADL, Adlington (Lancs)
1.0 changes for Station code AWK, Adwick
0.0 changes for Station code AIG, Aigburth
1.0 changes for Station code ANS, Ainsdale
No connection or Error parsing for Station code AIN, Aintree
More than 1 change for Station code AIR, Airbles
More than 1 change for Station code ADR, Airdrie
More than 1 change for Station code AYP, Albany Park
1.0 changes for Station code ALB, Albrighton
No connection or Error parsing for Station code ALD, Alderley Edge
No connection or Error parsing for Station code AMT, Aldermaston
No connection or Error parsing for Station code AHT, Aldershot
More than 1 change for Station code AGT, Aldrington
More than 1 change for Station code AAP, Alexandra Palace
No connection or Error parsing for Station code AXP, Alexandra Parade
No connection or Error parsing for Station code ALX, Alexandria
0.0 changes for Station code ALF, Alfreton
No connection or Error parsing for Station code ALW, Allens West
More than 1 change for Station code ALO, Alloa
No connection or Error parsing for Station code ASS, Alness
No connection or Error parsing for Station code ALM, Alnmouth
More than 1 change for Station code ALR, Alresford (Essex)
1.0 changes for Station code ASG, Alsager
No connection or Error parsing for Station code ALN, Althorne (Essex)
No connection or Error parsing for Station code ALP, Althorpe
More than 1 change for Station code ABC, Altnabreac
No connection or Error parsing for Station code AON, Alton
1.0 changes for Station code ALT, Altrincham
No connection or Error parsing for Station code ALV, Alvechurch
No connection or Error parsing for Station code AMB, Ambergate
No connection or Error parsing for Station code AMY, Amberley
No connection or Error parsing for Station code AMR, Amersham
No connection or Error parsing for Station code AMF, Ammanford
1.0 changes for Station code ANC, Ancaster
More than 1 change for Station code AND, Anderston
No connection or Error parsing for Station code ADV, Andover
No connection or Error parsing for Station code ANZ, Anerley
No connection or Error parsing for Station code AGR, Angel Road
No connection or Error parsing for Station code ANG, Angmering
No connection or Error parsing for Station code ANN, Annan
More than 1 change for Station code ANL, Anniesland
No connection or Error parsing for Station code AFV, Ansdell & Fairhaven
No connection or Error parsing for Station code APY, Apperley Bridge
No connection or Error parsing for Station code APP, Appleby
No connection or Error parsing for Station code APD, Appledore (Kent)
More than 1 change for Station code APF, Appleford
More than 1 change for Station code APB, Appley Bridge
No connection or Error parsing for Station code APS, Apsley
No connection or Error parsing for Station code ARB, Arbroath
More than 1 change for Station code ARD, Ardgay
No connection or Error parsing for Station code AUI, Ardlui
More than 1 change for Station code ADS, Ardrossan Harbour
No connection or Error parsing for Station code ASB, Ardrossan South Beach
More than 1 change for Station code ADN, Ardrossan Town
1.0 changes for Station code ADK, Ardwick
No connection or Error parsing for Station code AGS, Argyle Street
No connection or Error parsing for Station code ARG, Arisaig
No connection or Error parsing for Station code ARL, Arlesey
No connection or Error parsing for Station code ARM, Armadale (West Lothian)
No connection or Error parsing for Station code AWT, Armathwaite
1.0 changes for Station code ARN, Arnside
No connection or Error parsing for Station code ARR, Arram
More than 1 change for Station code ART, Arrochar & Tarbet
No connection or Error parsing for Station code ARU, Arundel
No connection or Error parsing for Station code ACT, Ascot (Berks)
No connection or Error parsing for Station code AUW, Ascott-under-Wychwood
No connection or Error parsing for Station code ASH, Ash
No connection or Error parsing for Station code AHV, Ash Vale
No connection or Error parsing for Station code ABY, Ashburys
No connection or Error parsing for Station code ASC, Ashchurch for Tewkesbury
No connection or Error parsing for Station code ASF, Ashfield
No connection or Error parsing for Station code AFS, Ashford (Surrey)
No connection or Error parsing for Station code AFK, Ashford International
No connection or Error parsing for Station code ASI, Ashford International (Eurostar)
No connection or Error parsing for Station code ASY, Ashley
No connection or Error parsing for Station code AHD, Ashtead
No connection or Error parsing for Station code AHN, Ashton-under-Lyne
No connection or Error parsing for Station code AHS, Ashurst (Kent)
More than 1 change for Station code ANF, Ashurst New Forest
More than 1 change for Station code AWM, Ashwell & Morden
No connection or Error parsing for Station code ASK, Askam
No connection or Error parsing for Station code ALK, Aslockton
More than 1 change for Station code ASP, Aspatria
More than 1 change for Station code APG, Aspley Guise
1.0 changes for Station code AST, Aston
No connection or Error parsing for Station code ATH, Atherstone
No connection or Error parsing for Station code ATN, Atherton
No connection or Error parsing for Station code ATT, Attadale
