35.47628381027048 percent of stations (905) have direct services to london
56.605252842022736 percent of stations (1444) have services to london with a single connection
7.526460211681694 percent of stations (192) have services to london with more than one connection
These stations are:
Achanalt (AAT)
Achnasheen (ACN)
Achnashellach (ACH)
Aigburth (AIG)
Ainsdale (ANS)
Aintree (AIN)
Alexandra Parade (AXP)
Alexandria (ALX)
Altnabreac (ABC)
Appley Bridge (APB)
Ardlui (AUI)
Arisaig (ARG)
Arrochar & Tarbet (ART)
Ashfield (ASF)
Ashton-under-Lyne (AHN)
Attadale (ATT)
Aughton Park (AUG)
Balloch (BHC)
Banavie (BNV)
Bank Hall (BAH)
Barlaston (BRT)
Barnhill (BNL)
Barrow Haven (BAV)
Barton-on-Humber (BAU)
Battersby (BTT)
Beasdale (BSL)
Bescar Lane (BES)
Birkdale (BDL)
Blundellsands & Crosby (BLN)
Bootle New Strand (BNW)
Bootle Oriel Road (BOT)
Bowling (BWG)
Brading (BDN)
Bridge of Orchy (BRO)
Bromley Cross (Lancs) (BMC)
Brora (BRA)
Brunswick (BRW)
Buckley (BCK)
Burscough Bridge (BCB)
Burscough Junction (BCJ)
Caergwrle (CGW)
Cardiff Bay (CDB)
Cefn-y-Bedd (CYB)
Chassen Road (CSR)
Clifton (Manchester) (CLI)
Clitheroe (CLH)
Connel Ferry (CON)
Corpach (CPA)
Corrour (CRR)
Cressington (CSG)
Crianlarich (CNR)
Crouch Hill (CRH)
Culrain (CUA)
Daisy Hill (DSY)
Dalmally (DAL)
Dalreoch (DLR)
Danby (DNY)
Darwen (DWN)
Duirinish (DRN)
Duke Street (DST)
Duncraig (DCG)
Entwistle (ENT)
Fazakerley (FAZ)
Flixton (FLI)
Formby (FBY)
Forsinard (FRS)
Fort William (FTW)
Freshfield (FRE)
Gainsborough Central (GNB)
Garelochhead (GCH)
Garve (GVE)
Gathurst (GST)
Georgemas Junction (GGJ)
Gilshochill (GSC)
Glazebrook (GLZ)
Glenfinnan (GLF)
Golspie (GOL)
Goxhill (GOX)
Great Ayton (GTA)
Great Coates (GCT)
Grimsby Docks (GMD)
Gwersyllt (GWE)
Gypsy Lane (GYP)
Hag Fold (HGF)
Hall Road (HLR)
Hall-i'-th'-Wood (HID)
Hawarden (HWD)
Hawarden Bridge (HWB)
Healing (HLI)
Helensburgh Upper (HLU)
Helmsdale (HMS)
Heswall (HSW)
Hightown (HTO)
Hillside (HIL)
Hope (Flintshire) (HPE)
Hoscar (HSC)
Humphrey Park (HUP)
Hunts Cross (HNX)
Ince (Manchester) (INC)
Invershin (INH)
James Cook (JCH)
Kelvindale (KVD)
Kildonan (KIL)
Kilpatrick (KPT)
Kinbrace (KBC)
Kirkby (Merseyside) (KIR)
Kirkdale (KKD)
Kyle of Lochalsh (KYL)
Lairg (LRG)
Lake (LKE)
Langho (LHO)
Lenzie (LNZ)
Leyton Midland Road (LEM)
Loch Awe (LHA)
Loch Eil Outward Bound (LHE)
Lochailort (LCL)
Locheilside (LCS)
Lochluichart (LCC)
Maghull (MAG)
Mallaig (MLG)
Marton (MTO)
Maryhill (MYH)
Meols Cop (MEC)
Moorside (MSD)
Morar (MRR)
Moston (MSO)
Neston (NES)
New Clee (NCE)
New Holland (NHL)
New Lane (NLN)
Norton Bridge (NTB)
Nunthorpe (NNT)
Oban (OBN)
Old Roan (ORN)
Orrell (ORR)
Orrell Park (OPK)
Padgate (PDG)
Parbold (PBL)
Pemberton (PEM)
Penyffordd (PNF)
Plockton (PLK)
Possilpark & Parkhouse (PPK)
Rainford (RNF)
Ramsgreave & Wilpshire (RGW)
Rannoch (RAN)
Rawcliffe (RWC)
Renton (RTN)
Rice Lane (RIL)
Rogart (ROG)
Roy Bridge (RYB)
Ryde Esplanade (RYD)
Ryde St Johns Road (RYR)
Salford Central (SFD)
Sandhills (SDL)
Sandown (SAN)
Scotscalder (SCT)
Seaforth & Litherland (SFL)
Shanklin (SHN)
Shippea Hill (SPP)
Smallbrook Junction (SAB)
Snaith (SNI)
Southport (SOP)
Spean Bridge (SBR)
St Michaels (STM)
Stallingborough (SLL)
Stockton (STK)
Strathcarron (STC)
Stromeferry (STF)
Summerston (SUM)
Swinton (Manchester) (SNN)
Taynuilt (TAY)
Thornton Abbey (TNA)
Thurso (THS)
Town Green (TWN)
Trafford Park (TRA)
Tulloch (TUL)
Tyndrum Lower (TYL)
Tywyn (TYW)
Ulceby (ULC)
Upholland (UPL)
Upper Holloway (UHL)
Upper Tyndrum (UTY)
Upton (Merseyside) (UPT)
Walkden (WKD)
Walton (Merseyside) (WAO)
Waterloo (Merseyside) (WLO)
Wedgwood (WED)
Whalley (Lancs) (WHE)
Whitlocks End (WTE)
Wick (WCK)
Wootton Wawen (WWW)
Wrexham Central (WXC)
0.3920031360250882 percent of stations (10) have no services to london or returned an error
These stations are:
Ashford International (Eurostar) (ASI)
Berney Arms (BYA)
Buckenham (Norfolk) (BUC)
Dunrobin Castle (DNO)
Elephant & Castle (Underground) (ZEL)
Falls of Cruachan (FOC)
IBM Halt (IBM)
Manchester United Football Ground (MUF)
Okehampton (OKE)
Sampford Courtenay (SMC)
