17.069368667186282 percent of stations (438) have direct services to manchester
48.5190958690569 percent of stations (1245) have services to manchester with a single connection
33.59314107560405 percent of stations (862) have services to manchester with more than one connection
These stations are:
Abbey Wood (ABW)
Achanalt (AAT)
Achnasheen (ACN)
Achnashellach (ACH)
Acocks Green (ACG)
Acton Central (ACC)
Addlestone (ASN)
Adisham (ADM)
Albany Park (AYP)
Aldershot (AHT)
Aldrington (AGT)
Alexandra Palace (AAP)
Alexandra Parade (AXP)
Alexandria (ALX)
Alloa (ALO)
Alness (ASS)
Alresford (Essex) (ALR)
Althorne (Essex) (ALN)
Altnabreac (ABC)
Alton (AON)
Ambergate (AMB)
Amberley (AMY)
Amersham (AMR)
Anerley (ANZ)
Angel Road (AGR)
Angmering (ANG)
Appledore (Kent) (APD)
Ardgay (ARD)
Ardlui (AUI)
Arisaig (ARG)
Arlesey (ARL)
Arrochar & Tarbet (ART)
Arundel (ARU)
Ascott-under-Wychwood (AUW)
Ash Vale (AHV)
Ashfield (ASF)
Ashford International (AFK)
Ashtead (AHD)
Ashurst (Kent) (AHS)
Ashwell & Morden (AWM)
Aspley Guise (APG)
Attadale (ATT)
Aylesbury (AYS)
Aylesbury Vale Parkway (AVP)
Aylesford (AYL)
Aylesham (AYH)
Bagshot (BAG)
Baildon (BLD)
Balcombe (BAB)
Baldock (BDK)
Balloch (BHC)
Balmossie (BSI)
Banavie (BNV)
Bank Hall (BAH)
Banstead (BAD)
Barking (BKG)
Barlaston (BRT)
Barming (BMG)
Barnehurst (BNH)
Barnes (BNS)
Barnes Bridge (BNI)
Barnhill (BNL)
Barry Links (BYL)
Basildon (BSO)
Bat & Ball (BBL)
Battersea Park (BAK)
Battle (BAT)
Battlesbridge (BLB)
Bayford (BAY)
Bearsted (BSD)
Beasdale (BSL)
Beauly (BEL)
Beccles (BCC)
Beckenham Hill (BEC)
Beckenham Junction (BKJ)
Bedford St Johns (BSJ)
Bedhampton (BDH)
Bekesbourne (BKS)
Bellgrove (BLG)
Bellingham (BGM)
Belmont (BLM)
Belper (BLP)
Beltring (BEG)
Belvedere (BVD)
Benfleet (BEF)
Bentley (Hants) (BTY)
Bermuda Park (BEP)
Berrylands (BRS)
Berwick (Sussex) (BRK)
Bethnal Green (BET)
Bexhill (BEX)
Bexley (BXY)
Bexleyheath (BXH)
Bickley (BKL)
Biggleswade (BIW)
Billericay (BIC)
Billingshurst (BIG)
Birchington-on-sea (BCH)
Birkbeck (BIK)
Bishopbriggs (BBG)
Bishops Stortford (BIS)
Bishopstone (Sussex) (BIP)
Blackheath (BKH)
Blakedown (BKD)
Blundellsands & Crosby (BLN)
Bognor Regis (BOG)
Bookham (BKA)
Bootle New Strand (BNW)
Bootle Oriel Road (BOT)
Bordesley (BBS)
Borough Green & Wrotham (BRG)
Bosham (BOH)
Bourne End (BNE)
Bow Brickhill (BWB)
Bowes Park (BOP)
Bowling (BWG)
Box Hill & Westhumble (BXW)
Brading (BDN)
Braintree (BTR)
Braintree Freeport (BTP)
Brampton (Suffolk) (BRP)
Brentford (BFD)
Brentwood (BRE)
Bridge of Orchy (BRO)
Brighton (East Sussex) (BTN)
Brimsdown (BMD)
Brixton (BRX)
Broadstairs (BSR)
Brockley (BCY)
Bromley North (BMN)
Bromley South (BMS)
Brondesbury (BSY)
Brondesbury Park (BSP)
Brookmans Park (BPK)
Brora (BRA)
Broxbourne (BXB)
Bruce Grove (BCV)
Bugle (BGL)
Bures (BUE)
Burgess Hill (BUG)
Burnham-on-Crouch (BUU)
Bush Hill Park (BHK)
Buxted (BXD)
Byfleet & New Haw (BFN)
Caledonian Rd & Barnsbury (CIR)
Calstock (CSK)
Camberley (CAM)
Cambridge Heath (CBH)
Camden Road (CMD)
Canada Water (ZCW)
Canonbury (CNN)
Canterbury East (CBE)
Canterbury West (CBW)
Cardiff Bay (CDB)
Carshalton (CSH)
Carshalton Beeches (CSB)
Castle Bar Park (CBP)
Caterham (CAT)
Catford (CTF)
Catford Bridge (CFB)
Chadwell Heath (CTH)
Chafford Hundred Lakeside (CFH)
Chalfont & Latimer (CFO)
Chalkwell (CHW)
Chandlers Ford (CFR)
Chappel & Wakes Colne (CWC)
Charing (Kent) (CHG)
Charing Cross (Glasgow) (CHC)
Charlton (CTN)
Chartham (CRT)
Chatham (CTM)
Cheam (CHE)
Chelmsford (CHM)
Chelsfield (CLD)
Chertsey (CHY)
Cheshunt (CHN)
Chessington North (CSN)
Chessington South (CSS)
Chestfield & Swalecliffe (CSW)
Chilham (CIL)
Chingford (CHI)
Chipstead (CHP)
Chislehurst (CIT)
Chiswick (CHK)
Chorleywood (CLW)
Christs Hospital (CHH)
City Thameslink (CTK)
Clacton-on-Sea (CLT)
Clandon (CLA)
Clapham High Street (CLP)
Clapton (CPT)
Claygate (CLG)
Clock House (CLK)
Cobham & Stoke d'Abernon (CSD)
Colchester (COL)
Colchester Town (CET)
Collington (CLL)
Connel Ferry (CON)
Conon Bridge (CBD)
Cooden Beach (COB)
Cookham (COO)
Cooksbridge (CBR)
Corby (COR)
Corpach (CPA)
Corrour (CRR)
Coulsdon South (CDS)
Coulsdon Town (CDN)
Cowden (Kent) (CWN)
Cradley Heath (CRA)
Crawley (CRW)
Crayford (CRY)
Cressing (Essex) (CES)
Creswell (CWD)
Crews Hill (CWH)
Crianlarich (CNR)
Cricklewood (CRI)
Crofton Park (CFT)
Cromford (CMF)
Crouch Hill (CRH)
Crowborough (COH)
Crowhurst (CWU)
Crystal Palace (CYP)
Cuffley (CUF)
Culrain (CUA)
Cuxton (CUX)
Dagenham Dock (DDK)
Dalmally (DAL)
Dalston Junction (DLJ)
Dalston Kingsland (DLK)
Danzey (DZY)
Darsham (DSM)
Dartford (DFD)
Datchet (DAT)
Deal (DEA)
Denham Golf Club (DGC)
Denmark Hill (DMK)
Deptford (DEP)
Derby Road (Ipswich) (DBR)
Devonport Dockyard (DOC)
Dingwall (DIN)
Doleham (DLH)
Dorking (Main) (DKG)
Dormans (DMS)
Dorridge (DDG)
Dover Priory (DVP)
Dovercourt (DVC)
Drayton Green (DRG)
Drayton Park (DYP)
Duffield (DFI)
Duirinish (DRN)
Duke Street (DST)
Dullingham (DUL)
Dumpton Park (DMP)
Duncraig (DCG)
Dunton Green (DNG)
Durrington-on-Sea (DUR)
Earlsfield (EAD)
Earlswood (Surrey) (ELD)
Earlswood (West Midlands) (EWD)
East Dulwich (EDW)
East Farleigh (EFL)
East Grinstead (EGR)
East Malling (EML)
East Tilbury (ETL)
East Worthing (EWR)
Eastbourne (EBN)
Ebbsfleet International (EBD)
Eden Park (EDN)
Edenbridge (EBR)
Edenbridge Town (EBT)
Edmonton Green (EDR)
Effingham Junction (EFF)
Elmers End (ELE)
Elmstead Woods (ESD)
Elmswell (ESW)
Elsenham (Essex) (ESM)
Elstree & Borehamwood (ELS)
Eltham (ELW)
Emerson Park (EMP)
Enfield Chase (ENC)
Enfield Lock (ENL)
Enfield Town (ENF)
Epsom (Surrey) (EPS)
Epsom Downs (EPD)
Eridge (ERI)
Erith (ERH)
Esher (ESH)
Essex Road (EXR)
Etchingham (ETC)
Evesham (EVE)
Ewell East (EWE)
Ewell West (EWW)
Eynsford (EYN)
Falconwood (FCN)
Falmer (FMR)
Farncombe (FNC)
Farnham (FNH)
Farningham Road (FNR)
Farringdon (ZFD)
Faversham (FAV)
Faygate (FGT)
Fearn (FRN)
Felixstowe (FLX)
Feltham (FEL)
Fenny Stratford (FEN)
Finchley Road & Frognal (FNY)
Fishbourne (Sussex) (FSB)
Fishersgate (FSG)
Flitwick (FLT)
Folkestone Central (FKC)
Folkestone West (FKW)
Ford (FOD)
Forest Gate (FOG)
Forest Hill (FOH)
Forsinard (FRS)
Fort William (FTW)
Foxton (FXN)
Frant (FRT)
Frimley (FML)
Frinton-on-Sea (FRI)
Fulwell (FLW)
Furze Platt (FZP)
Gainsborough Central (GNB)
Garelochhead (GCH)
Garve (GVE)
Gatwick Airport (GTW)
Georgemas Junction (GGJ)
Gidea Park (GDP)
Gillingham (Kent) (GLM)
Gilshochill (GSC)
Gipsy Hill (GIP)
Girvan (GIR)
Harold Wood (HRO)
Harpenden (HPD)
Harrietsham (HRM)
Harringay (HGY)
Harringay Green Lanes (HRY)
Harrington (HRR)
Harrogate (HGT)
Harrow & Wealdstone (HRW)
Harrow-on-the-Hill (HOH)
Hartford (Cheshire) (HTF)
Hartlebury (HBY)
Hartlepool (HPL)
Hartwood (HTW)
Harwich International (HPQ)
Harwich Town (HWC)
Haslemere (HSL)
Hassocks (HSK)
Hastings (HGS)
Hatch End (HTE)
Hatfield & Stainforth (HFS)
Hatfield (Herts) (HAT)
Hatfield Peverel (HAP)
Hathersage (HSG)
Hattersley (HTY)
Hatton (HTN)
Havant (HAV)
Haydons Road (HYR)
Hayes (Kent) (HYS)
Haywards Heath (HHE)
Headcorn (HCN)
Heathrow Airport Terminal 4 (HAF)
Heathrow Airport Terminal 5 (HWV)
Heathrow Airport Terminals 1, 2 and 3 (HXX)
Helensburgh Upper (HLU)
Helmsdale (HMS)
Hendon (HEN)
Henley-in-Arden (HNL)
Henley-on-Thames (HOT)
Herne Bay (HNB)
Herne Hill (HNH)
Hersham (HER)
Hertford East (HFE)
Hertford North (HFN)
Hever (HEV)
High Brooms (HIB)
Higham (Kent) (HGM)
Highams Park (HIP)
Hildenborough (HLB)
Hinchley Wood (HYW)
Hitchin (HIT)
Hither Green (HGR)
Hockley (HOC)
Hollingbourne (HBN)
Holmwood (HLM)
Homerton (HMN)
Honeybourne (HYB)
Honor Oak Park (HPA)
Horley (HOR)
Hornsey (HRN)
Horsham (HRH)
Horsley (HSY)
Hounslow (HOU)
Hove (HOV)
Hoxton (HOX)
Huntingdon (HUN)
Huntly (HNT)
Hurst Green (HUR)
Hythe (Essex) (HYH)
Ifield (IFI)
Ilford (IFD)
Ingatestone (INT)
Invergordon (IGD)
Invergowrie (ING)
Invershin (INH)
Ipswich (IPS)
Isleworth (ISL)
Jewellery Quarter (JEQ)
Kearsney (Kent) (KSN)
Kelvedon (KEL)
Kelvindale (KVD)
Kempston Hardwick (KMH)
Kempton Park Racecourse (KMP)
Kemsing (KMS)
Kemsley (KML)
Kenley (KLY)
Kennett (KNE)
Kensal Rise (KNR)
Kent House (KTH)
Kentish Town (KTN)
Kentish Town West (KTW)
Kew Bridge (KWB)
Kew Gardens (KWG)
Kidbrooke (KDB)
Kidderminster (KID)
Kildonan (KIL)
Kilpatrick (KPT)
Kinbrace (KBC)
Kingham (KGM)
Kingston (KNG)
Kingswood (KND)
Kirby Cross (KBX)
Kirkby-in-Ashfield (KKB)
Knebworth (KBW)
Knockholt (KCK)
Kyle of Lochalsh (KYL)
Ladywell (LAD)
Laindon (LAI)
Lairg (LRG)
Lake (LKE)
Lancing (LAC)
Langley Green (LGG)
Langwith-Whaley Thorns (LAG)
Lapworth (LPW)
Laurencekirk (LAU)
Lea Bridge (LEB)
Leagrave (LEA)
Leatherhead (LHD)
Lee (London) (LEE)
Leigh (Kent) (LIH)
Leigh-on-Sea (LES)
Lenham (LEN)
Letchworth Garden City (LET)
Lewes (LWS)
Lewisham (LEW)
Leyton Midland Road (LEM)
Leytonstone High Road (LER)
Lidlington (LID)
Limehouse (LHS)
Lingfield (LFD)
Liphook (LIP)
Liss (LIS)
Little Kimble (LTK)
Littlehampton (LIT)
Littlehaven (LVN)
Loch Awe (LHA)
Loch Eil Outward Bound (LHE)
Lochailort (LCL)
Locheilside (LCS)
Lochluichart (LCC)
London Fields (LOF)
London Road (Brighton) (LRB)
London Road (Guildford) (LRD)
London Waterloo East (WAE)
Longfield (LGF)
Loughborough Junction (LGJ)
Lower Sydenham (LSY)
Luton (LUT)
Luxulyan (LUX)
Lye (West Midlands) (LYE)
Maidstone Barracks (MDB)
Maidstone East (MDE)
Maidstone West (MDW)
Malden Manor (MAL)
Mallaig (MLG)
Manningtree (MNG)
Manor Park (MNP)
Marden (Kent) (MRN)
Margate (MAR)
Marks Tey (MKT)
Marlow (MLW)
Martin Mill (MTM)
Maryhill (MYH)
Maryland (MYL)
Matlock (MAT)
Matlock Bath (MTB)
Maybole (MAY)
Maze Hill (MZH)
Meldreth (MEL)
Melton (Suffolk) (MES)
Menheniot (MEN)
Meopham (MEP)
Merstham (MHM)
Milford (Surrey) (MLF)
Mill Hill Broadway (MIL)
Millbrook (Beds) (MLB)
Minster (MSR)
Mistley (MIS)
Mitcham Eastfields (MTC)
Mitcham Junction (MIJ)
Monks Risborough (MRS)
Moorgate (MOG)
Morar (MRR)
Morden South (MDS)
Mortlake (MTL)
Motspur Park (MOT)
Mottingham (MTG)
Moulsecoomb (MCB)
Muir of Ord (MOO)
Needham Market (NMT)
Netherfield (NET)
New Barnet (NBA)
New Beckenham (NBC)
New Cross (NWX)
New Cross Gate (NXG)
New Eltham (NEH)
New Hythe (NHE)
New Malden (NEM)
New Southgate (NSG)
Newhaven Harbour (NVH)
Newhaven Town (NVN)
Newington (NGT)
Newmarket (NMK)
Newport (Essex) (NWE)
Newquay (NQY)
Norbiton (NBT)
Normans Bay (NSB)
North Dulwich (NDL)
North Fambridge (NFA)
North Sheen (NSH)
Northfleet (NFL)
Northolt Park (NLT)
Northumberland Park (NUM)
Norton Bridge (NTB)
Norwood Junction (NWD)
Nunhead (NHD)
Nutbourne (NUT)
Nutfield (NUF)
Oakleigh Park (OKL)
Oban (OBN)
Ockendon (OCK)
Ockley (OLY)
Okehampton (OKE)
Old Hill (OHL)
Old Street (OLD)
Olton (OLT)
Ore (ORE)
Orpington (ORP)
Otford (OTF)
Oulton Broad South (OUS)
Oxshott (OXS)
Oxted (OXT)
Paddock Wood (PDW)
Palmers Green (PAL)
Peckham Rye (PMR)
Penge East (PNE)
Penge West (PNW)
Penmere (PNM)
Penshurst (PHR)
Pershore (PSH)
Petersfield (PTR)
Petts Wood (PET)
Pevensey & Westham (PEV)
Pevensey Bay (PEB)
Pitsea (PSE)
Plockton (PLK)
Pluckley (PLC)
Plumpton (PMP)
Plumstead (PLU)
Polegate (PLG)
Ponders End (PON)
Pontefract Baghill (PFR)
Portlethen (PLN)
Portslade (PLD)
Possilpark & Parkhouse (PPK)
Potters Bar (PBR)
Preston Park (PRP)
Prittlewell (PRL)
Pulborough (PUL)
Purfleet (PFL)
Purley (PUR)
Purley Oaks (PUO)
Putney (PUT)
Queenborough (QBR)
Queens Road (Peckham) (QRP)
Queenstown Road (Battersea) (QRB)
Quintrell Downs (QUI)
Radlett (RDT)
Rainham (Essex) (RNM)
Rainham (Kent) (RAI)
Ramsgate (RAM)
Rannoch (RAN)
Ravensbourne (RVB)
Rayleigh (RLG)
Raynes Park (RAY)
Rectory Road (REC)
Redhill (RDH)
Richmond (London) (RMD)
Rickmansworth (RIC)
Riddlesdown (RDD)
Ridgmont (RID)
Robertsbridge (RBR)
Roche (ROC)
Rochester (RTR)
Rochford (RFD)
Rogart (ROG)
Rolleston (ROL)
Romford (RMF)
Rotherhithe (ROE)
Rowlands Castle (RLN)
Rowley Regis (ROW)
Roy Bridge (RYB)
Roydon (RYN)
Royston (RYS)
Ryde Esplanade (RYD)
Ryde Pier Head (RYP)
Ryde St Johns Road (RYR)
Rye (Sussex) (RYE)
Rye House (RYH)
Salfords (Surrey) (SAF)
Sanderstead (SNR)
Sandling (SDG)
Sandown (SAN)
Sandwich (SDW)
Sandy (SDY)
Sawbridgeworth (SAW)
Saxmundham (SAX)
Scotscalder (SCT)
Seaford (Sussex) (SEF)
Seaforth & Litherland (SFL)
Selling (SEG)
Seven Kings (SVK)
Sevenoaks (SEV)
Shadwell (SDE)
Shanklin (SHN)
Sheerness-on-Sea (SSS)
Shelford (Cambs) (SED)
Shenfield (SNF)
Shepherds Well (SPH)
Shepperton (SHP)
Shepreth (STH)
Shipton (SIP)
Shirebrook (SHB)
Shirley (SRL)
Shoeburyness (SRY)
Shoreditch High Street (SDC)
Shoreham (Kent) (SEH)
Shoreham-by-Sea (SSE)
Shortlands (SRT)
Sidcup (SID)
Silver Street (SLV)
Sittingbourne (SIT)
Slade Green (SGR)
Small Heath (SMA)
Smallbrook Junction (SAB)
Snodland (SDA)
Snowdown (SWO)
Sole Street (SOR)
Solihull (SOL)
South Acton (SAT)
South Bermondsey (SBM)
South Croydon (SCY)
South Greenford (SGN)
South Merton (SMO)
South Ruislip (SRU)
South Tottenham (STO)
South Woodham Ferrers (SOF)
Southbury (SBU)
Southease (SEE)
Southend Airport (SIA)
Southend Central (SOC)
Southend East (SOE)
Southend Victoria (SOV)
Southminster (SMN)
Southwick (SWK)
Spean Bridge (SBR)
Spring Road (SRI)
St Albans Abbey (SAA)
St Albans City (SAC)
St Budeaux Victoria Road (SBV)
St Columb Road (SCR)
St Helier (Surrey) (SIH)
St James Street (Walthamstow) (SJS)
St Johns (London) (SAJ)
St Leonards Warrior Square (SLQ)
St Margarets (Herts) (SMT)
St Margarets (London) (SMG)
St Mary Cray (SMY)
Stamford Hill (SMH)
Stanford-le-Hope (SFO)
Stansted Mountfitchet (SST)
Staplehurst (SPU)
Stewartby (SWR)
Stoke Mandeville (SKM)
Stoke Newington (SKW)
Stone Crossing (SCG)
Stonegate (SOG)
Stoneleigh (SNL)
Stourbridge Junction (SBJ)
Stourbridge Town (SBT)
Stratford International (SFA)
Strathcarron (STC)
Strawberry Hill (STW)
Streatham (Greater London) (STE)
Streatham Hill (SRH)
Stromeferry (STF)
Strood (Kent) (SOO)
Sturry (STU)
Sudbury & Harrow Road (SUD)
Sudbury (Suffolk) (SUY)
Sudbury Hill Harrow (SDH)
Summerston (SUM)
Sunbury (SUU)
Sundridge Park (SUP)
Sunnymeads (SNY)
Surbiton (SUR)
Surrey Quays (SQE)
Sutton (Surrey) (SUO)
Sutton Common (SUC)
Swale (SWL)
Swanley (SAY)
Swanscombe (SWM)
Sydenham (London) (SYD)
Sydenham Hill (SYH)
Syon Lane (SYL)
Tadworth (TAD)
Tain (TAI)
Tattenham Corner (TAT)
Taynuilt (TAY)
Teddington (TED)
Teynham (TEY)
Thames Ditton (THD)
The Hawthorns (THW)
The Lakes (Warks) (TLK)
Theobalds Grove (TEO)
Thorpe Bay (TPB)
Thorpe-le-Soken (TLS)
Three Bridges (TBD)
Three Oaks (TOK)
Thurso (THS)
Thurston (TRS)
Tilbury Town (TIL)
Tolworth (TOL)
Tonbridge (TON)
Tooting (TOO)
Trimley (TRM)
Tulloch (TUL)
Tulse Hill (TUH)
Tunbridge Wells (TBW)
Turkey Street (TUR)
Twickenham (TWI)
Tyndrum Lower (TYL)
Tyseley (TYS)
Uckfield (UCK)
Upminster (UPM)
Upper Halliford (UPH)
Upper Holloway (UHL)
Upper Tyndrum (UTY)
Upper Warlingham (UWL)
Waddon (WDO)
Wadhurst (WAD)
Wallington (WLT)
Walmer (WAM)
Waltham Cross (WLC)
Walthamstow Queen's Road (WMW)
Walton-on-the-Naze (WON)
Wanborough (WAN)
Wandsworth Common (WSW)
Wandsworth Road (WWR)
Wandsworth Town (WNT)
Wanstead Park (WNP)
Wapping (WPE)
Warblington (WBL)
Ware (Herts) (WAR)
Warnham (WNH)
Warwick (WRW)
Warwick Parkway (WRP)
Waterbeach (WBC)
Wateringbury (WTR)
Waterloo (Merseyside) (WLO)
Watton-at-Stone (WAS)
Wedgwood (WED)
Weeley (WEE)
Welham Green (WMG)
Welling (WLI)
Welwyn Garden City (WGC)
Welwyn North (WLW)
Wembley Stadium (WCX)
Wendover (WND)
West Croydon (WCY)
West Dulwich (WDU)
West Ham (WEH)
West Hampstead (WHD)
West Hampstead Thameslink (WHP)
West Horndon (WHR)
West Malling (WMA)
West Norwood (WNW)
West St Leonards (WLD)
West Sutton (WSU)
West Wickham (WWI)
West Worthing (WWO)
Westcliff (WCF)
Westcombe Park (WCB)
Westenhanger (WHA)
Westerfield (WFI)
Westgate-on-Sea (WGA)
Whatstandwell (WTS)
White Hart Lane (WHL)
White Notley (WNY)
Whitechapel (ZLW)
Whitlocks End (WTE)
Whitstable (WHI)
Whittlesford Parkway (WLF)
Whitton (London) (WTN)
Whitwell (Derbyshire) (WWL)
Whyteleafe (WHY)
Whyteleafe South (WHS)
Wick (WCK)
Wickford (WIC)
Wickham Market (WCM)
Widney Manor (WMR)
Wimbledon (WIM)
Wimbledon Chase (WBO)
Winchelsea (WSE)
Winchmore Hill (WIH)
Windsor & Eton Central (WNC)
Windsor & Eton Riverside (WNR)
Witham (WTM)
Witley (WTY)
Wivelsfield (WVF)
Wivenhoe (WIV)
Woburn Sands (WOB)
Woldingham (WOH)
Wood End (WDE)
Wood Street (WST)
Woodbridge (WDB)
Woodgrange Park (WGR)
Woodmansterne (WME)
Woolwich Arsenal (WWA)
Woolwich Dockyard (WWD)
Wootton Wawen (WWW)
Worcester Park (WCP)
Worplesdon (WPL)
Worthing (WRH)
Wrabness (WRB)
Wraysbury (WRY)
Wrexham Central (WXC)
Wye (WYE)
Wythall (WYT)
Yalding (YAL)
Yardley Wood (YRD)
0.818394388152767 percent of stations (21) have no services to manchester or returned an error
These stations are:
Ashford International (Eurostar) (ASI)
Berney Arms (BYA)
Buckenham (Norfolk) (BUC)
Dunrobin Castle (DNO)
Elephant & Castle (Underground) (ZEL)
Falls of Cruachan (FOC)
IBM Halt (IBM)
London St Pancras (Intl) (SPX)
Manchester United Football Ground (MUF)
Redruth (RED)
Reedham (Norfolk) (REE)
Reedham (Surrey) (RHM)
Reigate (REI)
Renton (RTN)
Retford (RET)
Rhiwbina (RHI)
Rhoose Cardiff International Airport (RIA)
Rhosneigr (RHO)
Rhyl (RHL)
Rhymney (RHY)
Sampford Courtenay (SMC)
