3.621495327102804 percent of stations (93) have direct services to warrington
40.53738317757009 percent of stations (1041) have services to warrington with a single connection
55.412772585669785 percent of stations (1423) have services to warrington with more than one connection
These stations are:
Abbey Wood (ABW)
Aber (ABE)
Abercynon (ACY)
Aberdare (ABA)
Achanalt (AAT)
Achnasheen (ACN)
Achnashellach (ACH)
Acklington (ACK)
Acocks Green (ACG)
Acton Central (ACC)
Acton Main Line (AML)
Addlestone (ASN)
Adisham (ADM)
Adwick (AWK)
Ainsdale (ANS)
Albany Park (AYP)
Aldermaston (AMT)
Aldershot (AHT)
Aldrington (AGT)
Alexandra Palace (AAP)
Alexandra Parade (AXP)
Alexandria (ALX)
Allens West (ALW)
Alness (ASS)
Alnmouth (ALM)
Alresford (Essex) (ALR)
Althorne (Essex) (ALN)
Altnabreac (ABC)
Alton (AON)
Ambergate (AMB)
Amberley (AMY)
Amersham (AMR)
Andover (ADV)
Anerley (ANZ)
Angel Road (AGR)
Angmering (ANG)
Apperley Bridge (APY)
Appledore (Kent) (APD)
Appleford (APF)
Appley Bridge (APB)
Ardgay (ARD)
Ardlui (AUI)
Arisaig (ARG)
Arrochar & Tarbet (ART)
Arundel (ARU)
Ascot (Berks) (ACT)
Ascott-under-Wychwood (AUW)
Ash (ASH)
Ash Vale (AHV)
Ashchurch for Tewkesbury (ASC)
Ashfield (ASF)
Ashford (Surrey) (AFS)
Ashford International (AFK)
Ashtead (AHD)
Ashton-under-Lyne (AHN)
Ashurst (Kent) (AHS)
Ashurst New Forest (ANF)
Ashwell & Morden (AWM)
Aspley Guise (APG)
Attadale (ATT)
Audley End (AUD)
Avoncliff (AVF)
Avonmouth (AVN)
Axminster (AXM)
Aylesbury (AYS)
Aylesbury Vale Parkway (AVP)
Aylesford (AYL)
Aylesham (AYH)
Bagshot (BAG)
Baildon (BLD)
Balcombe (BAB)
Baldock (BDK)
Balloch (BHC)
Balmossie (BSI)
Banavie (BNV)
Bank Hall (BAH)
Banstead (BAD)
Bargoed (BGD)
Barking (BKG)
Barlaston (BRT)
Barming (BMG)
Barnehurst (BNH)
Barnes (BNS)
Barnes Bridge (BNI)
Barnham (BAA)
Barnhill (BNL)
Barnstaple (BNP)
Barrow Haven (BAV)
Barry (BRY)
Barry Docks (BYD)
Barry Island (BYI)
Barry Links (BYL)
Barton-on-Humber (BAU)
Basildon (BSO)
Bat & Ball (BBL)
Batley (BTL)
Battersby (BTT)
Battersea Park (BAK)
Battle (BAT)
Battlesbridge (BLB)
Bayford (BAY)
Beaconsfield (BCF)
Bearley (BER)
Bearsted (BSD)
Beasdale (BSL)
Beaulieu Road (BEU)
Beauly (BEL)
Beccles (BCC)
Beckenham Hill (BEC)
Beckenham Junction (BKJ)
Bedford St Johns (BSJ)
Bedhampton (BDH)
Bedminster (BMT)
Bedwyn (BDW)
Bekesbourne (BKS)
Bellingham (BGM)
Belmont (BLM)
Belper (BLP)
Beltring (BEG)
Belvedere (BVD)
Ben Rhydding (BEY)
Benfleet (BEF)
Bentley (Hants) (BTY)
Bere Alston (BAS)
Bere Ferrers (BFE)
Bermuda Park (BEP)
Berry Brow (BBW)
Berrylands (BRS)
Berwick (Sussex) (BRK)
Berwick-upon-Tweed (BWK)
Bescar Lane (BES)
Betchworth (BTO)
Bethnal Green (BET)
Bexhill (BEX)
Bexley (BXY)
Bexleyheath (BXH)
Bicester North (BCS)
Bicester Village (BIT)
Bickley (BKL)
Billericay (BIC)
Billingham (Cleveland) (BIL)
Billingshurst (BIG)
Bingley (BIY)
Birchgrove (BCG)
Birchington-on-sea (BCH)
Birkbeck (BIK)
Birkdale (BDL)
Bishop Auckland (BIA)
Bishopbriggs (BBG)
Bishops Stortford (BIS)
Bishopstone (Sussex) (BIP)
Bitterne (BTE)
Blackheath (BKH)
Blackwater (BAW)
Blakedown (BKD)
Bloxwich North (BWN)
Blundellsands & Crosby (BLN)
Bognor Regis (BOG)
Bookham (BKA)
Bootle New Strand (BNW)
Bootle Oriel Road (BOT)
Bordesley (BBS)
Borough Green & Wrotham (BRG)
Bosham (BOH)
Botley (BOE)
Bourne End (BNE)
Bow Brickhill (BWB)
Bowes Park (BOP)
Bowling (BWG)
Box Hill & Westhumble (BXW)
Bracknell (BCE)
Bradford Forster Square (BDQ)
Bradford Interchange (BDI)
Bradford-on-Avon (BOA)
Brading (BDN)
Braintree (BTR)
Braintree Freeport (BTP)
Bramley (Hants) (BMY)
Bramley (W Yorks) (BLE)
Brampton (Suffolk) (BRP)
Branksome (BSM)
Brentford (BFD)
Brentwood (BRE)
Bridge of Orchy (BRO)
Bridgwater (BWT)
Brighouse (BGH)
Brighton (East Sussex) (BTN)
Brimsdown (BMD)
Brithdir (BHD)
Brixton (BRX)
Broadstairs (BSR)
Brockholes (BHS)
Brockley (BCY)
Bromley Cross (Lancs) (BMC)
Bromley North (BMN)
Bromley South (BMS)
Brondesbury (BSY)
Brondesbury Park (BSP)
Brookmans Park (BPK)
Brookwood (BKO)
Brora (BRA)
Broxbourne (BXB)
Bruce Grove (BCV)
Bruton (BRU)
Bugle (BGL)
Bures (BUE)
Burgess Hill (BUG)
Burley Park (BUY)
Burley-in-Wharfedale (BUW)
Burnham (Bucks) (BNM)
Burnham-on-Crouch (BUU)
Burscough Bridge (BCB)
Burscough Junction (BCJ)
Bursledon (BUO)
Bush Hill Park (BHK)
Buxted (BXD)
Byfleet & New Haw (BFN)
Cadoxton (CAD)
Caerphilly (CPH)
Caledonian Rd & Barnsbury (CIR)
Calstock (CSK)
Cam & Dursley (CDU)
Camberley (CAM)
Cambridge (CBG)
Cambridge Heath (CBH)
Camden Road (CMD)
Canada Water (ZCW)
Canonbury (CNN)
Canterbury East (CBE)
Canterbury West (CBW)
Carbis Bay (CBB)
Cardiff Bay (CDB)
Cardiff Queen Street (CDQ)
Carshalton (CSH)
Carshalton Beeches (CSB)
Castle Bar Park (CBP)
Castle Cary (CLC)
Castleford (CFD)
Castleton (Manchester) (CAS)
Castleton Moor (CSM)
Caterham (CAT)
Catford (CTF)
Catford Bridge (CFB)
Cathays (CYS)
Cattal (CTL)
Causeland (CAU)
Chadwell Heath (CTH)
Chafford Hundred Lakeside (CFH)
Chalfont & Latimer (CFO)
Chalkwell (CHW)
Chandlers Ford (CFR)
Chapelton (Devon) (CPN)
Chappel & Wakes Colne (CWC)
Charing (Kent) (CHG)
Charing Cross (Glasgow) (CHC)
Charlbury (CBY)
Charlton (CTN)
Chartham (CRT)
Chatham (CTM)
Chathill (CHT)
Cheam (CHE)
Chelmsford (CHM)
Chelsfield (CLD)
Chertsey (CHY)
Cheshunt (CHN)
Chessington North (CSN)
Chessington South (CSS)
Chestfield & Swalecliffe (CSW)
Chetnole (CNO)
Chichester (CCH)
Chilham (CIL)
Chilworth (CHL)
Chingford (CHI)
Chippenham (CPM)
Chipstead (CHP)
Chislehurst (CIT)
Chiswick (CHK)
Cholsey (CHO)
Chorleywood (CLW)
Christchurch (CHR)
Christs Hospital (CHH)
Church Fenton (CHF)
City Thameslink (CTK)
Clacton-on-Sea (CLT)
Clandon (CLA)
Clapham High Street (CLP)
Clapton (CPT)
Claverdon (CLV)
Claygate (CLG)
Clifton Down (CFN)
Clitheroe (CLH)
Clock House (CLK)
Cobham & Stoke d'Abernon (CSD)
Cogan (CGN)
Colchester (COL)
Colchester Town (CET)
Collington (CLL)
Combe (Oxon) (CME)
Commondale (COM)
Connel Ferry (CON)
Conon Bridge (CBD)
Cononley (CEY)
Cooden Beach (COB)
Cookham (COO)
Cooksbridge (CBR)
Coombe Junction Halt (COE)
Copplestone (COP)
Corby (COR)
Corpach (CPA)
Corrour (CRR)
Coryton (COY)
Cosham (CSA)
Cottingley (COT)
Coulsdon South (CDS)
Coulsdon Town (CDN)
Cowden (Kent) (CWN)
Cradley Heath (CRA)
Cranbrook (Devon) (CBK)
Crawley (CRW)
Crayford (CRY)
Crediton (CDI)
Cressing (Essex) (CES)
Creswell (CWD)
Crewkerne (CKN)
Crews Hill (CWH)
Crianlarich (CNR)
Cricklewood (CRI)
Crofton Park (CFT)
Cromford (CMF)
Crossflatts (CFL)
Crosskeys (CKY)
Crouch Hill (CRH)
Crowborough (COH)
Crowhurst (CWU)
Crowthorne (CRN)
Crystal Palace (CYP)
Cuffley (CUF)
Culham (CUM)
Culrain (CUA)
Cuxton (CUX)
Cwmbach (CMH)
Dagenham Dock (DDK)
Dalmally (DAL)
Dalston Junction (DLJ)
Dalston Kingsland (DLK)
Danby (DNY)
Danescourt (DCT)
Danzey (DZY)
Darsham (DSM)
Dartford (DFD)
Darwen (DWN)
Datchet (DAT)
Dawlish Warren (DWW)
Deal (DEA)
Dean (Wilts) (DEN)
Deighton (DHN)
Denby Dale (DBD)
Denham (DNM)
Denham Golf Club (DGC)
Denmark Hill (DMK)
Dent (DNT)
Deptford (DEP)
Derby Road (Ipswich) (DBR)
Devonport (Devon) (DPT)
Devonport Dockyard (DOC)
Didcot Parkway (DID)
Digby & Sowton (DIG)
Dilton Marsh (DMH)
Dinas (Rhondda) (DMG)
Dinas Powys (DNS)
Dingle Road (DGL)
Dingwall (DIN)
Dinsdale (DND)
Doleham (DLH)
Dorchester South (DCH)
Dorchester West (DCW)
Dorking (Main) (DKG)
Dorking Deepdene (DPD)
Dorking West (DKT)
Dormans (DMS)
Dorridge (DDG)
Dover Priory (DVP)
Dovercourt (DVC)
Drayton Green (DRG)
Drayton Park (DYP)
Duffield (DFI)
Duirinish (DRN)
Duke Street (DST)
Dullingham (DUL)
Dumpton Park (DMP)
Duncraig (DCG)
Dunton Green (DNG)
Durrington-on-Sea (DUR)
Eaglescliffe (EAG)
Ealing Broadway (EAL)
Earley (EAR)
Earlsfield (EAD)
Earlswood (Surrey) (ELD)
Earlswood (West Midlands) (EWD)
East Dulwich (EDW)
East Farleigh (EFL)
East Garforth (EGF)
East Grinstead (EGR)
East Malling (EML)
East Tilbury (ETL)
East Worthing (EWR)
Eastbourne (EBN)
Eastbrook (EBK)
Eastleigh (ESL)
Eastrington (EGN)
Ebbsfleet International (EBD)
Ebbw Vale Parkway (EBV)
Ebbw Vale Town (EBB)
Eden Park (EDN)
Edenbridge (EBR)
Edenbridge Town (EBT)
Edmonton Green (EDR)
Effingham Junction (EFF)
Eggesford (EGG)
Egham (EGH)
Egton (EGT)
Elmers End (ELE)
Elmstead Woods (ESD)
Elmswell (ESW)
Elsenham (Essex) (ESM)
Elstree & Borehamwood (ELS)
Eltham (ELW)
Emerson Park (EMP)
Emsworth (EMS)
Energlyn & Churchill Park (ECP)
Enfield Chase (ENC)
Enfield Lock (ENL)
Enfield Town (ENF)
Entwistle (ENT)
Epsom (Surrey) (EPS)
Epsom Downs (EPD)
Eridge (ERI)
Erith (ERH)
Esher (ESH)
Essex Road (EXR)
Etchingham (ETC)
Evesham (EVE)
Ewell East (EWE)
Ewell West (EWW)
Exeter Central (EXC)
Exeter St Thomas (EXT)
Exmouth (EXM)
Exton (EXN)
Eynsford (EYN)
Fairwater (FRW)
Falconwood (FCN)
Falmer (FMR)
Falmouth Docks (FAL)
Falmouth Town (FMT)
Fareham (FRM)
Farnborough (Main) (FNB)
Farnborough North (FNN)
Farncombe (FNC)
Farnham (FNH)
Farningham Road (FNR)
Farringdon (ZFD)
Faversham (FAV)
Faygate (FGT)
Fazakerley (FAZ)
Fearn (FRN)
Featherstone (FEA)
Felixstowe (FLX)
Feltham (FEL)
Feniton (FNT)
Fenny Stratford (FEN)
Fernhill (FER)
Filey (FIL)
Finchley Road & Frognal (FNY)
Finstock (FIN)
Fishbourne (Sussex) (FSB)
Fishersgate (FSG)
Fleet (FLE)
Flitwick (FLT)
Folkestone Central (FKC)
Folkestone West (FKW)
Ford (FOD)
Forest Gate (FOG)
Forest Hill (FOH)
Formby (FBY)
Forsinard (FRS)
Fort William (FTW)
Foxton (FXN)
Frant (FRT)
Fratton (FTN)
Freshfield (FRE)
Freshford (FFD)
Frimley (FML)
Frinton-on-Sea (FRI)
Frizinghall (FZH)
Frome (FRO)
Fulwell (FLW)
Furze Platt (FZP)
Gainsborough Central (GNB)
Garelochhead (GCH)
Garsdale (GSD)
Garth (Mid Glamorgan) (GMG)
Garve (GVE)
Gathurst (GST)
Gatwick Airport (GTW)
Georgemas Junction (GGJ)
Gerrards Cross (GER)
Gidea Park (GDP)
Gilberdyke (GBD)
Gilfach Fargoed (GFF)
Gillingham (Dorset) (GIL)
Gillingham (Kent) (GLM)
Gilshochill (GSC)
Gipsy Hill (GIP)
Glaisdale (GLS)
Glasshoughton (GLH)
Glenfinnan (GLF)
Glynde (GLY)
Godalming (GOD)
Godstone (GDN)
Golf Street (GOF)
Golspie (GOL)
Gomshall (GOM)
Goodmayes (GMY)
Gordon Hill (GDH)
Goring & Streatley (GOR)
Goring-by-Sea (GBS)
Gospel Oak (GPO)
Goxhill (GOX)
Grange Park (GPK)
Grangetown (Cardiff) (GTN)
Grateley (GRT)
Gravesend (GRV)
Grays (GRY)
Great Ayton (GTA)
Great Bentley (GRB)
Great Chesterford (GRC)
Great Coates (GCT)
Great Missenden (GMN)
Greenford (GFD)
Greenhithe (GNH)
Greenwich (GNW)
Grimsby Docks (GMD)
Grosmont (GMT)
Grove Park (GRP)
Guiseley (GSY)
Gunnersbury (GUN)
Gunnislake (GSL)
Gypsy Lane (GYP)
Hackbridge (HCB)
Hackney Central (HKC)
Hackney Downs (HAC)
Hackney Wick (HKW)
Haddenham & Thame Parkway (HDM)
Hadley Wood (HDW)
Hag Fold (HGF)
Haggerston (HGG)
Hagley (HAG)
Halesworth (HAS)
Halifax (HFX)
Hall Green (HLG)
Hall Road (HLR)
Halling (HAI)
Hall-i'-th'-Wood (HID)
Ham Street (HMT)
Hamble (HME)
Hammerton (HMM)
Hampden Park (Sussex) (HMD)
Hampstead Heath (HDH)
Hampton (London) (HMP)
Hampton Court (HMC)
Hampton Wick (HMW)
Hamworthy (HAM)
Hanborough (HND)
Hanwell (HAN)
Harlington (Beds) (HLN)
Harlow Mill (HWM)
Harlow Town (HWN)
Harold Wood (HRO)
Harpenden (HPD)
Harrietsham (HRM)
Harringay (HGY)
Harringay Green Lanes (HRY)
Harrogate (HGT)
Harrow-on-the-Hill (HOH)
Hartlebury (HBY)
Hartlepool (HPL)
Harwich International (HPQ)
Harwich Town (HWC)
Haslemere (HSL)
Hassocks (HSK)
Hastings (HGS)
Hatfield (Herts) (HAT)
Hatfield Peverel (HAP)
Hatton (HTN)
Havant (HAV)
Haydons Road (HYR)
Hayes & Harlington (HAY)
Hayes (Kent) (HYS)
Haywards Heath (HHE)
Headcorn (HCN)
Headingley (HDY)
Healing (HLI)
Heath High Level (HHL)
Heath Low Level (HLL)
Heathrow Airport Terminal 4 (HAF)
Heathrow Airport Terminal 5 (HWV)
Heathrow Airport Terminals 1, 2 and 3 (HXX)
Hedge End (HDE)
Heighington (HEI)
Helensburgh Upper (HLU)
Helmsdale (HMS)
Hendon (HEN)
Hengoed (HNG)
Henley-in-Arden (HNL)
Henley-on-Thames (HOT)
Hensall (HEL)
Herne Bay (HNB)
Herne Hill (HNH)
Hersham (HER)
Hertford East (HFE)
Hertford North (HFN)
Hever (HEV)
Heworth (HEW)
Heyford (HYD)
High Brooms (HIB)
High Wycombe (HWY)
Higham (Kent) (HGM)
Highams Park (HIP)
Highbridge & Burnham (HIG)
Hightown (HTO)
Hildenborough (HLB)
Hillside (HIL)
Hilsea (HLS)
Hinchley Wood (HYW)
Hinton Admiral (HNA)
Hither Green (HGR)
Hockley (HOC)
Hollingbourne (HBN)
Holmwood (HLM)
Holton Heath (HOL)
Homerton (HMN)
Honeybourne (HYB)
Honiton (HON)
Honley (HOY)
Honor Oak Park (HPA)
Hook (HOK)
Horley (HOR)
Hornbeam Park (HBP)
Hornsey (HRN)
Horsforth (HRS)
Horsham (HRH)
Horsley (HSY)
Horton-in-Ribblesdale (HIR)
Hoscar (HSC)
Hounslow (HOU)
Hove (HOV)
Hoxton (HOX)
Hungerford (HGD)
Hurst Green (HUR)
Hythe (Essex) (HYH)
Ifield (IFI)
Ilford (IFD)
Ilkley (ILK)
Ingatestone (INT)
Invergordon (IGD)
Invergowrie (ING)
Invershin (INH)
Isleworth (ISL)
Islip (ISP)
Iver (IVR)
Ivybridge (IVY)
James Cook (JCH)
Jewellery Quarter (JEQ)
Kearsney (Kent) (KSN)
Keighley (KEI)
Kelvedon (KEL)
Kelvindale (KVD)
Kemble (KEM)
Kempston Hardwick (KMH)
Kempton Park Racecourse (KMP)
Kemsing (KMS)
Kemsley (KML)
Kenley (KLY)
Kennett (KNE)
Kensal Rise (KNR)
Kent House (KTH)
Kentish Town (KTN)
Kentish Town West (KTW)
Kew Bridge (KWB)
Kew Gardens (KWG)
Keyham (KEY)
Keynsham (KYN)
Kidbrooke (KDB)
Kidderminster (KID)
Kildale (KLD)
Kildonan (KIL)
Kilgetty (KGT)
Kilpatrick (KPT)
Kinbrace (KBC)
Kingham (KGM)
Kings Nympton (KGN)
Kings Sutton (KGS)
Kingston (KNG)
Kingswood (KND)
Kintbury (KIT)
Kirby Cross (KBX)
Kirkby (Merseyside) (KIR)
Kirkby-in-Ashfield (KKB)
Kirkstall Forge (KLF)
Knaresborough (KNA)
Knebworth (KBW)
Knockholt (KCK)
Knottingley (KNO)
Kyle of Lochalsh (KYL)
Ladywell (LAD)
Laindon (LAI)
Lairg (LRG)
Lake (LKE)
Lamphey (LAM)
Lancing (LAC)
Langho (LHO)
Langley (Berks) (LNY)
Langley Green (LGG)
Langwith-Whaley Thorns (LAG)
Lapford (LAP)
Lapworth (LPW)
Laurencekirk (LAU)
Lawrence Hill (LWH)
Lea Bridge (LEB)
Leagrave (LEA)
Lealholm (LHM)
Leatherhead (LHD)
Lee (London) (LEE)
Leigh (Kent) (LIH)
Leigh-on-Sea (LES)
Lelant (LEL)
Lelant Saltings (LTS)
Lenham (LEN)
Lenzie (LNZ)
Letchworth Garden City (LET)
Lewes (LWS)
Lewisham (LEW)
Leyton Midland Road (LEM)
Leytonstone High Road (LER)
Lidlington (LID)
Limehouse (LHS)
Lingfield (LFD)
Liphook (LIP)
Liss (LIS)
Lisvane & Thornhill (LVT)
Little Kimble (LTK)
Littleborough (LTL)
Littlehampton (LIT)
Littlehaven (LVN)
Llanbradach (LNB)
Llandaf (LLN)
Llanhilleth (LTH)
Llanishen (LLS)
Llantwit Major (LWM)
Llwynypia (LLY)
Loch Awe (LHA)
Loch Eil Outward Bound (LHE)
Lochailort (LCL)
Locheilside (LCS)
Lochluichart (LCC)
Lockwood (LCK)
London Fields (LOF)
London Road (Brighton) (LRB)
London Road (Guildford) (LRD)
London Waterloo East (WAE)
Longbeck (LGK)
Longcross (LNG)
Longfield (LGF)
Looe (LOO)
Loughborough Junction (LGJ)
Lower Sydenham (LSY)
Luxulyan (LUX)
Lye (West Midlands) (LYE)
Lymington Pier (LYP)
Lymington Town (LYT)
Lympstone Commando (LYC)
Lympstone Village (LYM)
Maesteg (MST)
Maesteg (Ewenny Road) (MEW)
Maiden Newton (MDN)
Maidenhead (MAI)
Maidstone Barracks (MDB)
Maidstone East (MDE)
Maidstone West (MDW)
Malden Manor (MAL)
Mallaig (MLG)
Manor Park (MNP)
Manorbier (MRB)
Marden (Kent) (MRN)
Margate (MAR)
Market Rasen (MKR)
Marks Tey (MKT)
Marlow (MLW)
Marske (MSK)
Martin Mill (MTM)
Martins Heron (MAO)
Marton (MTO)
Maryhill (MYH)
Maryland (MYL)
Matlock (MAT)
Matlock Bath (MTB)
Maze Hill (MZH)
Meldreth (MEL)
Melksham (MKM)
Melton (Suffolk) (MES)
Menheniot (MEN)
Menston (MNN)
Meols Cop (MEC)
Meopham (MEP)
Merstham (MHM)
Merthyr Tydfil (MER)
Merthyr Vale (MEV)
Micheldever (MIC)
Micklefield (MIK)
Middlesbrough (MBR)
Midgham (MDG)
Milford (Surrey) (MLF)
Mill Hill Broadway (MIL)
Millbrook (Beds) (MLB)
Millbrook (Hants) (MBK)
Mills Hill (Manchester) (MIH)
Minster (MSR)
Mirfield (MIR)
Mistley (MIS)
Mitcham Eastfields (MTC)
Mitcham Junction (MIJ)
Monks Risborough (MRS)
Montpelier (MTP)
Moorgate (MOG)
Moorside (MSD)
Morar (MRR)
Morchard Road (MRD)
Morden South (MDS)
Moreton (Dorset) (MTN)
Moreton-in-Marsh (MIM)
Morley (MLY)
Mortimer (MOR)
Mortlake (MTL)
Moston (MSO)
Motspur Park (MOT)
Mottingham (MTG)
Mottisfont & Dunbridge (DBG)
Moulsecoomb (MCB)
Mountain Ash (MTA)
Muir of Ord (MOO)
Mytholmroyd (MYT)
Nailsea & Backwell (NLS)
Narberth (NAR)
Needham Market (NMT)
Netley (NTL)
New Barnet (NBA)
New Beckenham (NBC)
New Clee (NCE)
New Cross (NWX)
New Cross Gate (NXG)
New Eltham (NEH)
New Holland (NHL)
New Hythe (NHE)
New Lane (NLN)
New Malden (NEM)
New Milton (NWM)
New Pudsey (NPD)
New Southgate (NSG)
Newark North Gate (NNG)
Newbridge (NBE)
Newbury (NBY)
Newbury Racecourse (NRC)
Newcourt (NCO)
Newhaven Harbour (NVH)
Newhaven Town (NVN)
Newington (NGT)
Newmarket (NMK)
Newport (Essex) (NWE)
Newquay (NQY)
Newton Aycliffe (NAY)
Newton St Cyres (NTC)
Ninian Park (NNP)
Norbiton (NBT)
Normans Bay (NSB)
Normanton (NOR)
North Camp (NCM)
North Dulwich (NDL)
North Fambridge (NFA)
North Road (Darlington) (NRD)
North Sheen (NSH)
Northfleet (NFL)
Northolt Park (NLT)
Northumberland Park (NUM)
Norton Bridge (NTB)
Norwood Junction (NWD)
Nunhead (NHD)
Nunthorpe (NNT)
Nutbourne (NUT)
Nutfield (NUF)
Oakleigh Park (OKL)
Oban (OBN)
Ockendon (OCK)
Ockley (OLY)
Old Hill (OHL)
Old Street (OLD)
Oldfield Park (OLF)
Olton (OLT)
Ore (ORE)
Orpington (ORP)
Orrell (ORR)
Otford (OTF)
Oulton Broad South (OUS)
Outwood (OUT)
Overton (OVR)
Oxford Parkway (OXP)
Oxshott (OXS)
Oxted (OXT)
Paddock Wood (PDW)
Palmers Green (PAL)
Pangbourne (PAN)
Pannal (PNL)
Parbold (PBL)
Parkstone (Dorset) (PKS)
Parson Street (PSN)
Peckham Rye (PMR)
Pegswood (PEG)
Pemberton (PEM)
Pembroke (PMB)
Pembroke Dock (PMD)
Penally (PNA)
Penarth (PEN)
Pengam (PGM)
Penge East (PNE)
Penge West (PNW)
Penmere (PNM)
Penrhiwceiber (PER)
Penryn (Cornwall) (PYN)
Penshurst (PHR)
Pentre-Bach (PTB)
Perranwell (PRW)
Pershore (PSH)
Petersfield (PTR)
Petts Wood (PET)
Pevensey & Westham (PEV)
Pevensey Bay (PEB)
Pewsey (PEW)
Pilning (PIL)
Pinhoe (PIN)
Pitsea (PSE)
Plockton (PLK)
Pluckley (PLC)
Plumpton (PMP)
Plumstead (PLU)
Pokesdown (POK)
Polegate (PLG)
Polsloe Bridge (POL)
Ponders End (PON)
Pontefract Baghill (PFR)
Pontefract Monkhill (PFM)
Pontefract Tanshelf (POT)
Pontlottyn (PLT)
Pontypridd (PPD)
Poole (POO)
Poppleton (POP)
Portchester (PTC)
Porth (POR)
Portlethen (PLN)
Portslade (PLD)
Portsmouth & Southsea (PMS)
Portsmouth Arms (PMA)
Portsmouth Harbour (PMH)
Possilpark & Parkhouse (PPK)
Potters Bar (PBR)
Preston Park (PRP)
Princes Risborough (PRR)
Prittlewell (PRL)
Pulborough (PUL)
Purfleet (PFL)
Purley (PUR)
Purley Oaks (PUO)
Putney (PUT)
Pye Corner (PYE)
Quakers Yard (QYD)
Queenborough (QBR)
Queens Road (Peckham) (QRP)
Queenstown Road (Battersea) (QRB)
Quintrell Downs (QUI)
Radlett (RDT)
Radley (RAD)
Radyr (RDR)
Rainford (RNF)
Rainham (Essex) (RNM)
Rainham (Kent) (RAI)
Ramsgate (RAM)
Ramsgreave & Wilpshire (RGW)
Rannoch (RAN)
Ravensbourne (RVB)
Ravensthorpe (RVN)
Rawcliffe (RWC)
Rayleigh (RLG)
Raynes Park (RAY)
Reading West (RDW)
Rectory Road (REC)
Redbridge (RDB)
Redcar British Steel (RBS)
Redcar Central (RCC)
Redcar East (RCE)
Redhill (RDH)
Redland (RDA)
Reedham (Surrey) (RHM)
Reigate (REI)
Renton (RTN)
Rhiwbina (RHI)
Rhoose Cardiff International Airport (RIA)
Rhymney (RHY)
Ribblehead (RHD)
Rice Lane (RIL)
Richmond (London) (RMD)
Rickmansworth (RIC)
Riddlesdown (RDD)
Ridgmont (RID)
Risca & Pontymister (RCA)
Robertsbridge (RBR)
Rochdale (RCD)
Roche (ROC)
Rochester (RTR)
Rochford (RFD)
Rogart (ROG)
Rogerstone (ROR)
Romford (RMF)
Romsey (ROM)
Rotherhithe (ROE)
Rowlands Castle (RLN)
Rowley Regis (ROW)
Roy Bridge (RYB)
Roydon (RYN)
Royston (RYS)
Ruswarp (RUS)
Ryde Esplanade (RYD)
Ryde Pier Head (RYP)
Ryde St Johns Road (RYR)
Rye (Sussex) (RYE)
Rye House (RYH)
Salford Central (SFD)
Salfords (Surrey) (SAF)
Salisbury (SAL)
Saltaire (SAE)
Saltash (STS)
Saltburn (SLB)
Sanderstead (SNR)
Sandhurst (Berks) (SND)
Sandling (SDG)
Sandown (SAN)
Sandplace (SDP)
Sandwich (SDW)
Sarn (SRR)
Saundersfoot (SDF)
Saunderton (SDR)
Sawbridgeworth (SAW)
Saxmundham (SAX)
Scotscalder (SCT)
Sea Mills (SML)
Seaford (Sussex) (SEF)
Seaforth & Litherland (SFL)
Seaham (SEA)
Seaton Carew (SEC)
Seer Green & Jordans (SRG)
Selling (SEG)
Settle (SET)
Seven Kings (SVK)
Sevenoaks (SEV)
Severn Beach (SVB)
Shadwell (SDE)
Shalford (Surrey) (SFR)
Shanklin (SHN)
Shawford (SHW)
Sheerness-on-Sea (SSS)
Shelford (Cambs) (SED)
Shenfield (SNF)
Shepherds Well (SPH)
Shepley (SPY)
Shepperton (SHP)
Shepreth (STH)
Sherborne (SHE)
Sherburn-in-Elmet (SIE)
Shildon (SHD)
Shiplake (SHI)
Shipley (Yorks) (SHY)
Shipton (SIP)
Shirebrook (SHB)
Shirehampton (SHH)
Shirley (SRL)
Shoeburyness (SRY)
Sholing (SHO)
Shoreditch High Street (SDC)
Shoreham (Kent) (SEH)
Shoreham-by-Sea (SSE)
Shortlands (SRT)
Sidcup (SID)
Silver Street (SLV)
Sittingbourne (SIT)
Skipton (SKI)
Slade Green (SGR)
Sleights (SLH)
Slough (SLO)
Small Heath (SMA)
Smallbrook Junction (SAB)
Smithy Bridge (SMB)
Snaith (SNI)
Snodland (SDA)
Snowdown (SWO)
Sole Street (SOR)
Solihull (SOL)
South Acton (SAT)
South Bank (SBK)
South Bermondsey (SBM)
South Croydon (SCY)
South Elmsall (SES)
South Greenford (SGN)
South Merton (SMO)
South Milford (SOM)
South Ruislip (SRU)
South Tottenham (STO)
South Wigston (SWS)
South Woodham Ferrers (SOF)
Southall (STL)
Southbourne (SOB)
Southbury (SBU)
Southease (SEE)
Southend Airport (SIA)
Southend Central (SOC)
Southend East (SOE)
Southend Victoria (SOV)
Southminster (SMN)
Southport (SOP)
Southwick (SWK)
Sowerby Bridge (SOW)
Spean Bridge (SBR)
Spooner Row (SPN)
Spring Road (SRI)
Springburn (SPR)
St Albans City (SAC)
St Andrews Road (SAR)
St Budeaux Ferry Road (SBF)
St Budeaux Victoria Road (SBV)
St Columb Road (SCR)
St Denys (SDN)
St Germans (SGM)
St Helier (Surrey) (SIH)
St Ives (Cornwall) (SIV)
St James Park (Exeter) (SJP)
St James Street (Walthamstow) (SJS)
St Johns (London) (SAJ)
St Keyne Wishing Well Halt (SKN)
St Leonards Warrior Square (SLQ)
St Margarets (Herts) (SMT)
St Margarets (London) (SMG)
St Mary Cray (SMY)
Staines (SNS)
Stallingborough (SLL)
Stamford Hill (SMH)
Stanford-le-Hope (SFO)
Stansted Airport (SSD)
Stansted Mountfitchet (SST)
Staplehurst (SPU)
Stapleton Road (SRD)
Starbeck (SBE)
Starcross (SCS)
Steeton & Silsden (SON)
Stewartby (SWR)
Stocksmoor (SSM)
Stockton (STK)
Stoke Mandeville (SKM)
Stoke Newington (SKW)
Stone Crossing (SCG)
Stonegate (SOG)
Stonehouse (SHU)
Stoneleigh (SNL)
Stourbridge Junction (SBJ)
Stourbridge Town (SBT)
Stratford International (SFA)
Stratford-upon-Avon (SAV)
Stratford-upon-Avon Parkway (STY)
Strathcarron (STC)
Strawberry Hill (STW)
Streatham (Greater London) (STE)
Streatham Hill (SRH)
Streethouse (SHC)
Stromeferry (STF)
Strood (Kent) (SOO)
Stroud (Gloucs) (STD)
Sturry (STU)
Sudbury & Harrow Road (SUD)
Sudbury (Suffolk) (SUY)
Sudbury Hill Harrow (SDH)
Summerston (SUM)
Sunbury (SUU)
Sunderland (SUN)
Sundridge Park (SUP)
Sunningdale (SNG)
Sunnymeads (SNY)
Surbiton (SUR)
Surrey Quays (SQE)
Sutton (Surrey) (SUO)
Sutton Common (SUC)
Swale (SWL)
Swanley (SAY)
Swanscombe (SWM)
Swanwick (SNW)
Sway (SWY)
Swaythling (SWG)
Swindon (Wilts) (SWI)
Swinton (Manchester) (SNN)
Sydenham (London) (SYD)
Sydenham Hill (SYH)
Syon Lane (SYL)
Tackley (TAC)
Tadworth (TAD)
Taffs Well (TAF)
Tain (TAI)
Taplow (TAP)
Tattenham Corner (TAT)
Taynuilt (TAY)
Teddington (TED)
Tees-side Airport (TEA)
Templecombe (TMC)
Tenby (TEN)
Teynham (TEY)
Thames Ditton (THD)
Thatcham (THA)
The Hawthorns (THW)
The Lakes (Warks) (TLK)
Theale (THE)
Theobalds Grove (TEO)
Thorne South (TNS)
Thornford (THO)
Thornton Abbey (TNA)
Thorpe Bay (TPB)
Thorpe-le-Soken (TLS)
Three Bridges (TBD)
Three Oaks (TOK)
Thurnscoe (THC)
Thurso (THS)
Thurston (TRS)
Tilbury Town (TIL)
Tilehurst (TLH)
Tir-Phil (TIR)
Tisbury (TIS)
Todmorden (TOD)
Tolworth (TOL)
Ton Pentre (TPN)
Tonbridge (TON)
Tondu (TDU)
Tonypandy (TNP)
Tooting (TOO)
Topsham (TOP)
Torre (TRR)
Totton (TTN)
Trefforest (TRF)
Trefforest Estate (TRE)
Trehafod (TRH)
Treherbert (TRB)
Treorchy (TRY)
Trimley (TRM)
Troed-y-rhiw (TRD)
Trowbridge (TRO)
Truro (TRU)
Tulloch (TUL)
Tulse Hill (TUH)
Tunbridge Wells (TBW)
Turkey Street (TUR)
Twickenham (TWI)
Twyford (TWY)
Ty Glas (TGS)
Tyndrum Lower (TYL)
Tyseley (TYS)
Uckfield (UCK)
Ulceby (ULC)
Ulleskelf (ULL)
Umberleigh (UMB)
Upholland (UPL)
Upminster (UPM)
Upper Halliford (UPH)
Upper Holloway (UHL)
Upper Tyndrum (UTY)
Upper Warlingham (UWL)
Upwey (UPW)
Virginia Water (VIR)
Waddon (WDO)
Wadhurst (WAD)
Wakefield Kirkgate (WKK)
Wakefield Westgate (WKF)
Wallington (WLT)
Walmer (WAM)
Walsden (WDN)
Waltham Cross (WLC)
Walthamstow Queen's Road (WMW)
Walton-on-Thames (WAL)
Walton-on-the-Naze (WON)
Wanborough (WAN)
Wandsworth Common (WSW)
Wandsworth Road (WWR)
Wandsworth Town (WNT)
Wanstead Park (WNP)
Wapping (WPE)
Warblington (WBL)
Ware (Herts) (WAR)
Wareham (Dorset) (WRM)
Wargrave (WGV)
Warminster (WMN)
Warnham (WNH)
Warwick (WRW)
Warwick Parkway (WRP)
Waterbeach (WBC)
Wateringbury (WTR)
Waterloo (Merseyside) (WLO)
Watton-at-Stone (WAS)
Waun-Gron Park (WNG)
Wedgwood (WED)
Weeley (WEE)
Weeton (WET)
Welham Green (WMG)
Welling (WLI)
Welwyn North (WLW)
Wembley Stadium (WCX)
Wendover (WND)
West Byfleet (WBY)
West Croydon (WCY)
West Drayton (WDT)
West Dulwich (WDU)
West Ealing (WEA)
West Ham (WEH)
West Hampstead (WHD)
West Hampstead Thameslink (WHP)
West Horndon (WHR)
West Malling (WMA)
West Norwood (WNW)
West Ruislip (WRU)
West St Leonards (WLD)
West Sutton (WSU)
West Wickham (WWI)
West Worthing (WWO)
Westbury (Wilts) (WSB)
Westcliff (WCF)
Westcombe Park (WCB)
Westenhanger (WHA)
Westerfield (WFI)
Westgate-on-Sea (WGA)
Weston Milton (WNM)
Weybridge (WYB)
Weymouth (WEY)
Whalley (Lancs) (WHE)
Whatstandwell (WTS)
Whimple (WHM)
Whitby (WTB)
Whitchurch (Cardiff) (WHT)
Whitchurch (Hants) (WCH)
White Hart Lane (WHL)
White Notley (WNY)
Whitechapel (ZLW)
Whitley Bridge (WBD)
Whitlocks End (WTE)
Whitstable (WHI)
Whittlesford Parkway (WLF)
Whitton (London) (WTN)
Whitwell (Derbyshire) (WWL)
Whyteleafe (WHY)
Whyteleafe South (WHS)
Wick (WCK)
Wickford (WIC)
Wickham Market (WCM)
Widdrington (WDD)
Widney Manor (WMR)
Wildmill (WMI)
Wilmcote (WMC)
Wimbledon (WIM)
Wimbledon Chase (WBO)
Winchelsea (WSE)
Winchfield (WNF)
Winchmore Hill (WIH)
Windsor & Eton Central (WNC)
Windsor & Eton Riverside (WNR)
Winnersh (WNS)
Winnersh Triangle (WTI)
Witham (WTM)
Witley (WTY)
Wivelsfield (WVF)
Wivenhoe (WIV)
Woburn Sands (WOB)
Woking (WOK)
Wokingham (WKM)
Woldingham (WOH)
Wood End (WDE)
Wood Street (WST)
Woodbridge (WDB)
Woodgrange Park (WGR)
Woodlesford (WDS)
Woodmansterne (WME)
Wool (WOO)
Woolston (WLS)
Woolwich Arsenal (WWA)
Woolwich Dockyard (WWD)
Wootton Wawen (WWW)
Worcester Park (WCP)
Worle (WOR)
Worplesdon (WPL)
Worthing (WRH)
Wrabness (WRB)
Wraysbury (WRY)
Wressle (WRS)
Wye (WYE)
Wythall (WYT)
Yalding (YAL)
Yardley Wood (YRD)
Yate (YAE)
Yatton (YAT)
Yeoford (YEO)
Yeovil Junction (YVJ)
Yeovil Pen Mill (YVP)
Yetminster (YET)
Ynyswen (YNW)
Ystrad Mynach (YSM)
Ystrad Rhondda (YSR)
0.42834890965732086 percent of stations (11) have no services to warrington or returned an error
These stations are:
Ashford International (Eurostar) (ASI)
Berney Arms (BYA)
Buckenham (Norfolk) (BUC)
Dunrobin Castle (DNO)
Elephant & Castle (Underground) (ZEL)
Falls of Cruachan (FOC)
IBM Halt (IBM)
London St Pancras (Intl) (SPX)
Manchester United Football Ground (MUF)
Okehampton (OKE)
Sampford Courtenay (SMC)
