2.884990253411306 percent of stations (74) have direct services to watford
41.55945419103314 percent of stations (1066) have services to watford with a single connection
55.2046783625731 percent of stations (1416) have services to watford with more than one connection
These stations are:
Abbey Wood (ABW)
Aber (ABE)
Abercynon (ACY)
Aberdare (ABA)
Achanalt (AAT)
Achnasheen (ACN)
Achnashellach (ACH)
Acklington (ACK)
Acle (ACL)
Acocks Green (ACG)
Acton Main Line (AML)
Adisham (ADM)
Adwick (AWK)
Aigburth (AIG)
Ainsdale (ANS)
Aintree (AIN)
Albany Park (AYP)
Aldermaston (AMT)
Aldrington (AGT)
Alexandra Palace (AAP)
Alexandra Parade (AXP)
Alexandria (ALX)
Alfreton (ALF)
Allens West (ALW)
Alloa (ALO)
Alness (ASS)
Alnmouth (ALM)
Alresford (Essex) (ALR)
Althorne (Essex) (ALN)
Althorpe (ALP)
Altnabreac (ABC)
Ambergate (AMB)
Amersham (AMR)
Ancaster (ANC)
Anderston (AND)
Anerley (ANZ)
Angel Road (AGR)
Apperley Bridge (APY)
Appledore (Kent) (APD)
Appleford (APF)
Appley Bridge (APB)
Arbroath (ARB)
Ardgay (ARD)
Ardlui (AUI)
Arisaig (ARG)
Arlesey (ARL)
Arram (ARR)
Arrochar & Tarbet (ART)
Ascott-under-Wychwood (AUW)
Ash (ASH)
Ashfield (ASF)
Ashford International (AFK)
Ashton-under-Lyne (AHN)
Ashurst (Kent) (AHS)
Ashwell & Morden (AWM)
Aslockton (ALK)
Attadale (ATT)
Attleborough (ATL)
Audley End (AUD)
Aughton Park (AUG)
Avoncliff (AVF)
Avonmouth (AVN)
Aylesbury (AYS)
Aylesbury Vale Parkway (AVP)
Aylesford (AYL)
Aylesham (AYH)
Bache (BAC)
Baglan (BAJ)
Baildon (BLD)
Baldock (BDK)
Balloch (BHC)
Balmossie (BSI)
Banavie (BNV)
Bank Hall (BAH)
Bare Lane (BAR)
Bargoed (BGD)
Barking (BKG)
Barlaston (BRT)
Barming (BMG)
Barnehurst (BNH)
Barnetby (BTB)
Barnhill (BNL)
Barnsley (BNY)
Barnstaple (BNP)
Barrow Haven (BAV)
Barrow-Upon-Soar (BWS)
Barry (BRY)
Barry Docks (BYD)
Barry Island (BYI)
Barry Links (BYL)
Barton-on-Humber (BAU)
Basildon (BSO)
Bat & Ball (BBL)
Bath Spa (BTH)
Batley (BTL)
Battersby (BTT)
Battle (BAT)
Battlesbridge (BLB)
Bayford (BAY)
Beaconsfield (BCF)
Bearley (BER)
Bearsted (BSD)
Beasdale (BSL)
Beauly (BEL)
Beccles (BCC)
Beckenham Hill (BEC)
Beckenham Junction (BKJ)
Bedminster (BMT)
Bedwyn (BDW)
Bekesbourne (BKS)
Bellgrove (BLG)
Bellingham (BGM)
Belper (BLP)
Beltring (BEG)
Belvedere (BVD)
Bempton (BEM)
Ben Rhydding (BEY)
Benfleet (BEF)
Bentley (South Yorks) (BYK)
Bere Alston (BAS)
Bere Ferrers (BFE)
Berry Brow (BBW)
Berwick (Sussex) (BRK)
Berwick-upon-Tweed (BWK)
Bescar Lane (BES)
Betchworth (BTO)
Bethnal Green (BET)
Betws-y-Coed (BYC)
Beverley (BEV)
Bexley (BXY)
Bexleyheath (BXH)
Bicester North (BCS)
Bicester Village (BIT)
Bickley (BKL)
Biggleswade (BIW)
Billericay (BIC)
Billingham (Cleveland) (BIL)
Bingham (BIN)
Bingley (BIY)
Birchgrove (BCG)
Birchington-on-sea (BCH)
Birkbeck (BIK)
Birkdale (BDL)
Birkenhead Park (BKP)
Bishop Auckland (BIA)
Bishopbriggs (BBG)
Bishops Stortford (BIS)
Bishopstone (Sussex) (BIP)
Bitterne (BTE)
Blackheath (BKH)
Blackwater (BAW)
Blaenau Ffestiniog (BFF)
Blair Atholl (BLA)
Blakedown (BKD)
Bleasby (BSB)
Blundellsands & Crosby (BLN)
Bodmin Parkway (BOD)
Bolton-Upon-Dearne (BTD)
Bootle New Strand (BNW)
Bootle Oriel Road (BOT)
Bordesley (BBS)
Borough Green & Wrotham (BRG)
Boston (BSN)
Botley (BOE)
Bottesford (BTF)
Bourne End (BNE)
Bowes Park (BOP)
Bowling (BWG)
Bradford Forster Square (BDQ)
Bradford Interchange (BDI)
Bradford-on-Avon (BOA)
Brading (BDN)
Braintree (BTR)
Braintree Freeport (BTP)
Bramley (Hants) (BMY)
Bramley (W Yorks) (BLE)
Brampton (Suffolk) (BRP)
Brandon (BND)
Brentwood (BRE)
Bridge of Orchy (BRO)
Bridgend (BGN)
Bridgwater (BWT)
Bridlington (BDT)
Brigg (BGG)
Brighouse (BGH)
Brimsdown (BMD)
Bristol Parkway (BPW)
Bristol Temple Meads (BRI)
Brithdir (BHD)
Briton Ferry (BNF)
Brixton (BRX)
Broadstairs (BSR)
Brockholes (BHS)
Bromley Cross (Lancs) (BMC)
Bromley North (BMN)
Bromley South (BMS)
Brookmans Park (BPK)
Broomfleet (BMF)
Brora (BRA)
Brough (BUH)
Broxbourne (BXB)
Bruce Grove (BCV)
Brundall (BDA)
Brundall Gardens (BGA)
Brunswick (BRW)
Bruton (BRU)
Buckley (BCK)
Bugle (BGL)
Bulwell (BLW)
Bures (BUE)
Burley Park (BUY)
Burley-in-Wharfedale (BUW)
Burnham (Bucks) (BNM)
Burnham-on-Crouch (BUU)
Burnley Central (BNC)
Burscough Bridge (BCB)
Burscough Junction (BCJ)
Bursledon (BUO)
Burton Joyce (BUJ)
Bury St Edmunds (BSE)
Bush Hill Park (BHK)
Cadoxton (CAD)
Caergwrle (CGW)
Caerphilly (CPH)
Calstock (CSK)
Cam & Dursley (CDU)
Camborne (CBN)
Cambridge (CBG)
Cambridge Heath (CBH)
Canterbury East (CBE)
Canterbury West (CBW)
Cantley (CNY)
Capenhurst (CPU)
Carbis Bay (CBB)
Cardiff Bay (CDB)
Cardiff Central (CDF)
Cardiff Queen Street (CDQ)
Carlton (CTO)
Carmarthen (CMN)
Carmyle (CML)
Castle Bar Park (CBP)
Castle Cary (CLC)
Castleford (CFD)
Castleton (Manchester) (CAS)
Castleton Moor (CSM)
Catford (CTF)
Catford Bridge (CFB)
Cathays (CYS)
Cattal (CTL)
Causeland (CAU)
Cefn-y-Bedd (CYB)
Chadwell Heath (CTH)
Chafford Hundred Lakeside (CFH)
Chalfont & Latimer (CFO)
Chalkwell (CHW)
Chandlers Ford (CFR)
Chapelton (Devon) (CPN)
Chapeltown (South Yorks) (CLN)
Chappel & Wakes Colne (CWC)
Charing (Kent) (CHG)
Charing Cross (Glasgow) (CHC)
Charlbury (CBY)
Charlton (CTN)
Chartham (CRT)
Chassen Road (CSR)
Chatham (CTM)
Chathill (CHT)
Chelmsford (CHM)
Chelsfield (CLD)
Cheshunt (CHN)
Chester-le-Street (CLS)
Chestfield & Swalecliffe (CSW)
Chetnole (CNO)
Chilham (CIL)
Chilworth (CHL)
Chingford (CHI)
Chippenham (CPM)
Chislehurst (CIT)
Cholsey (CHO)
Chorleywood (CLW)
Church Fenton (CHF)
City Thameslink (CTK)
Clacton-on-Sea (CLT)
Clapton (CPT)
Clarbeston Road (CLR)
Claverdon (CLV)
Cleethorpes (CLE)
Clifton (Manchester) (CLI)
Clifton Down (CFN)
Clitheroe (CLH)
Clock House (CLK)
Clunderwen (CUW)
Cogan (CGN)
Colchester (COL)
Colchester Town (CET)
Coleshill Parkway (CEH)
Collingham (CLM)
Colne (CNE)
Combe (Oxon) (CME)
Commondale (COM)
Conisbrough (CNS)
Connel Ferry (CON)
Conon Bridge (CBD)
Cononley (CEY)
Cookham (COO)
Coombe Junction Halt (COE)
Copplestone (COP)
Corby (COR)
Corpach (CPA)
Corrour (CRR)
Coryton (COY)
Cottingham (CGM)
Cottingley (COT)
Crayford (CRY)
Crediton (CDI)
Cressing (Essex) (CES)
Cressington (CSG)
Creswell (CWD)
Crews Hill (CWH)
Crianlarich (CNR)
Cricklewood (CRI)
Crofton Park (CFT)
Cromer (CMR)
Cromford (CMF)
Cross Gates (CRG)
Crossflatts (CFL)
Crosskeys (CKY)
Crouch Hill (CRH)
Crowborough (COH)
Crowhurst (CWU)
Crowle (CWE)
Crowthorne (CRN)
Cuffley (CUF)
Culham (CUM)
Culrain (CUA)
Cupar (CUP)
Cuxton (CUX)
Cwmbach (CMH)
Dagenham Dock (DDK)
Dalgety Bay (DAG)
Dalmally (DAL)
Dalston Junction (DLJ)
Danby (DNY)
Danescourt (DCT)
Danzey (DZY)
Darlington (DAR)
Darnall (DAN)
Darsham (DSM)
Dartford (DFD)
Darton (DRT)
Darwen (DWN)
Dawlish (DWL)
Dawlish Warren (DWW)
Deal (DEA)
Dean (Wilts) (DEN)
Deighton (DHN)
Denby Dale (DBD)
Denham (DNM)
Denham Golf Club (DGC)
Dent (DNT)
Deptford (DEP)
Derby Road (Ipswich) (DBR)
Devonport (Devon) (DPT)
Devonport Dockyard (DOC)
Didcot Parkway (DID)
Digby & Sowton (DIG)
Dilton Marsh (DMH)
Dinas (Rhondda) (DMG)
Dinas Powys (DNS)
Dingle Road (DGL)
Dingwall (DIN)
Dinsdale (DND)
Diss (DIS)
Dodworth (DOD)
Doleham (DLH)
Dolgarrog (DLG)
Dolwyddelan (DWD)
Doncaster (DON)
Dorchester West (DCW)
Dorking Deepdene (DPD)
Dorking West (DKT)
Dorridge (DDG)
Dover Priory (DVP)
Dovercourt (DVC)
Downham Market (DOW)
Drayton Green (DRG)
Drayton Park (DYP)
Drem (DRM)
Driffield (DRF)
Dronfield (DRO)
Dublin Ferryport (DFP)
Dublin Port - Stena (DPS)
Duffield (DFI)
Duirinish (DRN)
Duke Street (DST)
Dullingham (DUL)
Dumpton Park (DMP)
Duncraig (DCG)
Dunton Green (DNG)
Durham (DHM)
Dyce (DYC)
Eaglescliffe (EAG)
Ealing Broadway (EAL)
Earlswood (Surrey) (ELD)
Earlswood (West Midlands) (EWD)
East Farleigh (EFL)
East Garforth (EGF)
East Malling (EML)
East Midlands Parkway (EMD)
East Tilbury (ETL)
East Worthing (EWR)
Eastbrook (EBK)
Eastrington (EGN)
Ebbsfleet International (EBD)
Ebbw Vale Parkway (EBV)
Ebbw Vale Town (EBB)
Eccles Road (ECS)
Eden Park (EDN)
Edenbridge (EBR)
Edmonton Green (EDR)
Eggesford (EGG)
Egton (EGT)
Elgin (ELG)
Elmers End (ELE)
Elmstead Woods (ESD)
Elmswell (ESW)
Elsecar (ELR)
Elsenham (Essex) (ESM)
Elstree & Borehamwood (ELS)
Eltham (ELW)
Elton & Orston (ELO)
Ely (ELY)
Emerson Park (EMP)
Energlyn & Churchill Park (ECP)
Enfield Chase (ENC)
Enfield Lock (ENL)
Enfield Town (ENF)
Entwistle (ENT)
Erith (ERH)
Essex Road (EXR)
Etchingham (ETC)
Evesham (EVE)
Exeter St Thomas (EXT)
Exmouth (EXM)
Exton (EXN)
Eynsford (EYN)
Fairwater (FRW)
Falconwood (FCN)
Falmer (FMR)
Falmouth Docks (FAL)
Falmouth Town (FMT)
Farnborough North (FNN)
Farningham Road (FNR)
Farringdon (ZFD)
Faversham (FAV)
Fazakerley (FAZ)
Fearn (FRN)
Featherstone (FEA)
Felixstowe (FLX)
Fernhill (FER)
Ferriby (FRY)
Ferryside (FYS)
Ffairfach (FFA)
Filey (FIL)
Filton Abbey Wood (FIT)
Finstock (FIN)
Fishersgate (FSG)
Fishguard & Goodwick (FGW)
Fishguard Harbour (FGH)
Fiskerton (FSK)
Fitzwilliam (FZW)
Flitwick (FLT)
Folkestone Central (FKC)
Folkestone West (FKW)
Ford (FOD)
Forest Gate (FOG)
Formby (FBY)
Forres (FOR)
Forsinard (FRS)
Fort William (FTW)
Foxton (FXN)
Frant (FRT)
Freshfield (FRE)
Freshford (FFD)
Frinton-on-Sea (FRI)
Frizinghall (FZH)
Frodsham (FRD)
Frome (FRO)
Furze Platt (FZP)
Gainsborough Central (GNB)
Gainsborough Lea Road (GBL)
Garelochhead (GCH)
Gargrave (GGV)
Garsdale (GSD)
Garth (Mid Glamorgan) (GMG)
Garve (GVE)
Gathurst (GST)
Georgemas Junction (GGJ)
Gerrards Cross (GER)
Gidea Park (GDP)
Gilberdyke (GBD)
Gilfach Fargoed (GFF)
Gillingham (Kent) (GLM)
Gilshochill (GSC)
Girvan (GIR)
Glaisdale (GLS)
Glan Conwy (GCW)
Glasshoughton (GLH)
Gleneagles (GLE)
Glenfinnan (GLF)
Glenrothes with Thornton (GLT)
Glynde (GLY)
Godstone (GDN)
Goldthorpe (GOE)
Golf Street (GOF)
Golspie (GOL)
Gomshall (GOM)
Goodmayes (GMY)
Goole (GOO)
Gordon Hill (GDH)
Goring & Streatley (GOR)
Gowerton (GWN)
Goxhill (GOX)
Grange Park (GPK)
Grangetown (Cardiff) (GTN)
Grantham (GRA)
Gravesend (GRV)
Grays (GRY)
Great Ayton (GTA)
Great Bentley (GRB)
Great Chesterford (GRC)
Great Coates (GCT)
Great Missenden (GMN)
Great Yarmouth (GYM)
Greenford (GFD)
Greenhithe (GNH)
Greenock Central (GKC)
Greenwich (GNW)
Grimsby Docks (GMD)
Grimsby Town (GMB)
Grosmont (GMT)
Grove Park (GRP)
Guiseley (GSY)
Gunnislake (GSL)
Gunton (GNT)
Gwersyllt (GWE)
Gypsy Lane (GYP)
Habrough (HAB)
Hackney Downs (HAC)
Haddenham & Thame Parkway (HDM)
Haddiscoe (HAD)
Hadley Wood (HDW)
Haggerston (HGG)
Hagley (HAG)
Halesworth (HAS)
Halifax (HFX)
Hall Green (HLG)
Hall Road (HLR)
Halling (HAI)
Hall-i'-th'-Wood (HID)
Ham Street (HMT)
Hamble (HME)
Hammerton (HMM)
Hanborough (HND)
Hanwell (HAN)
Harling Road (HRD)
Harlington (Beds) (HLN)
Harlow Mill (HWM)
Harlow Town (HWN)
Harold Wood (HRO)
Harpenden (HPD)
Harrietsham (HRM)
Harringay (HGY)
Harringay Green Lanes (HRY)
Harrogate (HGT)
Harrow-on-the-Hill (HOH)
Hartlebury (HBY)
Hartlepool (HPL)
Hartwood (HTW)
Harwich International (HPQ)
Harwich Town (HWC)
Hatfield & Stainforth (HFS)
Hatfield (Herts) (HAT)
Hatfield Peverel (HAP)
Hatton (HTN)
Havenhouse (HVN)
Haverfordwest (HVF)
Hawarden (HWD)
Hawarden Bridge (HWB)
Haydons Road (HYR)
Hayes & Harlington (HAY)
Hayes (Kent) (HYS)
Hayle (HYL)
Headcorn (HCN)
Headingley (HDY)
Healing (HLI)
Heath High Level (HHL)
Heath Low Level (HLL)
Heathrow Airport Terminal 4 (HAF)
Heathrow Airport Terminal 5 (HWV)
Heathrow Airport Terminals 1, 2 and 3 (HXX)
Heckington (HEC)
Hedge End (HDE)
Heighington (HEI)
Helensburgh Upper (HLU)
Hellifield (HLD)
Helmsdale (HMS)
Helsby (HSB)
Hendon (HEN)
Hengoed (HNG)
Henley-in-Arden (HNL)
Henley-on-Thames (HOT)
Hensall (HEL)
Herne Bay (HNB)
Herne Hill (HNH)
Hertford East (HFE)
Hertford North (HFN)
Hessle (HES)
Heswall (HSW)
Heworth (HEW)
Hexham (HEX)
Heyford (HYD)
High Brooms (HIB)
High Street (Glasgow) (HST)
High Wycombe (HWY)
Higham (Kent) (HGM)
Highams Park (HIP)
Highbridge & Burnham (HIG)
Hightown (HTO)
Hildenborough (HLB)
Hillside (HIL)
Hitchin (HIT)
Hither Green (HGR)
Hockley (HOC)
Hollingbourne (HBN)
Honeybourne (HYB)
Honley (HOY)
Hope (Flintshire) (HPE)
Hornbeam Park (HBP)
Hornsey (HRN)
Horsforth (HRS)
Horton-in-Ribblesdale (HIR)
Hoscar (HSC)
Hoveton & Wroxham (HXM)
Howden (HOW)
Hubberts Bridge (HBB)
Hucknall (HKN)
Hull (HUL)
Hungerford (HGD)
Hunmanby (HUB)
Huntingdon (HUN)
Huntly (HNT)
Hunts Cross (HNX)
Hutton Cranswick (HUT)
Hykeham (HKM)
Hythe (Essex) (HYH)
Ilford (IFD)
Ilkley (ILK)
Ince (Manchester) (INC)
Ingatestone (INT)
Insch (INS)
Invergordon (IGD)
Invergowrie (ING)
Invershin (INH)
Inverurie (INR)
Ipswich (IPS)
Islip (ISP)
Iver (IVR)
Ivybridge (IVY)
James Cook (JCH)
Jewellery Quarter (JEQ)
Johnston (Pembs) (JOH)
Kearsney (Kent) (KSN)
Keighley (KEI)
Keith (KEH)
Kelvedon (KEL)
Kelvindale (KVD)
Kemble (KEM)
Kemsing (KMS)
Kemsley (KML)
Kennett (KNE)
Kent House (KTH)
Kentish Town (KTN)
Kettering (KET)
Keyham (KEY)
Keynsham (KYN)
Kidbrooke (KDB)
Kidwelly (KWL)
Kildale (KLD)
Kildonan (KIL)
Kilgetty (KGT)
Kilpatrick (KPT)
Kinbrace (KBC)
Kingham (KGM)
Kings Lynn (KLN)
Kings Nympton (KGN)
Kings Sutton (KGS)
Kintbury (KIT)
Kirby Cross (KBX)
Kirk Sandall (KKS)
Kirkby (Merseyside) (KIR)
Kirkby-in-Ashfield (KKB)
Kirkdale (KKD)
Kirkstall Forge (KLF)
Kirton Lindsey (KTL)
Kiveton Bridge (KIV)
Kiveton Park (KVP)
Knaresborough (KNA)
Knebworth (KBW)
Knockholt (KCK)
Knottingley (KNO)
Kyle of Lochalsh (KYL)
Ladywell (LAD)
Laindon (LAI)
Lairg (LRG)
Lake (LKE)
Lakenheath (LAK)
Lamphey (LAM)
Langho (LHO)
Langley (Berks) (LNY)
Langley Green (LGG)
Langley Mill (LGM)
Langwith-Whaley Thorns (LAG)
Lapford (LAP)
Lapworth (LPW)
Laurencekirk (LAU)
Lawrence Hill (LWH)
Lea Bridge (LEB)
Leagrave (LEA)
Lealholm (LHM)
Lee (London) (LEE)
Leigh (Kent) (LIH)
Leigh-on-Sea (LES)
Lelant (LEL)
Lelant Saltings (LTS)
Lenham (LEN)
Lenzie (LNZ)
Letchworth Garden City (LET)
Leuchars (for St. Andrews) (LEU)
Lewisham (LEW)
Leyton Midland Road (LEM)
Leytonstone High Road (LER)
Limehouse (LHS)
Lincoln Central (LCN)
Lingwood (LGD)
Liskeard (LSK)
Lisvane & Thornhill (LVT)
Little Kimble (LTK)
Littleborough (LTL)
Littleport (LTP)
Llanbradach (LNB)
Llandaf (LLN)
Llanelli (LLE)
Llanharan (LLR)
Llanhilleth (LTH)
Llanishen (LLS)
Llanrwst (LWR)
Llansamlet (LAS)
Llantwit Major (LWM)
Llwynypia (LLY)
Loch Awe (LHA)
Loch Eil Outward Bound (LHE)
Lochailort (LCL)
Locheilside (LCS)
Lochluichart (LCC)
Lockwood (LCK)
London Fields (LOF)
London Road (Brighton) (LRB)
London Waterloo East (WAE)
Long Preston (LPR)
Longbeck (LGK)
Longfield (LGF)
Looe (LOO)
Lostwithiel (LOS)
Loughborough (LBO)
Loughborough Junction (LGJ)
Lowdham (LOW)
Lower Sydenham (LSY)
Lowestoft (LWT)
Luton (LUT)
Luton Airport Parkway (LTN)
Luxulyan (LUX)
Lye (West Midlands) (LYE)
Lymington Pier (LYP)
Lymington Town (LYT)
Lympstone Commando (LYC)
Lympstone Village (LYM)
Maesteg (MST)
Maesteg (Ewenny Road) (MEW)
Maghull (MAG)
Maiden Newton (MDN)
Maidenhead (MAI)
Maidstone Barracks (MDB)
Maidstone East (MDE)
Maidstone West (MDW)
Mallaig (MLG)
Malton (MLT)
Manea (MNE)
Manningtree (MNG)
Manor Park (MNP)
Manorbier (MRB)
Mansfield (MFT)
Mansfield Woodhouse (MSW)
March (MCH)
Marden (Kent) (MRN)
Margate (MAR)
Market Harborough (MHR)
Market Rasen (MKR)
Marks Tey (MKT)
Marlow (MLW)
Marske (MSK)
Martin Mill (MTM)
Marton (MTO)
Maryhill (MYH)
Maryland (MYL)
Matlock (MAT)
Matlock Bath (MTB)
Maybole (MAY)
Maze Hill (MZH)
Meadowhall (MHS)
Meldreth (MEL)
Melksham (MKM)
Melton (Suffolk) (MES)
Menheniot (MEN)
Menston (MNN)
Meols Cop (MEC)
Meopham (MEP)
Merthyr Tydfil (MER)
Merthyr Vale (MEV)
Metheringham (MGM)
Mexborough (MEX)
Micheldever (MIC)
Micklefield (MIK)
Middlesbrough (MBR)
Midgham (MDG)
Milford Haven (MFH)
Mill Hill Broadway (MIL)
Millbrook (Hants) (MBK)
Mills Hill (Manchester) (MIH)
Minster (MSR)
Mirfield (MIR)
Mistley (MIS)
Monks Risborough (MRS)
Montpelier (MTP)
Moorgate (MOG)
Moorside (MSD)
Moorthorpe (MRP)
Morar (MRR)
Morchard Road (MRD)
Morden South (MDS)
Moreton-in-Marsh (MIM)
Morley (MLY)
Mortimer (MOR)
Moston (MSO)
Mottingham (MTG)
Mottisfont & Dunbridge (DBG)
Mouldsworth (MLD)
Moulsecoomb (MCB)
Mountain Ash (MTA)
Muir of Ord (MOO)
Nafferton (NFN)
Nailsea & Backwell (NLS)
Nairn (NRN)
Narberth (NAR)
Neath (NTH)
Needham Market (NMT)
Neston (NES)
Netherfield (NET)
Netley (NTL)
New Barnet (NBA)
New Beckenham (NBC)
New Clee (NCE)
New Cross (NWX)
New Eltham (NEH)
New Holland (NHL)
New Hythe (NHE)
New Lane (NLN)
New Pudsey (NPD)
New Southgate (NSG)
Newark Castle (NCT)
Newark North Gate (NNG)
Newbridge (NBE)
Newbury (NBY)
Newbury Racecourse (NRC)
Newcastle (NCL)
Newcourt (NCO)
Newhaven Harbour (NVH)
Newhaven Town (NVN)
Newington (NGT)
Newmarket (NMK)
Newport (Essex) (NWE)
Newport (South Wales) (NWP)
Newquay (NQY)
Newstead (NSD)
Newton (Lanark) (NTN)
Newton Abbot (NTA)
Newton Aycliffe (NAY)
Newton St Cyres (NTC)
Ninian Park (NNP)
Nitshill (NIT)
Normans Bay (NSB)
Normanton (NOR)
North Camp (NCM)
North Fambridge (NFA)
North Llanrwst (NLR)
North Road (Darlington) (NRD)
North Walsham (NWA)
Northallerton (NTR)
Northfleet (NFL)
Northolt Park (NLT)
Northumberland Park (NUM)
Norton Bridge (NTB)
Norwich (NRW)
Nunhead (NHD)
Nunthorpe (NNT)
Nutfield (NUF)
Oakleigh Park (OKL)
Oban (OBN)
Ockendon (OCK)
Old Hill (OHL)
Old Roan (ORN)
Old Street (OLD)
Oldfield Park (OLF)
Olton (OLT)
Orpington (ORP)
Orrell (ORR)
Orrell Park (OPK)
Otford (OTF)
Oulton Broad North (OUN)
Oulton Broad South (OUS)
Outwood (OUT)
Oxford Parkway (OXP)
Paddock Wood (PDW)
Paignton (PGN)
Palmers Green (PAL)
Pangbourne (PAN)
Pannal (PNL)
Par (PAR)
Parbold (PBL)
Parson Street (PSN)
Patchway (PWY)
Peartree (PEA)
Pegswood (PEG)
Pemberton (PEM)
Pembrey & Burry Port (PBY)
Pembroke (PMB)
Pembroke Dock (PMD)
Penally (PNA)
Penarth (PEN)
Pencoed (PCD)
Pengam (PGM)
Penge East (PNE)
Penge West (PNW)
Penistone (PNS)
Penmere (PNM)
Penrhiwceiber (PER)
Penryn (Cornwall) (PYN)
Penshurst (PHR)
Pentre-Bach (PTB)
Penyffordd (PNF)
Penzance (PNZ)
Perranwell (PRW)
Pershore (PSH)
Peterborough (PBO)
Petts Wood (PET)
Pevensey Bay (PEB)
Pewsey (PEW)
Pilning (PIL)
Pitsea (PSE)
Plockton (PLK)
Pluckley (PLC)
Plumstead (PLU)
Plymouth (PLY)
Polsloe Bridge (POL)
Ponders End (PON)
Pontefract Baghill (PFR)
Pontefract Monkhill (PFM)
Pontefract Tanshelf (POT)
Pontlottyn (PLT)
Pontyclun (PYC)
Pont-y-Pant (PYP)
Pontypool & New Inn (PPL)
Pontypridd (PPD)
Poppleton (POP)
Port Talbot Parkway (PTA)
Porth (POR)
Portlethen (PLN)
Portsmouth Arms (PMA)
Possilpark & Parkhouse (PPK)
Potters Bar (PBR)
Prescot (PSC)
Princes Risborough (PRR)
Prittlewell (PRL)
Prudhoe (PRU)
Purfleet (PFL)
Pye Corner (PYE)
Pyle (PYL)
Quakers Yard (QYD)
Queenborough (QBR)
Quintrell Downs (QUI)
Radcliffe-on-Trent (RDF)
Radlett (RDT)
Radley (RAD)
Radyr (RDR)
Rainford (RNF)
Rainham (Essex) (RNM)
Rainham (Kent) (RAI)
Ramsgate (RAM)
Ramsgreave & Wilpshire (RGW)
Rannoch (RAN)
Rauceby (RAU)
Ravensbourne (RVB)
Ravensthorpe (RVN)
Rawcliffe (RWC)
Rayleigh (RLG)
Reading (RDG)
Reading West (RDW)
Rectory Road (REC)
Redbridge (RDB)
Redcar British Steel (RBS)
Redcar Central (RCC)
Redcar East (RCE)
Redland (RDA)
Redruth (RED)
Reedham (Norfolk) (REE)
Renton (RTN)
Retford (RET)
Rhiwbina (RHI)
Rhoose Cardiff International Airport (RIA)
Rhymney (RHY)
Ribblehead (RHD)
Rice Lane (RIL)
Rickmansworth (RIC)
Risca & Pontymister (RCA)
Robertsbridge (RBR)
Rochdale (RCD)
Roche (ROC)
Rochester (RTR)
Rochford (RFD)
Rogart (ROG)
Rogerstone (ROR)
Rolleston (ROL)
Roman Bridge (RMB)
Romford (RMF)
Romsey (ROM)
Rotherham Central (RMC)
Roughton Road (RNR)
Rowley Regis (ROW)
Roy Bridge (RYB)
Roydon (RYN)
Royston (RYS)
Ruskington (RKT)
Ruswarp (RUS)
Ryde Esplanade (RYD)
Ryde Pier Head (RYP)
Ryde St Johns Road (RYR)
Rye (Sussex) (RYE)
Rye House (RYH)
Salford Central (SFD)
Salhouse (SAH)
Saltaire (SAE)
Saltash (STS)
Saltburn (SLB)
Saltmarshe (SAM)
Sandal & Agbrigg (SNA)
Sandhills (SDL)
Sandhurst (Berks) (SND)
Sandling (SDG)
Sandown (SAN)
Sandplace (SDP)
Sandwich (SDW)
Sandy (SDY)
Sarn (SRR)
Saundersfoot (SDF)
Saunderton (SDR)
Sawbridgeworth (SAW)
Saxilby (SXY)
Saxmundham (SAX)
Scarborough (SCA)
Scotscalder (SCT)
Scunthorpe (SCU)
Sea Mills (SML)
Seaford (Sussex) (SEF)
Seaforth & Litherland (SFL)
Seamer (SEM)
Seaton Carew (SEC)
Seer Green & Jordans (SRG)
Selby (SBY)
Selling (SEG)
Settle (SET)
Seven Kings (SVK)
Sevenoaks (SEV)
Severn Beach (SVB)
Shalford (Surrey) (SFR)
Shanklin (SHN)
Sheerness-on-Sea (SSS)
Shelford (Cambs) (SED)
Shenfield (SNF)
Shepherds Well (SPH)
Shepley (SPY)
Shepreth (STH)
Sherburn-in-Elmet (SIE)
Sheringham (SHM)
Shildon (SHD)
Shiplake (SHI)
Shipley (Yorks) (SHY)
Shippea Hill (SPP)
Shipton (SIP)
Shirebrook (SHB)
Shirehampton (SHH)
Shireoaks (SRO)
Shirley (SRL)
Shoeburyness (SRY)
Sholing (SHO)
Shoreham (Kent) (SEH)
Shortlands (SRT)
Sidcup (SID)
Sileby (SIL)
Silkstone Common (SLK)
Silver Street (SLV)
Sittingbourne (SIT)
Skegness (SKG)
Skewen (SKE)
Skipton (SKI)
Slade Green (SGR)
Sleaford (SLR)
Sleights (SLH)
Slough (SLO)
Small Heath (SMA)
Smallbrook Junction (SAB)
Snaith (SNI)
Snodland (SDA)
Snowdown (SWO)
Sole Street (SOR)
Solihull (SOL)
Somerleyton (SYT)
South Bank (SBK)
South Bermondsey (SBM)
South Croydon (SCY)
South Elmsall (SES)
South Greenford (SGN)
South Merton (SMO)
South Milford (SOM)
South Ruislip (SRU)
South Tottenham (STO)
South Woodham Ferrers (SOF)
Southall (STL)
Southbury (SBU)
Southease (SEE)
Southend Airport (SIA)
Southend Central (SOC)
Southend East (SOE)
Southend Victoria (SOV)
Southminster (SMN)
Southport (SOP)
Southwick (SWK)
Spalding (SPA)
Spean Bridge (SBR)
Spooner Row (SPN)
Spring Road (SRI)
Springburn (SPR)
St Andrews Road (SAR)
St Austell (SAU)
St Bees (SBS)
St Budeaux Ferry Road (SBF)
St Budeaux Victoria Road (SBV)
St Columb Road (SCR)
St Erth (SER)
St Germans (SGM)
St Helier (Surrey) (SIH)
St Ives (Cornwall) (SIV)
St James Park (Exeter) (SJP)
St James Street (Walthamstow) (SJS)
St Johns (London) (SAJ)
St Keyne Wishing Well Halt (SKN)
St Margarets (Herts) (SMT)
St Mary Cray (SMY)
St Michaels (STM)
St Neots (SNO)
Stallingborough (SLL)
Stamford Hill (SMH)
Stanford-le-Hope (SFO)
Stansted Airport (SSD)
Stansted Mountfitchet (SST)
Staplehurst (SPU)
Stapleton Road (SRD)
Starbeck (SBE)
Starcross (SCS)
Steeton & Silsden (SON)
Stevenage (SVG)
Stocksmoor (SSM)
Stockton (STK)
Stoke Mandeville (SKM)
Stoke Newington (SKW)
Stone Crossing (SCG)
Stonegate (SOG)
Stonehouse (SHU)
Stourbridge Town (SBT)
Stowmarket (SMK)
Stratford International (SFA)
Stratford-upon-Avon (SAV)
Stratford-upon-Avon Parkway (STY)
Strathcarron (STC)
Streethouse (SHC)
Stromeferry (STF)
Strood (Kent) (SOO)
Stroud (Gloucs) (STD)
Sturry (STU)
Styal (SYA)
Sudbury & Harrow Road (SUD)
Sudbury (Suffolk) (SUY)
Sudbury Hill Harrow (SDH)
Summerston (SUM)
Sundridge Park (SUP)
Sutton Common (SUC)
Sutton Parkway (SPK)
Swale (SWL)
Swanley (SAY)
Swanscombe (SWM)
Swansea (SWA)
Swanwick (SNW)
Swinderby (SWD)
Swindon (Wilts) (SWI)
Swineshead (SWE)
Swinton (Manchester) (SNN)
Swinton (South Yorks) (SWN)
Sydenham Hill (SYH)
Syston (SYS)
Tackley (TAC)
Taffs Well (TAF)
Tain (TAI)
Tal-y-Cafn (TLC)
Taplow (TAP)
Taunton (TAU)
Taynuilt (TAY)
Tees-side Airport (TEA)
Teignmouth (TGM)
Tenby (TEN)
Teynham (TEY)
Thatcham (THA)
Thatto Heath (THH)
The Hawthorns (THW)
The Lakes (Warks) (TLK)
Theale (THE)
Theobalds Grove (TEO)
Thetford (TTF)
Thirsk (THI)
Thornaby (TBY)
Thorne North (TNN)
Thorne South (TNS)
Thornford (THO)
Thornton Abbey (TNA)
Thorpe Bay (TPB)
Thorpe Culvert (TPC)
Thorpe-le-Soken (TLS)
Three Oaks (TOK)
Thurgarton (THU)
Thurnscoe (THC)
Thurso (THS)
Thurston (TRS)
Tilbury Town (TIL)
Tilehurst (TLH)
Tir-Phil (TIR)
Tiverton Parkway (TVP)
Todmorden (TOD)
Ton Pentre (TPN)
Tonbridge (TON)
Tondu (TDU)
Tonfanau (TNF)
Tonypandy (TNP)
Tooting (TOO)
Topsham (TOP)
Torquay (TQY)
Torre (TRR)
Totnes (TOT)
Town Green (TWN)
Trafford Park (TRA)
Trefforest (TRF)
Trefforest Estate (TRE)
Trehafod (TRH)
Treherbert (TRB)
Treorchy (TRY)
Trimley (TRM)
Troed-y-rhiw (TRD)
Trowbridge (TRO)
Truro (TRU)
Tulloch (TUL)
Tunbridge Wells (TBW)
Turkey Street (TUR)
Twyford (TWY)
Ty Glas (TGS)
Tyndrum Lower (TYL)
Tyseley (TYS)
Uckfield (UCK)
Ulceby (ULC)
Ulleskelf (ULL)
Umberleigh (UMB)
Upholland (UPL)
Upminster (UPM)
Upper Holloway (UHL)
Upper Tyndrum (UTY)
Upton (Merseyside) (UPT)
Wadhurst (WAD)
Wainfleet (WFL)
Wakefield Kirkgate (WKK)
Wakefield Westgate (WKF)
Walmer (WAM)
Waltham Cross (WLC)
Walthamstow Queen's Road (WMW)
Walton (Merseyside) (WAO)
Walton-on-the-Naze (WON)
Wanborough (WAN)
Wanstead Park (WNP)
Ware (Herts) (WAR)
Wargrave (WGV)
Warminster (WMN)
Warwick (WRW)
Warwick Parkway (WRP)
Waterbeach (WBC)
Wateringbury (WTR)
Waterloo (Merseyside) (WLO)
Watlington (WTG)
Watton-at-Stone (WAS)
Waun-Gron Park (WNG)
Wedgwood (WED)
Weeley (WEE)
Weeton (WET)
Welham Green (WMG)
Welling (WLI)
Wellingborough (WEL)
Welwyn Garden City (WGC)
Welwyn North (WLW)
Wembley Stadium (WCX)
Wendover (WND)
West Drayton (WDT)
West Dulwich (WDU)
West Ealing (WEA)
West Ham (WEH)
West Hampstead Thameslink (WHP)
West Horndon (WHR)
West Malling (WMA)
West Ruislip (WRU)
West Runton (WRN)
West St Leonards (WLD)
West Sutton (WSU)
West Wickham (WWI)
Westbury (Wilts) (WSB)
Westcliff (WCF)
Westcombe Park (WCB)
Westenhanger (WHA)
Westerfield (WFI)
Westgate-on-Sea (WGA)
Weston Milton (WNM)
Weston-super-Mare (WSM)
Whalley (Lancs) (WHE)
Whatstandwell (WTS)
Whitby (WTB)
Whitchurch (Cardiff) (WHT)
White Hart Lane (WHL)
White Notley (WNY)
Whitland (WTL)
Whitley Bridge (WBD)
Whitlocks End (WTE)
Whitstable (WHI)
Whittlesea (WLE)
Whittlesford Parkway (WLF)
Whitwell (Derbyshire) (WWL)
Whyteleafe (WHY)
Wick (WCK)
Wickford (WIC)
Wickham Market (WCM)
Widdrington (WDD)
Widney Manor (WMR)
Wildmill (WMI)
Wilmcote (WMC)
Wimbledon Chase (WBO)
Winchelsea (WSE)
Winchmore Hill (WIH)
Windermere (WDM)
Windsor & Eton Central (WNC)
Witham (WTM)
Wivenhoe (WIV)
Wombwell (WOM)
Wood End (WDE)
Wood Street (WST)
Woodbridge (WDB)
Woodgrange Park (WGR)
Woodhouse (WDH)
Woodlesford (WDS)
Woodmansterne (WME)
Woolston (WLS)
Woolwich Arsenal (WWA)
Woolwich Dockyard (WWD)
Wootton Wawen (WWW)
Worksop (WRK)
Worle (WOR)
Worstead (WRT)
Wrabness (WRB)
Wressle (WRS)
Wrexham Central (WXC)
Wye (WYE)
Wymondham (WMD)
Wythall (WYT)
Yalding (YAL)
Yardley Wood (YRD)
Yarm (YRM)
Yate (YAE)
Yatton (YAT)
Yeoford (YEO)
Yeovil Pen Mill (YVP)
Yetminster (YET)
Ynyswen (YNW)
Yoker (YOK)
York (YRK)
Ystrad Mynach (YSM)
Ystrad Rhondda (YSR)
0.42884990253411304 percent of stations (11) have no services to watford or returned an error
These stations are:
Ashford International (Eurostar) (ASI)
Berney Arms (BYA)
Buckenham (Norfolk) (BUC)
Dunrobin Castle (DNO)
Elephant & Castle (Underground) (ZEL)
Falls of Cruachan (FOC)
IBM Halt (IBM)
London St Pancras (Intl) (SPX)
Manchester United Football Ground (MUF)
Okehampton (OKE)
Sampford Courtenay (SMC)
