5.6486170627191274 percent of stations (145) have direct services to bristol
43.552785352551616 percent of stations (1118) have services to bristol with a single connection
50.37008180755746 percent of stations (1293) have services to bristol with more than one connection
These stations are:
Abbey Wood (ABW)
Accrington (ACR)
Achanalt (AAT)
Achnasheen (ACN)
Achnashellach (ACH)
Acle (ACL)
Acocks Green (ACG)
Acton Central (ACC)
Addiewell (ADW)
Addlestone (ASN)
Adisham (ADM)
Aigburth (AIG)
Ainsdale (ANS)
Aintree (AIN)
Airbles (AIR)
Airdrie (ADR)
Albany Park (AYP)
Aldershot (AHT)
Alexandra Palace (AAP)
Alexandra Parade (AXP)
Alexandria (ALX)
Alloa (ALO)
Alness (ASS)
Alresford (Essex) (ALR)
Althorne (Essex) (ALN)
Altnabreac (ABC)
Alton (AON)
Amersham (AMR)
Ancaster (ANC)
Anderston (AND)
Anerley (ANZ)
Angel Road (AGR)
Annan (ANN)
Anniesland (ANL)
Ansdell & Fairhaven (AFV)
Appleby (APP)
Appledore (Kent) (APD)
Apsley (APS)
Ardgay (ARD)
Ardlui (AUI)
Ardrossan Harbour (ADS)
Ardrossan South Beach (ASB)
Ardrossan Town (ADN)
Argyle Street (AGS)
Arisaig (ARG)
Arlesey (ARL)
Armadale (West Lothian) (ARM)
Armathwaite (AWT)
Arrochar & Tarbet (ART)
Ash Vale (AHV)
Ashfield (ASF)
Ashford International (AFK)
Ashtead (AHD)
Ashton-under-Lyne (AHN)
Ashurst (Kent) (AHS)
Ashwell & Morden (AWM)
Askam (ASK)
Aslockton (ALK)
Aspatria (ASP)
Aspley Guise (APG)
Atherton (ATN)
Attadale (ATT)
Attleborough (ATL)
Auchinleck (AUK)
Audley End (AUD)
Aughton Park (AUG)
Aylesbury (AYS)
Aylesbury Vale Parkway (AVP)
Aylesford (AYL)
Aylesham (AYH)
Ayr (AYR)
Bache (BAC)
Bagshot (BAG)
Baildon (BLD)
Baillieston (BIO)
Balcombe (BAB)
Baldock (BDK)
Balloch (BHC)
Balmossie (BSI)
Bamber Bridge (BMB)
Banavie (BNV)
Bank Hall (BAH)
Barassie (BSS)
Bare Lane (BAR)
Bargeddie (BGI)
Barking (BKG)
Barlaston (BRT)
Barming (BMG)
Barnehurst (BNH)
Barnhill (BNL)
Barrhead (BRR)
Barrhill (BRL)
Barrow Haven (BAV)
Barrow-Upon-Soar (BWS)
Barry Links (BYL)
Barton-on-Humber (BAU)
Basildon (BSO)
Bat & Ball (BBL)
Battersby (BTT)
Battle (BAT)
Battlesbridge (BLB)
Bayford (BAY)
Beaconsfield (BCF)
Bearley (BER)
Bearsden (BRN)
Bearsted (BSD)
Beasdale (BSL)
Beauly (BEL)
Bebington (BEB)
Beccles (BCC)
Beckenham Hill (BEC)
Beckenham Junction (BKJ)
Bedford (BDM)
Bedford St Johns (BSJ)
Bedworth (BEH)
Bekesbourne (BKS)
Bellgrove (BLG)
Bellingham (BGM)
Bellshill (BLH)
Beltring (BEG)
Belvedere (BVD)
Ben Rhydding (BEY)
Benfleet (BEF)
Bentham (BEN)
Berkhamsted (BKM)
Bermuda Park (BEP)
Berrylands (BRS)
Berwick (Sussex) (BRK)
Bescar Lane (BES)
Bethnal Green (BET)
Betws-y-Coed (BYC)
Bexhill (BEX)
Bexley (BXY)
Bexleyheath (BXH)
Bicester North (BCS)
Bicester Village (BIT)
Bickley (BKL)
Bidston (BID)
Biggleswade (BIW)
Billericay (BIC)
Billingham (Cleveland) (BIL)
Bingham (BIN)
Birchington-on-sea (BCH)
Birkbeck (BIK)
Birkdale (BDL)
Birkenhead Central (BKC)
Birkenhead Hamilton Square (BKQ)
Birkenhead North (BKN)
Birkenhead Park (BKP)
Bishopbriggs (BBG)
Bishops Stortford (BIS)
Bishopstone (Sussex) (BIP)
Bishopton (Strathclyde) (BPT)
Blackburn (BBN)
Blackheath (BKH)
Blackhorse Road (BHO)
Blackpool Pleasure Beach (BPB)
Blackpool South (BPS)
Blackridge (BKR)
Blaenau Ffestiniog (BFF)
Blair Atholl (BLA)
Blairhill (BAI)
Blantyre (BLT)
Blundellsands & Crosby (BLN)
Bogston (BGS)
Bookham (BKA)
Bootle (Cumbria) (BOC)
Bootle New Strand (BNW)
Bootle Oriel Road (BOT)
Bordesley (BBS)
Borough Green & Wrotham (BRG)
Boston (BSN)
Bottesford (BTF)
Bourne End (BNE)
Bow Brickhill (BWB)
Bowes Park (BOP)
Bowling (BWG)
Box Hill & Westhumble (BXW)
Brading (BDN)
Braintree (BTR)
Braintree Freeport (BTP)
Brampton (Suffolk) (BRP)
Branchton (BCN)
Brandon (BND)
Braystones (Cumbria) (BYS)
Breich (BRC)
Brentwood (BRE)
Bricket Wood (BWO)
Bridge of Orchy (BRO)
Bridgeton (BDG)
Brierfield (BRF)
Brimsdown (BMD)
Brixton (BRX)
Broad Green (BGE)
Broadstairs (BSR)
Brockley (BCY)
Bromborough (BOM)
Bromborough Rake (BMR)
Bromley Cross (Lancs) (BMC)
Bromley North (BMN)
Bromley South (BMS)
Brondesbury (BSY)
Brondesbury Park (BSP)
Brookmans Park (BPK)
Brookwood (BKO)
Brora (BRA)
Broughty Ferry (BYF)
Broxbourne (BXB)
Bruce Grove (BCV)
Brundall (BDA)
Brundall Gardens (BGA)
Brunswick (BRW)
Bryn (BYN)
Buckley (BCK)
Bulwell (BLW)
Bures (BUE)
Burgess Hill (BUG)
Burley-in-Wharfedale (BUW)
Burnham-on-Crouch (BUU)
Burnley Barracks (BUB)
Burnley Central (BNC)
Burnley Manchester Road (BYM)
Burnside (Strathclyde) (BUI)
Burscough Junction (BCJ)
Bury St Edmunds (BSE)
Busby (BUS)
Bush Hill Park (BHK)
Bushey (BSH)
Buxted (BXD)
Caergwrle (CGW)
Caldercruix (CAC)
Caledonian Rd & Barnsbury (CIR)
Camberley (CAM)
Cambridge (CBG)
Cambridge Heath (CBH)
Cambuslang (CBL)
Camden Road (CMD)
Canada Water (ZCW)
Canonbury (CNN)
Canterbury East (CBE)
Canterbury West (CBW)
Cantley (CNY)
Capenhurst (CPU)
Cardenden (CDD)
Cardiff Bay (CDB)
Cardonald (CDO)
Cardross (CDR)
Carfin (CRF)
Carluke (CLU)
Carmyle (CML)
Carnoustie (CAN)
Carntyne (CAY)
Carpenders Park (CPK)
Carrbridge (CAG)
Carshalton Beeches (CSB)
Carstairs (CRS)
Cartsdyke (CDY)
Castle Bar Park (CBP)
Castleton (Manchester) (CAS)
Castleton Moor (CSM)
Caterham (CAT)
Catford (CTF)
Catford Bridge (CFB)
Cathcart (CCT)
Cefn-y-Bedd (CYB)
Chadwell Heath (CTH)
Chafford Hundred Lakeside (CFH)
Chalfont & Latimer (CFO)
Chalkwell (CHW)
Chappel & Wakes Colne (CWC)
Charing (Kent) (CHG)
Charing Cross (Glasgow) (CHC)
Charlton (CTN)
Chartham (CRT)
Chassen Road (CSR)
Chatelherault (CTE)
Chatham (CTM)
Cheddington (CED)
Chelmsford (CHM)
Chelsfield (CLD)
Cherry Tree (CYT)
Chertsey (CHY)
Cheshunt (CHN)
Chestfield & Swalecliffe (CSW)
Chilham (CIL)
Chingford (CHI)
Chipstead (CHP)
Chislehurst (CIT)
Chorleywood (CLW)
Christs Hospital (CHH)
Church & Oswaldtwistle (CTW)
City Thameslink (CTK)
Clacton-on-Sea (CLT)
Clandon (CLA)
Clapton (CPT)
Clarkston (CKS)
Claverdon (CLV)
Clifton (Manchester) (CLI)
Clitheroe (CLH)
Clock House (CLK)
Clydebank (CYK)
Coatbridge Central (CBC)
Coatbridge Sunnyside (CBS)
Coatdyke (COA)
Colchester (COL)
Colchester Town (CET)
Collingham (CLM)
Collington (CLL)
Colne (CNE)
Commondale (COM)
Connel Ferry (CON)
Conon Bridge (CBD)
Conway Park (CNP)
Cooden Beach (COB)
Cookham (COO)
Corby (COR)
Corkerhill (CKH)
Corkickle (CKL)
Corpach (CPA)
Corrour (CRR)
Coulsdon Town (CDN)
Coventry Arena (CAA)
Cowden (Kent) (CWN)
Cowdenbeath (COW)
Craigendoran (CGD)
Crayford (CRY)
Cressing (Essex) (CES)
Cressington (CSG)
Creswell (CWD)
Crews Hill (CWH)
Crianlarich (CNR)
Cricklewood (CRI)
Croftfoot (CFF)
Crofton Park (CFT)
Cromer (CMR)
Crookston (CKT)
Crosshill (COI)
Crossmyloof (CMY)
Croston (CSO)
Crouch Hill (CRH)
Crowborough (COH)
Crowhurst (CWU)
Croy (CRO)
Crystal Palace (CYP)
Cuffley (CUF)
Culrain (CUA)
Cuxton (CUX)
Dagenham Dock (DDK)
Daisy Hill (DSY)
Dalmally (DAL)
Dalmarnock (DAK)
Dalmuir (DMR)
Dalreoch (DLR)
Dalry (DLY)
Dalston (Cumbria) (DLS)
Dalston Junction (DLJ)
Dalston Kingsland (DLK)
Dalwhinnie (DLW)
Danby (DNY)
Danzey (DZY)
Darsham (DSM)
Dartford (DFD)
Darwen (DWN)
Datchet (DAT)
Deal (DEA)
Denham (DNM)
Denham Golf Club (DGC)
Deptford (DEP)
Derby Road (Ipswich) (DBR)
Dingwall (DIN)
Diss (DIS)
Doleham (DLH)
Dolgarrog (DLG)
Dolwyddelan (DWD)
Dorking (Main) (DKG)
Dorridge (DDG)
Dover Priory (DVP)
Dovercourt (DVC)
Downham Market (DOW)
Drayton Green (DRG)
Drayton Park (DYP)
Drigg (DRI)
Drumchapel (DMC)
Drumfrochar (DFR)
Drumgelloch (DRU)
Drumry (DMY)
Dublin Ferryport (DFP)
Dublin Port - Stena (DPS)
Duirinish (DRN)
Duke Street (DST)
Dullingham (DUL)
Dumbarton Central (DBC)
Dumbarton East (DBE)
Dumbreck (DUM)
Dumfries (DMF)
Dumpton Park (DMP)
Duncraig (DCG)
Dunfermline Queen Margaret (DFL)
Dunfermline Town (DFE)
Dunkeld & Birnam (DKD)
Dunlop (DNL)
Dunton Green (DNG)
Dyce (DYC)
Earlswood (Surrey) (ELD)
Earlswood (West Midlands) (EWD)
East Dulwich (EDW)
East Farleigh (EFL)
East Kilbride (EKL)
East Malling (EML)
East Tilbury (ETL)
Easterhouse (EST)
Eastham Rake (ERA)
Ebbsfleet International (EBD)
Eccles Road (ECS)
Eccleston Park (ECL)
Eden Park (EDN)
Edenbridge (EBR)
Edenbridge Town (EBT)
Edge Hill (EDG)
Edmonton Green (EDR)
Egton (EGT)
Elgin (ELG)
Ellesmere Port (ELP)
Elmers End (ELE)
Elmstead Woods (ESD)
Elmswell (ESW)
Elsenham (Essex) (ESM)
Elstree & Borehamwood (ELS)
Eltham (ELW)
Elton & Orston (ELO)
Ely (ELY)
Emerson Park (EMP)
Enfield Chase (ENC)
Enfield Lock (ENL)
Enfield Town (ENF)
Entwistle (ENT)
Epsom (Surrey) (EPS)
Eridge (ERI)
Erith (ERH)
Essex Road (EXR)
Etchingham (ETC)
Euxton Balshaw Lane (EBA)
Ewell East (EWE)
Exhibition Centre (Glasgow) (EXG)
Eynsford (EYN)
Fairlie (FRL)
Falconwood (FCN)
Falmer (FMR)
Farncombe (FNC)
Farnham (FNH)
Farningham Road (FNR)
Farnworth (FNW)
Fauldhouse (FLD)
Faversham (FAV)
Faygate (FGT)
Fazakerley (FAZ)
Fearn (FRN)
Felixstowe (FLX)
Fenny Stratford (FEN)
Finchley Road & Frognal (FNY)
Finsbury Park (FPK)
Flimby (FLM)
Flitwick (FLT)
Flixton (FLI)
Folkestone Central (FKC)
Folkestone West (FKW)
Forest Gate (FOG)
Forest Hill (FOH)
Formby (FBY)
Forres (FOR)
Forsinard (FRS)
Fort Matilda (FTM)
Fort William (FTW)
Foxfield (FOX)
Foxton (FXN)
Frant (FRT)
Freshfield (FRE)
Frimley (FML)
Frinton-on-Sea (FRI)
Frodsham (FRD)
Furze Platt (FZP)
Gainsborough Central (GNB)
Garelochhead (GCH)
Garrowhill (GAR)
Garscadden (GRS)
Garston (Hertfordshire) (GSN)
Garswood (GSW)
Garve (GVE)
Georgemas Junction (GGJ)
Gerrards Cross (GER)
Gidea Park (GDP)
Giffnock (GFN)
Gillingham (Kent) (GLM)
Gilshochill (GSC)
Gipsy Hill (GIP)
Girvan (GIR)
Glaisdale (GLS)
Glan Conwy (GCW)
Glasgow Queen Street (GLQ)
Glasshoughton (GLH)
Glazebrook (GLZ)
Gleneagles (GLE)
Glenfinnan (GLF)
Glengarnock (GLG)
Glenrothes with Thornton (GLT)
Godalming (GOD)
Godstone (GDN)
Golf Street (GOF)
Golspie (GOL)
Goodmayes (GMY)
Gordon Hill (GDH)
Gospel Oak (GPO)
Gourock (GRK)
Goxhill (GOX)
Grange Park (GPK)
Grantham (GRA)
Gravesend (GRV)
Grays (GRY)
Great Ayton (GTA)
Great Bentley (GRB)
Great Chesterford (GRC)
Great Coates (GCT)
Great Missenden (GMN)
Great Yarmouth (GYM)
Green Lane (GNL)
Green Road (GNR)
Greenford (GFD)
Greenhithe (GNH)
Greenock Central (GKC)
Greenock West (GKW)
Greenwich (GNW)
Gretna Green (GEA)
Grimsby Docks (GMD)
Grosmont (GMT)
Grove Park (GRP)
Guiseley (GSY)
Gunnersbury (GUN)
Gunton (GNT)
Gwersyllt (GWE)
Gypsy Lane (GYP)
Hackney Central (HKC)
Hackney Downs (HAC)
Hackney Wick (HKW)
Haddenham & Thame Parkway (HDM)
Haddiscoe (HAD)
Hadley Wood (HDW)
Hag Fold (HGF)
Haggerston (HGG)
Hairmyres (HMY)
Halesworth (HAS)
Hall Green (HLG)
Hall Road (HLR)
Halling (HAI)
Hall-i'-th'-Wood (HID)
Ham Street (HMT)
Hamilton Central (HNC)
Hamilton West (HNW)
Hampstead Heath (HDH)
Hampton Court (HMC)
Hapton (HPN)
Harlesden (HDN)
Harling Road (HRD)
Harlington (Beds) (HLN)
Harlow Mill (HWM)
Harlow Town (HWN)
Harold Wood (HRO)
Harpenden (HPD)
Harrietsham (HRM)
Harringay (HGY)
Harringay Green Lanes (HRY)
Harrington (HRR)
Harrow-on-the-Hill (HOH)
Harwich International (HPQ)
Harwich Town (HWC)
Hastings (HGS)
Hatch End (HTE)
Hatfield (Herts) (HAT)
Hatfield Peverel (HAP)
Hatton (HTN)
Havenhouse (HVN)
Hawarden (HWD)
Hawarden Bridge (HWB)
Hawkhead (HKH)
Haydons Road (HYR)
Hayes (Kent) (HYS)
Haywards Heath (HHE)
Headcorn (HCN)
Headstone Lane (HDL)
Healing (HLI)
Heath Low Level (HLL)
Heckington (HEC)
Helensburgh Central (HLC)
Helensburgh Upper (HLU)
Hellifield (HLD)
Helmsdale (HMS)
Helsby (HSB)
Hemel Hempstead (HML)
Hendon (HEN)
Henley-in-Arden (HNL)
Herne Bay (HNB)
Herne Hill (HNH)
Hertford East (HFE)
Hertford North (HFN)
Heswall (HSW)
Hever (HEV)
Heworth (HEW)
Heysham Port (HHB)
High Brooms (HIB)
High Street (Glasgow) (HST)
High Wycombe (HWY)
Higham (Kent) (HGM)
Highams Park (HIP)
Highbury & Islington (HHY)
Hightown (HTO)
Hildenborough (HLB)
Hillfoot (HLF)
Hillington East (HLE)
Hillington West (HLW)
Hillside (HIL)
Hitchin (HIT)
Hither Green (HGR)
Hockley (HOC)
Hollingbourne (HBN)
Homerton (HMN)
Honor Oak Park (HPA)
Hooton (HOO)
Hope (Flintshire) (HPE)
Horley (HOR)
Hornsey (HRN)
Horsley (HSY)
Hoscar (HSC)
Hoveton & Wroxham (HXM)
How Wood (Herts) (HWW)
Howwood (Renfrewshire) (HOZ)
Hoxton (HOX)
Hoylake (HYK)
Hubberts Bridge (HBB)
Hucknall (HKN)
Humphrey Park (HUP)
Huncoat (HCT)
Huntingdon (HUN)
Huntly (HNT)
Huyton (HUY)
Hykeham (HKM)
Hyndland (HYN)
Hythe (Essex) (HYH)
Ifield (IFI)
Ilford (IFD)
Ilkley (ILK)
Ince & Elton (INE)
Ince (Manchester) (INC)
Ingatestone (INT)
Insch (INS)
Invergordon (IGD)
Invergowrie (ING)
Inverkip (INP)
Invershin (INH)
Inverurie (INR)
Ipswich (IPS)
Irvine (IRV)
Islip (ISP)
James Cook (JCH)
Jewellery Quarter (JEQ)
Johnstone (Strathclyde) (JHN)
Jordanhill (JOR)
Kearsley (Manchester) (KSL)
Kearsney (Kent) (KSN)
Keith (KEH)
Kelvedon (KEL)
Kelvindale (KVD)
Kempston Hardwick (KMH)
Kemsing (KMS)
Kemsley (KML)
Kendal (KEN)
Kenley (KLY)
Kennett (KNE)
Kennishead (KNS)
Kensal Green (KNL)
Kensal Rise (KNR)
Kent House (KTH)
Kentish Town (KTN)
Kentish Town West (KTW)
Kenton (KNT)
Kew Gardens (KWG)
Kidbrooke (KDB)
Kilburn High Road (KBN)
Kildale (KLD)
Kildonan (KIL)
Kilmarnock (KMK)
Kilmaurs (KLM)
Kilpatrick (KPT)
Kilwinning (KWN)
Kinbrace (KBC)
Kings Langley (KGL)
Kings Lynn (KLN)
Kings Park (KGP)
Kingswood (KND)
Kirby Cross (KBX)
Kirkby (Merseyside) (KIR)
Kirkby Stephen (KSW)
Kirkby-in-Ashfield (KKB)
Kirkby-in-Furness (KBF)
Kirkconnel (KRK)
Kirkdale (KKD)
Kirkhill (KKH)
Kirknewton (KKN)
Kirkwood (KWD)
Knebworth (KBW)
Knockholt (KCK)
Kyle of Lochalsh (KYL)
Ladywell (LAD)
Laindon (LAI)
Lairg (LRG)
Lake (LKE)
Lakenheath (LAK)
Lanark (LNK)
Langbank (LGB)
Langho (LHO)
Langley Green (LGG)
Langside (LGS)
Langwathby (LGW)
Langwith-Whaley Thorns (LAG)
Lapworth (LPW)
Largs (LAR)
Larkhall (LRH)
Laurencekirk (LAU)
Lazonby & Kirkoswald (LZB)
Lea Bridge (LEB)
Leagrave (LEA)
Lealholm (LHM)
Leasowe (LSW)
Leatherhead (LHD)
Lee (London) (LEE)
Leigh (Kent) (LIH)
Leigh-on-Sea (LES)
Lenham (LEN)
Lenzie (LNZ)
Letchworth Garden City (LET)
Lewisham (LEW)
Leyton Midland Road (LEM)
Leytonstone High Road (LER)
Lidlington (LID)
Lingwood (LGD)
Little Kimble (LTK)
Little Sutton (LTT)
Littleborough (LTL)
Littlehaven (LVN)
Littleport (LTP)
Liverpool Central (LVC)
Liverpool James Street (LVJ)
Livingston South (LVG)
Llanrwst (LWR)
Loch Awe (LHA)
Loch Eil Outward Bound (LHE)
Lochailort (LCL)
Locheilside (LCS)
Lochgelly (LCG)
Lochluichart (LCC)
Lochwinnoch (LHW)
London Fields (LOF)
London Road (Brighton) (LRB)
London Road (Guildford) (LRD)
Long Preston (LPR)
Longfield (LGF)
Lostock Hall (LOH)
Loughborough Junction (LGJ)
Lower Sydenham (LSY)
Lowestoft (LWT)
Luton (LUT)
Luton Airport Parkway (LTN)
Lymington Pier (LYP)
Lymington Town (LYT)
Lytham (LTM)
Maghull (MAG)
Maidstone Barracks (MDB)
Maidstone East (MDE)
Maidstone West (MDW)
Mallaig (MLG)
Manningtree (MNG)
Manor Park (MNP)
Manor Road (MNR)
Mansfield (MFT)
Mansfield Woodhouse (MSW)
Marden (Kent) (MRN)
Margate (MAR)
Market Rasen (MKR)
Marks Tey (MKT)
Marlow (MLW)
Martin Mill (MTM)
Marton (MTO)
Maryhill (MYH)
Maryland (MYL)
Maryport (MRY)
Maxwell Park (MAX)
Maybole (MAY)
Maze Hill (MZH)
Meldreth (MEL)
Melton (Suffolk) (MES)
Menston (MNN)
Meols (MEO)
Meopham (MEP)
Merryton (MEY)
Metheringham (MGM)
Milford (Surrey) (MLF)
Mill Hill (Lancs) (MLH)
Mill Hill Broadway (MIL)
Millbrook (Beds) (MLB)
Milliken Park (MIN)
Millom (MLM)
Mills Hill (Manchester) (MIH)
Milngavie (MLN)
Minster (MSR)
Mistley (MIS)
Monifieth (MON)
Monks Risborough (MRS)
Moorfields (MRF)
Moorside (MSD)
Morar (MRR)
Morden South (MDS)
Morecambe (MCM)
Moreton (Merseyside) (MRT)
Moses Gate (MSS)
Moss Side (MOS)
Mossley Hill (MSH)
Mosspark (MPK)
Moston (MSO)
Mottingham (MTG)
Moulsecoomb (MCB)
Mount Florida (MFL)
Mount Vernon (MTV)
Muir of Ord (MOO)
Muirend (MUI)
Nairn (NRN)
Needham Market (NMT)
Neilston (NEI)
Nelson (NEL)
Neston (NES)
Netherfield (NET)
Nethertown (NRT)
New Barnet (NBA)
New Beckenham (NBC)
New Brighton (NBN)
New Clee (NCE)
New Cross (NWX)
New Cumnock (NCK)
New Eltham (NEH)
New Holland (NHL)
New Hythe (NHE)
New Lane (NLN)
New Malden (NEM)
New Southgate (NSG)
Newhaven Harbour (NVH)
Newhaven Town (NVN)
Newington (NGT)
Newmarket (NMK)
Newport (Essex) (NWE)
Newstead (NSD)
Newton (Lanark) (NTN)
Newtonmore (NWR)
Newton-on-Ayr (NOA)
Nitshill (NIT)
North Dulwich (NDL)
North Fambridge (NFA)
North Llanrwst (NLR)
North Walsham (NWA)
North Wembley (NWB)
Northfleet (NFL)
Northolt Park (NLT)
Northumberland Park (NUM)
Norton Bridge (NTB)
Norwich (NRW)
Nunhead (NHD)
Nunthorpe (NNT)
Nutfield (NUF)
Oakleigh Park (OKL)
Oban (OBN)
Ockendon (OCK)
Old Roan (ORN)
Old Street (OLD)
Olton (OLT)
Ore (ORE)
Ormskirk (OMS)
Orpington (ORP)
Orrell (ORR)
Orrell Park (OPK)
Otford (OTF)
Oulton Broad North (OUN)
Oulton Broad South (OUS)
Overpool (OVE)
Oxford Parkway (OXP)
Paddock Wood (PDW)
Padgate (PDG)
Paisley Canal (PCN)
Paisley Gilmour Street (PYG)
Paisley St James (PYJ)
Palmers Green (PAL)
Park Street (PKT)
Partick (PTK)
Parton (PRN)
Patterton (PTT)
Pemberton (PEM)
Penge East (PNE)
Penge West (PNW)
Penshurst (PHR)
Penyffordd (PNF)
Petts Wood (PET)
Pevensey & Westham (PEV)
Pitsea (PSE)
Pleasington (PLS)
Plockton (PLK)
Pluckley (PLC)
Plumstead (PLU)
Pollokshaws East (PWE)
Pollokshaws West (PWW)
Pollokshields East (PLE)
Pollokshields West (PLW)
Ponders End (PON)
Pont-y-Pant (PYP)
Port Glasgow (PTG)
Port Sunlight (PSL)
Portlethen (PLN)
Possilpark & Parkhouse (PPK)
Potters Bar (PBR)
Prescot (PSC)
Preston Park (PRP)
Prestwick International Airport (PRA)
Prestwick Town (PTW)
Priesthill & Darnley (PTL)
Princes Risborough (PRR)
Prittlewell (PRL)
Purfleet (PFL)
Purley Oaks (PUO)
Queenborough (QBR)
Queens Park (Glasgow) (QPK)
Radcliffe-on-Trent (RDF)
Radlett (RDT)
Rainford (RNF)
Rainham (Essex) (RNM)
Rainham (Kent) (RAI)
Ramsgate (RAM)
Ramsgreave & Wilpshire (RGW)
Rannoch (RAN)
Rauceby (RAU)
Ravenglass for Eskdale (RAV)
Ravensbourne (RVB)
Rayleigh (RLG)
Rectory Road (REC)
Reedham (Norfolk) (REE)
Reedham (Surrey) (RHM)
Renton (RTN)
Rice Lane (RIL)
Rickmansworth (RIC)
Ridgmont (RID)
Rishton (RIS)
Robertsbridge (RBR)
Roby (ROB)
Rochdale (RCD)
Rochester (RTR)
Rochford (RFD)
Rock Ferry (RFY)
Rogart (ROG)
Roman Bridge (RMB)
Romford (RMF)
Rose Grove (RSG)
Rosyth (ROS)
Rotherhithe (ROE)
Roughton Road (RNR)
Roy Bridge (RYB)
Roydon (RYN)
Royston (RYS)
Rufford (RUF)
Runcorn East (RUE)
Ruskington (RKT)
Ruswarp (RUS)
Rutherglen (RUT)
Ryde Esplanade (RYD)
Ryde St Johns Road (RYR)
Rye (Sussex) (RYE)
Rye House (RYH)
Salford Central (SFD)
Salfords (Surrey) (SAF)
Salhouse (SAH)
Saltcoats (SLT)
Salwick (SLW)
Sandhills (SDL)
Sandling (SDG)
Sandown (SAN)
Sandwich (SDW)
Sandy (SDY)
Sanquhar (SQH)
Saunderton (SDR)
Sawbridgeworth (SAW)
Saxmundham (SAX)
Scotscalder (SCT)
Scotstounhill (SCH)
Seaford (Sussex) (SEF)
Seaforth & Litherland (SFL)
Seascale (SSC)
Seaton Carew (SEC)
Seer Green & Jordans (SRG)
Sellafield (SEL)
Selling (SEG)
Seven Kings (SVK)
Seven Sisters (SVS)
Sevenoaks (SEV)
Shadwell (SDE)
Shanklin (SHN)
Shawlands (SHL)
Sheerness-on-Sea (SSS)
Shelford (Cambs) (SED)
Shenfield (SNF)
Shepherd's Bush (SPB)
Shepherds Well (SPH)
Shepreth (STH)
Sheringham (SHM)
Shettleston (SLS)
Shieldmuir (SDM)
Shippea Hill (SPP)
Shirebrook (SHB)
Shirley (SRL)
Shoeburyness (SRY)
Shoreditch High Street (SDC)
Shoreham (Kent) (SEH)
Shortlands (SRT)
Shotts (SHS)
Sidcup (SID)
Sileby (SIL)
Silecroft (SIC)
Silver Street (SLV)
Singer (SIN)
Sittingbourne (SIT)
Skegness (SKG)
Slade Green (SGR)
Sleaford (SLR)
Sleights (SLH)
Small Heath (SMA)
Smallbrook Junction (SAB)
Smithy Bridge (SMB)
Snodland (SDA)
Snowdown (SWO)
Sole Street (SOR)
Solihull (SOL)
Somerleyton (SYT)
South Acton (SAT)
South Bermondsey (SBM)
South Croydon (SCY)
South Greenford (SGN)
South Hampstead (SOH)
South Kenton (SOK)
South Merton (SMO)
South Milford (SOM)
South Ruislip (SRU)
South Tottenham (STO)
South Woodham Ferrers (SOF)
Southbury (SBU)
Southease (SEE)
Southend Airport (SIA)
Southend Central (SOC)
Southend East (SOE)
Southend Victoria (SOV)
Southminster (SMN)
Spalding (SPA)
Spean Bridge (SBR)
Spital (SPI)
Spooner Row (SPN)
Spring Road (SRI)
Springburn (SPR)
Springfield (SPF)
Squires Gate (SQU)
St Albans Abbey (SAA)
St Albans City (SAC)
St Annes-on-Sea (SAS)
St Bees (SBS)
St Helens Central (SNH)
St Helens Junction (SHJ)
St Helier (Surrey) (SIH)
St James Street (Walthamstow) (SJS)
St Johns (London) (SAJ)
St Leonards Warrior Square (SLQ)
St Margarets (Herts) (SMT)
St Mary Cray (SMY)
St Michaels (STM)
St Neots (SNO)
Stallingborough (SLL)
Stamford Hill (SMH)
Stanford-le-Hope (SFO)
Stanlow & Thornton (SNT)
Stansted Airport (SSD)
Stansted Mountfitchet (SST)
Staplehurst (SPU)
Stevenage (SVG)
Stevenston (STV)
Stewartby (SWR)
Stewarton (STT)
Stockton (STK)
Stoke Mandeville (SKM)
Stoke Newington (SKW)
Stone Crossing (SCG)
Stonebridge Park (SBP)
Stonegate (SOG)
Stourbridge Town (SBT)
Stowmarket (SMK)
Stranraer (STR)
Stratford International (SFA)
Stratford-upon-Avon (SAV)
Stratford-upon-Avon Parkway (STY)
Strathcarron (STC)
Streatham (Greater London) (STE)
Stromeferry (STF)
Strood (Kent) (SOO)
Sturry (STU)
Sudbury & Harrow Road (SUD)
Sudbury (Suffolk) (SUY)
Sudbury Hill Harrow (SDH)
Summerston (SUM)
Sundridge Park (SUP)
Sunnymeads (SNY)
Surrey Quays (SQE)
Sutton Common (SUC)
Sutton Parkway (SPK)
Swale (SWL)
Swanley (SAY)
Swanscombe (SWM)
Swinderby (SWD)
Swineshead (SWE)
Swinton (Manchester) (SNN)
Sydenham (London) (SYD)
Sydenham Hill (SYH)
Syston (SYS)
Tadworth (TAD)
Tain (TAI)
Tal-y-Cafn (TLC)
Tattenham Corner (TAT)
Taynuilt (TAY)
Teynham (TEY)
Thames Ditton (THD)
Thatto Heath (THH)
The Hawthorns (THW)
The Lakes (Warks) (TLK)
Theobalds Grove (TEO)
Thetford (TTF)
Thornliebank (THB)
Thornton Abbey (TNA)
Thorntonhall (THT)
Thorpe Bay (TPB)
Thorpe Culvert (TPC)
Thorpe-le-Soken (TLS)
Three Oaks (TOK)
Thurso (THS)
Thurston (TRS)
Tilbury Town (TIL)
Todmorden (TOD)
Tonbridge (TON)
Tooting (TOO)
Tottenham Hale (TOM)
Town Green (TWN)
Trafford Park (TRA)
Trimley (TRM)
Tring (TRI)
Troon (TRN)
Tulloch (TUL)
Tulse Hill (TUH)
Tunbridge Wells (TBW)
Turkey Street (TUR)
Tyndrum Lower (TYL)
Tyseley (TYS)
Uckfield (UCK)
Uddingston (UDD)
Ulceby (ULC)
Upholland (UPL)
Upminster (UPM)
Upper Holloway (UHL)
Upper Tyndrum (UTY)
Upton (Merseyside) (UPT)
Waddon (WDO)
Wadhurst (WAD)
Wainfleet (WFL)
Walkden (WKD)
Wallasey Grove Road (WLG)
Wallasey Village (WLV)
Wallington (WLT)
Walmer (WAM)
Walsden (WDN)
Waltham Cross (WLC)
Walthamstow Central (WHC)
Walthamstow Queen's Road (WMW)
Walton (Merseyside) (WAO)
Walton-on-the-Naze (WON)
Wanstead Park (WNP)
Wapping (WPE)
Ware (Herts) (WAR)
Warwick (WRW)
Warwick Parkway (WRP)
Waterbeach (WBC)
Wateringbury (WTR)
Waterloo (Merseyside) (WLO)
Watford High Street (WFH)
Watford Junction (WFJ)
Watford North (WFN)
Watlington (WTG)
Watton-at-Stone (WAS)
Wavertree Technology Park (WAV)
Wedgwood (WED)
Weeley (WEE)
Welham Green (WMG)
Welling (WLI)
Wellingborough (WEL)
Welwyn Garden City (WGC)
Welwyn North (WLW)
Wembley Central (WMB)
Wembley Stadium (WCX)
Wemyss Bay (WMS)
Wendover (WND)
Wennington (WNN)
West Allerton (WSA)
West Calder (WCL)
West Croydon (WCY)
West Dulwich (WDU)
West Hampstead (WHD)
West Hampstead Thameslink (WHP)
West Horndon (WHR)
West Kilbride (WKB)
West Kirby (WKI)
West Malling (WMA)
West Norwood (WNW)
West Ruislip (WRU)
West Runton (WRN)
West St Leonards (WLD)
West Sutton (WSU)
West Wickham (WWI)
Westcliff (WCF)
Westcombe Park (WCB)
Westenhanger (WHA)
Westerfield (WFI)
Westerton (WES)
Westgate-on-Sea (WGA)
Whalley (Lancs) (WHE)
Whifflet (WFF)
Whinhill (WNL)
Whitby (WTB)
White Hart Lane (WHL)
White Notley (WNY)
Whitechapel (ZLW)
Whitecraigs (WCR)
Whitehaven (WTH)
Whitlocks End (WTE)
Whitstable (WHI)
Whittlesford Parkway (WLF)
Whitwell (Derbyshire) (WWL)
Whyteleafe (WHY)
Whyteleafe South (WHS)
Wick (WCK)
Wickford (WIC)
Wickham Market (WCM)
Widney Manor (WMR)
Wigan Wallgate (WGW)
Wigton (WGT)
Willesden Junction (WIJ)
Williamwood (WLM)
Wilmcote (WMC)
Wimbledon (WIM)
Wimbledon Chase (WBO)
Winchelsea (WSE)
Winchmore Hill (WIH)
Windermere (WDM)
Windsor & Eton Central (WNC)
Windsor & Eton Riverside (WNR)
Wishaw (WSH)
Witham (WTM)
Witley (WTY)
Wivelsfield (WVF)
Wivenhoe (WIV)
Woburn Sands (WOB)
Wood End (WDE)
Wood Street (WST)
Woodbridge (WDB)
Woodgrange Park (WGR)
Woodhall (WDL)
Woodmansterne (WME)
Woolwich Arsenal (WWA)
Woolwich Dockyard (WWD)
Wootton Wawen (WWW)
Workington (WKG)
Worstead (WRT)
Wrabness (WRB)
Wraysbury (WRY)
Wrexham Central (WXC)
Wye (WYE)
Wymondham (WMD)
Wythall (WYT)
Yalding (YAL)
Yardley Wood (YRD)
Yoker (YOK)
0.5064277366575769 percent of stations (13) have no services to bristol or returned an error
These stations are:
Ashford International (Eurostar) (ASI)
Berney Arms (BYA)
Bristol Parkway (BPW)
Buckenham (Norfolk) (BUC)
Dunrobin Castle (DNO)
Elephant & Castle (Underground) (ZEL)
Falls of Cruachan (FOC)
Heathrow Airport Terminals 1, 2 and 3 (HXX)
IBM Halt (IBM)
London St Pancras (Intl) (SPX)
Manchester United Football Ground (MUF)
Okehampton (OKE)
Sampford Courtenay (SMC)
