9.855862874951304 percent of stations (253) have direct services to cardiff
28.593689131281653 percent of stations (734) have services to cardiff with a single connection
61.08297623685236 percent of stations (1568) have services to cardiff with more than one connection
These stations are:
Abbey Wood (ABW)
Aberdeen (ABD)
Aberdour (AUR)
Accrington (ACR)
Achanalt (AAT)
Achnasheen (ACN)
Achnashellach (ACH)
Acklington (ACK)
Acle (ACL)
Acocks Green (ACG)
Acton Central (ACC)
Addiewell (ADW)
Addlestone (ASN)
Adisham (ADM)
Adwick (AWK)
Aigburth (AIG)
Ainsdale (ANS)
Aintree (AIN)
Airbles (AIR)
Airdrie (ADR)
Albany Park (AYP)
Aldershot (AHT)
Alexandra Palace (AAP)
Alexandra Parade (AXP)
Alexandria (ALX)
Allens West (ALW)
Alloa (ALO)
Alness (ASS)
Alresford (Essex) (ALR)
Althorne (Essex) (ALN)
Altnabreac (ABC)
Alton (AON)
Amersham (AMR)
Anderston (AND)
Anerley (ANZ)
Angel Road (AGR)
Annan (ANN)
Anniesland (ANL)
Ansdell & Fairhaven (AFV)
Apperley Bridge (APY)
Appleby (APP)
Appledore (Kent) (APD)
Apsley (APS)
Arbroath (ARB)
Ardgay (ARD)
Ardlui (AUI)
Ardrossan Harbour (ADS)
Ardrossan South Beach (ASB)
Ardrossan Town (ADN)
Argyle Street (AGS)
Arisaig (ARG)
Arlesey (ARL)
Armadale (West Lothian) (ARM)
Armathwaite (AWT)
Arram (ARR)
Arrochar & Tarbet (ART)
Ash Vale (AHV)
Ashfield (ASF)
Ashford International (AFK)
Ashtead (AHD)
Ashton-under-Lyne (AHN)
Ashurst (Kent) (AHS)
Ashwell & Morden (AWM)
Askam (ASK)
Aspatria (ASP)
Aspley Guise (APG)
Atherton (ATN)
Attadale (ATT)
Attleborough (ATL)
Auchinleck (AUK)
Audley End (AUD)
Aughton Park (AUG)
Aviemore (AVM)
Aylesbury (AYS)
Aylesbury Vale Parkway (AVP)
Aylesford (AYL)
Aylesham (AYH)
Ayr (AYR)
Bagshot (BAG)
Baildon (BLD)
Baillieston (BIO)
Balcombe (BAB)
Baldock (BDK)
Balham (BAL)
Balloch (BHC)
Balmossie (BSI)
Bamber Bridge (BMB)
Banavie (BNV)
Bank Hall (BAH)
Banstead (BAD)
Barassie (BSS)
Bardon Mill (BLL)
Bare Lane (BAR)
Bargeddie (BGI)
Barking (BKG)
Barlaston (BRT)
Barming (BMG)
Barnehurst (BNH)
Barnes Bridge (BNI)
Barnhill (BNL)
Barnsley (BNY)
Barrhead (BRR)
Barrhill (BRL)
Barrow Haven (BAV)
Barry Links (BYL)
Barton-on-Humber (BAU)
Basildon (BSO)
Bat & Ball (BBL)
Bathgate (BHG)
Batley (BTL)
Battersby (BTT)
Battersea Park (BAK)
Battle (BAT)
Battlesbridge (BLB)
Bayford (BAY)
Beaconsfield (BCF)
Bearley (BER)
Bearsden (BRN)
Bearsted (BSD)
Beasdale (BSL)
Beauly (BEL)
Beccles (BCC)
Beckenham Hill (BEC)
Beckenham Junction (BKJ)
Bedford (BDM)
Bedford St Johns (BSJ)
Bedworth (BEH)
Bekesbourne (BKS)
Bellgrove (BLG)
Bellingham (BGM)
Bellshill (BLH)
Belmont (BLM)
Beltring (BEG)
Belvedere (BVD)
Bempton (BEM)
Ben Rhydding (BEY)
Benfleet (BEF)
Bentham (BEN)
Bentley (Hants) (BTY)
Bentley (South Yorks) (BYK)
Bere Alston (BAS)
Bere Ferrers (BFE)
Berkhamsted (BKM)
Bermuda Park (BEP)
Berry Brow (BBW)
Berrylands (BRS)
Berwick (Sussex) (BRK)
Bescar Lane (BES)
Bethnal Green (BET)
Beverley (BEV)
Bexhill (BEX)
Bexley (BXY)
Bexleyheath (BXH)
Bicester North (BCS)
Bicester Village (BIT)
Bickley (BKL)
Biggleswade (BIW)
Billericay (BIC)
Billingham (Cleveland) (BIL)
Bingley (BIY)
Birchington-on-sea (BCH)
Birkbeck (BIK)
Birkdale (BDL)
Birkenhead North (BKN)
Birkenhead Park (BKP)
Bishop Auckland (BIA)
Bishopbriggs (BBG)
Bishops Stortford (BIS)
Bishopstone (Sussex) (BIP)
Bishopton (Strathclyde) (BPT)
Blackburn (BBN)
Blackheath (BKH)
Blackhorse Road (BHO)
Blackpool Pleasure Beach (BPB)
Blackpool South (BPS)
Blackridge (BKR)
Blair Atholl (BLA)
Blairhill (BAI)
Blakedown (BKD)
Blantyre (BLT)
Blaydon (BLO)
Blundellsands & Crosby (BLN)
Bognor Regis (BOG)
Bogston (BGS)
Bolton-Upon-Dearne (BTD)
Bookham (BKA)
Bootle (Cumbria) (BOC)
Bootle New Strand (BNW)
Bootle Oriel Road (BOT)
Bordesley (BBS)
Borough Green & Wrotham (BRG)
Bourne End (BNE)
Bow Brickhill (BWB)
Bowes Park (BOP)
Bowling (BWG)
Box Hill & Westhumble (BXW)
Brading (BDN)
Braintree (BTR)
Braintree Freeport (BTP)
Bramley (W Yorks) (BLE)
Brampton (Cumbria) (BMP)
Brampton (Suffolk) (BRP)
Branchton (BCN)
Brandon (BND)
Braystones (Cumbria) (BYS)
Breich (BRC)
Brentford (BFD)
Brentwood (BRE)
Bricket Wood (BWO)
Bridge of Allan (BEA)
Bridge of Orchy (BRO)
Bridgeton (BDG)
Bridlington (BDT)
Brierfield (BRF)
Brigg (BGG)
Brighouse (BGH)
Brimsdown (BMD)
Brixton (BRX)
Broad Green (BGE)
Broadstairs (BSR)
Brockholes (BHS)
Brockley (BCY)
Bromley Cross (Lancs) (BMC)
Bromley North (BMN)
Bromley South (BMS)
Brondesbury (BSY)
Brondesbury Park (BSP)
Brookmans Park (BPK)
Brookwood (BKO)
Broomfleet (BMF)
Brora (BRA)
Broughty Ferry (BYF)
Broxbourne (BXB)
Bruce Grove (BCV)
Brundall (BDA)
Brundall Gardens (BGA)
Brunstane (BSU)
Brunswick (BRW)
Bryn (BYN)
Bugle (BGL)
Bures (BUE)
Burgess Hill (BUG)
Burley Park (BUY)
Burley-in-Wharfedale (BUW)
Burnham-on-Crouch (BUU)
Burnley Barracks (BUB)
Burnley Central (BNC)
Burnley Manchester Road (BYM)
Burnside (Strathclyde) (BUI)
Burntisland (BTS)
Burscough Junction (BCJ)
Bury St Edmunds (BSE)
Busby (BUS)
Bush Hill Park (BHK)
Bushey (BSH)
Buxted (BXD)
Byfleet & New Haw (BFN)
Caldercruix (CAC)
Caledonian Rd & Barnsbury (CIR)
Calstock (CSK)
Camberley (CAM)
Cambridge Heath (CBH)
Cambuslang (CBL)
Camden Road (CMD)
Camelon (CMO)
Canada Water (ZCW)
Canonbury (CNN)
Canterbury East (CBE)
Canterbury West (CBW)
Cantley (CNY)
Carbis Bay (CBB)
Cardenden (CDD)
Cardonald (CDO)
Cardross (CDR)
Carfin (CRF)
Carluke (CLU)
Carmyle (CML)
Carnoustie (CAN)
Carntyne (CAY)
Carpenders Park (CPK)
Carrbridge (CAG)
Carshalton (CSH)
Carshalton Beeches (CSB)
Carstairs (CRS)
Cartsdyke (CDY)
Castle Bar Park (CBP)
Castleford (CFD)
Castleton (Manchester) (CAS)
Castleton Moor (CSM)
Caterham (CAT)
Catford (CTF)
Catford Bridge (CFB)
Cathcart (CCT)
Cattal (CTL)
Causeland (CAU)
Chadwell Heath (CTH)
Chafford Hundred Lakeside (CFH)
Chalfont & Latimer (CFO)
Chalkwell (CHW)
Chapeltown (South Yorks) (CLN)
Chappel & Wakes Colne (CWC)
Charing (Kent) (CHG)
Charing Cross (Glasgow) (CHC)
Charlton (CTN)
Chartham (CRT)
Chassen Road (CSR)
Chatelherault (CTE)
Chatham (CTM)
Chathill (CHT)
Cheam (CHE)
Cheddington (CED)
Chelmsford (CHM)
Chelsfield (CLD)
Cherry Tree (CYT)
Chertsey (CHY)
Cheshunt (CHN)
Chessington North (CSN)
Chessington South (CSS)
Chestfield & Swalecliffe (CSW)
Chilham (CIL)
Chingford (CHI)
Chipstead (CHP)
Chislehurst (CIT)
Chiswick (CHK)
Chorleywood (CLW)
Christs Hospital (CHH)
Church & Oswaldtwistle (CTW)
Church Fenton (CHF)
City Thameslink (CTK)
Clacton-on-Sea (CLT)
Clandon (CLA)
Clapham (North Yorkshire) (CPY)
Clapham High Street (CLP)
Clapton (CPT)
Clarkston (CKS)
Claverdon (CLV)
Claygate (CLG)
Cleland (CEA)
Clifton (Manchester) (CLI)
Clitheroe (CLH)
Clock House (CLK)
Clydebank (CYK)
Coatbridge Central (CBC)
Coatbridge Sunnyside (CBS)
Coatdyke (COA)
Cobham & Stoke d'Abernon (CSD)
Colchester (COL)
Colchester Town (CET)
Collington (CLL)
Colne (CNE)
Commondale (COM)
Conisbrough (CNS)
Connel Ferry (CON)
Conon Bridge (CBD)
Cononley (CEY)
Conway Park (CNP)
Cooden Beach (COB)
Cookham (COO)
Cooksbridge (CBR)
Coombe Junction Halt (COE)
Corbridge (CRB)
Corby (COR)
Corkerhill (CKH)
Corkickle (CKL)
Corpach (CPA)
Corrour (CRR)
Cottingham (CGM)
Cottingley (COT)
Coulsdon South (CDS)
Coulsdon Town (CDN)
Coventry Arena (CAA)
Cowden (Kent) (CWN)
Cowdenbeath (COW)
Cradley Heath (CRA)
Craigendoran (CGD)
Cramlington (CRM)
Crawley (CRW)
Crayford (CRY)
Cressing (Essex) (CES)
Cressington (CSG)
Crews Hill (CWH)
Crianlarich (CNR)
Cricklewood (CRI)
Croftfoot (CFF)
Crofton Park (CFT)
Cromer (CMR)
Crookston (CKT)
Crossflatts (CFL)
Crosshill (COI)
Crossmyloof (CMY)
Croston (CSO)
Crouch Hill (CRH)
Crowborough (COH)
Crowhurst (CWU)
Croy (CRO)
Crystal Palace (CYP)
Cuffley (CUF)
Culrain (CUA)
Cumbernauld (CUB)
Curriehill (CUH)
Cuxton (CUX)
Dagenham Dock (DDK)
Daisy Hill (DSY)
Dalgety Bay (DAG)
Dalmally (DAL)
Dalmarnock (DAK)
Dalmeny (DAM)
Dalmuir (DMR)
Dalreoch (DLR)
Dalry (DLY)
Dalston (Cumbria) (DLS)
Dalston Junction (DLJ)
Dalston Kingsland (DLK)
Dalwhinnie (DLW)
Danby (DNY)
Danzey (DZY)
Darnall (DAN)
Darsham (DSM)
Dartford (DFD)
Darton (DRT)
Darwen (DWN)
Datchet (DAT)
Deal (DEA)
Deighton (DHN)
Denby Dale (DBD)
Denham (DNM)
Denham Golf Club (DGC)
Denmark Hill (DMK)
Dent (DNT)
Deptford (DEP)
Derby Road (Ipswich) (DBR)
Digby & Sowton (DIG)
Dingwall (DIN)
Dinsdale (DND)
Diss (DIS)
Dodworth (DOD)
Doleham (DLH)
Dorking (Main) (DKG)
Dormans (DMS)
Dorridge (DDG)
Dover Priory (DVP)
Dovercourt (DVC)
Downham Market (DOW)
Drayton Green (DRG)
Drayton Park (DYP)
Drem (DRM)
Driffield (DRF)
Drigg (DRI)
Drumchapel (DMC)
Drumfrochar (DFR)
Drumgelloch (DRU)
Drumry (DMY)
Duirinish (DRN)
Duke Street (DST)
Dullingham (DUL)
Dumbarton Central (DBC)
Dumbarton East (DBE)
Dumbreck (DUM)
Dumfries (DMF)
Dumpton Park (DMP)
Duncraig (DCG)
Dunfermline Queen Margaret (DFL)
Dunfermline Town (DFE)
Dunkeld & Birnam (DKD)
Dunlop (DNL)
Dunston (DOT)
Dunton Green (DNG)
Dyce (DYC)
Eaglescliffe (EAG)
Earlsfield (EAD)
Earlswood (Surrey) (ELD)
Earlswood (West Midlands) (EWD)
East Croydon (ECR)
East Dulwich (EDW)
East Farleigh (EFL)
East Garforth (EGF)
East Grinstead (EGR)
East Kilbride (EKL)
East Malling (EML)
East Tilbury (ETL)
Eastbourne (EBN)
Easterhouse (EST)
Eastrington (EGN)
Ebbsfleet International (EBD)
Eccles Road (ECS)
Eccleston Park (ECL)
Eden Park (EDN)
Edenbridge (EBR)
Edenbridge Town (EBT)
Edge Hill (EDG)
Edinburgh Gateway (EGY)
Edinburgh Park (EDP)
Edmonton Green (EDR)
Effingham Junction (EFF)
Egton (EGT)
Elgin (ELG)
Ellesmere Port (ELP)
Elmers End (ELE)
Elmstead Woods (ESD)
Elmswell (ESW)
Elsecar (ELR)
Elsenham (Essex) (ESM)
Elstree & Borehamwood (ELS)
Eltham (ELW)
Emerson Park (EMP)
Enfield Chase (ENC)
Enfield Lock (ENL)
Enfield Town (ENF)
Entwistle (ENT)
Epsom (Surrey) (EPS)
Epsom Downs (EPD)
Eridge (ERI)
Erith (ERH)
Esher (ESH)
Eskbank (EKB)
Essex Road (EXR)
Etchingham (ETC)
Euxton Balshaw Lane (EBA)
Ewell East (EWE)
Ewell West (EWW)
Exhibition Centre (Glasgow) (EXG)
Exmouth (EXM)
Exton (EXN)
Eynsford (EYN)
Fairlie (FRL)
Falconwood (FCN)
Falkirk High (FKK)
Falmer (FMR)
Falmouth Docks (FAL)
Falmouth Town (FMT)
Farnborough (Main) (FNB)
Farncombe (FNC)
Farnham (FNH)
Farningham Road (FNR)
Farnworth (FNW)
Fauldhouse (FLD)
Faversham (FAV)
Faygate (FGT)
Fazakerley (FAZ)
Fearn (FRN)
Featherstone (FEA)
Felixstowe (FLX)
Fenny Stratford (FEN)
Ferriby (FRY)
Filey (FIL)
Finchley Road & Frognal (FNY)
Finsbury Park (FPK)
Fitzwilliam (FZW)
Fleet (FLE)
Flimby (FLM)
Flitwick (FLT)
Flixton (FLI)
Folkestone Central (FKC)
Folkestone West (FKW)
Forest Gate (FOG)
Forest Hill (FOH)
Formby (FBY)
Forres (FOR)
Forsinard (FRS)
Fort Matilda (FTM)
Fort William (FTW)
Foxfield (FOX)
Foxton (FXN)
Frant (FRT)
Freshfield (FRE)
Frimley (FML)
Frinton-on-Sea (FRI)
Frizinghall (FZH)
Fulwell (FLW)
Furze Platt (FZP)
Gainsborough Central (GNB)
Gainsborough Lea Road (GBL)
Galashiels (GAL)
Garelochhead (GCH)
Gargrave (GGV)
Garrowhill (GAR)
Garscadden (GRS)
Garsdale (GSD)
Garston (Hertfordshire) (GSN)
Garswood (GSW)
Gartcosh (GRH)
Garve (GVE)
Georgemas Junction (GGJ)
Gerrards Cross (GER)
Gidea Park (GDP)
Giffnock (GFN)
Giggleswick (GIG)
Gillingham (Kent) (GLM)
Gilshochill (GSC)
Gipsy Hill (GIP)
Girvan (GIR)
Glaisdale (GLS)
Glasgow Queen Street (GLQ)
Glasshoughton (GLH)
Glazebrook (GLZ)
Gleneagles (GLE)
Glenfinnan (GLF)
Glengarnock (GLG)
Glenrothes with Thornton (GLT)
Glynde (GLY)
Godalming (GOD)
Godstone (GDN)
Goldthorpe (GOE)
Golf Street (GOF)
Golspie (GOL)
Goodmayes (GMY)
Goole (GOO)
Gordon Hill (GDH)
Gorebridge (GBG)
Gospel Oak (GPO)
Gourock (GRK)
Goxhill (GOX)
Grange Park (GPK)
Gravesend (GRV)
Grays (GRY)
Great Ayton (GTA)
Great Bentley (GRB)
Great Chesterford (GRC)
Great Coates (GCT)
Great Missenden (GMN)
Great Yarmouth (GYM)
Green Road (GNR)
Greenfaulds (GRL)
Greenford (GFD)
Greenhithe (GNH)
Greenock Central (GKC)
Greenock West (GKW)
Greenwich (GNW)
Gretna Green (GEA)
Grimsby Docks (GMD)
Grosmont (GMT)
Grove Park (GRP)
Guiseley (GSY)
Gunnersbury (GUN)
Gunnislake (GSL)
Gunton (GNT)
Gypsy Lane (GYP)
Hackbridge (HCB)
Hackney Central (HKC)
Hackney Downs (HAC)
Hackney Wick (HKW)
Haddenham & Thame Parkway (HDM)
Haddiscoe (HAD)
Hadley Wood (HDW)
Hag Fold (HGF)
Haggerston (HGG)
Hagley (HAG)
Hairmyres (HMY)
Halesworth (HAS)
Halifax (HFX)
Hall Green (HLG)
Hall Road (HLR)
Halling (HAI)
Hall-i'-th'-Wood (HID)
Haltwhistle (HWH)
Ham Street (HMT)
Hamilton Central (HNC)
Hamilton West (HNW)
Hammerton (HMM)
Hampden Park (Sussex) (HMD)
Hampstead Heath (HDH)
Hampton (London) (HMP)
Hampton Court (HMC)
Hampton Wick (HMW)
Hapton (HPN)
Harlesden (HDN)
Harling Road (HRD)
Harlington (Beds) (HLN)
Harlow Mill (HWM)
Harlow Town (HWN)
Harold Wood (HRO)
Harpenden (HPD)
Harrietsham (HRM)
Harringay (HGY)
Harringay Green Lanes (HRY)
Harrington (HRR)
Harrogate (HGT)
Harrow-on-the-Hill (HOH)
Hartlebury (HBY)
Hartlepool (HPL)
Hartwood (HTW)
Harwich International (HPQ)
Harwich Town (HWC)
Haslemere (HSL)
Hassocks (HSK)
Hastings (HGS)
Hatch End (HTE)
Hatfield (Herts) (HAT)
Hatfield Peverel (HAP)
Hatton (HTN)
Hawkhead (HKH)
Haydon Bridge (HDB)
Haydons Road (HYR)
Hayes (Kent) (HYS)
Haywards Heath (HHE)
Headcorn (HCN)
Headingley (HDY)
Headstone Lane (HDL)
Healing (HLI)
Hebden Bridge (HBD)
Heighington (HEI)
Helensburgh Central (HLC)
Helensburgh Upper (HLU)
Hellifield (HLD)
Helmsdale (HMS)
Hemel Hempstead (HML)
Hendon (HEN)
Henley-in-Arden (HNL)
Hensall (HEL)
Herne Bay (HNB)
Herne Hill (HNH)
Hersham (HER)
Hertford East (HFE)
Hertford North (HFN)
Hessle (HES)
Hever (HEV)
Heworth (HEW)
Hexham (HEX)
Heysham Port (HHB)
High Brooms (HIB)
High Street (Glasgow) (HST)
High Wycombe (HWY)
Higham (Kent) (HGM)
Highams Park (HIP)
Highbury & Islington (HHY)
Hightown (HTO)
Hildenborough (HLB)
Hillfoot (HLF)
Hillington East (HLE)
Hillington West (HLW)
Hillside (HIL)
Hinchley Wood (HYW)
Hitchin (HIT)
Hither Green (HGR)
Hockley (HOC)
Hollingbourne (HBN)
Holmwood (HLM)
Holytown (HLY)
Homerton (HMN)
Honley (HOY)
Honor Oak Park (HPA)
Hook (HOK)
Horley (HOR)
Hornbeam Park (HBP)
Hornsey (HRN)
Horsforth (HRS)
Horsley (HSY)
Horton-in-Ribblesdale (HIR)
Hoscar (HSC)
Hounslow (HOU)
Hoveton & Wroxham (HXM)
How Wood (Herts) (HWW)
Howwood (Renfrewshire) (HOZ)
Hoxton (HOX)
Hoylake (HYK)
Humphrey Park (HUP)
Huncoat (HCT)
Hunmanby (HUB)
Huntingdon (HUN)
Huntly (HNT)
Hunts Cross (HNX)
Hurst Green (HUR)
Hutton Cranswick (HUT)
Huyton (HUY)
Hyndland (HYN)
Hythe (Essex) (HYH)
Ifield (IFI)
Ilford (IFD)
Ilkley (ILK)
Imperial Wharf (IMW)
Ince & Elton (INE)
Ingatestone (INT)
Insch (INS)
Invergordon (IGD)
Invergowrie (ING)
Inverkip (INP)
Inverness (INV)
Invershin (INH)
Inverurie (INR)
Ipswich (IPS)
Irvine (IRV)
Isleworth (ISL)
Islip (ISP)
James Cook (JCH)
Jewellery Quarter (JEQ)
Johnstone (Strathclyde) (JHN)
Jordanhill (JOR)
Kearsley (Manchester) (KSL)
Kearsney (Kent) (KSN)
Keighley (KEI)
Keith (KEH)
Kelvedon (KEL)
Kelvindale (KVD)
Kempston Hardwick (KMH)
Kempton Park Racecourse (KMP)
Kemsing (KMS)
Kemsley (KML)
Kenley (KLY)
Kennett (KNE)
Kennishead (KNS)
Kensal Green (KNL)
Kensal Rise (KNR)
Kensington Olympia (KPA)
Kent House (KTH)
Kentish Town (KTN)
Kentish Town West (KTW)
Kenton (KNT)
Kettering (KET)
Kew Bridge (KWB)
Kew Gardens (KWG)
Kidbrooke (KDB)
Kidderminster (KID)
Kilburn High Road (KBN)
Kildale (KLD)
Kildonan (KIL)
Kilmarnock (KMK)
Kilmaurs (KLM)
Kilpatrick (KPT)
Kilwinning (KWN)
Kinbrace (KBC)
Kinghorn (KGH)
Kings Langley (KGL)
Kings Lynn (KLN)
Kings Park (KGP)
Kingsknowe (KGE)
Kingston (KNG)
Kingswood (KND)
Kingussie (KIN)
Kirby Cross (KBX)
Kirk Sandall (KKS)
Kirkby (Merseyside) (KIR)
Kirkby Stephen (KSW)
Kirkby-in-Furness (KBF)
Kirkconnel (KRK)
Kirkdale (KKD)
Kirkhill (KKH)
Kirknewton (KKN)
Kirkstall Forge (KLF)
Kirkwood (KWD)
Kirton Lindsey (KTL)
Kiveton Bridge (KIV)
Kiveton Park (KVP)
Knaresborough (KNA)
Knebworth (KBW)
Knockholt (KCK)
Knottingley (KNO)
Kyle of Lochalsh (KYL)
Ladywell (LAD)
Laindon (LAI)
Lairg (LRG)
Lake (LKE)
Lakenheath (LAK)
Lanark (LNK)
Langbank (LGB)
Langho (LHO)
Langley Green (LGG)
Langside (LGS)
Langwathby (LGW)
Lapworth (LPW)
Larbert (LBT)
Largs (LAR)
Larkhall (LRH)
Laurencekirk (LAU)
Lazonby & Kirkoswald (LZB)
Lea Bridge (LEB)
Leagrave (LEA)
Lealholm (LHM)
Leasowe (LSW)
Leatherhead (LHD)
Lee (London) (LEE)
Leigh (Kent) (LIH)
Leigh-on-Sea (LES)
Lelant (LEL)
Lelant Saltings (LTS)
Lenham (LEN)
Lenzie (LNZ)
Letchworth Garden City (LET)
Lewes (LWS)
Lewisham (LEW)
Leyton Midland Road (LEM)
Leytonstone High Road (LER)
Lidlington (LID)
Lingfield (LFD)
Lingwood (LGD)
Linlithgow (LIN)
Liphook (LIP)
Little Kimble (LTK)
Little Sutton (LTT)
Littleborough (LTL)
Littlehaven (LVN)
Littleport (LTP)
Livingston North (LSN)
Livingston South (LVG)
Loch Awe (LHA)
Loch Eil Outward Bound (LHE)
Lochailort (LCL)
Locheilside (LCS)
Lochgelly (LCG)
Lochluichart (LCC)
Lochwinnoch (LHW)
Lockwood (LCK)
London Fields (LOF)
London Road (Brighton) (LRB)
London Road (Guildford) (LRD)
London Waterloo East (WAE)
Long Preston (LPR)
Longbeck (LGK)
Longfield (LGF)
Longniddry (LND)
Looe (LOO)
Lostock Hall (LOH)
Loughborough (LBO)
Loughborough Junction (LGJ)
Lower Sydenham (LSY)
Lowestoft (LWT)
Luton (LUT)
Luton Airport Parkway (LTN)
Luxulyan (LUX)
Lye (West Midlands) (LYE)
Lymington Pier (LYP)
Lymington Town (LYT)
Lympstone Commando (LYC)
Lympstone Village (LYM)
Lytham (LTM)
Maghull (MAG)
Maidstone Barracks (MDB)
Maidstone East (MDE)
Maidstone West (MDW)
Malden Manor (MAL)
Mallaig (MLG)
Manningtree (MNG)
Manor Park (MNP)
Manor Road (MNR)
Manors (MAS)
Marden (Kent) (MRN)
Margate (MAR)
Market Harborough (MHR)
Market Rasen (MKR)
Marks Tey (MKT)
Marlow (MLW)
Marske (MSK)
Martin Mill (MTM)
Marton (MTO)
Maryhill (MYH)
Maryland (MYL)
Maryport (MRY)
Maxwell Park (MAX)
Maybole (MAY)
Maze Hill (MZH)
Meldreth (MEL)
Melton (Suffolk) (MES)
Menston (MNN)
Meols (MEO)
Meopham (MEP)
Merryton (MEY)
Merstham (MHM)
MetroCentre (MCE)
Mexborough (MEX)
Micklefield (MIK)
Milford (Surrey) (MLF)
Mill Hill (Lancs) (MLH)
Mill Hill Broadway (MIL)
Millbrook (Beds) (MLB)
Milliken Park (MIN)
Millom (MLM)
Mills Hill (Manchester) (MIH)
Milngavie (MLN)
Minster (MSR)
Mirfield (MIR)
Mistley (MIS)
Mitcham Eastfields (MTC)
Mitcham Junction (MIJ)
Monifieth (MON)
Monks Risborough (MRS)
Montrose (MTS)
Moorside (MSD)
Moorthorpe (MRP)
Morar (MRR)
Morden South (MDS)
Morecambe (MCM)
Moreton (Merseyside) (MRT)
Morley (MLY)
Moses Gate (MSS)
Moss Side (MOS)
Mossley Hill (MSH)
Mosspark (MPK)
Moston (MSO)
Motspur Park (MOT)
Mottingham (MTG)
Moulsecoomb (MCB)
Mount Florida (MFL)
Mount Vernon (MTV)
Muir of Ord (MOO)
Muirend (MUI)
Musselburgh (MUB)
Mytholmroyd (MYT)
Nafferton (NFN)
Nairn (NRN)
Needham Market (NMT)
Neilston (NEI)
Nelson (NEL)
Nethertown (NRT)
New Barnet (NBA)
New Beckenham (NBC)
New Brighton (NBN)
New Clee (NCE)
New Cross (NWX)
New Cross Gate (NXG)
New Cumnock (NCK)
New Eltham (NEH)
New Holland (NHL)
New Hythe (NHE)
New Lane (NLN)
New Malden (NEM)
New Pudsey (NPD)
New Southgate (NSG)
Newcourt (NCO)
Newcraighall (NEW)
Newhaven Harbour (NVH)
Newhaven Town (NVN)
Newington (NGT)
Newmarket (NMK)
Newport (Essex) (NWE)
Newquay (NQY)
Newton (Lanark) (NTN)
Newton Aycliffe (NAY)
Newtongrange (NEG)
Newtonmore (NWR)
Newton-on-Ayr (NOA)
Nitshill (NIT)
Norbiton (NBT)
Norbury (NRB)
Normans Bay (NSB)
Normanton (NOR)
North Berwick (NBW)
North Dulwich (NDL)
North Fambridge (NFA)
North Queensferry (NQU)
North Road (Darlington) (NRD)
North Walsham (NWA)
North Wembley (NWB)
Northfleet (NFL)
Northolt Park (NLT)
Northumberland Park (NUM)
Norton Bridge (NTB)
Norwich (NRW)
Norwood Junction (NWD)
Nunhead (NHD)
Nunthorpe (NNT)
Nutfield (NUF)
Oakleigh Park (OKL)
Oban (OBN)
Ockendon (OCK)
Ockley (OLY)
Old Hill (OHL)
Old Roan (ORN)
Old Street (OLD)
Olton (OLT)
Ore (ORE)
Ormskirk (OMS)
Orpington (ORP)
Orrell (ORR)
Orrell Park (OPK)
Otford (OTF)
Oulton Broad North (OUN)
Oulton Broad South (OUS)
Outwood (OUT)
Overpool (OVE)
Oxford Parkway (OXP)
Oxshott (OXS)
Oxted (OXT)
Paddock Wood (PDW)
Padgate (PDG)
Paisley Canal (PCN)
Paisley Gilmour Street (PYG)
Paisley St James (PYJ)
Palmers Green (PAL)
Pannal (PNL)
Park Street (PKT)
Partick (PTK)
Parton (PRN)
Patterton (PTT)
Peckham Rye (PMR)
Pegswood (PEG)
Pemberton (PEM)
Penge East (PNE)
Penge West (PNW)
Penistone (PNS)
Penmere (PNM)
Penryn (Cornwall) (PYN)
Penshurst (PHR)
Perranwell (PRW)
Perth (PTH)
Petts Wood (PET)
Pevensey & Westham (PEV)
Pevensey Bay (PEB)
Pitlochry (PIT)
Pitsea (PSE)
Pleasington (PLS)
Plockton (PLK)
Pluckley (PLC)
Plumpton (PMP)
Plumstead (PLU)
Polegate (PLG)
Pollokshaws East (PWE)
Pollokshaws West (PWW)
Pollokshields East (PLE)
Pollokshields West (PLW)
Polmont (PMT)
Polsloe Bridge (POL)
Ponders End (PON)
Pontefract Baghill (PFR)
Pontefract Monkhill (PFM)
Pontefract Tanshelf (POT)
Poppleton (POP)
Port Glasgow (PTG)
Portlethen (PLN)
Possilpark & Parkhouse (PPK)
Potters Bar (PBR)
Prescot (PSC)
Preston Park (PRP)
Prestonpans (PST)
Prestwick International Airport (PRA)
Prestwick Town (PTW)
Priesthill & Darnley (PTL)
Princes Risborough (PRR)
Prittlewell (PRL)
Prudhoe (PRU)
Purfleet (PFL)
Purley (PUR)
Purley Oaks (PUO)
Queenborough (QBR)
Queens Park (Glasgow) (QPK)
Queens Road (Peckham) (QRP)
Quintrell Downs (QUI)
Radlett (RDT)
Rainford (RNF)
Rainham (Essex) (RNM)
Rainham (Kent) (RAI)
Ramsgate (RAM)
Ramsgreave & Wilpshire (RGW)
Rannoch (RAN)
Ravenglass for Eskdale (RAV)
Ravensbourne (RVB)
Ravensthorpe (RVN)
Rawcliffe (RWC)
Rayleigh (RLG)
Raynes Park (RAY)
Rectory Road (REC)
Redcar British Steel (RBS)
Redcar Central (RCC)
Redcar East (RCE)
Reedham (Norfolk) (REE)
Reedham (Surrey) (RHM)
Renton (RTN)
Retford (RET)
Ribblehead (RHD)
Rice Lane (RIL)
Rickmansworth (RIC)
Riddlesdown (RDD)
Ridgmont (RID)
Riding Mill (RDM)
Rishton (RIS)
Robertsbridge (RBR)
Roby (ROB)
Rochdale (RCD)
Roche (ROC)
Rochester (RTR)
Rochford (RFD)
Rogart (ROG)
Romford (RMF)
Rose Grove (RSG)
Rosyth (ROS)
Rotherhithe (ROE)
Roughton Road (RNR)
Rowley Regis (ROW)
Roy Bridge (RYB)
Roydon (RYN)
Royston (RYS)
Rufford (RUF)
Ruswarp (RUS)
Rutherglen (RUT)
Ryde Esplanade (RYD)
Ryde St Johns Road (RYR)
Rye (Sussex) (RYE)
Rye House (RYH)
Salford Central (SFD)
Salfords (Surrey) (SAF)
Salhouse (SAH)
Saltaire (SAE)
Saltburn (SLB)
Saltcoats (SLT)
Saltmarshe (SAM)
Salwick (SLW)
Sandal & Agbrigg (SNA)
Sanderstead (SNR)
Sandhills (SDL)
Sandling (SDG)
Sandown (SAN)
Sandplace (SDP)
Sandwich (SDW)
Sandy (SDY)
Sanquhar (SQH)
Saunderton (SDR)
Sawbridgeworth (SAW)
Saxilby (SXY)
Saxmundham (SAX)
Scotscalder (SCT)
Scotstounhill (SCH)
Seaford (Sussex) (SEF)
Seaforth & Litherland (SFL)
Seaham (SEA)
Seascale (SSC)
Seaton Carew (SEC)
Seer Green & Jordans (SRG)
Selhurst (SRS)
Sellafield (SEL)
Selling (SEG)
Settle (SET)
Seven Kings (SVK)
Seven Sisters (SVS)
Sevenoaks (SEV)
Shadwell (SDE)
Shanklin (SHN)
Shawfair (SFI)
Shawlands (SHL)
Sheerness-on-Sea (SSS)
Shelford (Cambs) (SED)
Shenfield (SNF)
Shepherd's Bush (SPB)
Shepherds Well (SPH)
Shepley (SPY)
Shepperton (SHP)
Shepreth (STH)
Sherburn-in-Elmet (SIE)
Sheringham (SHM)
Shettleston (SLS)
Shieldmuir (SDM)
Shildon (SHD)
Shipley (Yorks) (SHY)
Shippea Hill (SPP)
Shireoaks (SRO)
Shirley (SRL)
Shoeburyness (SRY)
Shoreditch High Street (SDC)
Shoreham (Kent) (SEH)
Shortlands (SRT)
Shotts (SHS)
Sidcup (SID)
Silecroft (SIC)
Silkstone Common (SLK)
Silver Street (SLV)
Singer (SIN)
Sittingbourne (SIT)
Skipton (SKI)
Slade Green (SGR)
Slateford (SLA)
Sleights (SLH)
Small Heath (SMA)
Smallbrook Junction (SAB)
Smithy Bridge (SMB)
Snaith (SNI)
Snodland (SDA)
Snowdown (SWO)
Sole Street (SOR)
Solihull (SOL)
Somerleyton (SYT)
South Acton (SAT)
South Bank (SBK)
South Bermondsey (SBM)
South Croydon (SCY)
South Elmsall (SES)
South Greenford (SGN)
South Gyle (SGL)
South Hampstead (SOH)
South Kenton (SOK)
South Merton (SMO)
South Milford (SOM)
South Ruislip (SRU)
South Tottenham (STO)
South Woodham Ferrers (SOF)
Southbury (SBU)
Southease (SEE)
Southend Airport (SIA)
Southend Central (SOC)
Southend East (SOE)
Southend Victoria (SOV)
Southminster (SMN)
Sowerby Bridge (SOW)
Spalding (SPA)
Spean Bridge (SBR)
Spooner Row (SPN)
Spring Road (SRI)
Springburn (SPR)
Springfield (SPF)
Squires Gate (SQU)
St Albans Abbey (SAA)
St Albans City (SAC)
St Annes-on-Sea (SAS)
St Bees (SBS)
St Budeaux Victoria Road (SBV)
St Columb Road (SCR)
St Helens Central (SNH)
St Helier (Surrey) (SIH)
St Ives (Cornwall) (SIV)
St James Street (Walthamstow) (SJS)
St Johns (London) (SAJ)
St Keyne Wishing Well Halt (SKN)
St Leonards Warrior Square (SLQ)
St Margarets (Herts) (SMT)
St Mary Cray (SMY)
St Michaels (STM)
St Neots (SNO)
Stallingborough (SLL)
Stamford Hill (SMH)
Stanford-le-Hope (SFO)
Stanlow & Thornton (SNT)
Stansted Airport (SSD)
Stansted Mountfitchet (SST)
Staplehurst (SPU)
Starbeck (SBE)
Steeton & Silsden (SON)
Stepps (SPS)
Stevenage (SVG)
Stevenston (STV)
Stewartby (SWR)
Stewarton (STT)
Stocksfield (SKS)
Stocksmoor (SSM)
Stockton (STK)
Stoke Mandeville (SKM)
Stoke Newington (SKW)
Stone Crossing (SCG)
Stonebridge Park (SBP)
Stonegate (SOG)
Stonehaven (STN)
Stoneleigh (SNL)
Stourbridge Junction (SBJ)
Stourbridge Town (SBT)
Stow (SOI)
Stowmarket (SMK)
Stranraer (STR)
Stratford International (SFA)
Stratford-upon-Avon (SAV)
Stratford-upon-Avon Parkway (STY)
Strathcarron (STC)
Strawberry Hill (STW)
Streatham (Greater London) (STE)
Streatham Common (SRC)
Streatham Hill (SRH)
Streethouse (SHC)
Stromeferry (STF)
Strood (Kent) (SOO)
Sturry (STU)
Sudbury & Harrow Road (SUD)
Sudbury (Suffolk) (SUY)
Sudbury Hill Harrow (SDH)
Summerston (SUM)
Sunbury (SUU)
Sunderland (SUN)
Sundridge Park (SUP)
Sunnymeads (SNY)
Surbiton (SUR)
Surrey Quays (SQE)
Sutton (Surrey) (SUO)
Sutton Common (SUC)
Swale (SWL)
Swanley (SAY)
Swanscombe (SWM)
Swinton (Manchester) (SNN)
Swinton (South Yorks) (SWN)
Sydenham (London) (SYD)
Sydenham Hill (SYH)
Syon Lane (SYL)
Tadworth (TAD)
Tain (TAI)
Tattenham Corner (TAT)
Taynuilt (TAY)
Teddington (TED)
Tees-side Airport (TEA)
Teynham (TEY)
Thames Ditton (THD)
Thatto Heath (THH)
The Hawthorns (THW)
The Lakes (Warks) (TLK)
Theobalds Grove (TEO)
Thetford (TTF)
Thorne North (TNN)
Thornliebank (THB)
Thornton Abbey (TNA)
Thornton Heath (TTH)
Thorntonhall (THT)
Thorpe Bay (TPB)
Thorpe-le-Soken (TLS)
Three Bridges (TBD)
Three Oaks (TOK)
Thurnscoe (THC)
Thurso (THS)
Thurston (TRS)
Tilbury Town (TIL)
Todmorden (TOD)
Tolworth (TOL)
Tonbridge (TON)
Tooting (TOO)
Topsham (TOP)
Tottenham Hale (TOM)
Town Green (TWN)
Trafford Park (TRA)
Trimley (TRM)
Tring (TRI)
Troon (TRN)
Tulloch (TUL)
Tulse Hill (TUH)
Tunbridge Wells (TBW)
Turkey Street (TUR)
Tweedbank (TWB)
Tyndrum Lower (TYL)
Tyseley (TYS)
Uckfield (UCK)
Uddingston (UDD)
Ulceby (ULC)
Ulleskelf (ULL)
Uphall (UHA)
Upholland (UPL)
Upminster (UPM)
Upper Halliford (UPH)
Upper Holloway (UHL)
Upper Tyndrum (UTY)
Upper Warlingham (UWL)
Waddon (WDO)
Wadhurst (WAD)
Wakefield Kirkgate (WKK)
Walkden (WKD)
Wallasey Grove Road (WLG)
Wallasey Village (WLV)
Wallington (WLT)
Wallyford (WAF)
Walmer (WAM)
Walsden (WDN)
Waltham Cross (WLC)
Walthamstow Central (WHC)
Walthamstow Queen's Road (WMW)
Walton (Merseyside) (WAO)
Walton-on-Thames (WAL)
Walton-on-the-Naze (WON)
Wandsworth Common (WSW)
Wandsworth Road (WWR)
Wanstead Park (WNP)
Wapping (WPE)
Ware (Herts) (WAR)
Warnham (WNH)
Warrington Central (WAC)
Warwick (WRW)
Warwick Parkway (WRP)
Waterbeach (WBC)
Wateringbury (WTR)
Waterloo (Merseyside) (WLO)
Watford High Street (WFH)
Watford Junction (WFJ)
Watford North (WFN)
Watlington (WTG)
Watton-at-Stone (WAS)
Wavertree Technology Park (WAV)
Wedgwood (WED)
Weeley (WEE)
Weeton (WET)
Welham Green (WMG)
Welling (WLI)
Wellingborough (WEL)
Welwyn Garden City (WGC)
Welwyn North (WLW)
Wembley Central (WMB)
Wembley Stadium (WCX)
Wemyss Bay (WMS)
Wendover (WND)
Wennington (WNN)
West Allerton (WSA)
West Brompton (WBP)
West Byfleet (WBY)
West Calder (WCL)
West Croydon (WCY)
West Dulwich (WDU)
West Hampstead (WHD)
West Hampstead Thameslink (WHP)
West Horndon (WHR)
West Kilbride (WKB)
West Kirby (WKI)
West Malling (WMA)
West Norwood (WNW)
West Ruislip (WRU)
West Runton (WRN)
West St Leonards (WLD)
West Sutton (WSU)
West Wickham (WWI)
Westcliff (WCF)
Westcombe Park (WCB)
Westenhanger (WHA)
Wester Hailes (WTA)
Westerfield (WFI)
Westerton (WES)
Westgate-on-Sea (WGA)
Wetheral (WRL)
Weybridge (WYB)
Whalley (Lancs) (WHE)
Whifflet (WFF)
Whinhill (WNL)
Whitby (WTB)
White Hart Lane (WHL)
White Notley (WNY)
Whitechapel (ZLW)
Whitecraigs (WCR)
Whitehaven (WTH)
Whitley Bridge (WBD)
Whitlocks End (WTE)
Whitstable (WHI)
Whittlesford Parkway (WLF)
Whyteleafe (WHY)
Whyteleafe South (WHS)
Wick (WCK)
Wickford (WIC)
Wickham Market (WCM)
Widdrington (WDD)
Widney Manor (WMR)
Wigan Wallgate (WGW)
Wigton (WGT)
Willesden Junction (WIJ)
Williamwood (WLM)
Wilmcote (WMC)
Wimbledon (WIM)
Wimbledon Chase (WBO)
Winchelsea (WSE)
Winchfield (WNF)
Winchmore Hill (WIH)
Windsor & Eton Central (WNC)
Windsor & Eton Riverside (WNR)
Wishaw (WSH)
Witham (WTM)
Witley (WTY)
Wivelsfield (WVF)
Wivenhoe (WIV)
Woburn Sands (WOB)
Woldingham (WOH)
Wombwell (WOM)
Wood End (WDE)
Wood Street (WST)
Woodbridge (WDB)
Woodgrange Park (WGR)
Woodhall (WDL)
Woodhouse (WDH)
Woodlesford (WDS)
Woodmansterne (WME)
Woolwich Arsenal (WWA)
Woolwich Dockyard (WWD)
Wootton Wawen (WWW)
Worcester Park (WCP)
Workington (WKG)
Worplesdon (WPL)
Worstead (WRT)
Wrabness (WRB)
Wraysbury (WRY)
Wressle (WRS)
Wye (WYE)
Wylam (WYM)
Wymondham (WMD)
Wythall (WYT)
Yalding (YAL)
Yardley Wood (YRD)
Yoker (YOK)
0.4674717569146864 percent of stations (12) have no services to cardiff or returned an error
These stations are:
Ashford International (Eurostar) (ASI)
Berney Arms (BYA)
Buckenham (Norfolk) (BUC)
Dunrobin Castle (DNO)
Elephant & Castle (Underground) (ZEL)
Falls of Cruachan (FOC)
Heathrow Airport Terminals 1, 2 and 3 (HXX)
IBM Halt (IBM)
London St Pancras (Intl) (SPX)
Manchester United Football Ground (MUF)
Okehampton (OKE)
Sampford Courtenay (SMC)
