4.752629528632645 percent of stations (122) have direct services to exeter
47.019867549668874 percent of stations (1207) have services to exeter with a single connection
47.60420724581223 percent of stations (1222) have services to exeter with more than one connection
These stations are:
Abbey Wood (ABW)
Abergele & Pensarn (AGL)
Accrington (ACR)
Achanalt (AAT)
Achnasheen (ACN)
Achnashellach (ACH)
Acle (ACL)
Acocks Green (ACG)
Acton Central (ACC)
Addiewell (ADW)
Adisham (ADM)
Aigburth (AIG)
Ainsdale (ANS)
Aintree (AIN)
Airbles (AIR)
Airdrie (ADR)
Albany Park (AYP)
Aldrington (AGT)
Alexandra Palace (AAP)
Alexandra Parade (AXP)
Alexandria (ALX)
Alloa (ALO)
Alness (ASS)
Alresford (Essex) (ALR)
Althorne (Essex) (ALN)
Amersham (AMR)
Ancaster (ANC)
Anderston (AND)
Anerley (ANZ)
Angel Road (AGR)
Annan (ANN)
Anniesland (ANL)
Ansdell & Fairhaven (AFV)
Appledore (Kent) (APD)
Apsley (APS)
Ardgay (ARD)
Ardlui (AUI)
Ardrossan Harbour (ADS)
Ardrossan South Beach (ASB)
Ardrossan Town (ADN)
Argyle Street (AGS)
Arisaig (ARG)
Arlesey (ARL)
Armadale (West Lothian) (ARM)
Arrochar & Tarbet (ART)
Ascott-under-Wychwood (AUW)
Ashfield (ASF)
Ashford International (AFK)
Ashton-under-Lyne (AHN)
Ashurst (Kent) (AHS)
Ashwell & Morden (AWM)
Askam (ASK)
Aslockton (ALK)
Aspatria (ASP)
Aspley Guise (APG)
Atherton (ATN)
Attadale (ATT)
Attleborough (ATL)
Auchinleck (AUK)
Audley End (AUD)
Aughton Park (AUG)
Aylesbury (AYS)
Aylesbury Vale Parkway (AVP)
Aylesford (AYL)
Aylesham (AYH)
Ayr (AYR)
Bache (BAC)
Bagshot (BAG)
Baildon (BLD)
Baillieston (BIO)
Baldock (BDK)
Balloch (BHC)
Balmossie (BSI)
Bamber Bridge (BMB)
Banavie (BNV)
Bank Hall (BAH)
Barassie (BSS)
Bare Lane (BAR)
Bargeddie (BGI)
Barking (BKG)
Barlaston (BRT)
Barming (BMG)
Barnehurst (BNH)
Barnhill (BNL)
Barrhead (BRR)
Barrhill (BRL)
Barrow Haven (BAV)
Barrow-Upon-Soar (BWS)
Barry Links (BYL)
Barton-on-Humber (BAU)
Basildon (BSO)
Bat & Ball (BBL)
Battersby (BTT)
Battle (BAT)
Battlesbridge (BLB)
Bayford (BAY)
Beaconsfield (BCF)
Bearley (BER)
Bearsden (BRN)
Bearsted (BSD)
Beasdale (BSL)
Beauly (BEL)
Bebington (BEB)
Beccles (BCC)
Beckenham Hill (BEC)
Beckenham Junction (BKJ)
Bedford (BDM)
Bedford St Johns (BSJ)
Bedhampton (BDH)
Bedworth (BEH)
Bekesbourne (BKS)
Bellgrove (BLG)
Bellingham (BGM)
Bellshill (BLH)
Beltring (BEG)
Belvedere (BVD)
Benfleet (BEF)
Bentham (BEN)
Bermuda Park (BEP)
Bescar Lane (BES)
Bethnal Green (BET)
Betws-y-Coed (BYC)
Bexley (BXY)
Bexleyheath (BXH)
Bicester North (BCS)
Bicester Village (BIT)
Bickley (BKL)
Bidston (BID)
Biggleswade (BIW)
Billericay (BIC)
Billingham (Cleveland) (BIL)
Bingham (BIN)
Birchington-on-sea (BCH)
Birkbeck (BIK)
Birkdale (BDL)
Birkenhead Central (BKC)
Birkenhead Hamilton Square (BKQ)
Birkenhead North (BKN)
Birkenhead Park (BKP)
Bishopbriggs (BBG)
Bishops Stortford (BIS)
Bishopton (Strathclyde) (BPT)
Bitterne (BTE)
Blackburn (BBN)
Blackheath (BKH)
Blackhorse Road (BHO)
Blackpool Pleasure Beach (BPB)
Blackpool South (BPS)
Blackridge (BKR)
Blaenau Ffestiniog (BFF)
Blair Atholl (BLA)
Blairhill (BAI)
Blakedown (BKD)
Blantyre (BLT)
Blundellsands & Crosby (BLN)
Bognor Regis (BOG)
Bogston (BGS)
Bootle (Cumbria) (BOC)
Bootle New Strand (BNW)
Bootle Oriel Road (BOT)
Bordesley (BBS)
Borough Green & Wrotham (BRG)
Bosham (BOH)
Boston (BSN)
Bottesford (BTF)
Bourne End (BNE)
Bournemouth (BMH)
Bow Brickhill (BWB)
Bowes Park (BOP)
Bowling (BWG)
Brading (BDN)
Braintree (BTR)
Braintree Freeport (BTP)
Brampton (Cumbria) (BMP)
Brampton (Suffolk) (BRP)
Branchton (BCN)
Brandon (BND)
Branksome (BSM)
Braystones (Cumbria) (BYS)
Breich (BRC)
Brentwood (BRE)
Bricket Wood (BWO)
Bridge of Orchy (BRO)
Bridgeton (BDG)
Brierfield (BRF)
Brimsdown (BMD)
Brixton (BRX)
Broad Green (BGE)
Broadstairs (BSR)
Bromborough (BOM)
Bromborough Rake (BMR)
Bromley Cross (Lancs) (BMC)
Bromley North (BMN)
Bromley South (BMS)
Brookmans Park (BPK)
Brora (BRA)
Broughty Ferry (BYF)
Broxbourne (BXB)
Bruce Grove (BCV)
Brundall (BDA)
Brundall Gardens (BGA)
Brunswick (BRW)
Bryn (BYN)
Buckley (BCK)
Bulwell (BLW)
Bures (BUE)
Burnham-on-Crouch (BUU)
Burnley Barracks (BUB)
Burnley Central (BNC)
Burnside (Strathclyde) (BUI)
Burscough Junction (BCJ)
Bursledon (BUO)
Bury St Edmunds (BSE)
Busby (BUS)
Bush Hill Park (BHK)
Bushey (BSH)
Buxted (BXD)
Caergwrle (CGW)
Caldercruix (CAC)
Camberley (CAM)
Cambridge (CBG)
Cambridge Heath (CBH)
Cambuslang (CBL)
Canterbury East (CBE)
Canterbury West (CBW)
Cantley (CNY)
Capenhurst (CPU)
Cardenden (CDD)
Cardiff Bay (CDB)
Cardonald (CDO)
Cardross (CDR)
Carfin (CRF)
Carluke (CLU)
Carmyle (CML)
Carnoustie (CAN)
Carntyne (CAY)
Carpenders Park (CPK)
Carrbridge (CAG)
Carstairs (CRS)
Cartsdyke (CDY)
Castle Bar Park (CBP)
Castleton (Manchester) (CAS)
Catford (CTF)
Catford Bridge (CFB)
Cathcart (CCT)
Cefn-y-Bedd (CYB)
Chadwell Heath (CTH)
Chafford Hundred Lakeside (CFH)
Chalfont & Latimer (CFO)
Chalkwell (CHW)
Chappel & Wakes Colne (CWC)
Charing (Kent) (CHG)
Charing Cross (Glasgow) (CHC)
Charlton (CTN)
Chartham (CRT)
Chassen Road (CSR)
Chatelherault (CTE)
Chatham (CTM)
Cheddington (CED)
Chelmsford (CHM)
Chelsfield (CLD)
Cherry Tree (CYT)
Cheshunt (CHN)
Chestfield & Swalecliffe (CSW)
Chilham (CIL)
Chingford (CHI)
Chislehurst (CIT)
Chorleywood (CLW)
Christchurch (CHR)
Church & Oswaldtwistle (CTW)
City Thameslink (CTK)
Clacton-on-Sea (CLT)
Clandon (CLA)
Clapton (CPT)
Clarkston (CKS)
Claverdon (CLV)
Claygate (CLG)
Clifton (Manchester) (CLI)
Clitheroe (CLH)
Clock House (CLK)
Clydebank (CYK)
Coatbridge Central (CBC)
Coatbridge Sunnyside (CBS)
Coatdyke (COA)
Cobham & Stoke d'Abernon (CSD)
Colchester (COL)
Colchester Town (CET)
Collingham (CLM)
Colne (CNE)
Combe (Oxon) (CME)
Connel Ferry (CON)
Conon Bridge (CBD)
Conway Park (CNP)
Cookham (COO)
Corby (COR)
Corkerhill (CKH)
Corkickle (CKL)
Corpach (CPA)
Corrour (CRR)
Coventry Arena (CAA)
Cowden (Kent) (CWN)
Cowdenbeath (COW)
Cradley Heath (CRA)
Craigendoran (CGD)
Crayford (CRY)
Cressing (Essex) (CES)
Cressington (CSG)
Creswell (CWD)
Crews Hill (CWH)
Crianlarich (CNR)
Cricklewood (CRI)
Croftfoot (CFF)
Crofton Park (CFT)
Cromer (CMR)
Crookston (CKT)
Crosshill (COI)
Crossmyloof (CMY)
Croston (CSO)
Crouch Hill (CRH)
Crowborough (COH)
Crowhurst (CWU)
Croy (CRO)
Cuffley (CUF)
Culrain (CUA)
Cuxton (CUX)
Dagenham Dock (DDK)
Daisy Hill (DSY)
Dalmally (DAL)
Dalmarnock (DAK)
Dalmuir (DMR)
Dalreoch (DLR)
Dalry (DLY)
Dalston (Cumbria) (DLS)
Dalwhinnie (DLW)
Danby (DNY)
Danzey (DZY)
Darsham (DSM)
Dartford (DFD)
Darwen (DWN)
Deal (DEA)
Denham (DNM)
Denham Golf Club (DGC)
Deptford (DEP)
Derby Road (Ipswich) (DBR)
Dingwall (DIN)
Diss (DIS)
Doleham (DLH)
Dolgarrog (DLG)
Dolwyddelan (DWD)
Dorchester South (DCH)
Dorking (Main) (DKG)
Dorridge (DDG)
Dover Priory (DVP)
Dovercourt (DVC)
Downham Market (DOW)
Drayton Green (DRG)
Drayton Park (DYP)
Drigg (DRI)
Drumchapel (DMC)
Drumfrochar (DFR)
Drumgelloch (DRU)
Drumry (DMY)
Dublin Ferryport (DFP)
Dublin Port - Stena (DPS)
Duirinish (DRN)
Duke Street (DST)
Dullingham (DUL)
Dumbarton Central (DBC)
Dumbarton East (DBE)
Dumbreck (DUM)
Dumfries (DMF)
Dumpton Park (DMP)
Duncraig (DCG)
Dunfermline Queen Margaret (DFL)
Dunfermline Town (DFE)
Dunkeld & Birnam (DKD)
Dunlop (DNL)
Dunton Green (DNG)
Dyce (DYC)
Earlswood (West Midlands) (EWD)
East Dulwich (EDW)
East Farleigh (EFL)
East Kilbride (EKL)
East Malling (EML)
East Tilbury (ETL)
East Worthing (EWR)
Easterhouse (EST)
Eastham Rake (ERA)
Ebbsfleet International (EBD)
Eccles Road (ECS)
Eccleston Park (ECL)
Eden Park (EDN)
Edenbridge (EBR)
Edenbridge Town (EBT)
Edmonton Green (EDR)
Effingham Junction (EFF)
Elgin (ELG)
Ellesmere Port (ELP)
Elmers End (ELE)
Elmstead Woods (ESD)
Elmswell (ESW)
Elsenham (Essex) (ESM)
Elstree & Borehamwood (ELS)
Eltham (ELW)
Elton & Orston (ELO)
Ely (ELY)
Emerson Park (EMP)
Emsworth (EMS)
Enfield Chase (ENC)
Enfield Lock (ENL)
Enfield Town (ENF)
Entwistle (ENT)
Eridge (ERI)
Erith (ERH)
Essex Road (EXR)
Etchingham (ETC)
Euxton Balshaw Lane (EBA)
Exhibition Centre (Glasgow) (EXG)
Eynsford (EYN)
Fairlie (FRL)
Falconwood (FCN)
Falmer (FMR)
Farningham Road (FNR)
Farnworth (FNW)
Fauldhouse (FLD)
Faversham (FAV)
Faygate (FGT)
Fazakerley (FAZ)
Fearn (FRN)
Felixstowe (FLX)
Fenny Stratford (FEN)
Finsbury Park (FPK)
Finstock (FIN)
Fishbourne (Sussex) (FSB)
Fishersgate (FSG)
Flimby (FLM)
Flitwick (FLT)
Flixton (FLI)
Folkestone Central (FKC)
Folkestone West (FKW)
Ford (FOD)
Forest Gate (FOG)
Formby (FBY)
Forres (FOR)
Forsinard (FRS)
Fort Matilda (FTM)
Fort William (FTW)
Foxfield (FOX)
Foxton (FXN)
Frant (FRT)
Freshfield (FRE)
Frimley (FML)
Frinton-on-Sea (FRI)
Frodsham (FRD)
Furze Platt (FZP)
Gainsborough Central (GNB)
Garelochhead (GCH)
Garrowhill (GAR)
Garscadden (GRS)
Garston (Hertfordshire) (GSN)
Garswood (GSW)
Garve (GVE)
Georgemas Junction (GGJ)
Gerrards Cross (GER)
Gidea Park (GDP)
Giffnock (GFN)
Gillingham (Kent) (GLM)
Gilshochill (GSC)
Girvan (GIR)
Glan Conwy (GCW)
Glasgow Queen Street (GLQ)
Glazebrook (GLZ)
Glenfinnan (GLF)
Glengarnock (GLG)
Glenrothes with Thornton (GLT)
Godstone (GDN)
Golf Street (GOF)
Golspie (GOL)
Goodmayes (GMY)
Goostrey (GTR)
Gordon Hill (GDH)
Gourock (GRK)
Goxhill (GOX)
Grange Park (GPK)
Grantham (GRA)
Gravesend (GRV)
Grays (GRY)
Great Bentley (GRB)
Great Chesterford (GRC)
Great Coates (GCT)
Great Missenden (GMN)
Great Yarmouth (GYM)
Green Lane (GNL)
Green Road (GNR)
Greenford (GFD)
Greenhithe (GNH)
Greenock Central (GKC)
Greenock West (GKW)
Greenwich (GNW)
Gretna Green (GEA)
Grimsby Docks (GMD)
Grove Park (GRP)
Gunnersbury (GUN)
Gunton (GNT)
Gwersyllt (GWE)
Gypsy Lane (GYP)
Hackney Downs (HAC)
Haddenham & Thame Parkway (HDM)
Haddiscoe (HAD)
Hadley Wood (HDW)
Hag Fold (HGF)
Hagley (HAG)
Hairmyres (HMY)
Halesworth (HAS)
Hall Green (HLG)
Hall Road (HLR)
Halling (HAI)
Hall-i'-th'-Wood (HID)
Ham Street (HMT)
Hamble (HME)
Hamilton Central (HNC)
Hamilton West (HNW)
Hamworthy (HAM)
Hapton (HPN)
Harlesden (HDN)
Harling Road (HRD)
Harlington (Beds) (HLN)
Harlow Mill (HWM)
Harlow Town (HWN)
Harold Wood (HRO)
Harpenden (HPD)
Harrietsham (HRM)
Harringay (HGY)
Harringay Green Lanes (HRY)
Harrington (HRR)
Harrow-on-the-Hill (HOH)
Hartlebury (HBY)
Harwich International (HPQ)
Harwich Town (HWC)
Hatch End (HTE)
Hatfield (Herts) (HAT)
Hatfield Peverel (HAP)
Hatton (HTN)
Havenhouse (HVN)
Hawarden (HWD)
Hawarden Bridge (HWB)
Hawkhead (HKH)
Haydons Road (HYR)
Hayes (Kent) (HYS)
Headcorn (HCN)
Headstone Lane (HDL)
Healing (HLI)
Heath Low Level (HLL)
Heckington (HEC)
Helensburgh Central (HLC)
Helensburgh Upper (HLU)
Helmsdale (HMS)
Helsby (HSB)
Hendon (HEN)
Henley-in-Arden (HNL)
Herne Bay (HNB)
Herne Hill (HNH)
Hertford East (HFE)
Hertford North (HFN)
Heswall (HSW)
Hever (HEV)
Heysham Port (HHB)
High Brooms (HIB)
High Street (Glasgow) (HST)
High Wycombe (HWY)
Higham (Kent) (HGM)
Highams Park (HIP)
Hightown (HTO)
Hildenborough (HLB)
Hillfoot (HLF)
Hillington East (HLE)
Hillington West (HLW)
Hillside (HIL)
Hilsea (HLS)
Hinton Admiral (HNA)
Hitchin (HIT)
Hither Green (HGR)
Hockley (HOC)
Hollingbourne (HBN)
Holmes Chapel (HCH)
Holton Heath (HOL)
Hooton (HOO)
Hope (Flintshire) (HPE)
Hornsey (HRN)
Horsley (HSY)
Hoscar (HSC)
Hoveton & Wroxham (HXM)
How Wood (Herts) (HWW)
Howwood (Renfrewshire) (HOZ)
Hoylake (HYK)
Hubberts Bridge (HBB)
Hucknall (HKN)
Humphrey Park (HUP)
Huncoat (HCT)
Huntingdon (HUN)
Huntly (HNT)
Huyton (HUY)
Hykeham (HKM)
Hyndland (HYN)
Hythe (Essex) (HYH)
Ilford (IFD)
Ince & Elton (INE)
Ince (Manchester) (INC)
Ingatestone (INT)
Insch (INS)
Invergordon (IGD)
Invergowrie (ING)
Inverkip (INP)
Invershin (INH)
Inverurie (INR)
Ipswich (IPS)
Irvine (IRV)
Islip (ISP)
James Cook (JCH)
Jewellery Quarter (JEQ)
Johnstone (Strathclyde) (JHN)
Jordanhill (JOR)
Kearsley (Manchester) (KSL)
Kearsney (Kent) (KSN)
Keith (KEH)
Kelvedon (KEL)
Kelvindale (KVD)
Kempston Hardwick (KMH)
Kemsing (KMS)
Kemsley (KML)
Kennett (KNE)
Kennishead (KNS)
Kensal Green (KNL)
Kent House (KTH)
Kentish Town (KTN)
Kenton (KNT)
Kew Gardens (KWG)
Kidbrooke (KDB)
Kidderminster (KID)
Kilburn High Road (KBN)
Kilgetty (KGT)
Kilmarnock (KMK)
Kilmaurs (KLM)
Kilpatrick (KPT)
Kilwinning (KWN)
Kings Langley (KGL)
Kings Lynn (KLN)
Kings Park (KGP)
Kirby Cross (KBX)
Kirkby (Merseyside) (KIR)
Kirkby-in-Ashfield (KKB)
Kirkby-in-Furness (KBF)
Kirkconnel (KRK)
Kirkdale (KKD)
Kirkhill (KKH)
Kirknewton (KKN)
Kirkwood (KWD)
Knebworth (KBW)
Knockholt (KCK)
Kyle of Lochalsh (KYL)
Ladywell (LAD)
Laindon (LAI)
Lairg (LRG)
Lake (LKE)
Lakenheath (LAK)
Lamphey (LAM)
Lanark (LNK)
Langbank (LGB)
Langho (LHO)
Langley Green (LGG)
Langside (LGS)
Langwith-Whaley Thorns (LAG)
Lapworth (LPW)
Largs (LAR)
Larkhall (LRH)
Laurencekirk (LAU)
Lea Bridge (LEB)
Leagrave (LEA)
Leasowe (LSW)
Lee (London) (LEE)
Leigh (Kent) (LIH)
Leigh-on-Sea (LES)
Lenham (LEN)
Lenzie (LNZ)
Letchworth Garden City (LET)
Lewisham (LEW)
Leyton Midland Road (LEM)
Leytonstone High Road (LER)
Lidlington (LID)
Lingwood (LGD)
Little Kimble (LTK)
Little Sutton (LTT)
Littleborough (LTL)
Littleport (LTP)
Liverpool Central (LVC)
Liverpool James Street (LVJ)
Livingston South (LVG)
Llanrwst (LWR)
Loch Awe (LHA)
Loch Eil Outward Bound (LHE)
Lochailort (LCL)
Locheilside (LCS)
Lochgelly (LCG)
Lochluichart (LCC)
Lochwinnoch (LHW)
London Fields (LOF)
London Road (Brighton) (LRB)
London Road (Guildford) (LRD)
Longfield (LGF)
Lostock Hall (LOH)
Loughborough Junction (LGJ)
Lower Sydenham (LSY)
Lowestoft (LWT)
Luton (LUT)
Luton Airport Parkway (LTN)
Lye (West Midlands) (LYE)
Lymington Pier (LYP)
Lymington Town (LYT)
Lytham (LTM)
Maghull (MAG)
Maidstone Barracks (MDB)
Maidstone East (MDE)
Maidstone West (MDW)
Mallaig (MLG)
Manningtree (MNG)
Manor Park (MNP)
Manor Road (MNR)
Manorbier (MRB)
Mansfield (MFT)
Mansfield Woodhouse (MSW)
Marden (Kent) (MRN)
Margate (MAR)
Market Rasen (MKR)
Marks Tey (MKT)
Marlow (MLW)
Martin Mill (MTM)
Marton (MTO)
Maryhill (MYH)
Maryland (MYL)
Maryport (MRY)
Maxwell Park (MAX)
Maybole (MAY)
Maze Hill (MZH)
Meldreth (MEL)
Melton (Suffolk) (MES)
Meols (MEO)
Meopham (MEP)
Merryton (MEY)
Metheringham (MGM)
Mill Hill (Lancs) (MLH)
Mill Hill Broadway (MIL)
Millbrook (Beds) (MLB)
Milliken Park (MIN)
Millom (MLM)
Mills Hill (Manchester) (MIH)
Milngavie (MLN)
Minster (MSR)
Mistley (MIS)
Monifieth (MON)
Monks Risborough (MRS)
Moorfields (MRF)
Moorside (MSD)
Morar (MRR)
Morden South (MDS)
Morecambe (MCM)
Moreton (Dorset) (MTN)
Moreton (Merseyside) (MRT)
Moses Gate (MSS)
Moss Side (MOS)
Mossley Hill (MSH)
Mosspark (MPK)
Moston (MSO)
Mottingham (MTG)
Moulsecoomb (MCB)
Mount Florida (MFL)
Mount Vernon (MTV)
Muir of Ord (MOO)
Muirend (MUI)
Nairn (NRN)
Narberth (NAR)
Needham Market (NMT)
Neilston (NEI)
Nelson (NEL)
Neston (NES)
Netherfield (NET)
Nethertown (NRT)
Netley (NTL)
New Barnet (NBA)
New Beckenham (NBC)
New Brighton (NBN)
New Clee (NCE)
New Cross (NWX)
New Cumnock (NCK)
New Eltham (NEH)
New Holland (NHL)
New Hythe (NHE)
New Lane (NLN)
New Mills Central (NMC)
New Milton (NWM)
New Southgate (NSG)
Newark North Gate (NNG)
Newington (NGT)
Newmarket (NMK)
Newport (Essex) (NWE)
Newstead (NSD)
Newton (Lanark) (NTN)
Newtonmore (NWR)
Newton-on-Ayr (NOA)
Nitshill (NIT)
Normans Bay (NSB)
North Dulwich (NDL)
North Fambridge (NFA)
North Llanrwst (NLR)
North Walsham (NWA)
North Wembley (NWB)
Northfleet (NFL)
Northolt Park (NLT)
Northumberland Park (NUM)
Norton Bridge (NTB)
Norwich (NRW)
Nunhead (NHD)
Nunthorpe (NNT)
Nutbourne (NUT)
Nutfield (NUF)
Oakleigh Park (OKL)
Oban (OBN)
Ockendon (OCK)
Old Hill (OHL)
Old Roan (ORN)
Old Street (OLD)
Olton (OLT)
Ormskirk (OMS)
Orpington (ORP)
Orrell (ORR)
Orrell Park (OPK)
Otford (OTF)
Oulton Broad North (OUN)
Oulton Broad South (OUS)
Overpool (OVE)
Oxford Parkway (OXP)
Oxshott (OXS)
Paddock Wood (PDW)
Padgate (PDG)
Paisley Canal (PCN)
Paisley Gilmour Street (PYG)
Paisley St James (PYJ)
Palmers Green (PAL)
Park Street (PKT)
Parkstone (Dorset) (PKS)
Partick (PTK)
Parton (PRN)
Patterton (PTT)
Pemberton (PEM)
Pembroke (PMB)
Pembroke Dock (PMD)
Penally (PNA)
Penge East (PNE)
Penge West (PNW)
Penshurst (PHR)
Penyffordd (PNF)
Petts Wood (PET)
Pevensey Bay (PEB)
Pitsea (PSE)
Pleasington (PLS)
Plockton (PLK)
Pluckley (PLC)
Plumstead (PLU)
Pokesdown (POK)
Pollokshaws East (PWE)
Pollokshaws West (PWW)
Pollokshields East (PLE)
Pollokshields West (PLW)
Ponders End (PON)
Pont-y-Pant (PYP)
Poole (POO)
Port Glasgow (PTG)
Port Sunlight (PSL)
Portlethen (PLN)
Possilpark & Parkhouse (PPK)
Potters Bar (PBR)
Prescot (PSC)
Prestwick International Airport (PRA)
Prestwick Town (PTW)
Priesthill & Darnley (PTL)
Princes Risborough (PRR)
Prittlewell (PRL)
Purfleet (PFL)
Queenborough (QBR)
Queens Park (Glasgow) (QPK)
Radlett (RDT)
Rainford (RNF)
Rainham (Essex) (RNM)
Rainham (Kent) (RAI)
Ramsgate (RAM)
Ramsgreave & Wilpshire (RGW)
Rannoch (RAN)
Rauceby (RAU)
Ravenglass for Eskdale (RAV)
Ravensbourne (RVB)
Rayleigh (RLG)
Rectory Road (REC)
Reedham (Norfolk) (REE)
Renton (RTN)
Rice Lane (RIL)
Rickmansworth (RIC)
Ridgmont (RID)
Rishton (RIS)
Robertsbridge (RBR)
Roby (ROB)
Rochdale (RCD)
Rochester (RTR)
Rochford (RFD)
Rock Ferry (RFY)
Rogart (ROG)
Roman Bridge (RMB)
Romford (RMF)
Rose Grove (RSG)
Rosyth (ROS)
Roughton Road (RNR)
Rowley Regis (ROW)
Roy Bridge (RYB)
Roydon (RYN)
Royston (RYS)
Rufford (RUF)
Runcorn East (RUE)
Ruskington (RKT)
Rutherglen (RUT)
Ryde Esplanade (RYD)
Ryde Pier Head (RYP)
Ryde St Johns Road (RYR)
Rye (Sussex) (RYE)
Rye House (RYH)
Salford Central (SFD)
Salhouse (SAH)
Saltcoats (SLT)
Salwick (SLW)
Sandbach (SDB)
Sandhills (SDL)
Sandling (SDG)
Sandown (SAN)
Sandwich (SDW)
Sandy (SDY)
Sanquhar (SQH)
Saundersfoot (SDF)
Saunderton (SDR)
Sawbridgeworth (SAW)
Saxilby (SXY)
Saxmundham (SAX)
Scotstounhill (SCH)
Seaforth & Litherland (SFL)
Seascale (SSC)
Seaton Carew (SEC)
Seer Green & Jordans (SRG)
Sellafield (SEL)
Selling (SEG)
Seven Kings (SVK)
Seven Sisters (SVS)
Sevenoaks (SEV)
Shanklin (SHN)
Shawlands (SHL)
Sheerness-on-Sea (SSS)
Shelford (Cambs) (SED)
Shenfield (SNF)
Shepherds Well (SPH)
Shepreth (STH)
Sheringham (SHM)
Shettleston (SLS)
Shieldmuir (SDM)
Shippea Hill (SPP)
Shirebrook (SHB)
Shirley (SRL)
Shoeburyness (SRY)
Sholing (SHO)
Shoreham (Kent) (SEH)
Shortlands (SRT)
Shotts (SHS)
Sidcup (SID)
Sileby (SIL)
Silecroft (SIC)
Silver Street (SLV)
Singer (SIN)
Sittingbourne (SIT)
Skegness (SKG)
Slade Green (SGR)
Sleaford (SLR)
Small Heath (SMA)
Smallbrook Junction (SAB)
Smithy Bridge (SMB)
Snodland (SDA)
Snowdown (SWO)
Sole Street (SOR)
Solihull (SOL)
Somerleyton (SYT)
South Acton (SAT)
South Bermondsey (SBM)
South Greenford (SGN)
South Hampstead (SOH)
South Kenton (SOK)
South Merton (SMO)
South Ruislip (SRU)
South Tottenham (STO)
South Woodham Ferrers (SOF)
Southbourne (SOB)
Southbury (SBU)
Southease (SEE)
Southend Airport (SIA)
Southend Central (SOC)
Southend East (SOE)
Southend Victoria (SOV)
Southminster (SMN)
Southwick (SWK)
Spalding (SPA)
Spean Bridge (SBR)
Spital (SPI)
Spooner Row (SPN)
Spring Road (SRI)
Springburn (SPR)
Springfield (SPF)
Squires Gate (SQU)
St Albans Abbey (SAA)
St Albans City (SAC)
St Annes-on-Sea (SAS)
St Bees (SBS)
St Helens Central (SNH)
St Helier (Surrey) (SIH)
St James Street (Walthamstow) (SJS)
St Johns (London) (SAJ)
St Margarets (Herts) (SMT)
St Mary Cray (SMY)
St Michaels (STM)
St Neots (SNO)
Stallingborough (SLL)
Stamford Hill (SMH)
Stanford-le-Hope (SFO)
Stanlow & Thornton (SNT)
Stansted Airport (SSD)
Stansted Mountfitchet (SST)
Staplehurst (SPU)
Stevenage (SVG)
Stevenston (STV)
Stewartby (SWR)
Stewarton (STT)
Stockton (STK)
Stoke Mandeville (SKM)
Stoke Newington (SKW)
Stone Crossing (SCG)
Stonebridge Park (SBP)
Stonegate (SOG)
Stourbridge Junction (SBJ)
Stourbridge Town (SBT)
Stowmarket (SMK)
Stranraer (STR)
Stratford International (SFA)
Stratford-upon-Avon (SAV)
Stratford-upon-Avon Parkway (STY)
Strathcarron (STC)
Streatham (Greater London) (STE)
Stromeferry (STF)
Strood (Kent) (SOO)
Sturry (STU)
Styal (SYA)
Sudbury & Harrow Road (SUD)
Sudbury (Suffolk) (SUY)
Sudbury Hill Harrow (SDH)
Summerston (SUM)
Sundridge Park (SUP)
Sutton Common (SUC)
Sutton Parkway (SPK)
Swale (SWL)
Swanley (SAY)
Swanscombe (SWM)
Swanwick (SNW)
Sway (SWY)
Swinderby (SWD)
Swineshead (SWE)
Swinton (Manchester) (SNN)
Sydenham Hill (SYH)
Syston (SYS)
Tain (TAI)
Tal-y-Cafn (TLC)
Taynuilt (TAY)
Tenby (TEN)
Teynham (TEY)
Thatto Heath (THH)
The Hawthorns (THW)
The Lakes (Warks) (TLK)
Theobalds Grove (TEO)
Thetford (TTF)
Thornliebank (THB)
Thornton Abbey (TNA)
Thorntonhall (THT)
Thorpe Bay (TPB)
Thorpe Culvert (TPC)
Thorpe-le-Soken (TLS)
Three Oaks (TOK)
Thurso (THS)
Thurston (TRS)
Tilbury Town (TIL)
Tonbridge (TON)
Tooting (TOO)
Tottenham Hale (TOM)
Town Green (TWN)
Trafford Park (TRA)
Trimley (TRM)
Troon (TRN)
Tulloch (TUL)
Tulse Hill (TUH)
Tunbridge Wells (TBW)
Turkey Street (TUR)
Tyndrum Lower (TYL)
Tyseley (TYS)
Uckfield (UCK)
Uddingston (UDD)
Ulceby (ULC)
Upholland (UPL)
Upminster (UPM)
Upper Holloway (UHL)
Upper Tyndrum (UTY)
Upton (Merseyside) (UPT)
Wadhurst (WAD)
Wainfleet (WFL)
Walkden (WKD)
Wallasey Grove Road (WLG)
Wallasey Village (WLV)
Walmer (WAM)
Walsden (WDN)
Waltham Cross (WLC)
Walthamstow Central (WHC)
Walthamstow Queen's Road (WMW)
Walton (Merseyside) (WAO)
Walton-on-the-Naze (WON)
Wanstead Park (WNP)
Warblington (WBL)
Ware (Herts) (WAR)
Wareham (Dorset) (WRM)
Warwick (WRW)
Warwick Parkway (WRP)
Waterbeach (WBC)
Wateringbury (WTR)
Waterloo (Merseyside) (WLO)
Watford High Street (WFH)
Watford North (WFN)
Watlington (WTG)
Watton-at-Stone (WAS)
Wavertree Technology Park (WAV)
Wedgwood (WED)
Weeley (WEE)
Welham Green (WMG)
Welling (WLI)
Welwyn Garden City (WGC)
Welwyn North (WLW)
Wembley Stadium (WCX)
Wemyss Bay (WMS)
Wendover (WND)
Wennington (WNN)
West Allerton (WSA)
West Calder (WCL)
West Dulwich (WDU)
West Hampstead Thameslink (WHP)
West Horndon (WHR)
West Kilbride (WKB)
West Kirby (WKI)
West Malling (WMA)
West Ruislip (WRU)
West Runton (WRN)
West St Leonards (WLD)
West Sutton (WSU)
West Wickham (WWI)
Westcliff (WCF)
Westcombe Park (WCB)
Westenhanger (WHA)
Westerfield (WFI)
Westerton (WES)
Westgate-on-Sea (WGA)
Wetheral (WRL)
Whalley (Lancs) (WHE)
Whifflet (WFF)
Whinhill (WNL)
White Hart Lane (WHL)
White Notley (WNY)
Whitecraigs (WCR)
Whitehaven (WTH)
Whitlocks End (WTE)
Whitstable (WHI)
Whittlesford Parkway (WLF)
Whitwell (Derbyshire) (WWL)
Wick (WCK)
Wickford (WIC)
Wickham Market (WCM)
Widney Manor (WMR)
Wigan Wallgate (WGW)
Wigton (WGT)
Williamwood (WLM)
Wilmcote (WMC)
Wimbledon Chase (WBO)
Winchelsea (WSE)
Winchmore Hill (WIH)
Windsor & Eton Central (WNC)
Wishaw (WSH)
Witham (WTM)
Wivenhoe (WIV)
Woburn Sands (WOB)
Wood End (WDE)
Wood Street (WST)
Woodbridge (WDB)
Woodgrange Park (WGR)
Woodhall (WDL)
Wool (WOO)
Woolston (WLS)
Woolwich Arsenal (WWA)
Woolwich Dockyard (WWD)
Wootton Wawen (WWW)
Workington (WKG)
Worstead (WRT)
Wrabness (WRB)
Wrexham Central (WXC)
Wye (WYE)
Wymondham (WMD)
Wythall (WYT)
Yalding (YAL)
Yardley Wood (YRD)
Yoker (YOK)
0.6232956758862486 percent of stations (16) have no services to exeter or returned an error
These stations are:
Altnabreac (ABC)
Ashford International (Eurostar) (ASI)
Berney Arms (BYA)
Buckenham (Norfolk) (BUC)
Dunrobin Castle (DNO)
Elephant & Castle (Underground) (ZEL)
Falls of Cruachan (FOC)
Heathrow Airport Terminals 1, 2 and 3 (HXX)
IBM Halt (IBM)
Kildonan (KIL)
Kinbrace (KBC)
London St Pancras (Intl) (SPX)
Manchester United Football Ground (MUF)
Okehampton (OKE)
Sampford Courtenay (SMC)
Scotscalder (SCT)
