8.333333333333334 percent of stations (214) have direct services to reading
48.67601246105919 percent of stations (1250) have services to reading with a single connection
42.52336448598131 percent of stations (1092) have services to reading with more than one connection
These stations are:
Abbey Wood (ABW)
Abergele & Pensarn (AGL)
Accrington (ACR)
Achanalt (AAT)
Achnasheen (ACN)
Achnashellach (ACH)
Acle (ACL)
Adisham (ADM)
Aigburth (AIG)
Ainsdale (ANS)
Aintree (AIN)
Airdrie (ADR)
Albany Park (AYP)
Aldrington (AGT)
Alexandra Palace (AAP)
Alexandra Parade (AXP)
Alexandria (ALX)
Alloa (ALO)
Alness (ASS)
Alresford (Essex) (ALR)
Althorne (Essex) (ALN)
Altnabreac (ABC)
Alton (AON)
Amersham (AMR)
Ancaster (ANC)
Anderston (AND)
Anerley (ANZ)
Angel Road (AGR)
Annan (ANN)
Anniesland (ANL)
Ansdell & Fairhaven (AFV)
Appledore (Kent) (APD)
Apsley (APS)
Ardgay (ARD)
Ardlui (AUI)
Ardrossan South Beach (ASB)
Argyle Street (AGS)
Arisaig (ARG)
Arlesey (ARL)
Armadale (West Lothian) (ARM)
Arrochar & Tarbet (ART)
Ashfield (ASF)
Ashford International (AFK)
Ashton-under-Lyne (AHN)
Ashurst (Kent) (AHS)
Ashwell & Morden (AWM)
Askam (ASK)
Aslockton (ALK)
Aspatria (ASP)
Aspley Guise (APG)
Atherton (ATN)
Attadale (ATT)
Attleborough (ATL)
Auchinleck (AUK)
Audley End (AUD)
Aughton Park (AUG)
Aylesbury Vale Parkway (AVP)
Aylesford (AYL)
Aylesham (AYH)
Ayr (AYR)
Bache (BAC)
Baildon (BLD)
Baillieston (BIO)
Baldock (BDK)
Balloch (BHC)
Bamber Bridge (BMB)
Banavie (BNV)
Bank Hall (BAH)
Barassie (BSS)
Bare Lane (BAR)
Bargeddie (BGI)
Barking (BKG)
Barlaston (BRT)
Barming (BMG)
Barnehurst (BNH)
Barnhill (BNL)
Barnsley (BNY)
Barrhead (BRR)
Barrow Haven (BAV)
Barrow-Upon-Soar (BWS)
Barton-on-Humber (BAU)
Basildon (BSO)
Bat & Ball (BBL)
Battersby (BTT)
Battle (BAT)
Battlesbridge (BLB)
Bayford (BAY)
Beaconsfield (BCF)
Bearsden (BRN)
Bearsted (BSD)
Beasdale (BSL)
Beauly (BEL)
Bebington (BEB)
Beccles (BCC)
Beckenham Hill (BEC)
Beckenham Junction (BKJ)
Bedford (BDM)
Bedford St Johns (BSJ)
Bekesbourne (BKS)
Bellingham (BGM)
Beltring (BEG)
Belvedere (BVD)
Benfleet (BEF)
Bentham (BEN)
Bentley (Hants) (BTY)
Berkhamsted (BKM)
Bescar Lane (BES)
Bethnal Green (BET)
Betws-y-Coed (BYC)
Bexley (BXY)
Bexleyheath (BXH)
Bickley (BKL)
Bidston (BID)
Biggleswade (BIW)
Billericay (BIC)
Billingham (Cleveland) (BIL)
Bingham (BIN)
Birchington-on-sea (BCH)
Birkbeck (BIK)
Birkdale (BDL)
Birkenhead Central (BKC)
Birkenhead Hamilton Square (BKQ)
Birkenhead North (BKN)
Birkenhead Park (BKP)
Bishopbriggs (BBG)
Bishops Stortford (BIS)
Bishopstone (Sussex) (BIP)
Bishopton (Strathclyde) (BPT)
Blackburn (BBN)
Blackheath (BKH)
Blackhorse Road (BHO)
Blackpool Pleasure Beach (BPB)
Blackpool South (BPS)
Blackridge (BKR)
Blaenau Ffestiniog (BFF)
Blairhill (BAI)
Bletchley (BLY)
Blundellsands & Crosby (BLN)
Bogston (BGS)
Bootle (Cumbria) (BOC)
Bootle New Strand (BNW)
Bootle Oriel Road (BOT)
Bordesley (BBS)
Borough Green & Wrotham (BRG)
Bosham (BOH)
Boston (BSN)
Bottesford (BTF)
Bow Brickhill (BWB)
Bowes Park (BOP)
Bowling (BWG)
Box Hill & Westhumble (BXW)
Brading (BDN)
Braintree (BTR)
Braintree Freeport (BTP)
Brampton (Suffolk) (BRP)
Brandon (BND)
Braystones (Cumbria) (BYS)
Brentwood (BRE)
Bricket Wood (BWO)
Bridge of Orchy (BRO)
Bridgeton (BDG)
Brierfield (BRF)
Brimsdown (BMD)
Brixton (BRX)
Broad Green (BGE)
Broadstairs (BSR)
Bromborough (BOM)
Bromborough Rake (BMR)
Bromley Cross (Lancs) (BMC)
Bromley North (BMN)
Bromley South (BMS)
Brookmans Park (BPK)
Broome (BME)
Brora (BRA)
Broxbourne (BXB)
Bruce Grove (BCV)
Brundall (BDA)
Brundall Gardens (BGA)
Brunswick (BRW)
Bryn (BYN)
Buckley (BCK)
Bucknell (BUK)
Bulwell (BLW)
Bures (BUE)
Burneside (Cumbria) (BUD)
Burnham-on-Crouch (BUU)
Burnley Barracks (BUB)
Burnley Central (BNC)
Burnside (Strathclyde) (BUI)
Burscough Junction (BCJ)
Bury St Edmunds (BSE)
Bush Hill Park (BHK)
Bushey (BSH)
Buxted (BXD)
Caergwrle (CGW)
Caldercruix (CAC)
Cambridge (CBG)
Cambridge Heath (CBH)
Camelon (CMO)
Canterbury East (CBE)
Canterbury West (CBW)
Cantley (CNY)
Capenhurst (CPU)
Cardiff Bay (CDB)
Cark & Cartmel (CAK)
Carmyle (CML)
Carntyne (CAY)
Carpenders Park (CPK)
Carrbridge (CAG)
Carstairs (CRS)
Cartsdyke (CDY)
Castleford (CFD)
Castleton (Manchester) (CAS)
Castleton Moor (CSM)
Catford (CTF)
Catford Bridge (CFB)
Cathcart (CCT)
Cefn-y-Bedd (CYB)
Chadwell Heath (CTH)
Chafford Hundred Lakeside (CFH)
Chalfont & Latimer (CFO)
Chalkwell (CHW)
Chappel & Wakes Colne (CWC)
Charing (Kent) (CHG)
Charing Cross (Glasgow) (CHC)
Charlton (CTN)
Chartham (CRT)
Chassen Road (CSR)
Chatelherault (CTE)
Chatham (CTM)
Cheddington (CED)
Chelmsford (CHM)
Chelsfield (CLD)
Cherry Tree (CYT)
Cheshunt (CHN)
Chestfield & Swalecliffe (CSW)
Chilham (CIL)
Chingford (CHI)
Chislehurst (CIT)
Chorleywood (CLW)
Church & Oswaldtwistle (CTW)
City Thameslink (CTK)
Clacton-on-Sea (CLT)
Clapton (CPT)
Clifton (Manchester) (CLI)
Clitheroe (CLH)
Clock House (CLK)
Coatbridge Central (CBC)
Coatbridge Sunnyside (CBS)
Coatdyke (COA)
Colchester (COL)
Colchester Town (CET)
Collingham (CLM)
Colne (CNE)
Colwyn Bay (CWB)
Commondale (COM)
Connel Ferry (CON)
Conon Bridge (CBD)
Conway Park (CNP)
Corby (COR)
Corkickle (CKL)
Corpach (CPA)
Corrour (CRR)
Cowden (Kent) (CWN)
Craigendoran (CGD)
Crayford (CRY)
Cressing (Essex) (CES)
Cressington (CSG)
Creswell (CWD)
Crews Hill (CWH)
Crianlarich (CNR)
Cricklewood (CRI)
Croftfoot (CFF)
Crofton Park (CFT)
Cromer (CMR)
Crosshill (COI)
Croston (CSO)
Crouch Hill (CRH)
Crowborough (COH)
Crowhurst (CWU)
Croy (CRO)
Cuffley (CUF)
Culrain (CUA)
Cuxton (CUX)
Dagenham Dock (DDK)
Daisy Hill (DSY)
Dalmally (DAL)
Dalmarnock (DAK)
Dalry (DLY)
Dalston (Cumbria) (DLS)
Dalton (Cumbria) (DLT)
Danby (DNY)
Danzey (DZY)
Darsham (DSM)
Dartford (DFD)
Darwen (DWN)
Deal (DEA)
Deganwy (DGY)
Denham (DNM)
Denham Golf Club (DGC)
Deptford (DEP)
Derby Road (Ipswich) (DBR)
Dingwall (DIN)
Diss (DIS)
Doleham (DLH)
Dolgarrog (DLG)
Dolwyddelan (DWD)
Dover Priory (DVP)
Dovercourt (DVC)
Downham Market (DOW)
Drayton Park (DYP)
Drigg (DRI)
Drumchapel (DMC)
Drumgelloch (DRU)
Drumry (DMY)
Dublin Ferryport (DFP)
Dublin Port - Stena (DPS)
Duirinish (DRN)
Duke Street (DST)
Dullingham (DUL)
Dumfries (DMF)
Dumpton Park (DMP)
Duncraig (DCG)
Dunlop (DNL)
Dunton Green (DNG)
Eaglescliffe (EAG)
Earlswood (West Midlands) (EWD)
East Dulwich (EDW)
East Farleigh (EFL)
East Malling (EML)
East Tilbury (ETL)
East Worthing (EWR)
Easterhouse (EST)
Eastham Rake (ERA)
Eastrington (EGN)
Ebbsfleet International (EBD)
Eccles Road (ECS)
Eccleston Park (ECL)
Eden Park (EDN)
Edenbridge Town (EBT)
Edge Hill (EDG)
Edinburgh Gateway (EGY)
Edmonton Green (EDR)
Egton (EGT)
Ellesmere Port (ELP)
Elmers End (ELE)
Elmstead Woods (ESD)
Elmswell (ESW)
Elsenham (Essex) (ESM)
Elstree & Borehamwood (ELS)
Eltham (ELW)
Elton & Orston (ELO)
Ely (ELY)
Emerson Park (EMP)
Enfield Chase (ENC)
Enfield Lock (ENL)
Enfield Town (ENF)
Entwistle (ENT)
Eridge (ERI)
Erith (ERH)
Essex Road (EXR)
Etchingham (ETC)
Euxton Balshaw Lane (EBA)
Exhibition Centre (Glasgow) (EXG)
Eynsford (EYN)
Falconwood (FCN)
Falkirk Grahamston (FKG)
Falkirk High (FKK)
Falmer (FMR)
Farningham Road (FNR)
Farnworth (FNW)
Faversham (FAV)
Fazakerley (FAZ)
Fearn (FRN)
Felixstowe (FLX)
Fenny Stratford (FEN)
Finsbury Park (FPK)
Fishbourne (Sussex) (FSB)
Fishersgate (FSG)
Flimby (FLM)
Flint (FLN)
Flitwick (FLT)
Flixton (FLI)
Folkestone Central (FKC)
Folkestone West (FKW)
Forest Gate (FOG)
Formby (FBY)
Forsinard (FRS)
Fort Matilda (FTM)
Fort William (FTW)
Foxfield (FOX)
Foxton (FXN)
Frant (FRT)
Freshfield (FRE)
Frinton-on-Sea (FRI)
Frodsham (FRD)
Gainsborough Central (GNB)
Garelochhead (GCH)
Garrowhill (GAR)
Garston (Hertfordshire) (GSN)
Garswood (GSW)
Gartcosh (GRH)
Garve (GVE)
Georgemas Junction (GGJ)
Gerrards Cross (GER)
Gidea Park (GDP)
Gillingham (Kent) (GLM)
Gilshochill (GSC)
Girvan (GIR)
Glaisdale (GLS)
Glan Conwy (GCW)
Glasshoughton (GLH)
Glazebrook (GLZ)
Glenfinnan (GLF)
Glengarnock (GLG)
Golspie (GOL)
Goodmayes (GMY)
Gordon Hill (GDH)
Gourock (GRK)
Goxhill (GOX)
Grange Park (GPK)
Grantham (GRA)
Gravesend (GRV)
Grays (GRY)
Great Ayton (GTA)
Great Bentley (GRB)
Great Chesterford (GRC)
Great Coates (GCT)
Great Missenden (GMN)
Great Yarmouth (GYM)
Green Lane (GNL)
Green Road (GNR)
Greenhithe (GNH)
Greenock Central (GKC)
Greenock West (GKW)
Greenwich (GNW)
Gretna Green (GEA)
Grimsby Docks (GMD)
Grosmont (GMT)
Grove Park (GRP)
Gunton (GNT)
Gwersyllt (GWE)
Gypsy Lane (GYP)
Hackney Downs (HAC)
Haddiscoe (HAD)
Hadley Wood (HDW)
Hag Fold (HGF)
Halesworth (HAS)
Hall Green (HLG)
Hall Road (HLR)
Halling (HAI)
Hall-i'-th'-Wood (HID)
Ham Street (HMT)
Hapton (HPN)
Harlesden (HDN)
Harling Road (HRD)
Harlington (Beds) (HLN)
Harlow Mill (HWM)
Harlow Town (HWN)
Harold Wood (HRO)
Harpenden (HPD)
Harrietsham (HRM)
Harringay (HGY)
Harringay Green Lanes (HRY)
Harrington (HRR)
Harrow-on-the-Hill (HOH)
Harwich International (HPQ)
Harwich Town (HWC)
Hastings (HGS)
Hatch End (HTE)
Hatfield (Herts) (HAT)
Hatfield Peverel (HAP)
Havenhouse (HVN)
Hawarden (HWD)
Hawarden Bridge (HWB)
Haydon Bridge (HDB)
Haydons Road (HYR)
Hayes (Kent) (HYS)
Headcorn (HCN)
Headstone Lane (HDL)
Healing (HLI)
Heckington (HEC)
Helensburgh Upper (HLU)
Helmsdale (HMS)
Helsby (HSB)
Hemel Hempstead (HML)
Hendon (HEN)
Henley-in-Arden (HNL)
Herne Bay (HNB)
Herne Hill (HNH)
Hertford East (HFE)
Hertford North (HFN)
Heswall (HSW)
Hever (HEV)
Heworth (HEW)
Heysham Port (HHB)
High Brooms (HIB)
High Street (Glasgow) (HST)
Higham (Kent) (HGM)
Highams Park (HIP)
Hightown (HTO)
Hildenborough (HLB)
Hillfoot (HLF)
Hillside (HIL)
Hindley (HIN)
Hitchin (HIT)
Hither Green (HGR)
Hockley (HOC)
Hollingbourne (HBN)
Holmwood (HLM)
Hooton (HOO)
Hope (Flintshire) (HPE)
Hopton Heath (HPT)
Hornsey (HRN)
Hoscar (HSC)
Hoveton & Wroxham (HXM)
How Wood (Herts) (HWW)
Howwood (Renfrewshire) (HOZ)
Hoylake (HYK)
Hubberts Bridge (HBB)
Hucknall (HKN)
Humphrey Park (HUP)
Huncoat (HCT)
Huntingdon (HUN)
Huyton (HUY)
Hykeham (HKM)
Hyndland (HYN)
Hythe (Essex) (HYH)
Ilford (IFD)
Ince & Elton (INE)
Ince (Manchester) (INC)
Ingatestone (INT)
Invergordon (IGD)
Invergowrie (ING)
Invershin (INH)
Ipswich (IPS)
Irvine (IRV)
James Cook (JCH)
Johnstone (Strathclyde) (JHN)
Kearsley (Manchester) (KSL)
Kearsney (Kent) (KSN)
Kelvedon (KEL)
Kelvindale (KVD)
Kempston Hardwick (KMH)
Kempton Park Racecourse (KMP)
Kemsing (KMS)
Kemsley (KML)
Kendal (KEN)
Kennett (KNE)
Kensal Green (KNL)
Kent House (KTH)
Kentish Town (KTN)
Kenton (KNT)
Kettering (KET)
Kidbrooke (KDB)
Kilburn High Road (KBN)
Kildale (KLD)
Kildonan (KIL)
Kilmarnock (KMK)
Kilmaurs (KLM)
Kilpatrick (KPT)
Kilwinning (KWN)
Kinbrace (KBC)
Kings Langley (KGL)
Kings Lynn (KLN)
Kings Park (KGP)
Kirby Cross (KBX)
Kirkby (Merseyside) (KIR)
Kirkby-in-Ashfield (KKB)
Kirkby-in-Furness (KBF)
Kirkconnel (KRK)
Kirkdale (KKD)
Kirkhill (KKH)
Kirkwood (KWD)
Knebworth (KBW)
Knighton (KNI)
Knockholt (KCK)
Knucklas (KNU)
Kyle of Lochalsh (KYL)
Ladywell (LAD)
Laindon (LAI)
Lairg (LRG)
Lake (LKE)
Lakenheath (LAK)
Langbank (LGB)
Langho (LHO)
Langside (LGS)
Langwith-Whaley Thorns (LAG)
Largs (LAR)
Larkhall (LRH)
Laurencekirk (LAU)
Lea Bridge (LEB)
Leagrave (LEA)
Lealholm (LHM)
Leasowe (LSW)
Lee (London) (LEE)
Leigh-on-Sea (LES)
Leighton Buzzard (LBZ)
Lenham (LEN)
Lenzie (LNZ)
Letchworth Garden City (LET)
Lewisham (LEW)
Leyton Midland Road (LEM)
Leytonstone High Road (LER)
Lidlington (LID)
Lingwood (LGD)
Little Kimble (LTK)
Little Sutton (LTT)
Littleborough (LTL)
Littleport (LTP)
Liverpool Central (LVC)
Liverpool James Street (LVJ)
Llandudno (LLD)
Llanrwst (LWR)
Loch Awe (LHA)
Loch Eil Outward Bound (LHE)
Lochailort (LCL)
Locheilside (LCS)
Lochluichart (LCC)
Lochwinnoch (LHW)
London Fields (LOF)
London Road (Brighton) (LRB)
Longfield (LGF)
Lostock Hall (LOH)
Loughborough Junction (LGJ)
Lower Sydenham (LSY)
Lowestoft (LWT)
Luton (LUT)
Luton Airport Parkway (LTN)
Lytham (LTM)
Maghull (MAG)
Maidstone Barracks (MDB)
Maidstone East (MDE)
Maidstone West (MDW)
Mallaig (MLG)
Manea (MNE)
Manningtree (MNG)
Manor Park (MNP)
Manor Road (MNR)
Mansfield (MFT)
Mansfield Woodhouse (MSW)
March (MCH)
Marden (Kent) (MRN)
Margate (MAR)
Market Harborough (MHR)
Market Rasen (MKR)
Marks Tey (MKT)
Martin Mill (MTM)
Marton (MTO)
Maryhill (MYH)
Maryland (MYL)
Maryport (MRY)
Maxwell Park (MAX)
Maybole (MAY)
Maze Hill (MZH)
Meldreth (MEL)
Melton (Suffolk) (MES)
Meols (MEO)
Meopham (MEP)
Merryton (MEY)
Metheringham (MGM)
Mill Hill (Lancs) (MLH)
Mill Hill Broadway (MIL)
Millbrook (Beds) (MLB)
Milliken Park (MIN)
Millom (MLM)
Mills Hill (Manchester) (MIH)
Milngavie (MLN)
Milton Keynes Central (MKC)
Minster (MSR)
Mistley (MIS)
Monks Risborough (MRS)
Moorfields (MRF)
Moorside (MSD)
Morar (MRR)
Morden South (MDS)
Morecambe (MCM)
Moreton (Merseyside) (MRT)
Moses Gate (MSS)
Moss Side (MOS)
Mossley Hill (MSH)
Moston (MSO)
Mottingham (MTG)
Mouldsworth (MLD)
Moulsecoomb (MCB)
Mount Florida (MFL)
Mount Vernon (MTV)
Muir of Ord (MOO)
Muirend (MUI)
Needham Market (NMT)
Neilston (NEI)
Nelson (NEL)
Neston (NES)
Netherfield (NET)
Nethertown (NRT)
New Barnet (NBA)
New Beckenham (NBC)
New Brighton (NBN)
New Clee (NCE)
New Cross (NWX)
New Cumnock (NCK)
New Eltham (NEH)
New Holland (NHL)
New Hythe (NHE)
New Lane (NLN)
New Southgate (NSG)
Newark Castle (NCT)
Newark North Gate (NNG)
Newhaven Harbour (NVH)
Newhaven Town (NVN)
Newington (NGT)
Newmarket (NMK)
Newport (Essex) (NWE)
Newstead (NSD)
Newtonmore (NWR)
Newton-on-Ayr (NOA)
Normans Bay (NSB)
North Dulwich (NDL)
North Fambridge (NFA)
North Llanrwst (NLR)
North Walsham (NWA)
North Wembley (NWB)
Northfleet (NFL)
Northolt Park (NLT)
Northumberland Park (NUM)
Norton Bridge (NTB)
Norwich (NRW)
Nunhead (NHD)
Nunthorpe (NNT)
Nutbourne (NUT)
Oakleigh Park (OKL)
Oban (OBN)
Ockendon (OCK)
Ockley (OLY)
Old Roan (ORN)
Old Street (OLD)
Ormskirk (OMS)
Orpington (ORP)
Orrell (ORR)
Orrell Park (OPK)
Otford (OTF)
Oulton Broad North (OUN)
Oulton Broad South (OUS)
Overpool (OVE)
Paddock Wood (PDW)
Padgate (PDG)
Palmers Green (PAL)
Park Street (PKT)
Partick (PTK)
Parton (PRN)
Patterton (PTT)
Pemberton (PEM)
Penge East (PNE)
Penge West (PNW)
Penyffordd (PNF)
Peterborough (PBO)
Petts Wood (PET)
Pevensey Bay (PEB)
Pitsea (PSE)
Pleasington (PLS)
Plockton (PLK)
Pluckley (PLC)
Plumstead (PLU)
Pollokshaws East (PWE)
Pollokshields East (PLE)
Pollokshields West (PLW)
Ponders End (PON)
Pont-y-Pant (PYP)
Port Glasgow (PTG)
Port Sunlight (PSL)
Portlethen (PLN)
Possilpark & Parkhouse (PPK)
Potters Bar (PBR)
Prescot (PSC)
Prestatyn (PRT)
Prestwick International Airport (PRA)
Prestwick Town (PTW)
Prittlewell (PRL)
Purfleet (PFL)
Purley Oaks (PUO)
Queenborough (QBR)
Queens Park (Glasgow) (QPK)
Radcliffe-on-Trent (RDF)
Radlett (RDT)
Rainford (RNF)
Rainham (Essex) (RNM)
Rainham (Kent) (RAI)
Ramsgate (RAM)
Ramsgreave & Wilpshire (RGW)
Rannoch (RAN)
Rauceby (RAU)
Ravenglass for Eskdale (RAV)
Ravensbourne (RVB)
Rayleigh (RLG)
Rectory Road (REC)
Reedham (Norfolk) (REE)
Renton (RTN)
Rhyl (RHL)
Rice Lane (RIL)
Rickmansworth (RIC)
Ridgmont (RID)
Rishton (RIS)
Robertsbridge (RBR)
Roby (ROB)
Rochdale (RCD)
Rochester (RTR)
Rochford (RFD)
Rock Ferry (RFY)
Rogart (ROG)
Roman Bridge (RMB)
Romford (RMF)
Roose (ROO)
Rose Grove (RSG)
Roughton Road (RNR)
Roy Bridge (RYB)
Roydon (RYN)
Royston (RYS)
Rufford (RUF)
Runcorn East (RUE)
Ruskington (RKT)
Ruswarp (RUS)
Rutherglen (RUT)
Ryde Esplanade (RYD)
Ryde Pier Head (RYP)
Ryde St Johns Road (RYR)
Rye (Sussex) (RYE)
Rye House (RYH)
Salford Central (SFD)
Salhouse (SAH)
Saltcoats (SLT)
Salwick (SLW)
Sandhills (SDL)
Sandling (SDG)
Sandown (SAN)
Sandwich (SDW)
Sandy (SDY)
Sanquhar (SQH)
Sawbridgeworth (SAW)
Saxilby (SXY)
Saxmundham (SAX)
Scotscalder (SCT)
Seaford (Sussex) (SEF)
Seaforth & Litherland (SFL)
Seascale (SSC)
Seaton Carew (SEC)
Seer Green & Jordans (SRG)
Sellafield (SEL)
Selling (SEG)
Seven Kings (SVK)
Sevenoaks (SEV)
Shanklin (SHN)
Shawlands (SHL)
Sheerness-on-Sea (SSS)
Shelford (Cambs) (SED)
Shenfield (SNF)
Shepherds Well (SPH)
Shepreth (STH)
Sheringham (SHM)
Shettleston (SLS)
Shippea Hill (SPP)
Shirebrook (SHB)
Shirley (SRL)
Shoeburyness (SRY)
Shoreham (Kent) (SEH)
Shortlands (SRT)
Shotton (SHT)
Sidcup (SID)
Sileby (SIL)
Silecroft (SIC)
Silver Street (SLV)
Silverdale (SVR)
Singer (SIN)
Sittingbourne (SIT)
Skegness (SKG)
Slade Green (SGR)
Sleaford (SLR)
Sleights (SLH)
Smallbrook Junction (SAB)
Smithy Bridge (SMB)
Snodland (SDA)
Snowdown (SWO)
Sole Street (SOR)
Somerleyton (SYT)
South Bermondsey (SBM)
South Croydon (SCY)
South Hampstead (SOH)
South Kenton (SOK)
South Merton (SMO)
South Ruislip (SRU)
South Tottenham (STO)
South Woodham Ferrers (SOF)
Southbury (SBU)
Southease (SEE)
Southend Airport (SIA)
Southend Central (SOC)
Southend East (SOE)
Southend Victoria (SOV)
Southminster (SMN)
Southwick (SWK)
Spalding (SPA)
Spean Bridge (SBR)
Spital (SPI)
Spooner Row (SPN)
Spring Road (SRI)
Springburn (SPR)
Squires Gate (SQU)
St Albans Abbey (SAA)
St Albans City (SAC)
St Annes-on-Sea (SAS)
St Bees (SBS)
St Helens Central (SNH)
St Helier (Surrey) (SIH)
St James Street (Walthamstow) (SJS)
St Johns (London) (SAJ)
St Leonards Warrior Square (SLQ)
St Margarets (Herts) (SMT)
St Mary Cray (SMY)
St Michaels (STM)
St Neots (SNO)
Stallingborough (SLL)
Stamford Hill (SMH)
Stanford-le-Hope (SFO)
Stanlow & Thornton (SNT)
Stansted Airport (SSD)
Stansted Mountfitchet (SST)
Staplehurst (SPU)
Staveley (Cumbria) (SVL)
Stepps (SPS)
Stevenage (SVG)
Stevenston (STV)
Stewartby (SWR)
Stewarton (STT)
Stirling (STG)
Stockton (STK)
Stoke Mandeville (SKM)
Stoke Newington (SKW)
Stone Crossing (SCG)
Stonebridge Park (SBP)
Stonegate (SOG)
Stourbridge Town (SBT)
Stowmarket (SMK)
Stratford International (SFA)
Strathcarron (STC)
Streatham (Greater London) (STE)
Stromeferry (STF)
Strood (Kent) (SOO)
Sturry (STU)
Sudbury & Harrow Road (SUD)
Sudbury (Suffolk) (SUY)
Sudbury Hill Harrow (SDH)
Summerston (SUM)
Sunderland (SUN)
Sundridge Park (SUP)
Sutton Common (SUC)
Sutton Parkway (SPK)
Swale (SWL)
Swanley (SAY)
Swanscombe (SWM)
Swinderby (SWD)
Swineshead (SWE)
Swinton (Manchester) (SNN)
Sydenham Hill (SYH)
Syston (SYS)
Tain (TAI)
Tal-y-Cafn (TLC)
Taynuilt (TAY)
Teynham (TEY)
Thames Ditton (THD)
Thatto Heath (THH)
The Lakes (Warks) (TLK)
Theobalds Grove (TEO)
Thetford (TTF)
Thornton Abbey (TNA)
Thorpe Bay (TPB)
Thorpe Culvert (TPC)
Thorpe-le-Soken (TLS)
Three Oaks (TOK)
Thurso (THS)
Thurston (TRS)
Tilbury Town (TIL)
Tooting (TOO)
Town Green (TWN)
Trafford Park (TRA)
Trimley (TRM)
Tring (TRI)
Troon (TRN)
Tulloch (TUL)
Tulse Hill (TUH)
Tunbridge Wells (TBW)
Turkey Street (TUR)
Tyndrum Lower (TYL)
Uckfield (UCK)
Ulceby (ULC)
Upholland (UPL)
Upminster (UPM)
Upper Holloway (UHL)
Upper Tyndrum (UTY)
Upton (Merseyside) (UPT)
Wadhurst (WAD)
Wainfleet (WFL)
Walkden (WKD)
Wallasey Grove Road (WLG)
Wallasey Village (WLV)
Walmer (WAM)
Waltham Cross (WLC)
Walthamstow Queen's Road (WMW)
Walton (Merseyside) (WAO)
Walton-on-the-Naze (WON)
Wanstead Park (WNP)
Warblington (WBL)
Ware (Herts) (WAR)
Warnham (WNH)
Waterbeach (WBC)
Wateringbury (WTR)
Waterloo (Merseyside) (WLO)
Watford High Street (WFH)
Watford North (WFN)
Watlington (WTG)
Watton-at-Stone (WAS)
Wavertree Technology Park (WAV)
Wedgwood (WED)
Weeley (WEE)
Welham Green (WMG)
Welling (WLI)
Wellingborough (WEL)
Welwyn Garden City (WGC)
Welwyn North (WLW)
Wembley Central (WMB)
Wembley Stadium (WCX)
Wendover (WND)
Wennington (WNN)
West Allerton (WSA)
West Dulwich (WDU)
West Hampstead Thameslink (WHP)
West Horndon (WHR)
West Kirby (WKI)
West Malling (WMA)
West Ruislip (WRU)
West Runton (WRN)
West St Leonards (WLD)
West Sutton (WSU)
West Wickham (WWI)
Westcliff (WCF)
Westcombe Park (WCB)
Westenhanger (WHA)
Westerfield (WFI)
Westerton (WES)
Westgate-on-Sea (WGA)
Whalley (Lancs) (WHE)
Whitby (WTB)
White Hart Lane (WHL)
White Notley (WNY)
Whitecraigs (WCR)
Whitehaven (WTH)
Whitlocks End (WTE)
Whitstable (WHI)
Whittlesea (WLE)
Whittlesford Parkway (WLF)
Whitwell (Derbyshire) (WWL)
Wick (WCK)
Wickford (WIC)
Wickham Market (WCM)
Wigan Wallgate (WGW)
Wigton (WGT)
Williamwood (WLM)
Wimbledon Chase (WBO)
Winchelsea (WSE)
Winchmore Hill (WIH)
Windermere (WDM)
Windsor & Eton Riverside (WNR)
Witham (WTM)
Wivenhoe (WIV)
Woburn Sands (WOB)
Wolverton (WOL)
Wood End (WDE)
Wood Street (WST)
Woodbridge (WDB)
Woodgrange Park (WGR)
Woodhall (WDL)
Woolwich Arsenal (WWA)
Woolwich Dockyard (WWD)
Wootton Wawen (WWW)
Workington (WKG)
Worstead (WRT)
Wrabness (WRB)
Wressle (WRS)
Wrexham Central (WXC)
Wye (WYE)
Wymondham (WMD)
Wythall (WYT)
Yalding (YAL)
Yardley Wood (YRD)
0.4672897196261682 percent of stations (12) have no services to reading or returned an error
These stations are:
Ashford International (Eurostar) (ASI)
Berney Arms (BYA)
Buckenham (Norfolk) (BUC)
Dunrobin Castle (DNO)
Elephant & Castle (Underground) (ZEL)
Falls of Cruachan (FOC)
Heathrow Airport Terminals 1, 2 and 3 (HXX)
IBM Halt (IBM)
London St Pancras (Intl) (SPX)
Manchester United Football Ground (MUF)
Okehampton (OKE)
Sampford Courtenay (SMC)
