More than 1 change for Station code ABW, Abbey Wood
1.0 changes for Station code ABE, Aber
1.0 changes for Station code ACY, Abercynon
1.0 changes for Station code ABA, Aberdare
1.0 changes for Station code ABD, Aberdeen
1.0 changes for Station code AUR, Aberdour
1.0 changes for Station code AVY, Aberdovey
1.0 changes for Station code ABH, Abererch
1.0 changes for Station code AGV, Abergavenny
1.0 changes for Station code AGL, Abergele & Pensarn
1.0 changes for Station code AYW, Aberystwyth
More than 1 change for Station code ACR, Accrington
More than 1 change for Station code AAT, Achanalt
More than 1 change for Station code ACN, Achnasheen
More than 1 change for Station code ACH, Achnashellach
1.0 changes for Station code ACK, Acklington
More than 1 change for Station code ACL, Acle
More than 1 change for Station code ACG, Acocks Green
1.0 changes for Station code ACB, Acton Bridge (Cheshire)
More than 1 change for Station code ACC, Acton Central
1.0 changes for Station code AML, Acton Main Line
1.0 changes for Station code ADD, Adderley Park
More than 1 change for Station code ADW, Addiewell
More than 1 change for Station code ASN, Addlestone
More than 1 change for Station code ADM, Adisham
1.0 changes for Station code ADC, Adlington (Cheshire)
1.0 changes for Station code ADL, Adlington (Lancs)
1.0 changes for Station code AWK, Adwick
More than 1 change for Station code AIG, Aigburth
More than 1 change for Station code ANS, Ainsdale
More than 1 change for Station code AIN, Aintree
More than 1 change for Station code AIR, Airbles
More than 1 change for Station code ADR, Airdrie
More than 1 change for Station code AYP, Albany Park
1.0 changes for Station code ALB, Albrighton
1.0 changes for Station code ALD, Alderley Edge
1.0 changes for Station code AMT, Aldermaston
More than 1 change for Station code AHT, Aldershot
1.0 changes for Station code AGT, Aldrington
More than 1 change for Station code AAP, Alexandra Palace
More than 1 change for Station code AXP, Alexandra Parade
More than 1 change for Station code ALX, Alexandria
1.0 changes for Station code ALF, Alfreton
1.0 changes for Station code ALW, Allens West
More than 1 change for Station code ALO, Alloa
More than 1 change for Station code ASS, Alness
0.0 changes for Station code ALM, Alnmouth
More than 1 change for Station code ALR, Alresford (Essex)
1.0 changes for Station code ASG, Alsager
More than 1 change for Station code ALN, Althorne (Essex)
1.0 changes for Station code ALP, Althorpe
More than 1 change for Station code ABC, Altnabreac
More than 1 change for Station code AON, Alton
1.0 changes for Station code ALT, Altrincham
1.0 changes for Station code ALV, Alvechurch
1.0 changes for Station code AMB, Ambergate
1.0 changes for Station code AMY, Amberley
More than 1 change for Station code AMR, Amersham
1.0 changes for Station code AMF, Ammanford
More than 1 change for Station code ANC, Ancaster
More than 1 change for Station code AND, Anderston
0.0 changes for Station code ADV, Andover
More than 1 change for Station code ANZ, Anerley
More than 1 change for Station code AGR, Angel Road
1.0 changes for Station code ANG, Angmering
More than 1 change for Station code ANN, Annan
More than 1 change for Station code ANL, Anniesland
More than 1 change for Station code AFV, Ansdell & Fairhaven
1.0 changes for Station code APY, Apperley Bridge
More than 1 change for Station code APP, Appleby
More than 1 change for Station code APD, Appledore (Kent)
1.0 changes for Station code APF, Appleford
1.0 changes for Station code APB, Appley Bridge
More than 1 change for Station code APS, Apsley
1.0 changes for Station code ARB, Arbroath
More than 1 change for Station code ARD, Ardgay
More than 1 change for Station code AUI, Ardlui
More than 1 change for Station code ADS, Ardrossan Harbour
More than 1 change for Station code ASB, Ardrossan South Beach
More than 1 change for Station code ADN, Ardrossan Town
1.0 changes for Station code ADK, Ardwick
More than 1 change for Station code AGS, Argyle Street
More than 1 change for Station code ARG, Arisaig
More than 1 change for Station code ARL, Arlesey
More than 1 change for Station code ARM, Armadale (West Lothian)
More than 1 change for Station code AWT, Armathwaite
1.0 changes for Station code ARN, Arnside
1.0 changes for Station code ARR, Arram
More than 1 change for Station code ART, Arrochar & Tarbet
1.0 changes for Station code ARU, Arundel
1.0 changes for Station code ACT, Ascot (Berks)
1.0 changes for Station code AUW, Ascott-under-Wychwood
1.0 changes for Station code ASH, Ash
More than 1 change for Station code AHV, Ash Vale
1.0 changes for Station code ABY, Ashburys
0.0 changes for Station code ASC, Ashchurch for Tewkesbury
More than 1 change for Station code ASF, Ashfield
1.0 changes for Station code AFS, Ashford (Surrey)
More than 1 change for Station code AFK, Ashford International
No connection or Error parsing for Station code ASI, Ashford International (Eurostar)
1.0 changes for Station code ASY, Ashley
More than 1 change for Station code AHD, Ashtead
More than 1 change for Station code AHN, Ashton-under-Lyne
More than 1 change for Station code AHS, Ashurst (Kent)
1.0 changes for Station code ANF, Ashurst New Forest
No connection or Error parsing for Station code AWM, Ashwell & Morden
More than 1 change for Station code ASK, Askam
More than 1 change for Station code ALK, Aslockton
More than 1 change for Station code ASP, Aspatria
More than 1 change for Station code APG, Aspley Guise
1.0 changes for Station code AST, Aston
1.0 changes for Station code ATH, Atherstone
More than 1 change for Station code ATN, Atherton
More than 1 change for Station code ATT, Attadale
1.0 changes for Station code ATB, Attenborough
More than 1 change for Station code ATL, Attleborough
More than 1 change for Station code AUK, Auchinleck
More than 1 change for Station code AUD, Audley End
More than 1 change for Station code AUG, Aughton Park
1.0 changes for Station code AVM, Aviemore
0.0 changes for Station code AVF, Avoncliff
0.0 changes for Station code AVN, Avonmouth
1.0 changes for Station code AXM, Axminster
More than 1 change for Station code AYS, Aylesbury
More than 1 change for Station code AVP, Aylesbury Vale Parkway
More than 1 change for Station code AYL, Aylesford
More than 1 change for Station code AYH, Aylesham
More than 1 change for Station code AYR, Ayr
More than 1 change for Station code BAC, Bache
1.0 changes for Station code BAJ, Baglan
More than 1 change for Station code BAG, Bagshot
More than 1 change for Station code BLD, Baildon
More than 1 change for Station code BIO, Baillieston
More than 1 change for Station code BAB, Balcombe
More than 1 change for Station code BDK, Baldock
1.0 changes for Station code BAL, Balham
More than 1 change for Station code BHC, Balloch
More than 1 change for Station code BSI, Balmossie
More than 1 change for Station code BMB, Bamber Bridge
1.0 changes for Station code BAM, Bamford
More than 1 change for Station code BNV, Banavie
1.0 changes for Station code BAN, Banbury
1.0 changes for Station code BNG, Bangor (Gwynedd)
More than 1 change for Station code BAH, Bank Hall
1.0 changes for Station code BAD, Banstead
More than 1 change for Station code BSS, Barassie
1.0 changes for Station code ZBB, Barbican
1.0 changes for Station code BLL, Bardon Mill
More than 1 change for Station code BAR, Bare Lane
More than 1 change for Station code BGI, Bargeddie
1.0 changes for Station code BGD, Bargoed
More than 1 change for Station code BKG, Barking
More than 1 change for Station code BRT, Barlaston
More than 1 change for Station code BMG, Barming
1.0 changes for Station code BRM, Barmouth
More than 1 change for Station code BNH, Barnehurst
1.0 changes for Station code BNS, Barnes
1.0 changes for Station code BNI, Barnes Bridge
1.0 changes for Station code BTB, Barnetby
0.0 changes for Station code BAA, Barnham
More than 1 change for Station code BNL, Barnhill
1.0 changes for Station code BNY, Barnsley
1.0 changes for Station code BNP, Barnstaple
1.0 changes for Station code BTG, Barnt Green
More than 1 change for Station code BRR, Barrhead
More than 1 change for Station code BRL, Barrhill
More than 1 change for Station code BAV, Barrow Haven
1.0 changes for Station code BIF, Barrow-in-Furness
More than 1 change for Station code BWS, Barrow-Upon-Soar
1.0 changes for Station code BRY, Barry
1.0 changes for Station code BYD, Barry Docks
1.0 changes for Station code BYI, Barry Island
More than 1 change for Station code BYL, Barry Links
More than 1 change for Station code BAU, Barton-on-Humber
More than 1 change for Station code BSO, Basildon
0.0 changes for Station code BSK, Basingstoke
More than 1 change for Station code BBL, Bat & Ball
0.0 changes for Station code BTH, Bath Spa
1.0 changes for Station code BHG, Bathgate
1.0 changes for Station code BTL, Batley
More than 1 change for Station code BTT, Battersby
1.0 changes for Station code BAK, Battersea Park
More than 1 change for Station code BAT, Battle
More than 1 change for Station code BLB, Battlesbridge
More than 1 change for Station code BAY, Bayford
More than 1 change for Station code BCF, Beaconsfield
More than 1 change for Station code BER, Bearley
More than 1 change for Station code BRN, Bearsden
More than 1 change for Station code BSD, Bearsted
More than 1 change for Station code BSL, Beasdale
1.0 changes for Station code BEU, Beaulieu Road
More than 1 change for Station code BEL, Beauly
More than 1 change for Station code BEB, Bebington
More than 1 change for Station code BCC, Beccles
More than 1 change for Station code BEC, Beckenham Hill
More than 1 change for Station code BKJ, Beckenham Junction
More than 1 change for Station code BDM, Bedford
More than 1 change for Station code BSJ, Bedford St Johns
1.0 changes for Station code BDH, Bedhampton
0.0 changes for Station code BMT, Bedminster
More than 1 change for Station code BEH, Bedworth
1.0 changes for Station code BDW, Bedwyn
1.0 changes for Station code BEE, Beeston
More than 1 change for Station code BKS, Bekesbourne
1.0 changes for Station code BLV, Belle Vue
More than 1 change for Station code BLG, Bellgrove
More than 1 change for Station code BGM, Bellingham
More than 1 change for Station code BLH, Bellshill
1.0 changes for Station code BLM, Belmont
1.0 changes for Station code BLP, Belper
More than 1 change for Station code BEG, Beltring
More than 1 change for Station code BVD, Belvedere
1.0 changes for Station code BEM, Bempton
More than 1 change for Station code BEY, Ben Rhydding
More than 1 change for Station code BEF, Benfleet
More than 1 change for Station code BEN, Bentham
1.0 changes for Station code BTY, Bentley (Hants)
1.0 changes for Station code BYK, Bentley (South Yorks)
1.0 changes for Station code BAS, Bere Alston
1.0 changes for Station code BFE, Bere Ferrers
More than 1 change for Station code BKM, Berkhamsted
1.0 changes for Station code BKW, Berkswell
More than 1 change for Station code BEP, Bermuda Park
No connection or Error parsing for Station code BYA, Berney Arms
1.0 changes for Station code BBW, Berry Brow
More than 1 change for Station code BRS, Berrylands
More than 1 change for Station code BRK, Berwick (Sussex)
0.0 changes for Station code BWK, Berwick-upon-Tweed
More than 1 change for Station code BES, Bescar Lane
1.0 changes for Station code BSC, Bescot Stadium
1.0 changes for Station code BTO, Betchworth
More than 1 change for Station code BET, Bethnal Green
More than 1 change for Station code BYC, Betws-y-Coed
1.0 changes for Station code BEV, Beverley
More than 1 change for Station code BEX, Bexhill
More than 1 change for Station code BXY, Bexley
More than 1 change for Station code BXH, Bexleyheath
More than 1 change for Station code BCS, Bicester North
More than 1 change for Station code BIT, Bicester Village
More than 1 change for Station code BKL, Bickley
More than 1 change for Station code BID, Bidston
More than 1 change for Station code BIW, Biggleswade
1.0 changes for Station code BBK, Bilbrook
More than 1 change for Station code BIC, Billericay
More than 1 change for Station code BIL, Billingham (Cleveland)
1.0 changes for Station code BIG, Billingshurst
More than 1 change for Station code BIN, Bingham
1.0 changes for Station code BIY, Bingley
1.0 changes for Station code BCG, Birchgrove
More than 1 change for Station code BCH, Birchington-on-sea
1.0 changes for Station code BWD, Birchwood
More than 1 change for Station code BIK, Birkbeck
More than 1 change for Station code BDL, Birkdale
More than 1 change for Station code BKC, Birkenhead Central
More than 1 change for Station code BKQ, Birkenhead Hamilton Square
More than 1 change for Station code BKN, Birkenhead North
More than 1 change for Station code BKP, Birkenhead Park
1.0 changes for Station code BHI, Birmingham International
1.0 changes for Station code BMO, Birmingham Moor Street
0.0 changes for Station code BHM, Birmingham New Street
1.0 changes for Station code BSW, Birmingham Snow Hill
1.0 changes for Station code BIA, Bishop Auckland
More than 1 change for Station code BBG, Bishopbriggs
More than 1 change for Station code BIS, Bishops Stortford
More than 1 change for Station code BIP, Bishopstone (Sussex)
More than 1 change for Station code BPT, Bishopton (Strathclyde)
1.0 changes for Station code BTE, Bitterne
More than 1 change for Station code BBN, Blackburn
More than 1 change for Station code BKH, Blackheath
More than 1 change for Station code BHO, Blackhorse Road
1.0 changes for Station code BPN, Blackpool North
More than 1 change for Station code BPB, Blackpool Pleasure Beach
More than 1 change for Station code BPS, Blackpool South
More than 1 change for Station code BKR, Blackridge
1.0 changes for Station code BLK, Blackrod
1.0 changes for Station code BAW, Blackwater
More than 1 change for Station code BFF, Blaenau Ffestiniog
More than 1 change for Station code BLA, Blair Atholl
More than 1 change for Station code BAI, Blairhill
1.0 changes for Station code BKT, Blake Street
1.0 changes for Station code BKD, Blakedown
More than 1 change for Station code BLT, Blantyre
1.0 changes for Station code BLO, Blaydon
1.0 changes for Station code BSB, Bleasby
1.0 changes for Station code BLY, Bletchley
1.0 changes for Station code BLX, Bloxwich
1.0 changes for Station code BWN, Bloxwich North
More than 1 change for Station code BLN, Blundellsands & Crosby
1.0 changes for Station code BYB, Blythe Bridge
0.0 changes for Station code BOD, Bodmin Parkway
1.0 changes for Station code BOR, Bodorgan
1.0 changes for Station code BOG, Bognor Regis
More than 1 change for Station code BGS, Bogston
1.0 changes for Station code BON, Bolton
1.0 changes for Station code BTD, Bolton-Upon-Dearne
More than 1 change for Station code BKA, Bookham
More than 1 change for Station code BOC, Bootle (Cumbria)
More than 1 change for Station code BNW, Bootle New Strand
More than 1 change for Station code BOT, Bootle Oriel Road
No connection or Error parsing for Station code BBS, Bordesley
More than 1 change for Station code BRG, Borough Green & Wrotham
1.0 changes for Station code BRH, Borth
1.0 changes for Station code BOH, Bosham
More than 1 change for Station code BSN, Boston
1.0 changes for Station code BOE, Botley
More than 1 change for Station code BTF, Bottesford
More than 1 change for Station code BNE, Bourne End
1.0 changes for Station code BMH, Bournemouth
1.0 changes for Station code BRV, Bournville
More than 1 change for Station code BWB, Bow Brickhill
More than 1 change for Station code BOP, Bowes Park
More than 1 change for Station code BWG, Bowling
More than 1 change for Station code BXW, Box Hill & Westhumble
1.0 changes for Station code BCE, Bracknell
1.0 changes for Station code BDQ, Bradford Forster Square
1.0 changes for Station code BDI, Bradford Interchange
0.0 changes for Station code BOA, Bradford-on-Avon
More than 1 change for Station code BDN, Brading
More than 1 change for Station code BTR, Braintree
More than 1 change for Station code BTP, Braintree Freeport
1.0 changes for Station code BML, Bramhall
1.0 changes for Station code BMY, Bramley (Hants)
1.0 changes for Station code BLE, Bramley (W Yorks)
1.0 changes for Station code BMP, Brampton (Cumbria)
More than 1 change for Station code BRP, Brampton (Suffolk)
More than 1 change for Station code BCN, Branchton
More than 1 change for Station code BND, Brandon
1.0 changes for Station code BSM, Branksome
More than 1 change for Station code BYS, Braystones (Cumbria)
1.0 changes for Station code BDY, Bredbury
More than 1 change for Station code BRC, Breich
1.0 changes for Station code BFD, Brentford
More than 1 change for Station code BRE, Brentwood
More than 1 change for Station code BWO, Bricket Wood
1.0 changes for Station code BEA, Bridge of Allan
More than 1 change for Station code BRO, Bridge of Orchy
0.0 changes for Station code BGN, Bridgend
More than 1 change for Station code BDG, Bridgeton
0.0 changes for Station code BWT, Bridgwater
1.0 changes for Station code BDT, Bridlington
More than 1 change for Station code BRF, Brierfield
No connection or Error parsing for Station code BGG, Brigg
1.0 changes for Station code BGH, Brighouse
0.0 changes for Station code BTN, Brighton (East Sussex)
More than 1 change for Station code BMD, Brimsdown
1.0 changes for Station code BNT, Brinnington
No connection or Error parsing for Station code BPW, Bristol Parkway
Bristol Temple Meads (BRI) is in the bristol station group!
1.0 changes for Station code BHD, Brithdir
1.0 changes for Station code BNF, Briton Ferry
More than 1 change for Station code BRX, Brixton
More than 1 change for Station code BGE, Broad Green
1.0 changes for Station code BDB, Broadbottom
More than 1 change for Station code BSR, Broadstairs
1.0 changes for Station code BCU, Brockenhurst
1.0 changes for Station code BHS, Brockholes
More than 1 change for Station code BCY, Brockley
More than 1 change for Station code BOM, Bromborough
More than 1 change for Station code BMR, Bromborough Rake
More than 1 change for Station code BMC, Bromley Cross (Lancs)
More than 1 change for Station code BMN, Bromley North
More than 1 change for Station code BMS, Bromley South
1.0 changes for Station code BMV, Bromsgrove
More than 1 change for Station code BSY, Brondesbury
More than 1 change for Station code BSP, Brondesbury Park
More than 1 change for Station code BPK, Brookmans Park
More than 1 change for Station code BKO, Brookwood
1.0 changes for Station code BME, Broome
1.0 changes for Station code BMF, Broomfleet
More than 1 change for Station code BRA, Brora
1.0 changes for Station code BUH, Brough
More than 1 change for Station code BYF, Broughty Ferry
More than 1 change for Station code BXB, Broxbourne
More than 1 change for Station code BCV, Bruce Grove
More than 1 change for Station code BDA, Brundall
More than 1 change for Station code BGA, Brundall Gardens
1.0 changes for Station code BSU, Brunstane
More than 1 change for Station code BRW, Brunswick
0.0 changes for Station code BRU, Bruton
More than 1 change for Station code BYN, Bryn
No connection or Error parsing for Station code BUC, Buckenham (Norfolk)
More than 1 change for Station code BCK, Buckley
1.0 changes for Station code BUK, Bucknell
1.0 changes for Station code BSV, Buckshaw Parkway
1.0 changes for Station code BGL, Bugle
1.0 changes for Station code BHR, Builth Road
More than 1 change for Station code BLW, Bulwell
More than 1 change for Station code BUE, Bures
More than 1 change for Station code BUG, Burgess Hill
1.0 changes for Station code BUY, Burley Park
More than 1 change for Station code BUW, Burley-in-Wharfedale
1.0 changes for Station code BNA, Burnage
1.0 changes for Station code BUD, Burneside (Cumbria)
1.0 changes for Station code BNM, Burnham (Bucks)
More than 1 change for Station code BUU, Burnham-on-Crouch
More than 1 change for Station code BUB, Burnley Barracks
More than 1 change for Station code BNC, Burnley Central
More than 1 change for Station code BYM, Burnley Manchester Road
More than 1 change for Station code BUI, Burnside (Strathclyde)
No connection or Error parsing for Station code BTS, Burntisland
1.0 changes for Station code BCB, Burscough Bridge
More than 1 change for Station code BCJ, Burscough Junction
1.0 changes for Station code BUO, Bursledon
1.0 changes for Station code BUJ, Burton Joyce
0.0 changes for Station code BUT, Burton-on-Trent
More than 1 change for Station code BSE, Bury St Edmunds
More than 1 change for Station code BUS, Busby
More than 1 change for Station code BHK, Bush Hill Park
More than 1 change for Station code BSH, Bushey
1.0 changes for Station code BUL, Butlers Lane
More than 1 change for Station code BXD, Buxted
1.0 changes for Station code BUX, Buxton
1.0 changes for Station code BFN, Byfleet & New Haw
1.0 changes for Station code BYE, Bynea
1.0 changes for Station code CAD, Cadoxton
More than 1 change for Station code CGW, Caergwrle
1.0 changes for Station code CPH, Caerphilly
1.0 changes for Station code CWS, Caersws
More than 1 change for Station code CAC, Caldercruix
1.0 changes for Station code CDT, Caldicot
More than 1 change for Station code CIR, Caledonian Rd & Barnsbury
1.0 changes for Station code CSK, Calstock
0.0 changes for Station code CDU, Cam & Dursley
More than 1 change for Station code CAM, Camberley
0.0 changes for Station code CBN, Camborne
More than 1 change for Station code CBG, Cambridge
More than 1 change for Station code CBH, Cambridge Heath
More than 1 change for Station code CBL, Cambuslang
More than 1 change for Station code CMD, Camden Road
1.0 changes for Station code CMO, Camelon
More than 1 change for Station code ZCW, Canada Water
1.0 changes for Station code CNL, Canley
1.0 changes for Station code CAO, Cannock
More than 1 change for Station code CNN, Canonbury
More than 1 change for Station code CBE, Canterbury East
More than 1 change for Station code CBW, Canterbury West
More than 1 change for Station code CNY, Cantley
More than 1 change for Station code CPU, Capenhurst
1.0 changes for Station code CBB, Carbis Bay
More than 1 change for Station code CDD, Cardenden
More than 1 change for Station code CDB, Cardiff Bay
0.0 changes for Station code CDF, Cardiff Central
1.0 changes for Station code CDQ, Cardiff Queen Street
More than 1 change for Station code CDO, Cardonald
More than 1 change for Station code CDR, Cardross
More than 1 change for Station code CRF, Carfin
1.0 changes for Station code CAK, Cark & Cartmel
1.0 changes for Station code CAR, Carlisle
1.0 changes for Station code CTO, Carlton
More than 1 change for Station code CLU, Carluke
0.0 changes for Station code CMN, Carmarthen
More than 1 change for Station code CML, Carmyle
1.0 changes for Station code CNF, Carnforth
More than 1 change for Station code CAN, Carnoustie
More than 1 change for Station code CAY, Carntyne
More than 1 change for Station code CPK, Carpenders Park
More than 1 change for Station code CAG, Carrbridge
1.0 changes for Station code CSH, Carshalton
More than 1 change for Station code CSB, Carshalton Beeches
More than 1 change for Station code CRS, Carstairs
More than 1 change for Station code CDY, Cartsdyke
More than 1 change for Station code CBP, Castle Bar Park
0.0 changes for Station code CLC, Castle Cary
1.0 changes for Station code CFD, Castleford
More than 1 change for Station code CAS, Castleton (Manchester)
More than 1 change for Station code CSM, Castleton Moor
More than 1 change for Station code CAT, Caterham
More than 1 change for Station code CTF, Catford
More than 1 change for Station code CFB, Catford Bridge
1.0 changes for Station code CYS, Cathays
More than 1 change for Station code CCT, Cathcart
1.0 changes for Station code CTL, Cattal
1.0 changes for Station code CAU, Causeland
More than 1 change for Station code CYB, Cefn-y-Bedd
More than 1 change for Station code CTH, Chadwell Heath
More than 1 change for Station code CFH, Chafford Hundred Lakeside
More than 1 change for Station code CFO, Chalfont & Latimer
More than 1 change for Station code CHW, Chalkwell
1.0 changes for Station code CFR, Chandlers Ford
1.0 changes for Station code CEF, Chapel-en-le-Frith
1.0 changes for Station code CPN, Chapelton (Devon)
1.0 changes for Station code CLN, Chapeltown (South Yorks)
More than 1 change for Station code CWC, Chappel & Wakes Colne
More than 1 change for Station code CHG, Charing (Kent)
More than 1 change for Station code CHC, Charing Cross (Glasgow)
1.0 changes for Station code CBY, Charlbury
More than 1 change for Station code CTN, Charlton
More than 1 change for Station code CRT, Chartham
More than 1 change for Station code CSR, Chassen Road
More than 1 change for Station code CTE, Chatelherault
More than 1 change for Station code CTM, Chatham
1.0 changes for Station code CHT, Chathill
1.0 changes for Station code CHU, Cheadle Hulme
1.0 changes for Station code CHE, Cheam
More than 1 change for Station code CED, Cheddington
1.0 changes for Station code CEL, Chelford (Cheshire)
More than 1 change for Station code CHM, Chelmsford
More than 1 change for Station code CLD, Chelsfield
0.0 changes for Station code CNM, Cheltenham Spa
1.0 changes for Station code CPW, Chepstow
More than 1 change for Station code CYT, Cherry Tree
More than 1 change for Station code CHY, Chertsey
More than 1 change for Station code CHN, Cheshunt
1.0 changes for Station code CSN, Chessington North
1.0 changes for Station code CSS, Chessington South
1.0 changes for Station code CTR, Chester
1.0 changes for Station code CRD, Chester Road
0.0 changes for Station code CHD, Chesterfield
0.0 changes for Station code CLS, Chester-le-Street
More than 1 change for Station code CSW, Chestfield & Swalecliffe
0.0 changes for Station code CNO, Chetnole
0.0 changes for Station code CCH, Chichester
More than 1 change for Station code CIL, Chilham
1.0 changes for Station code CHL, Chilworth
More than 1 change for Station code CHI, Chingford
1.0 changes for Station code CLY, Chinley
0.0 changes for Station code CPM, Chippenham
More than 1 change for Station code CHP, Chipstead
1.0 changes for Station code CRK, Chirk
More than 1 change for Station code CIT, Chislehurst
1.0 changes for Station code CHK, Chiswick
1.0 changes for Station code CHO, Cholsey
1.0 changes for Station code CRL, Chorley
More than 1 change for Station code CLW, Chorleywood
1.0 changes for Station code CHR, Christchurch
More than 1 change for Station code CHH, Christs Hospital
More than 1 change for Station code CTW, Church & Oswaldtwistle
1.0 changes for Station code CHF, Church Fenton
1.0 changes for Station code CTT, Church Stretton
1.0 changes for Station code CIM, Cilmeri
More than 1 change for Station code CTK, City Thameslink
More than 1 change for Station code CLT, Clacton-on-Sea
More than 1 change for Station code CLA, Clandon
1.0 changes for Station code CPY, Clapham (North Yorkshire)
1.0 changes for Station code CLP, Clapham High Street
0.0 changes for Station code CLJ, Clapham Junction
More than 1 change for Station code CPT, Clapton
1.0 changes for Station code CLR, Clarbeston Road
More than 1 change for Station code CKS, Clarkston
More than 1 change for Station code CLV, Claverdon
1.0 changes for Station code CLG, Claygate
1.0 changes for Station code CLE, Cleethorpes
1.0 changes for Station code CEA, Cleland
More than 1 change for Station code CLI, Clifton (Manchester)
0.0 changes for Station code CFN, Clifton Down
More than 1 change for Station code CLH, Clitheroe
More than 1 change for Station code CLK, Clock House
1.0 changes for Station code CUW, Clunderwen
More than 1 change for Station code CYK, Clydebank
More than 1 change for Station code CBC, Coatbridge Central
More than 1 change for Station code CBS, Coatbridge Sunnyside
More than 1 change for Station code COA, Coatdyke
1.0 changes for Station code CSD, Cobham & Stoke d'Abernon
1.0 changes for Station code CSL, Codsall
1.0 changes for Station code CGN, Cogan
More than 1 change for Station code COL, Colchester
More than 1 change for Station code CET, Colchester Town
1.0 changes for Station code CEH, Coleshill Parkway
More than 1 change for Station code CLM, Collingham
More than 1 change for Station code CLL, Collington
More than 1 change for Station code CNE, Colne
1.0 changes for Station code CWL, Colwall
1.0 changes for Station code CWB, Colwyn Bay
1.0 changes for Station code CME, Combe (Oxon)
More than 1 change for Station code COM, Commondale
1.0 changes for Station code CNG, Congleton
1.0 changes for Station code CNS, Conisbrough
More than 1 change for Station code CON, Connel Ferry
More than 1 change for Station code CBD, Conon Bridge
1.0 changes for Station code CEY, Cononley
More than 1 change for Station code CNP, Conway Park
1.0 changes for Station code CNW, Conwy
More than 1 change for Station code COB, Cooden Beach
More than 1 change for Station code COO, Cookham
1.0 changes for Station code CBR, Cooksbridge
1.0 changes for Station code COE, Coombe Junction Halt
1.0 changes for Station code COP, Copplestone
1.0 changes for Station code CRB, Corbridge
More than 1 change for Station code COR, Corby
More than 1 change for Station code CKH, Corkerhill
More than 1 change for Station code CKL, Corkickle
More than 1 change for Station code CPA, Corpach
More than 1 change for Station code CRR, Corrour
1.0 changes for Station code COY, Coryton
1.0 changes for Station code CSY, Coseley
1.0 changes for Station code COS, Cosford
0.0 changes for Station code CSA, Cosham
1.0 changes for Station code CGM, Cottingham
1.0 changes for Station code COT, Cottingley
1.0 changes for Station code CDS, Coulsdon South
More than 1 change for Station code CDN, Coulsdon Town
1.0 changes for Station code COV, Coventry
More than 1 change for Station code CAA, Coventry Arena
More than 1 change for Station code CWN, Cowden (Kent)
More than 1 change for Station code COW, Cowdenbeath
1.0 changes for Station code CRA, Cradley Heath
More than 1 change for Station code CGD, Craigendoran
1.0 changes for Station code CRM, Cramlington
1.0 changes for Station code CBK, Cranbrook (Devon)
1.0 changes for Station code CRV, Craven Arms
1.0 changes for Station code CRW, Crawley
More than 1 change for Station code CRY, Crayford
1.0 changes for Station code CDI, Crediton
More than 1 change for Station code CES, Cressing (Essex)
More than 1 change for Station code CSG, Cressington
More than 1 change for Station code CWD, Creswell
0.0 changes for Station code CRE, Crewe
1.0 changes for Station code CKN, Crewkerne
More than 1 change for Station code CWH, Crews Hill
More than 1 change for Station code CNR, Crianlarich
1.0 changes for Station code CCC, Criccieth
More than 1 change for Station code CRI, Cricklewood
More than 1 change for Station code CFF, Croftfoot
More than 1 change for Station code CFT, Crofton Park
More than 1 change for Station code CMR, Cromer
1.0 changes for Station code CMF, Cromford
More than 1 change for Station code CKT, Crookston
1.0 changes for Station code CRG, Cross Gates
1.0 changes for Station code CFL, Crossflatts
More than 1 change for Station code COI, Crosshill
1.0 changes for Station code CKY, Crosskeys
More than 1 change for Station code CMY, Crossmyloof
More than 1 change for Station code CSO, Croston
More than 1 change for Station code CRH, Crouch Hill
More than 1 change for Station code COH, Crowborough
More than 1 change for Station code CWU, Crowhurst
1.0 changes for Station code CWE, Crowle
1.0 changes for Station code CRN, Crowthorne
More than 1 change for Station code CRO, Croy
More than 1 change for Station code CYP, Crystal Palace
1.0 changes for Station code CUD, Cuddington
More than 1 change for Station code CUF, Cuffley
1.0 changes for Station code CUM, Culham
More than 1 change for Station code CUA, Culrain
1.0 changes for Station code CUB, Cumbernauld
1.0 changes for Station code CUP, Cupar
1.0 changes for Station code CUH, Curriehill
More than 1 change for Station code CUX, Cuxton
1.0 changes for Station code CMH, Cwmbach
1.0 changes for Station code CWM, Cwmbran
1.0 changes for Station code CYN, Cynghordy
More than 1 change for Station code DDK, Dagenham Dock
More than 1 change for Station code DSY, Daisy Hill
1.0 changes for Station code DAG, Dalgety Bay
More than 1 change for Station code DAL, Dalmally
More than 1 change for Station code DAK, Dalmarnock
1.0 changes for Station code DAM, Dalmeny
More than 1 change for Station code DMR, Dalmuir
More than 1 change for Station code DLR, Dalreoch
More than 1 change for Station code DLY, Dalry
More than 1 change for Station code DLS, Dalston (Cumbria)
More than 1 change for Station code DLJ, Dalston Junction
More than 1 change for Station code DLK, Dalston Kingsland
1.0 changes for Station code DLT, Dalton (Cumbria)
More than 1 change for Station code DLW, Dalwhinnie
More than 1 change for Station code DNY, Danby
