6.580996884735202 percent of stations (169) have direct services to edinburgh
33.41121495327103 percent of stations (858) have services to edinburgh with a single connection
60.00778816199377 percent of stations (1541) have services to edinburgh with more than one connection
These stations are:
Abbey Wood (ABW)
Aber (ABE)
Abercynon (ACY)
Aberdare (ABA)
Acle (ACL)
Acocks Green (ACG)
Acton Central (ACC)
Acton Main Line (AML)
Addlestone (ASN)
Adisham (ADM)
Aigburth (AIG)
Ainsdale (ANS)
Aintree (AIN)
Albany Park (AYP)
Aldershot (AHT)
Aldrington (AGT)
Alexandra Palace (AAP)
Alresford (Essex) (ALR)
Althorne (Essex) (ALN)
Alton (AON)
Amberley (AMY)
Amersham (AMR)
Ancaster (ANC)
Andover (ADV)
Anerley (ANZ)
Angel Road (AGR)
Angmering (ANG)
Appledore (Kent) (APD)
Appley Bridge (APB)
Apsley (APS)
Ardgay (ARD)
Ardrossan Harbour (ADS)
Ardrossan South Beach (ASB)
Argyle Street (AGS)
Armadale (West Lothian) (ARM)
Armathwaite (AWT)
Arram (ARR)
Arundel (ARU)
Ascot (Berks) (ACT)
Ash Vale (AHV)
Ashburys (ABY)
Ashford (Surrey) (AFS)
Ashford International (AFK)
Ashford International (Eurostar) (ASI)
Ashley (ASY)
Ashtead (AHD)
Ashurst (Kent) (AHS)
Ashwell & Morden (AWM)
Aslockton (ALK)
Aspley Guise (APG)
Aston (AST)
Atherton (ATN)
Aughton Park (AUG)
Avoncliff (AVF)
Avonmouth (AVN)
Axminster (AXM)
Aylesbury (AYS)
Aylesbury Vale Parkway (AVP)
Aylesford (AYL)
Aylesham (AYH)
Bache (BAC)
Bagshot (BAG)
Baildon (BLD)
Balcombe (BAB)
Baldock (BDK)
Balham (BAL)
Balmossie (BSI)
Bamber Bridge (BMB)
Bamford (BAM)
Bank Hall (BAH)
Banstead (BAD)
Barassie (BSS)
Barbican (ZBB)
Bargeddie (BGI)
Bargoed (BGD)
Barking (BKG)
Barlaston (BRT)
Barming (BMG)
Barnehurst (BNH)
Barnes (BNS)
Barnes Bridge (BNI)
Barnham (BAA)
Barrhill (BRL)
Barrow Haven (BAV)
Barrow-Upon-Soar (BWS)
Barry (BRY)
Barry Docks (BYD)
Barry Island (BYI)
Barry Links (BYL)
Barton-on-Humber (BAU)
Basildon (BSO)
Bat & Ball (BBL)
Bath Spa (BTH)
Battersea Park (BAK)
Battle (BAT)
Battlesbridge (BLB)
Bayford (BAY)
Beaconsfield (BCF)
Bearley (BER)
Bearsted (BSD)
Bebington (BEB)
Beccles (BCC)
Beckenham Hill (BEC)
Beckenham Junction (BKJ)
Bedford (BDM)
Bedford St Johns (BSJ)
Bedhampton (BDH)
Beeston (BEE)
Bekesbourne (BKS)
Bellingham (BGM)
Bellshill (BLH)
Belmont (BLM)
Belper (BLP)
Beltring (BEG)
Belvedere (BVD)
Benfleet (BEF)
Bentley (Hants) (BTY)
Berkhamsted (BKM)
Bermuda Park (BEP)
Berney Arms (BYA)
Berry Brow (BBW)
Berrylands (BRS)
Berwick (Sussex) (BRK)
Bescar Lane (BES)
Betchworth (BTO)
Bethnal Green (BET)
Betws-y-Coed (BYC)
Bexhill (BEX)
Bexley (BXY)
Bexleyheath (BXH)
Bicester North (BCS)
Bicester Village (BIT)
Bickley (BKL)
Bidston (BID)
Billericay (BIC)
Billingshurst (BIG)
Bingham (BIN)
Birchgrove (BCG)
Birchington-on-sea (BCH)
Birkbeck (BIK)
Birkdale (BDL)
Birkenhead Central (BKC)
Birkenhead Hamilton Square (BKQ)
Birkenhead North (BKN)
Birkenhead Park (BKP)
Bishops Stortford (BIS)
Bishopstone (Sussex) (BIP)
Bishopton (Strathclyde) (BPT)
Bitterne (BTE)
Blackburn (BBN)
Blackheath (BKH)
Blackpool Pleasure Beach (BPB)
Blackrod (BLK)
Blackwater (BAW)
Blaenau Ffestiniog (BFF)
Blair Atholl (BLA)
Blairhill (BAI)
Blakedown (BKD)
Bleasby (BSB)
Bloxwich (BLX)
Blundellsands & Crosby (BLN)
Bodorgan (BOR)
Bognor Regis (BOG)
Bookham (BKA)
Bootle (Cumbria) (BOC)
Bootle New Strand (BNW)
Bootle Oriel Road (BOT)
Bordesley (BBS)
Borough Green & Wrotham (BRG)
Bosham (BOH)
Boston (BSN)
Botley (BOE)
Bottesford (BTF)
Bourne End (BNE)
Bow Brickhill (BWB)
Bowes Park (BOP)
Bowling (BWG)
Box Hill & Westhumble (BXW)
Bracknell (BCE)
Bradford Interchange (BDI)
Bradford-on-Avon (BOA)
Brading (BDN)
Braintree (BTR)
Braintree Freeport (BTP)
Brampton (Cumbria) (BMP)
Brampton (Suffolk) (BRP)
Brandon (BND)
Branksome (BSM)
Braystones (Cumbria) (BYS)
Bredbury (BDY)
Breich (BRC)
Brentford (BFD)
Brentwood (BRE)
Bricket Wood (BWO)
Bridgeton (BDG)
Brigg (BGG)
Brighton (East Sussex) (BTN)
Brimsdown (BMD)
Brithdir (BHD)
Brixton (BRX)
Broadstairs (BSR)
Brockenhurst (BCU)
Brockholes (BHS)
Brockley (BCY)
Bromborough (BOM)
Bromborough Rake (BMR)
Bromley Cross (Lancs) (BMC)
Bromley North (BMN)
Bromley South (BMS)
Brondesbury (BSY)
Brondesbury Park (BSP)
Brookmans Park (BPK)
Brookwood (BKO)
Brough (BUH)
Broxbourne (BXB)
Bruce Grove (BCV)
Brundall (BDA)
Brundall Gardens (BGA)
Brunswick (BRW)
Bruton (BRU)
Buckenham (Norfolk) (BUC)
Buckley (BCK)
Bugle (BGL)
Bulwell (BLW)
Bures (BUE)
Burgess Hill (BUG)
Burneside (Cumbria) (BUD)
Burnham (Bucks) (BNM)
Burnham-on-Crouch (BUU)
Burnley Central (BNC)
Burnside (Strathclyde) (BUI)
Burntisland (BTS)
Burscough Bridge (BCB)
Burscough Junction (BCJ)
Bursledon (BUO)
Busby (BUS)
Bush Hill Park (BHK)
Bushey (BSH)
Buxted (BXD)
Byfleet & New Haw (BFN)
Cadoxton (CAD)
Caergwrle (CGW)
Caerphilly (CPH)
Caledonian Rd & Barnsbury (CIR)
Cam & Dursley (CDU)
Camberley (CAM)
Cambridge Heath (CBH)
Camden Road (CMD)
Canada Water (ZCW)
Cannock (CAO)
Canonbury (CNN)
Canterbury East (CBE)
Canterbury West (CBW)
Cantley (CNY)
Capenhurst (CPU)
Carbis Bay (CBB)
Cardiff Bay (CDB)
Cardiff Queen Street (CDQ)
Carlisle (CAR)
Carlton (CTO)
Carpenders Park (CPK)
Carrbridge (CAG)
Carshalton (CSH)
Carshalton Beeches (CSB)
Castle Bar Park (CBP)
Caterham (CAT)
Catford (CTF)
Catford Bridge (CFB)
Cathays (CYS)
Causeland (CAU)
Cefn-y-Bedd (CYB)
Chadwell Heath (CTH)
Chafford Hundred Lakeside (CFH)
Chalfont & Latimer (CFO)
Chalkwell (CHW)
Chandlers Ford (CFR)
Chapeltown (South Yorks) (CLN)
Chappel & Wakes Colne (CWC)
Charing (Kent) (CHG)
Charing Cross (Glasgow) (CHC)
Charlbury (CBY)
Charlton (CTN)
Chartham (CRT)
Chassen Road (CSR)
Chatelherault (CTE)
Chatham (CTM)
Cheam (CHE)
Chelmsford (CHM)
Chelsfield (CLD)
Chertsey (CHY)
Cheshunt (CHN)
Chessington North (CSN)
Chessington South (CSS)
Chester Road (CRD)
Chester-le-Street (CLS)
Chestfield & Swalecliffe (CSW)
Chichester (CCH)
Chilham (CIL)
Chingford (CHI)
Chippenham (CPM)
Chipstead (CHP)
Chirk (CRK)
Chislehurst (CIT)
Chiswick (CHK)
Cholsey (CHO)
Chorleywood (CLW)
Christchurch (CHR)
Christs Hospital (CHH)
Church Stretton (CTT)
City Thameslink (CTK)
Clacton-on-Sea (CLT)
Clandon (CLA)
Clapham High Street (CLP)
Clapham Junction (CLJ)
Clapton (CPT)
Clarbeston Road (CLR)
Clarkston (CKS)
Claverdon (CLV)
Claygate (CLG)
Clifton Down (CFN)
Clitheroe (CLH)
Clock House (CLK)
Coatbridge Sunnyside (CBS)
Coatdyke (COA)
Cobham & Stoke d'Abernon (CSD)
Cogan (CGN)
Colchester (COL)
Colchester Town (CET)
Collington (CLL)
Cononley (CEY)
Conway Park (CNP)
Conwy (CNW)
Cooden Beach (COB)
Cookham (COO)
Cooksbridge (CBR)
Coombe Junction Halt (COE)
Copplestone (COP)
Corby (COR)
Corkerhill (CKH)
Coryton (COY)
Coseley (CSY)
Cosford (COS)
Cosham (CSA)
Coulsdon Town (CDN)
Cowden (Kent) (CWN)
Cradley Heath (CRA)
Craigendoran (CGD)
Cramlington (CRM)
Cranbrook (Devon) (CBK)
Craven Arms (CRV)
Crawley (CRW)
Crayford (CRY)
Crediton (CDI)
Cressing (Essex) (CES)
Cressington (CSG)
Creswell (CWD)
Crewe (CRE)
Crewkerne (CKN)
Crews Hill (CWH)
Crianlarich (CNR)
Cricklewood (CRI)
Croftfoot (CFF)
Crofton Park (CFT)
Cromer (CMR)
Crookston (CKT)
Cross Gates (CRG)
Crosskeys (CKY)
Crossmyloof (CMY)
Crouch Hill (CRH)
Crowborough (COH)
Crowhurst (CWU)
Crystal Palace (CYP)
Cuffley (CUF)
Culham (CUM)
Curriehill (CUH)
Cuxton (CUX)
Cwmbach (CMH)
Dagenham Dock (DDK)
Daisy Hill (DSY)
Dalmarnock (DAK)
Dalmuir (DMR)
Dalreoch (DLR)
Dalry (DLY)
Dalston Junction (DLJ)
Dalston Kingsland (DLK)
Danescourt (DCT)
Danzey (DZY)
Darsham (DSM)
Dartford (DFD)
Darwen (DWN)
Datchet (DAT)
Davenport (DVN)
Dawlish (DWL)
Dawlish Warren (DWW)
Deal (DEA)
Dean (Wilts) (DEN)
Denby Dale (DBD)
Denham (DNM)
Denham Golf Club (DGC)
Denmark Hill (DMK)
Denton (DTN)
Deptford (DEP)
Derby (DBY)
Derby Road (Ipswich) (DBR)
Devonport (Devon) (DPT)
Devonport Dockyard (DOC)
Dewsbury (DEW)
Dinas (Rhondda) (DMG)
Dinas Powys (DNS)
Dingle Road (DGL)
Diss (DIS)
Dodworth (DOD)
Doleham (DLH)
Dolgarrog (DLG)
Dolwyddelan (DWD)
Dorchester South (DCH)
Dorchester West (DCW)
Dorking (Main) (DKG)
Dorking Deepdene (DPD)
Dorking West (DKT)
Dormans (DMS)
Dorridge (DDG)
Dover Priory (DVP)
Dovercourt (DVC)
Downham Market (DOW)
Drayton Green (DRG)
Drayton Park (DYP)
Drem (DRM)
Drumchapel (DMC)
Dublin Ferryport (DFP)
Dublin Port - Stena (DPS)
Dullingham (DUL)
Dumbreck (DUM)
Dumpton Park (DMP)
Dunbar (DUN)
Dunblane (DBL)
Dunrobin Castle (DNO)
Dunton Green (DNG)
Durrington-on-Sea (DUR)
Ealing Broadway (EAL)
Earlsfield (EAD)
Earlswood (Surrey) (ELD)
Earlswood (West Midlands) (EWD)
East Croydon (ECR)
East Dulwich (EDW)
East Farleigh (EFL)
East Grinstead (EGR)
East Kilbride (EKL)
East Malling (EML)
East Tilbury (ETL)
East Worthing (EWR)
Eastbourne (EBN)
Eastbrook (EBK)
Eastham Rake (ERA)
Eastleigh (ESL)
Eastrington (EGN)
Ebbsfleet International (EBD)
Ebbw Vale Parkway (EBV)
Ebbw Vale Town (EBB)
Eden Park (EDN)
Edenbridge (EBR)
Edenbridge Town (EBT)
Edmonton Green (EDR)
Effingham Junction (EFF)
Egham (EGH)
Egton (EGT)
Elephant & Castle (EPH)
Elephant & Castle (Underground) (ZEL)
Ellesmere Port (ELP)
Elmers End (ELE)
Elmstead Woods (ESD)
Elmswell (ESW)
Elsenham (Essex) (ESM)
Elstree & Borehamwood (ELS)
Eltham (ELW)
Elton & Orston (ELO)
Emerson Park (EMP)
Emsworth (EMS)
Energlyn & Churchill Park (ECP)
Enfield Chase (ENC)
Enfield Lock (ENL)
Enfield Town (ENF)
Entwistle (ENT)
Epsom (Surrey) (EPS)
Epsom Downs (EPD)
Eridge (ERI)
Erith (ERH)
Esher (ESH)
Essex Road (EXR)
Etchingham (ETC)
Evesham (EVE)
Ewell East (EWE)
Ewell West (EWW)
Exeter St Thomas (EXT)
Eynsford (EYN)
Fairwater (FRW)
Falconwood (FCN)
Falkirk Grahamston (FKG)
Falls of Cruachan (FOC)
Falmer (FMR)
Falmouth Docks (FAL)
Falmouth Town (FMT)
Fareham (FRM)
Farnborough (Main) (FNB)
Farnborough North (FNN)
Farncombe (FNC)
Farnham (FNH)
Farningham Road (FNR)
Farringdon (ZFD)
Faversham (FAV)
Fazakerley (FAZ)
Felixstowe (FLX)
Feltham (FEL)
Fenny Stratford (FEN)
Fernhill (FER)
Filton Abbey Wood (FIT)
Finchley Road & Frognal (FNY)
Fishbourne (Sussex) (FSB)
Fishersgate (FSG)
Fishguard & Goodwick (FGW)
Fiskerton (FSK)
Fleet (FLE)
Flitwick (FLT)
Flixton (FLI)
Folkestone Central (FKC)
Folkestone West (FKW)
Ford (FOD)
Forest Gate (FOG)
Forest Hill (FOH)
Formby (FBY)
Fort William (FTW)
Four Oaks (FOK)
Foxfield (FOX)
Foxton (FXN)
Frant (FRT)
Fratton (FTN)
Freshfield (FRE)
Freshford (FFD)
Frimley (FML)
Frinton-on-Sea (FRI)
Fulwell (FLW)
Furze Platt (FZP)
Gainsborough Central (GNB)
Garscadden (GRS)
Garsdale (GSD)
Garston (Hertfordshire) (GSN)
Garswood (GSW)
Gartcosh (GRH)
Garve (GVE)
Gathurst (GST)
Gatwick Airport (GTW)
Gerrards Cross (GER)
Gidea Park (GDP)
Giffnock (GFN)
Gilfach Fargoed (GFF)
Gillingham (Dorset) (GIL)
Gillingham (Kent) (GLM)
Gipsy Hill (GIP)
Girvan (GIR)
Glaisdale (GLS)
Glan Conwy (GCW)
Glazebrook (GLZ)
Glengarnock (GLG)
Glenrothes with Thornton (GLT)
Glossop (GLO)
Glynde (GLY)
Gobowen (GOB)
Godalming (GOD)
Godstone (GDN)
Goldthorpe (GOE)
Gomshall (GOM)
Goodmayes (GMY)
Gordon Hill (GDH)
Goring & Streatley (GOR)
Goring-by-Sea (GBS)
Gospel Oak (GPO)
Goxhill (GOX)
Grange Park (GPK)
Grangetown (Cardiff) (GTN)
Grantham (GRA)
Grateley (GRT)
Gravelly Hill (GVH)
Gravesend (GRV)
Grays (GRY)
Great Bentley (GRB)
Great Chesterford (GRC)
Great Coates (GCT)
Great Missenden (GMN)
Great Yarmouth (GYM)
Green Lane (GNL)
Greenford (GFD)
Greenhithe (GNH)
Greenock Central (GKC)
Greenock West (GKW)
Greenwich (GNW)
Grimsby Docks (GMD)
Grove Park (GRP)
Gunnersbury (GUN)
Gunton (GNT)
Gwersyllt (GWE)
Hackbridge (HCB)
Hackney Central (HKC)
Hackney Downs (HAC)
Hackney Wick (HKW)
Haddenham & Thame Parkway (HDM)
Haddiscoe (HAD)
Hadley Wood (HDW)
Hag Fold (HGF)
Haggerston (HGG)
Hagley (HAG)
Hairmyres (HMY)
Halesworth (HAS)
Halewood (HED)
Hall Green (HLG)
Hall Road (HLR)
Halling (HAI)
Hall-i'-th'-Wood (HID)
Ham Street (HMT)
Hampden Park (Sussex) (HMD)
Hampstead Heath (HDH)
Hampton (London) (HMP)
Hampton Court (HMC)
Hampton Wick (HMW)
Hamworthy (HAM)
Hanwell (HAN)
Harlesden (HDN)
Harlington (Beds) (HLN)
Harlow Mill (HWM)
Harlow Town (HWN)
Harold Wood (HRO)
Harpenden (HPD)
Harrietsham (HRM)
Harringay (HGY)
Harringay Green Lanes (HRY)
Harrow & Wealdstone (HRW)
Harrow-on-the-Hill (HOH)
Hartlebury (HBY)
Harwich International (HPQ)
Harwich Town (HWC)
Haslemere (HSL)
Hassocks (HSK)
Hastings (HGS)
Hatch End (HTE)
Hatfield Peverel (HAP)
Hatton (HTN)
Havant (HAV)
Havenhouse (HVN)
Hawarden (HWD)
Hawarden Bridge (HWB)
Hawkhead (HKH)
Haydons Road (HYR)
Hayes & Harlington (HAY)
Hayes (Kent) (HYS)
Haywards Heath (HHE)
Headcorn (HCN)
Headstone Lane (HDL)
Healing (HLI)
Heath High Level (HHL)
Heath Low Level (HLL)
Heathrow Airport Terminal 4 (HAF)
Heathrow Airport Terminal 5 (HWV)
Heathrow Airport Terminals 1, 2 and 3 (HXX)
Heaton Chapel (HTC)
Heckington (HEC)
Heighington (HEI)
Hemel Hempstead (HML)
Hendon (HEN)
Hengoed (HNG)
Henley-in-Arden (HNL)
Henley-on-Thames (HOT)
Hensall (HEL)
Hereford (HFD)
Herne Bay (HNB)
Herne Hill (HNH)
Hersham (HER)
Hertford East (HFE)
Hertford North (HFN)
Heswall (HSW)
Hever (HEV)
Heworth (HEW)
High Brooms (HIB)
High Wycombe (HWY)
Higham (Kent) (HGM)
Highams Park (HIP)
Highbridge & Burnham (HIG)
Hightown (HTO)
Hildenborough (HLB)
Hillfoot (HLF)
Hillside (HIL)
Hilsea (HLS)
Hinchley Wood (HYW)
Hinton Admiral (HNA)
Hither Green (HGR)
Hockley (HOC)
Hollingbourne (HBN)
Holmwood (HLM)
Homerton (HMN)
Honeybourne (HYB)
Honiton (HON)
Honley (HOY)
Honor Oak Park (HPA)
Hook (HOK)
Hooton (HOO)
Hope (Flintshire) (HPE)
Horley (HOR)
Hornsey (HRN)
Horsley (HSY)
Hoscar (HSC)
Hough Green (HGN)
Hounslow (HOU)
Hove (HOV)
Hoveton & Wroxham (HXM)
How Wood (Herts) (HWW)
Howden (HOW)
Hoxton (HOX)
Hoylake (HYK)
Hubberts Bridge (HBB)
Hucknall (HKN)
Humphrey Park (HUP)
Hunts Cross (HNX)
Hurst Green (HUR)
Hykeham (HKM)
Hythe (Essex) (HYH)
IBM Halt (IBM)
Ilford (IFD)
Imperial Wharf (IMW)
Ince (Manchester) (INC)
Ingatestone (INT)
Irlam (IRL)
Isleworth (ISL)
Iver (IVR)
Jewellery Quarter (JEQ)
Kearsney (Kent) (KSN)
Kelvedon (KEL)
Kelvindale (KVD)
Kemble (KEM)
Kempston Hardwick (KMH)
Kempton Park Racecourse (KMP)
Kemsing (KMS)
Kemsley (KML)
Kenley (KLY)
Kennett (KNE)
Kensal Green (KNL)
Kensal Rise (KNR)
Kensington Olympia (KPA)
Kent House (KTH)
Kentish Town (KTN)
Kentish Town West (KTW)
Kenton (KNT)
Kettering (KET)
Kew Bridge (KWB)
Kew Gardens (KWG)
Keynsham (KYN)
Kidbrooke (KDB)
Kidderminster (KID)
Kilburn High Road (KBN)
Kilgetty (KGT)
Kilmaurs (KLM)
Kingham (KGM)
Kings Lynn (KLN)
Kings Norton (KNN)
Kings Park (KGP)
Kingston (KNG)
Kingswood (KND)
Kirby Cross (KBX)
Kirkby (Merseyside) (KIR)
Kirkby Stephen (KSW)
Kirkby-in-Ashfield (KKB)
Kirkdale (KKD)
Kirkhill (KKH)
Kirton Lindsey (KTL)
Kiveton Bridge (KIV)
Kiveton Park (KVP)
Knaresborough (KNA)
Knebworth (KBW)
Knockholt (KCK)
Ladywell (LAD)
Laindon (LAI)
Lake (LKE)
Lakenheath (LAK)
Lamphey (LAM)
Lanark (LNK)
Lancaster (LAN)
Lancing (LAC)
Langho (LHO)
Langley (Berks) (LNY)
Langley Green (LGG)
Langley Mill (LGM)
Langside (LGS)
Langwith-Whaley Thorns (LAG)
Lapworth (LPW)
Lawrence Hill (LWH)
Lea Bridge (LEB)
Leagrave (LEA)
Leasowe (LSW)
Leatherhead (LHD)
Lee (London) (LEE)
Leigh (Kent) (LIH)
Leigh-on-Sea (LES)
Lelant (LEL)
Lelant Saltings (LTS)
Lenham (LEN)
Letchworth Garden City (LET)
Lewes (LWS)
Lewisham (LEW)
Leyton Midland Road (LEM)
Leytonstone High Road (LER)
Lidlington (LID)
Limehouse (LHS)
Lingfield (LFD)
Lingwood (LGD)
Liphook (LIP)
Liskeard (LSK)
Liss (LIS)
Lisvane & Thornhill (LVT)
Little Kimble (LTK)
Little Sutton (LTT)
Littlehampton (LIT)
Littleport (LTP)
Liverpool Central (LVC)
Liverpool James Street (LVJ)
Llanbradach (LNB)
Llandaf (LLN)
Llanfairfechan (LLF)
Llanfairpwll (LPG)
Llangynllo (LGO)
Llanharan (LLR)
Llanhilleth (LTH)
Llanishen (LLS)
Llanrwst (LWR)
Llantwit Major (LWM)
Llanwrda (LNR)
Llanwrtyd (LNW)
Llwynypia (LLY)
Lockwood (LCK)
London Blackfriars (BFR)
London Fields (LOF)
London Road (Brighton) (LRB)
London Road (Guildford) (LRD)
London St Pancras (Intl) (SPX)
London Victoria (VIC)
London Waterloo (WAT)
London Waterloo East (WAE)
Long Buckby (LBK)
Longfield (LGF)
Looe (LOO)
Loughborough Junction (LGJ)
Lowdham (LOW)
Lower Sydenham (LSY)
Lowestoft (LWT)
Ludlow (LUD)
Luton (LUT)
Luton Airport Parkway (LTN)
Luxulyan (LUX)
Lye (West Midlands) (LYE)
Lymington Pier (LYP)
Lymington Town (LYT)
Lympstone Commando (LYC)
Lympstone Village (LYM)
Maesteg (MST)
Maghull (MAG)
Maidenhead (MAI)
Maidstone Barracks (MDB)
Maidstone East (MDE)
Maidstone West (MDW)
Malden Manor (MAL)
Manchester Oxford Road (MCO)
Manchester United Football Ground (MUF)
Manningtree (MNG)
Manor Park (MNP)
Manor Road (MNR)
Manorbier (MRB)
Mansfield (MFT)
Mansfield Woodhouse (MSW)
Marden (Kent) (MRN)
Margate (MAR)
Market Harborough (MHR)
Market Rasen (MKR)
Markinch (MNC)
Marks Tey (MKT)
Marlow (MLW)
Martin Mill (MTM)
Martins Heron (MAO)
Maryland (MYL)
Maxwell Park (MAX)
Maze Hill (MZH)
Meldreth (MEL)
Melksham (MKM)
Melton (Suffolk) (MES)
Meols (MEO)
Meols Cop (MEC)
Meopham (MEP)
Merthyr Tydfil (MER)
Merthyr Vale (MEV)
Micheldever (MIC)
Middlewood (MDL)
Midgham (MDG)
Milford (Surrey) (MLF)
Mill Hill Broadway (MIL)
Millbrook (Beds) (MLB)
Milton Keynes Central (MKC)
Minffordd (MFF)
Minster (MSR)
Mirfield (MIR)
Mistley (MIS)
Mitcham Eastfields (MTC)
Mitcham Junction (MIJ)
Monks Risborough (MRS)
Montpelier (MTP)
Montrose (MTS)
Moorfields (MRF)
Moorgate (MOG)
Moorside (MSD)
Morden South (MDS)
Moreton (Dorset) (MTN)
Moreton (Merseyside) (MRT)
Moreton-in-Marsh (MIM)
Mortlake (MTL)
Mossley Hill (MSH)
Mosspark (MPK)
Moston (MSO)
Motspur Park (MOT)
Mottingham (MTG)
Mottisfont & Dunbridge (DBG)
Moulsecoomb (MCB)
Mount Vernon (MTV)
Mountain Ash (MTA)
Muir of Ord (MOO)
Muirend (MUI)
Nailsea & Backwell (NLS)
Narberth (NAR)
Needham Market (NMT)
Neilston (NEI)
Neston (NES)
Netherfield (NET)
Nethertown (NRT)
Netley (NTL)
New Barnet (NBA)
New Beckenham (NBC)
New Brighton (NBN)
New Clee (NCE)
New Cross (NWX)
New Cross Gate (NXG)
New Cumnock (NCK)
New Eltham (NEH)
New Holland (NHL)
New Hythe (NHE)
New Lane (NLN)
New Malden (NEM)
Newbridge (NBE)
Newcourt (NCO)
Newhaven Harbour (NVH)
Newhaven Town (NVN)
Newington (NGT)
Newmarket (NMK)
Newport (Essex) (NWE)
Newport (South Wales) (NWP)
Newquay (NQY)
Newstead (NSD)
Newton (Lanark) (NTN)
Newtonmore (NWR)
Ninian Park (NNP)
Nitshill (NIT)
Norbiton (NBT)
Norbury (NRB)
Normans Bay (NSB)
North Camp (NCM)
North Dulwich (NDL)
North Fambridge (NFA)
North Llanrwst (NLR)
North Road (Darlington) (NRD)
North Sheen (NSH)
North Walsham (NWA)
North Wembley (NWB)
Northallerton (NTR)
Northampton (NMP)
Northfleet (NFL)
Northolt Park (NLT)
Northumberland Park (NUM)
Norton Bridge (NTB)
Norwood Junction (NWD)
Nunhead (NHD)
Nutbourne (NUT)
Nutfield (NUF)
Ockendon (OCK)
Ockley (OLY)
Okehampton (OKE)
Old Hill (OHL)
Old Roan (ORN)
Old Street (OLD)
Oldfield Park (OLF)
Olton (OLT)
Ore (ORE)
Orpington (ORP)
Orrell (ORR)
Orrell Park (OPK)
Otford (OTF)
Oulton Broad North (OUN)
Oulton Broad South (OUS)
Overpool (OVE)
Overton (OVR)
Oxshott (OXS)
Oxted (OXT)
Paddock Wood (PDW)
Padgate (PDG)
Paignton (PGN)
Paisley Canal (PCN)
Paisley Gilmour Street (PYG)
Paisley St James (PYJ)
Palmers Green (PAL)
Pangbourne (PAN)
Pantyffynnon (PTF)
Par (PAR)
Parbold (PBL)
Park Street (PKT)
Parkstone (Dorset) (PKS)
Partick (PTK)
Patchway (PWY)
Patterton (PTT)
Peckham Rye (PMR)
Pemberton (PEM)
Pembroke (PMB)
Pembroke Dock (PMD)
Penally (PNA)
Penarth (PEN)
Pengam (PGM)
Penge East (PNE)
Penge West (PNW)
Penistone (PNS)
Penmaenmawr (PMW)
Penmere (PNM)
Penrhiwceiber (PER)
Penryn (Cornwall) (PYN)
Penshurst (PHR)
Pentre-Bach (PTB)
Penychain (PNC)
Penyffordd (PNF)
Perranwell (PRW)
Pershore (PSH)
Perth (PTH)
Peterborough (PBO)
Petersfield (PTR)
Petts Wood (PET)
Pevensey & Westham (PEV)
Pevensey Bay (PEB)
Pewsey (PEW)
Pilning (PIL)
Pinhoe (PIN)
Pitsea (PSE)
Pluckley (PLC)
Plumley (PLM)
Plumpton (PMP)
Plumstead (PLU)
Plymouth (PLY)
Pokesdown (POK)
Polegate (PLG)
Polesworth (PSW)
Pollokshaws West (PWW)
Pollokshields West (PLW)
Polmont (PMT)
Polsloe Bridge (POL)
Ponders End (PON)
Pontefract Tanshelf (POT)
Pontlottyn (PLT)
Pont-y-Pant (PYP)
Pontypridd (PPD)
Poole (POO)
Port Sunlight (PSL)
Port Talbot Parkway (PTA)
Portchester (PTC)
Porth (POR)
Porthmadog (PTM)
Portslade (PLD)
Portsmouth & Southsea (PMS)
Portsmouth Harbour (PMH)
Potters Bar (PBR)
Preston Park (PRP)
Prittlewell (PRL)
Pulborough (PUL)
Purfleet (PFL)
Purley (PUR)
Purley Oaks (PUO)
Putney (PUT)
Pye Corner (PYE)
Pyle (PYL)
Quakers Yard (QYD)
Queenborough (QBR)
Queens Park (London) (QPW)
Queens Road (Peckham) (QRP)
Queenstown Road (Battersea) (QRB)
Quintrell Downs (QUI)
Radcliffe-on-Trent (RDF)
Radlett (RDT)
Radyr (RDR)
Rainford (RNF)
Rainham (Essex) (RNM)
Rainham (Kent) (RAI)
Ramsgate (RAM)
Ramsgreave & Wilpshire (RGW)
Rauceby (RAU)
Ravensbourne (RVB)
Rayleigh (RLG)
Raynes Park (RAY)
Reading (RDG)
Rectory Road (REC)
Redbridge (RDB)
Redcar East (RCE)
Reddish South (RDS)
Redhill (RDH)
Redland (RDA)
Reedham (Norfolk) (REE)
Reedham (Surrey) (RHM)
Reigate (REI)
Retford (RET)
Rhiwbina (RHI)
Rhoose Cardiff International Airport (RIA)
Rhosneigr (RHO)
Rhymney (RHY)
Rice Lane (RIL)
Richmond (London) (RMD)
Rickmansworth (RIC)
Riddlesdown (RDD)
Ridgmont (RID)
Risca & Pontymister (RCA)
Robertsbridge (RBR)
Roche (ROC)
Rochester (RTR)
Rochford (RFD)
Rock Ferry (RFY)
Rogerstone (ROR)
Rolleston (ROL)
Roman Bridge (RMB)
Romford (RMF)
Romsey (ROM)
Rotherhithe (ROE)
Roughton Road (RNR)
Rowlands Castle (RLN)
Rowley Regis (ROW)
Roydon (RYN)
Royston (RYS)
Ruabon (RUA)
Rufford (RUF)
Rutherglen (RUT)
Ryde Esplanade (RYD)
Ryde Pier Head (RYP)
Ryde St Johns Road (RYR)
Rye (Sussex) (RYE)
Rye House (RYH)
Salfords (Surrey) (SAF)
Salhouse (SAH)
Salisbury (SAL)
Saltash (STS)
Saltcoats (SLT)
Saltmarshe (SAM)
Salwick (SLW)
Sampford Courtenay (SMC)
Sandbach (SDB)
Sanderstead (SNR)
Sandhills (SDL)
Sandling (SDG)
Sandown (SAN)
Sandplace (SDP)
Sandwich (SDW)
Sankey for Penketh (SNK)
Saundersfoot (SDF)
Saunderton (SDR)
Sawbridgeworth (SAW)
Saxmundham (SAX)
Scunthorpe (SCU)
Sea Mills (SML)
Seaford (Sussex) (SEF)
Seaforth & Litherland (SFL)
Seaham (SEA)
Seamer (SEM)
Seer Green & Jordans (SRG)
Selhurst (SRS)
Selling (SEG)
Seven Kings (SVK)
Sevenoaks (SEV)
Severn Tunnel Junction (STJ)
Shadwell (SDE)
Shanklin (SHN)
Shawlands (SHL)
Sheerness-on-Sea (SSS)
Shelford (Cambs) (SED)
Shenfield (SNF)
Shepherd's Bush (SPB)
Shepherds Well (SPH)
Shepley (SPY)
Shepperton (SHP)
Shepreth (STH)
Sherborne (SHE)
Sherburn-in-Elmet (SIE)
Sheringham (SHM)
Shettleston (SLS)
Shiplake (SHI)
Shippea Hill (SPP)
Shirebrook (SHB)
Shirehampton (SHH)
Shirley (SRL)
Shoeburyness (SRY)
Sholing (SHO)
Shoreditch High Street (SDC)
Shoreham (Kent) (SEH)
Shoreham-by-Sea (SSE)
Shortlands (SRT)
Shrewsbury (SHR)
Sidcup (SID)
Sileby (SIL)
Silkstone Common (SLK)
Silver Street (SLV)
Singer (SIN)
Sittingbourne (SIT)
Skegness (SKG)
Slade Green (SGR)
Sleaford (SLR)
Sleights (SLH)
Slough (SLO)
Small Heath (SMA)
Smallbrook Junction (SAB)
Snodland (SDA)
Snowdown (SWO)
Sole Street (SOR)
Solihull (SOL)
Somerleyton (SYT)
South Acton (SAT)
South Bank (SBK)
South Bermondsey (SBM)
South Croydon (SCY)
South Greenford (SGN)
South Hampstead (SOH)
South Kenton (SOK)
South Merton (SMO)
South Milford (SOM)
South Ruislip (SRU)
South Tottenham (STO)
South Woodham Ferrers (SOF)
Southall (STL)
Southbourne (SOB)
Southbury (SBU)
Southease (SEE)
Southend Airport (SIA)
Southend Central (SOC)
Southend East (SOE)
Southend Victoria (SOV)
Southminster (SMN)
Southport (SOP)
Southwick (SWK)
Sowerby Bridge (SOW)
Spalding (SPA)
Spital (SPI)
Spooner Row (SPN)
Spring Road (SRI)
St Albans Abbey (SAA)
St Albans City (SAC)
St Columb Road (SCR)
St Germans (SGM)
St Helier (Surrey) (SIH)
St Ives (Cornwall) (SIV)
St James Street (Walthamstow) (SJS)
St Johns (London) (SAJ)
St Keyne Wishing Well Halt (SKN)
St Leonards Warrior Square (SLQ)
St Margarets (Herts) (SMT)
St Margarets (London) (SMG)
St Mary Cray (SMY)
St Michaels (STM)
Staines (SNS)
Stallingborough (SLL)
Stamford Hill (SMH)
Stanford-le-Hope (SFO)
Stansted Mountfitchet (SST)
Staplehurst (SPU)
Stapleton Road (SRD)
Starcross (SCS)
Stechford (SCF)
Stevenston (STV)
Stewartby (SWR)
Stocksmoor (SSM)
Stoke Mandeville (SKM)
Stoke Newington (SKW)
Stone (Staffs) (SNE)
Stone Crossing (SCG)
Stonebridge Park (SBP)
Stonegate (SOG)
Stoneleigh (SNL)
Stourbridge Junction (SBJ)
Stourbridge Town (SBT)
Stratford (London) (SRA)
Stratford International (SFA)
Stratford-upon-Avon (SAV)
Stratford-upon-Avon Parkway (STY)
Strawberry Hill (STW)
Streatham (Greater London) (STE)
Streatham Common (SRC)
Streatham Hill (SRH)
Strood (Kent) (SOO)
Stroud (Gloucs) (STD)
Sturry (STU)
Sudbury & Harrow Road (SUD)
Sudbury (Suffolk) (SUY)
Sudbury Hill Harrow (SDH)
Sugar Loaf (SUG)
Sunbury (SUU)
Sunderland (SUN)
Sundridge Park (SUP)
Sunningdale (SNG)
Sunnymeads (SNY)
Surbiton (SUR)
Surrey Quays (SQE)
Sutton (Surrey) (SUO)
Sutton Common (SUC)
Sutton Parkway (SPK)
Swale (SWL)
Swanley (SAY)
Swanscombe (SWM)
Swanwick (SNW)
Sway (SWY)
Swaythling (SWG)
Swinderby (SWD)
Swindon (Wilts) (SWI)
Swineshead (SWE)
Swinton (Manchester) (SNN)
Sydenham (London) (SYD)
Sydenham Hill (SYH)
Syon Lane (SYL)
Syston (SYS)
Tadworth (TAD)
Taffs Well (TAF)
Tal-y-Cafn (TLC)
Taplow (TAP)
Tattenham Corner (TAT)
Taunton (TAU)
Teddington (TED)
Tees-side Airport (TEA)
Telford Central (TFC)
Templecombe (TMC)
Tenby (TEN)
Teynham (TEY)
Thames Ditton (THD)
The Hawthorns (THW)
The Lakes (Warks) (TLK)
Theale (THE)
Theobalds Grove (TEO)
Thetford (TTF)
Thornliebank (THB)
Thornton Abbey (TNA)
Thornton Heath (TTH)
Thorntonhall (THT)
Thorpe Bay (TPB)
Thorpe Culvert (TPC)
Thorpe-le-Soken (TLS)
Three Bridges (TBD)
Three Oaks (TOK)
Thurgarton (THU)
Thurnscoe (THC)
Thurston (TRS)
Tilbury Town (TIL)
Tilehurst (TLH)
Tir-Phil (TIR)
Tisbury (TIS)
Tiverton Parkway (TVP)
Tolworth (TOL)
Ton Pentre (TPN)
Tonbridge (TON)
Tonypandy (TNP)
Tooting (TOO)
Town Green (TWN)
Trafford Park (TRA)
Trefforest (TRF)
Trefforest Estate (TRE)
Trehafod (TRH)
Treherbert (TRB)
Treorchy (TRY)
Trimley (TRM)
Tring (TRI)
Troed-y-rhiw (TRD)
Tulse Hill (TUH)
Tunbridge Wells (TBW)
Turkey Street (TUR)
Tutbury & Hatton (TUT)
Twickenham (TWI)
Ty Croes (TYC)
Ty Glas (TGS)
Tyndrum Lower (TYL)
Tyseley (TYS)
Tywyn (TYW)
Uckfield (UCK)
Ulceby (ULC)
Uphall (UHA)
Upholland (UPL)
Upminster (UPM)
Upper Halliford (UPH)
Upper Holloway (UHL)
Upper Warlingham (UWL)
Upton (Merseyside) (UPT)
Upwey (UPW)
Urmston (URM)
Valley (VAL)
Virginia Water (VIR)
Waddon (WDO)
Wadhurst (WAD)
Wainfleet (WFL)
Wakefield Westgate (WKF)
Walkden (WKD)
Wallasey Grove Road (WLG)
Wallasey Village (WLV)
Wallington (WLT)
Walmer (WAM)
Walsall (WSL)
Walsden (WDN)
Waltham Cross (WLC)
Walthamstow Central (WHC)
Walthamstow Queen's Road (WMW)
Walton (Merseyside) (WAO)
Walton-on-Thames (WAL)
Walton-on-the-Naze (WON)
Wanborough (WAN)
Wandsworth Common (WSW)
Wandsworth Road (WWR)
Wandsworth Town (WNT)
Wanstead Park (WNP)
Wapping (WPE)
Warblington (WBL)
Ware (Herts) (WAR)
Wareham (Dorset) (WRM)
Wargrave (WGV)
Warminster (WMN)
Warnham (WNH)
Warwick (WRW)
Warwick Parkway (WRP)
Waterbeach (WBC)
Wateringbury (WTR)
Waterloo (Merseyside) (WLO)
Watford High Street (WFH)
Watford North (WFN)
Watlington (WTG)
Watton-at-Stone (WAS)
Waun-Gron Park (WNG)
Wedgwood (WED)
Weeley (WEE)
Welham Green (WMG)
Welling (WLI)
Wellingborough (WEL)
Wembley Central (WMB)
Wembley Stadium (WCX)
Wendover (WND)
West Allerton (WSA)
West Brompton (WBP)
West Byfleet (WBY)
West Calder (WCL)
West Croydon (WCY)
West Drayton (WDT)
West Dulwich (WDU)
West Ealing (WEA)
West Ham (WEH)
West Hampstead (WHD)
West Hampstead Thameslink (WHP)
West Horndon (WHR)
West Kirby (WKI)
West Malling (WMA)
West Norwood (WNW)
West Ruislip (WRU)
West Runton (WRN)
West St Leonards (WLD)
West Sutton (WSU)
West Wickham (WWI)
West Worthing (WWO)
Westcliff (WCF)
Westcombe Park (WCB)
Westenhanger (WHA)
Westerfield (WFI)
Westgate-on-Sea (WGA)
Wetheral (WRL)
Weybridge (WYB)
Weymouth (WEY)
Whalley (Lancs) (WHE)
Whitchurch (Cardiff) (WHT)
White Hart Lane (WHL)
White Notley (WNY)
Whitechapel (ZLW)
Whitecraigs (WCR)
Whitlocks End (WTE)
Whitstable (WHI)
Whittlesea (WLE)
Whittlesford Parkway (WLF)
Whitton (London) (WTN)
Whitwell (Derbyshire) (WWL)
Whyteleafe (WHY)
Whyteleafe South (WHS)
Wickford (WIC)
Wickham Market (WCM)
Widdrington (WDD)
Widnes (WID)
Widney Manor (WMR)
Willesden Junction (WIJ)
Williamwood (WLM)
Wilmcote (WMC)
Wimbledon (WIM)
Wimbledon Chase (WBO)
Winchelsea (WSE)
Winchfield (WNF)
Winchmore Hill (WIH)
Windsor & Eton Central (WNC)
Windsor & Eton Riverside (WNR)
Witham (WTM)
Witley (WTY)
Wivelsfield (WVF)
Wivenhoe (WIV)
Woburn Sands (WOB)
Woking (WOK)
Wokingham (WKM)
Woldingham (WOH)
Wood End (WDE)
Wood Street (WST)
Woodbridge (WDB)
Woodgrange Park (WGR)
Woodmansterne (WME)
Wool (WOO)
Woolwich Arsenal (WWA)
Woolwich Dockyard (WWD)
Wootton Wawen (WWW)
Worcester Park (WCP)
Worcester Shrub Hill (WOS)
Worle (WOR)
Worplesdon (WPL)
Worstead (WRT)
Worthing (WRH)
Wrabness (WRB)
Wraysbury (WRY)
Wrexham Central (WXC)
Wrexham General (WRX)
Wye (WYE)
Wythall (WYT)
Yalding (YAL)
Yardley Wood (YRD)
Yarm (YRM)
Yatton (YAT)
Ynyswen (YNW)
Ystrad Mynach (YSM)
Ystrad Rhondda (YSR)
