12.77258566978193 percent of stations (328) have direct services to glasgow
33.8006230529595 percent of stations (868) have services to glasgow with a single connection
52.9595015576324 percent of stations (1360) have services to glasgow with more than one connection
These stations are:
Abbey Wood (ABW)
Aber (ABE)
Abercynon (ACY)
Aberdare (ABA)
Acle (ACL)
Acocks Green (ACG)
Acton Central (ACC)
Acton Main Line (AML)
Addlestone (ASN)
Adisham (ADM)
Aigburth (AIG)
Ainsdale (ANS)
Aintree (AIN)
Albany Park (AYP)
Aldermaston (AMT)
Aldershot (AHT)
Aldrington (AGT)
Alexandra Palace (AAP)
Alresford (Essex) (ALR)
Althorne (Essex) (ALN)
Alton (AON)
Amberley (AMY)
Amersham (AMR)
Ancaster (ANC)
Andover (ADV)
Anerley (ANZ)
Angel Road (AGR)
Angmering (ANG)
Appledore (Kent) (APD)
Appley Bridge (APB)
Arlesey (ARL)
Arram (ARR)
Arundel (ARU)
Ascot (Berks) (ACT)
Ash (ASH)
Ash Vale (AHV)
Ashford (Surrey) (AFS)
Ashford International (AFK)
Ashtead (AHD)
Ashurst (Kent) (AHS)
Ashurst New Forest (ANF)
Ashwell & Morden (AWM)
Aslockton (ALK)
Aspley Guise (APG)
Aughton Park (AUG)
Avoncliff (AVF)
Avonmouth (AVN)
Axminster (AXM)
Aylesbury (AYS)
Aylesbury Vale Parkway (AVP)
Aylesford (AYL)
Aylesham (AYH)
Bache (BAC)
Bagshot (BAG)
Baildon (BLD)
Balcombe (BAB)
Baldock (BDK)
Bank Hall (BAH)
Banstead (BAD)
Bargoed (BGD)
Barking (BKG)
Barlaston (BRT)
Barming (BMG)
Barnehurst (BNH)
Barnes (BNS)
Barnes Bridge (BNI)
Barnham (BAA)
Barnsley (BNY)
Barnstaple (BNP)
Barrow Haven (BAV)
Barrow-Upon-Soar (BWS)
Barry (BRY)
Barry Docks (BYD)
Barry Island (BYI)
Barton-on-Humber (BAU)
Basildon (BSO)
Bat & Ball (BBL)
Battersea Park (BAK)
Battle (BAT)
Battlesbridge (BLB)
Bayford (BAY)
Beaconsfield (BCF)
Bearley (BER)
Bearsted (BSD)
Beaulieu Road (BEU)
Bebington (BEB)
Beccles (BCC)
Beckenham Hill (BEC)
Beckenham Junction (BKJ)
Bedford St Johns (BSJ)
Bedhampton (BDH)
Bedminster (BMT)
Bekesbourne (BKS)
Bellingham (BGM)
Belmont (BLM)
Beltring (BEG)
Belvedere (BVD)
Bempton (BEM)
Benfleet (BEF)
Bentley (Hants) (BTY)
Bere Alston (BAS)
Bere Ferrers (BFE)
Berry Brow (BBW)
Berrylands (BRS)
Berwick (Sussex) (BRK)
Bescar Lane (BES)
Betchworth (BTO)
Bethnal Green (BET)
Betws-y-Coed (BYC)
Beverley (BEV)
Bexhill (BEX)
Bexley (BXY)
Bexleyheath (BXH)
Bicester North (BCS)
Bicester Village (BIT)
Bickley (BKL)
Bidston (BID)
Biggleswade (BIW)
Billericay (BIC)
Billingshurst (BIG)
Bingham (BIN)
Birchgrove (BCG)
Birchington-on-sea (BCH)
Birkbeck (BIK)
Birkdale (BDL)
Birkenhead Central (BKC)
Birkenhead Hamilton Square (BKQ)
Birkenhead North (BKN)
Birkenhead Park (BKP)
Bishops Stortford (BIS)
Bishopstone (Sussex) (BIP)
Bitterne (BTE)
Blackheath (BKH)
Blackwater (BAW)
Blaenau Ffestiniog (BFF)
Blakedown (BKD)
Bleasby (BSB)
Blundellsands & Crosby (BLN)
Bognor Regis (BOG)
Bookham (BKA)
Bootle New Strand (BNW)
Bootle Oriel Road (BOT)
Bordesley (BBS)
Borough Green & Wrotham (BRG)
Bosham (BOH)
Boston (BSN)
Botley (BOE)
Bottesford (BTF)
Bourne End (BNE)
Bow Brickhill (BWB)
Bowes Park (BOP)
Box Hill & Westhumble (BXW)
Bracknell (BCE)
Bradford-on-Avon (BOA)
Brading (BDN)
Braintree (BTR)
Braintree Freeport (BTP)
Bramley (Hants) (BMY)
Brampton (Suffolk) (BRP)
Brandon (BND)
Branksome (BSM)
Brentford (BFD)
Brentwood (BRE)
Bricket Wood (BWO)
Bridgwater (BWT)
Bridlington (BDT)
Brigg (BGG)
Brighton (East Sussex) (BTN)
Brimsdown (BMD)
Brithdir (BHD)
Brixton (BRX)
Broadstairs (BSR)
Brockholes (BHS)
Brockley (BCY)
Bromborough (BOM)
Bromborough Rake (BMR)
Bromley Cross (Lancs) (BMC)
Bromley North (BMN)
Bromley South (BMS)
Brondesbury (BSY)
Brondesbury Park (BSP)
Brookmans Park (BPK)
Brookwood (BKO)
Brough (BUH)
Broxbourne (BXB)
Bruce Grove (BCV)
Brundall (BDA)
Brundall Gardens (BGA)
Brunswick (BRW)
Bruton (BRU)
Buckley (BCK)
Bugle (BGL)
Bulwell (BLW)
Bures (BUE)
Burgess Hill (BUG)
Burnham (Bucks) (BNM)
Burnham-on-Crouch (BUU)
Burscough Bridge (BCB)
Bursledon (BUO)
Bury St Edmunds (BSE)
Bush Hill Park (BHK)
Buxted (BXD)
Byfleet & New Haw (BFN)
Cadoxton (CAD)
Caergwrle (CGW)
Caerphilly (CPH)
Caledonian Rd & Barnsbury (CIR)
Calstock (CSK)
Cam & Dursley (CDU)
Camberley (CAM)
Cambridge Heath (CBH)
Camden Road (CMD)
Canada Water (ZCW)
Canonbury (CNN)
Canterbury East (CBE)
Canterbury West (CBW)
Cantley (CNY)
Capenhurst (CPU)
Carbis Bay (CBB)
Cardiff Bay (CDB)
Cardiff Queen Street (CDQ)
Carshalton (CSH)
Carshalton Beeches (CSB)
Castle Bar Park (CBP)
Castle Cary (CLC)
Caterham (CAT)
Catford (CTF)
Catford Bridge (CFB)
Cathays (CYS)
Causeland (CAU)
Cefn-y-Bedd (CYB)
Chadwell Heath (CTH)
Chafford Hundred Lakeside (CFH)
Chalfont & Latimer (CFO)
Chalkwell (CHW)
Chandlers Ford (CFR)
Chapelton (Devon) (CPN)
Chapeltown (South Yorks) (CLN)
Chappel & Wakes Colne (CWC)
Charing (Kent) (CHG)
Charlton (CTN)
Chartham (CRT)
Chassen Road (CSR)
Chatham (CTM)
Cheam (CHE)
Chelmsford (CHM)
Chelsfield (CLD)
Chertsey (CHY)
Cheshunt (CHN)
Chessington North (CSN)
Chessington South (CSS)
Chestfield & Swalecliffe (CSW)
Chetnole (CNO)
Chichester (CCH)
Chilham (CIL)
Chingford (CHI)
Chippenham (CPM)
Chipstead (CHP)
Chirk (CRK)
Chislehurst (CIT)
Chiswick (CHK)
Cholsey (CHO)
Chorleywood (CLW)
Christchurch (CHR)
Christs Hospital (CHH)
City Thameslink (CTK)
Clacton-on-Sea (CLT)
Clandon (CLA)
Clapham High Street (CLP)
Clapton (CPT)
Claverdon (CLV)
Claygate (CLG)
Clifton Down (CFN)
Clitheroe (CLH)
Clock House (CLK)
Cobham & Stoke d'Abernon (CSD)
Cogan (CGN)
Colchester (COL)
Colchester Town (CET)
Collingham (CLM)
Collington (CLL)
Conway Park (CNP)
Cooden Beach (COB)
Cookham (COO)
Cooksbridge (CBR)
Coombe Junction Halt (COE)
Copplestone (COP)
Corby (COR)
Coryton (COY)
Cosham (CSA)
Cottingham (CGM)
Coulsdon South (CDS)
Coulsdon Town (CDN)
Cowden (Kent) (CWN)
Cradley Heath (CRA)
Cranbrook (Devon) (CBK)
Crawley (CRW)
Crayford (CRY)
Crediton (CDI)
Cressing (Essex) (CES)
Cressington (CSG)
Creswell (CWD)
Crewkerne (CKN)
Crews Hill (CWH)
Cricklewood (CRI)
Crofton Park (CFT)
Cromer (CMR)
Cross Gates (CRG)
Crosskeys (CKY)
Crouch Hill (CRH)
Crowborough (COH)
Crowhurst (CWU)
Crystal Palace (CYP)
Cuffley (CUF)
Cuxton (CUX)
Cwmbach (CMH)
Dagenham Dock (DDK)
Dalston Junction (DLJ)
Dalston Kingsland (DLK)
Danescourt (DCT)
Danzey (DZY)
Darsham (DSM)
Dartford (DFD)
Darton (DRT)
Darwen (DWN)
Datchet (DAT)
Dawlish Warren (DWW)
Deal (DEA)
Dean (Wilts) (DEN)
Denby Dale (DBD)
Denham (DNM)
Denham Golf Club (DGC)
Denmark Hill (DMK)
Denton (DTN)
Deptford (DEP)
Derby Road (Ipswich) (DBR)
Devonport (Devon) (DPT)
Devonport Dockyard (DOC)
Didcot Parkway (DID)
Digby & Sowton (DIG)
Dilton Marsh (DMH)
Dinas (Rhondda) (DMG)
Dinas Powys (DNS)
Dingle Road (DGL)
Diss (DIS)
Dodworth (DOD)
Doleham (DLH)
Dolgarrog (DLG)
Dolwyddelan (DWD)
Dorchester South (DCH)
Dorchester West (DCW)
Dorking (Main) (DKG)
Dorking Deepdene (DPD)
Dorking West (DKT)
Dormans (DMS)
Dorridge (DDG)
Dover Priory (DVP)
Dovercourt (DVC)
Downham Market (DOW)
Drayton Green (DRG)
Drayton Park (DYP)
Driffield (DRF)
Dublin Ferryport (DFP)
Dublin Port - Stena (DPS)
Dullingham (DUL)
Dumpton Park (DMP)
Dunton Green (DNG)
Durrington-on-Sea (DUR)
Ealing Broadway (EAL)
Earley (EAR)
Earlsfield (EAD)
Earlswood (Surrey) (ELD)
Earlswood (West Midlands) (EWD)
East Dulwich (EDW)
East Farleigh (EFL)
East Garforth (EGF)
East Grinstead (EGR)
East Malling (EML)
East Tilbury (ETL)
East Worthing (EWR)
Eastbourne (EBN)
Eastbrook (EBK)
Eastham Rake (ERA)
Eastleigh (ESL)
Ebbsfleet International (EBD)
Ebbw Vale Parkway (EBV)
Ebbw Vale Town (EBB)
Eccles Road (ECS)
Eden Park (EDN)
Edenbridge (EBR)
Edenbridge Town (EBT)
Edmonton Green (EDR)
Effingham Junction (EFF)
Eggesford (EGG)
Egham (EGH)
Elmers End (ELE)
Elmstead Woods (ESD)
Elmswell (ESW)
Elsecar (ELR)
Elsenham (Essex) (ESM)
Elstree & Borehamwood (ELS)
Eltham (ELW)
Elton & Orston (ELO)
Emerson Park (EMP)
Emsworth (EMS)
Energlyn & Churchill Park (ECP)
Enfield Chase (ENC)
Enfield Lock (ENL)
Enfield Town (ENF)
Entwistle (ENT)
Epsom (Surrey) (EPS)
Epsom Downs (EPD)
Eridge (ERI)
Erith (ERH)
Esher (ESH)
Essex Road (EXR)
Etchingham (ETC)
Evesham (EVE)
Ewell East (EWE)
Ewell West (EWW)
Exeter Central (EXC)
Exeter St Thomas (EXT)
Exmouth (EXM)
Exton (EXN)
Eynsford (EYN)
Fairwater (FRW)
Falconwood (FCN)
Falmer (FMR)
Falmouth Docks (FAL)
Falmouth Town (FMT)
Fareham (FRM)
Farnborough (Main) (FNB)
Farnborough North (FNN)
Farncombe (FNC)
Farnham (FNH)
Farningham Road (FNR)
Farringdon (ZFD)
Faversham (FAV)
Fazakerley (FAZ)
Felixstowe (FLX)
Feltham (FEL)
Feniton (FNT)
Fenny Stratford (FEN)
Fernhill (FER)
Filey (FIL)
Finchley Road & Frognal (FNY)
Fishbourne (Sussex) (FSB)
Fishersgate (FSG)
Fleet (FLE)
Flitwick (FLT)
Flixton (FLI)
Folkestone Central (FKC)
Folkestone West (FKW)
Ford (FOD)
Forest Gate (FOG)
Forest Hill (FOH)
Formby (FBY)
Foxton (FXN)
Frant (FRT)
Fratton (FTN)
Freshfield (FRE)
Freshford (FFD)
Frimley (FML)
Frinton-on-Sea (FRI)
Fulwell (FLW)
Furze Platt (FZP)
Gainsborough Central (GNB)
Gainsborough Lea Road (GBL)
Garston (Hertfordshire) (GSN)
Garth (Mid Glamorgan) (GMG)
Gathurst (GST)
Gatwick Airport (GTW)
Gerrards Cross (GER)
Gidea Park (GDP)
Gilfach Fargoed (GFF)
Gillingham (Dorset) (GIL)
Gillingham (Kent) (GLM)
Gipsy Hill (GIP)
Glan Conwy (GCW)
Glazebrook (GLZ)
Glynde (GLY)
Gobowen (GOB)
Godalming (GOD)
Godstone (GDN)
Gomshall (GOM)
Goodmayes (GMY)
Gordon Hill (GDH)
Goring & Streatley (GOR)
Goring-by-Sea (GBS)
Gospel Oak (GPO)
Goxhill (GOX)
Grange Park (GPK)
Grangetown (Cardiff) (GTN)
Grateley (GRT)
Gravesend (GRV)
Grays (GRY)
Great Bentley (GRB)
Great Chesterford (GRC)
Great Coates (GCT)
Great Missenden (GMN)
Great Yarmouth (GYM)
Green Lane (GNL)
Greenford (GFD)
Greenhithe (GNH)
Greenwich (GNW)
Grimsby Docks (GMD)
Grove Park (GRP)
Gunnersbury (GUN)
Gunnislake (GSL)
Gunton (GNT)
Gwersyllt (GWE)
Hackbridge (HCB)
Hackney Central (HKC)
Hackney Downs (HAC)
Hackney Wick (HKW)
Haddenham & Thame Parkway (HDM)
Haddiscoe (HAD)
Hadley Wood (HDW)
Haggerston (HGG)
Hagley (HAG)
Halesworth (HAS)
Hall Green (HLG)
Hall Road (HLR)
Halling (HAI)
Hall-i'-th'-Wood (HID)
Ham Street (HMT)
Hamble (HME)
Hampden Park (Sussex) (HMD)
Hampstead Heath (HDH)
Hampton (London) (HMP)
Hampton Court (HMC)
Hampton Wick (HMW)
Hamworthy (HAM)
Hanwell (HAN)
Harling Road (HRD)
Harlington (Beds) (HLN)
Harlow Mill (HWM)
Harlow Town (HWN)
Harold Wood (HRO)
Harpenden (HPD)
Harrietsham (HRM)
Harringay (HGY)
Harringay Green Lanes (HRY)
Harrow-on-the-Hill (HOH)
Hartlebury (HBY)
Harwich International (HPQ)
Harwich Town (HWC)
Haslemere (HSL)
Hassocks (HSK)
Hastings (HGS)
Hatfield (Herts) (HAT)
Hatfield Peverel (HAP)
Hatton (HTN)
Havant (HAV)
Havenhouse (HVN)
Hawarden (HWD)
Hawarden Bridge (HWB)
Haydons Road (HYR)
Hayes & Harlington (HAY)
Hayes (Kent) (HYS)
Haywards Heath (HHE)
Headcorn (HCN)
Healing (HLI)
Heath High Level (HHL)
Heath Low Level (HLL)
Heathrow Airport Terminal 4 (HAF)
Heathrow Airport Terminal 5 (HWV)
Heckington (HEC)
Hedge End (HDE)
Hendon (HEN)
Hengoed (HNG)
Henley-in-Arden (HNL)
Henley-on-Thames (HOT)
Herne Bay (HNB)
Herne Hill (HNH)
Hersham (HER)
Hertford East (HFE)
Hertford North (HFN)
Heswall (HSW)
Hever (HEV)
Heworth (HEW)
High Brooms (HIB)
High Wycombe (HWY)
Higham (Kent) (HGM)
Highams Park (HIP)
Highbridge & Burnham (HIG)
Hightown (HTO)
Hildenborough (HLB)
Hillside (HIL)
Hilsea (HLS)
Hinchley Wood (HYW)
Hinton Admiral (HNA)
Hitchin (HIT)
Hither Green (HGR)
Hockley (HOC)
Hollingbourne (HBN)
Holmwood (HLM)
Holton Heath (HOL)
Homerton (HMN)
Honeybourne (HYB)
Honiton (HON)
Honley (HOY)
Honor Oak Park (HPA)
Hook (HOK)
Hooton (HOO)
Hope (Flintshire) (HPE)
Horley (HOR)
Hornsey (HRN)
Horsham (HRH)
Horsley (HSY)
Hoscar (HSC)
Hounslow (HOU)
Hove (HOV)
Hoveton & Wroxham (HXM)
How Wood (Herts) (HWW)
Hoxton (HOX)
Hoylake (HYK)
Hubberts Bridge (HBB)
Hucknall (HKN)
Hull (HUL)
Humphrey Park (HUP)
Hunmanby (HUB)
Hurst Green (HUR)
Hutton Cranswick (HUT)
Hykeham (HKM)
Hythe (Essex) (HYH)
Ifield (IFI)
Ilford (IFD)
Ingatestone (INT)
Ipswich (IPS)
Isleworth (ISL)
Iver (IVR)
Ivybridge (IVY)
Jewellery Quarter (JEQ)
Kearsney (Kent) (KSN)
Kelvedon (KEL)
Kemble (KEM)
Kempston Hardwick (KMH)
Kempton Park Racecourse (KMP)
Kemsing (KMS)
Kemsley (KML)
Kenley (KLY)
Kennett (KNE)
Kensal Rise (KNR)
Kent House (KTH)
Kentish Town (KTN)
Kentish Town West (KTW)
Kew Bridge (KWB)
Kew Gardens (KWG)
Keyham (KEY)
Keynsham (KYN)
Kidbrooke (KDB)
Kidderminster (KID)
Kilgetty (KGT)
Kings Lynn (KLN)
Kings Nympton (KGN)
Kings Sutton (KGS)
Kingston (KNG)
Kingswood (KND)
Kirby Cross (KBX)
Kirkby (Merseyside) (KIR)
Kirkby-in-Ashfield (KKB)
Kirkdale (KKD)
Kirton Lindsey (KTL)
Knebworth (KBW)
Knockholt (KCK)
Ladywell (LAD)
Laindon (LAI)
Lake (LKE)
Lakenheath (LAK)
Lamphey (LAM)
Lancing (LAC)
Langho (LHO)
Langley (Berks) (LNY)
Langley Green (LGG)
Langwith-Whaley Thorns (LAG)
Lapford (LAP)
Lapworth (LPW)
Lawrence Hill (LWH)
Lea Bridge (LEB)
Leagrave (LEA)
Leasowe (LSW)
Leatherhead (LHD)
Lee (London) (LEE)
Leigh (Kent) (LIH)
Leigh-on-Sea (LES)
Lelant (LEL)
Lelant Saltings (LTS)
Lenham (LEN)
Letchworth Garden City (LET)
Lewes (LWS)
Lewisham (LEW)
Leyton Midland Road (LEM)
Leytonstone High Road (LER)
Lidlington (LID)
Limehouse (LHS)
Lingfield (LFD)
Lingwood (LGD)
Liphook (LIP)
Liss (LIS)
Lisvane & Thornhill (LVT)
Little Kimble (LTK)
Little Sutton (LTT)
Littleborough (LTL)
Littlehampton (LIT)
Littlehaven (LVN)
Littleport (LTP)
Liverpool Central (LVC)
Liverpool James Street (LVJ)
Llanbradach (LNB)
Llandaf (LLN)
Llanhilleth (LTH)
Llanishen (LLS)
Llanrwst (LWR)
Llantwit Major (LWM)
Llwynypia (LLY)
Lockwood (LCK)
London Fields (LOF)
London Road (Brighton) (LRB)
London Road (Guildford) (LRD)
London Waterloo East (WAE)
Longfield (LGF)
Looe (LOO)
Loughborough Junction (LGJ)
Lowdham (LOW)
Lower Sydenham (LSY)
Lowestoft (LWT)
Luton Airport Parkway (LTN)
Luxulyan (LUX)
Lye (West Midlands) (LYE)
Lymington Pier (LYP)
Lymington Town (LYT)
Lympstone Commando (LYC)
Lympstone Village (LYM)
Maesteg (MST)
Maesteg (Ewenny Road) (MEW)
Maghull (MAG)
Maiden Newton (MDN)
Maidenhead (MAI)
Maidstone Barracks (MDB)
Maidstone East (MDE)
Maidstone West (MDW)
Malden Manor (MAL)
Manningtree (MNG)
Manor Park (MNP)
Manor Road (MNR)
Manorbier (MRB)
Mansfield (MFT)
Mansfield Woodhouse (MSW)
Marden (Kent) (MRN)
Margate (MAR)
Marks Tey (MKT)
Marlow (MLW)
Martin Mill (MTM)
Martins Heron (MAO)
Maryland (MYL)
Maze Hill (MZH)
Meldreth (MEL)
Melksham (MKM)
Melton (Suffolk) (MES)
Menheniot (MEN)
Meols (MEO)
Meols Cop (MEC)
Meopham (MEP)
Merstham (MHM)
Merthyr Tydfil (MER)
Merthyr Vale (MEV)
Metheringham (MGM)
Micheldever (MIC)
Midgham (MDG)
Milford (Surrey) (MLF)
Mill Hill Broadway (MIL)
Millbrook (Beds) (MLB)
Millbrook (Hants) (MBK)
Mills Hill (Manchester) (MIH)
Minster (MSR)
Mistley (MIS)
Mitcham Eastfields (MTC)
Mitcham Junction (MIJ)
Monks Risborough (MRS)
Montpelier (MTP)
Moorfields (MRF)
Moorgate (MOG)
Moorside (MSD)
Moorthorpe (MRP)
Morchard Road (MRD)
Morden South (MDS)
Moreton (Dorset) (MTN)
Moreton (Merseyside) (MRT)
Moreton-in-Marsh (MIM)
Mortimer (MOR)
Mortlake (MTL)
Mossley Hill (MSH)
Moston (MSO)
Motspur Park (MOT)
Mottingham (MTG)
Mottisfont & Dunbridge (DBG)
Moulsecoomb (MCB)
Mountain Ash (MTA)
Nafferton (NFN)
Nailsea & Backwell (NLS)
Narberth (NAR)
Needham Market (NMT)
Neston (NES)
Netherfield (NET)
Netley (NTL)
New Barnet (NBA)
New Beckenham (NBC)
New Brighton (NBN)
New Clee (NCE)
New Cross (NWX)
New Cross Gate (NXG)
New Eltham (NEH)
New Holland (NHL)
New Hythe (NHE)
New Lane (NLN)
New Malden (NEM)
New Milton (NWM)
New Southgate (NSG)
Newbridge (NBE)
Newbury (NBY)
Newbury Racecourse (NRC)
Newcourt (NCO)
Newhaven Harbour (NVH)
Newhaven Town (NVN)
Newington (NGT)
Newmarket (NMK)
Newport (Essex) (NWE)
Newquay (NQY)
Newstead (NSD)
Newton St Cyres (NTC)
Ninian Park (NNP)
Norbiton (NBT)
Norbury (NRB)
Normans Bay (NSB)
North Camp (NCM)
North Dulwich (NDL)
North Fambridge (NFA)
North Llanrwst (NLR)
North Sheen (NSH)
North Walsham (NWA)
Northfleet (NFL)
Northolt Park (NLT)
Northumberland Park (NUM)
Norton Bridge (NTB)
Norwood Junction (NWD)
Nunhead (NHD)
Nutbourne (NUT)
Nutfield (NUF)
Oakleigh Park (OKL)
Ockendon (OCK)
Ockley (OLY)
Old Hill (OHL)
Old Roan (ORN)
Old Street (OLD)
Oldfield Park (OLF)
Olton (OLT)
Ore (ORE)
Orpington (ORP)
Orrell (ORR)
Orrell Park (OPK)
Otford (OTF)
Oulton Broad North (OUN)
Oulton Broad South (OUS)
Overpool (OVE)
Overton (OVR)
Oxford Parkway (OXP)
Oxshott (OXS)
Oxted (OXT)
Paddock Wood (PDW)
Padgate (PDG)
Palmers Green (PAL)
Pangbourne (PAN)
Parbold (PBL)
Park Street (PKT)
Parkstone (Dorset) (PKS)
Parson Street (PSN)
Peckham Rye (PMR)
Pemberton (PEM)
Pembroke (PMB)
Pembroke Dock (PMD)
Penally (PNA)
Penarth (PEN)
Pengam (PGM)
Penge East (PNE)
Penge West (PNW)
Penistone (PNS)
Penmere (PNM)
Penrhiwceiber (PER)
Penryn (Cornwall) (PYN)
Penshurst (PHR)
Pentre-Bach (PTB)
Penyffordd (PNF)
Perranwell (PRW)
Pershore (PSH)
Petersfield (PTR)
Petts Wood (PET)
Pevensey & Westham (PEV)
Pevensey Bay (PEB)
Pilning (PIL)
Pinhoe (PIN)
Pitsea (PSE)
Pluckley (PLC)
Plumpton (PMP)
Plumstead (PLU)
Pokesdown (POK)
Polegate (PLG)
Polsloe Bridge (POL)
Ponders End (PON)
Pontlottyn (PLT)
Pont-y-Pant (PYP)
Pontypridd (PPD)
Poole (POO)
Port Sunlight (PSL)
Portchester (PTC)
Porth (POR)
Portslade (PLD)
Portsmouth & Southsea (PMS)
Portsmouth Arms (PMA)
Portsmouth Harbour (PMH)
Potters Bar (PBR)
Preston Park (PRP)
Princes Risborough (PRR)
Prittlewell (PRL)
Pulborough (PUL)
Purfleet (PFL)
Purley (PUR)
Purley Oaks (PUO)
Putney (PUT)
Pye Corner (PYE)
Quakers Yard (QYD)
Queenborough (QBR)
Queens Road (Peckham) (QRP)
Queenstown Road (Battersea) (QRB)
Quintrell Downs (QUI)
Radlett (RDT)
Radley (RAD)
Radyr (RDR)
Rainford (RNF)
Rainham (Essex) (RNM)
Rainham (Kent) (RAI)
Ramsgate (RAM)
Ramsgreave & Wilpshire (RGW)
Rauceby (RAU)
Ravensbourne (RVB)
Rayleigh (RLG)
Raynes Park (RAY)
Reading West (RDW)
Rectory Road (REC)
Redbridge (RDB)
Reddish South (RDS)
Redhill (RDH)
Redland (RDA)
Reedham (Norfolk) (REE)
Reedham (Surrey) (RHM)
Reigate (REI)
Rhiwbina (RHI)
Rhoose Cardiff International Airport (RIA)
Rhymney (RHY)
Rice Lane (RIL)
Richmond (London) (RMD)
Rickmansworth (RIC)
Riddlesdown (RDD)
Ridgmont (RID)
Risca & Pontymister (RCA)
Robertsbridge (RBR)
Roche (ROC)
Rochester (RTR)
Rochford (RFD)
Rock Ferry (RFY)
Rogerstone (ROR)
Rolleston (ROL)
Roman Bridge (RMB)
Romford (RMF)
Romsey (ROM)
Rotherham Central (RMC)
Rotherhithe (ROE)
Roughton Road (RNR)
Rowlands Castle (RLN)
Rowley Regis (ROW)
Roydon (RYN)
Royston (RYS)
Ruabon (RUA)
Ruskington (RKT)
Ryde Esplanade (RYD)
Ryde Pier Head (RYP)
Ryde St Johns Road (RYR)
Rye (Sussex) (RYE)
Rye House (RYH)
Salfords (Surrey) (SAF)
Salhouse (SAH)
Salisbury (SAL)
Saltash (STS)
Sanderstead (SNR)
Sandhills (SDL)
Sandling (SDG)
Sandown (SAN)
Sandplace (SDP)
Sandwich (SDW)
Sandy (SDY)
Sarn (SRR)
Saundersfoot (SDF)
Saunderton (SDR)
Sawbridgeworth (SAW)
Saxilby (SXY)
Saxmundham (SAX)
Sea Mills (SML)
Seaford (Sussex) (SEF)
Seaforth & Litherland (SFL)
Seer Green & Jordans (SRG)
Selby (SBY)
Selhurst (SRS)
Selling (SEG)
Seven Kings (SVK)
Sevenoaks (SEV)
Severn Beach (SVB)
Shadwell (SDE)
Shalford (Surrey) (SFR)
Shanklin (SHN)
Shawford (SHW)
Sheerness-on-Sea (SSS)
Shelford (Cambs) (SED)
Shenfield (SNF)
Shepherds Well (SPH)
Shepley (SPY)
Shepperton (SHP)
Shepreth (STH)
Sherborne (SHE)
Sheringham (SHM)
Shiplake (SHI)
Shippea Hill (SPP)
Shirebrook (SHB)
Shirehampton (SHH)
Shireoaks (SRO)
Shirley (SRL)
Shoeburyness (SRY)
Sholing (SHO)
Shoreditch High Street (SDC)
Shoreham (Kent) (SEH)
Shoreham-by-Sea (SSE)
Shortlands (SRT)
Sidcup (SID)
Sileby (SIL)
Silkstone Common (SLK)
Silver Street (SLV)
Sittingbourne (SIT)
Skegness (SKG)
Slade Green (SGR)
Sleaford (SLR)
Slough (SLO)
Small Heath (SMA)
Smallbrook Junction (SAB)
Snodland (SDA)
Snowdown (SWO)
Sole Street (SOR)
Solihull (SOL)
Somerleyton (SYT)
South Acton (SAT)
South Bermondsey (SBM)
South Croydon (SCY)
South Greenford (SGN)
South Merton (SMO)
South Ruislip (SRU)
South Tottenham (STO)
South Woodham Ferrers (SOF)
Southall (STL)
Southbourne (SOB)
Southbury (SBU)
Southease (SEE)
Southend Airport (SIA)
Southend Central (SOC)
Southend East (SOE)
Southend Victoria (SOV)
Southminster (SMN)
Southport (SOP)
Southwick (SWK)
Spital (SPI)
Spondon (SPO)
Spooner Row (SPN)
Spring Road (SRI)
St Albans Abbey (SAA)
St Albans City (SAC)
St Andrews Road (SAR)
St Budeaux Ferry Road (SBF)
St Budeaux Victoria Road (SBV)
St Columb Road (SCR)
St Denys (SDN)
St Germans (SGM)
St Helier (Surrey) (SIH)
St Ives (Cornwall) (SIV)
St James Park (Exeter) (SJP)
St James Street (Walthamstow) (SJS)
St Johns (London) (SAJ)
St Keyne Wishing Well Halt (SKN)
St Leonards Warrior Square (SLQ)
St Margarets (Herts) (SMT)
St Margarets (London) (SMG)
St Mary Cray (SMY)
St Michaels (STM)
Staines (SNS)
Stallingborough (SLL)
Stamford Hill (SMH)
Stanford-le-Hope (SFO)
Stansted Mountfitchet (SST)
Staplehurst (SPU)
Stapleton Road (SRD)
Starcross (SCS)
Stewartby (SWR)
Stocksmoor (SSM)
Stoke Mandeville (SKM)
Stoke Newington (SKW)
Stone Crossing (SCG)
Stonegate (SOG)
Stonehouse (SHU)
Stoneleigh (SNL)
Stourbridge Junction (SBJ)
Stourbridge Town (SBT)
Stowmarket (SMK)
Stratford International (SFA)
Stratford-upon-Avon (SAV)
Stratford-upon-Avon Parkway (STY)
Strawberry Hill (STW)
Streatham (Greater London) (STE)
Streatham Common (SRC)
Streatham Hill (SRH)
Strood (Kent) (SOO)
Stroud (Gloucs) (STD)
Sturry (STU)
Sudbury & Harrow Road (SUD)
Sudbury (Suffolk) (SUY)
Sudbury Hill Harrow (SDH)
Sunbury (SUU)
Sunderland (SUN)
Sundridge Park (SUP)
Sunningdale (SNG)
Sunnymeads (SNY)
Surbiton (SUR)
Surrey Quays (SQE)
Sutton (Surrey) (SUO)
Sutton Common (SUC)
Sutton Parkway (SPK)
Swale (SWL)
Swanley (SAY)
Swanscombe (SWM)
Swanwick (SNW)
Sway (SWY)
Swaythling (SWG)
Swinderby (SWD)
Swindon (Wilts) (SWI)
Swineshead (SWE)
Swinton (Manchester) (SNN)
Sydenham (London) (SYD)
Sydenham Hill (SYH)
Syon Lane (SYL)
Syston (SYS)
Tadworth (TAD)
Taffs Well (TAF)
Tal-y-Cafn (TLC)
Taplow (TAP)
Tattenham Corner (TAT)
Teddington (TED)
Templecombe (TMC)
Tenby (TEN)
Teynham (TEY)
Thames Ditton (THD)
Thatcham (THA)
The Hawthorns (THW)
The Lakes (Warks) (TLK)
Theale (THE)
Theobalds Grove (TEO)
Thornford (THO)
Thornton Abbey (TNA)
Thornton Heath (TTH)
Thorpe Bay (TPB)
Thorpe Culvert (TPC)
Thorpe-le-Soken (TLS)
Three Bridges (TBD)
Three Oaks (TOK)
Thurgarton (THU)
Thurston (TRS)
Tilbury Town (TIL)
Tilehurst (TLH)
Tir-Phil (TIR)
Tisbury (TIS)
Tolworth (TOL)
Ton Pentre (TPN)
Tonbridge (TON)
Tondu (TDU)
Tonypandy (TNP)
Tooting (TOO)
Topsham (TOP)
Torre (TRR)
Totton (TTN)
Town Green (TWN)
Trafford Park (TRA)
Trefforest (TRF)
Trefforest Estate (TRE)
Trehafod (TRH)
Treherbert (TRB)
Treorchy (TRY)
Trimley (TRM)
Troed-y-rhiw (TRD)
Trowbridge (TRO)
Tulse Hill (TUH)
Tunbridge Wells (TBW)
Turkey Street (TUR)
Twickenham (TWI)
Twyford (TWY)
Ty Glas (TGS)
Tyseley (TYS)
Uckfield (UCK)
Ulceby (ULC)
Umberleigh (UMB)
Upholland (UPL)
Upminster (UPM)
Upper Halliford (UPH)
Upper Holloway (UHL)
Upper Warlingham (UWL)
Upton (Merseyside) (UPT)
Upwey (UPW)
Virginia Water (VIR)
Waddon (WDO)
Wadhurst (WAD)
Wainfleet (WFL)
Wallasey Grove Road (WLG)
Wallasey Village (WLV)
Wallington (WLT)
Walmer (WAM)
Waltham Cross (WLC)
Walthamstow Queen's Road (WMW)
Walton (Merseyside) (WAO)
Walton-on-Thames (WAL)
Walton-on-the-Naze (WON)
Wanborough (WAN)
Wandsworth Common (WSW)
Wandsworth Road (WWR)
Wandsworth Town (WNT)
Wanstead Park (WNP)
Wapping (WPE)
Warblington (WBL)
Ware (Herts) (WAR)
Wareham (Dorset) (WRM)
Wargrave (WGV)
Warminster (WMN)
Warnham (WNH)
Warwick (WRW)
Warwick Parkway (WRP)
Waterbeach (WBC)
Wateringbury (WTR)
Waterloo (Merseyside) (WLO)
Watford North (WFN)
Watlington (WTG)
Watton-at-Stone (WAS)
Waun-Gron Park (WNG)
Wedgwood (WED)
Weeley (WEE)
Welham Green (WMG)
Welling (WLI)
Welwyn Garden City (WGC)
Welwyn North (WLW)
Wembley Stadium (WCX)
Wendover (WND)
West Allerton (WSA)
West Byfleet (WBY)
West Croydon (WCY)
West Drayton (WDT)
West Dulwich (WDU)
West Ealing (WEA)
West Ham (WEH)
West Hampstead (WHD)
West Hampstead Thameslink (WHP)
West Horndon (WHR)
West Kirby (WKI)
West Malling (WMA)
West Norwood (WNW)
West Ruislip (WRU)
West Runton (WRN)
West St Leonards (WLD)
West Sutton (WSU)
West Wickham (WWI)
West Worthing (WWO)
Westbury (Wilts) (WSB)
Westcliff (WCF)
Westcombe Park (WCB)
Westenhanger (WHA)
Westerfield (WFI)
Westgate-on-Sea (WGA)
Weston Milton (WNM)
Weybridge (WYB)
Weymouth (WEY)
Whalley (Lancs) (WHE)
Whimple (WHM)
Whitchurch (Cardiff) (WHT)
Whitchurch (Hants) (WCH)
White Hart Lane (WHL)
White Notley (WNY)
Whitechapel (ZLW)
Whitlocks End (WTE)
Whitstable (WHI)
Whittlesford Parkway (WLF)
Whitton (London) (WTN)
Whitwell (Derbyshire) (WWL)
Whyteleafe (WHY)
Whyteleafe South (WHS)
Wickford (WIC)
Wickham Market (WCM)
Widney Manor (WMR)
Wildmill (WMI)
Wilmcote (WMC)
Wimbledon (WIM)
Wimbledon Chase (WBO)
Winchelsea (WSE)
Winchfield (WNF)
Winchmore Hill (WIH)
Windsor & Eton Central (WNC)
Windsor & Eton Riverside (WNR)
Winnersh (WNS)
Winnersh Triangle (WTI)
Witham (WTM)
Witley (WTY)
Wivelsfield (WVF)
Wivenhoe (WIV)
Woburn Sands (WOB)
Woking (WOK)
Wokingham (WKM)
Woldingham (WOH)
Wombwell (WOM)
Wood End (WDE)
Wood Street (WST)
Woodbridge (WDB)
Woodgrange Park (WGR)
Woodmansterne (WME)
Wool (WOO)
Woolston (WLS)
Woolwich Arsenal (WWA)
Woolwich Dockyard (WWD)
Wootton Wawen (WWW)
Worcester Park (WCP)
Worksop (WRK)
Worle (WOR)
Worplesdon (WPL)
Worstead (WRT)
Worthing (WRH)
Wrabness (WRB)
Wraysbury (WRY)
Wrexham Central (WXC)
Wye (WYE)
Wythall (WYT)
Yalding (YAL)
Yardley Wood (YRD)
Yarm (YRM)
Yate (YAE)
Yatton (YAT)
Yeoford (YEO)
Yeovil Junction (YVJ)
Yeovil Pen Mill (YVP)
Yetminster (YET)
Ynyswen (YNW)
Ystrad Mynach (YSM)
Ystrad Rhondda (YSR)
0.4672897196261682 percent of stations (12) have no services to glasgow or returned an error
These stations are:
Ashford International (Eurostar) (ASI)
Berney Arms (BYA)
Buckenham (Norfolk) (BUC)
Dunrobin Castle (DNO)
Elephant & Castle (Underground) (ZEL)
Falls of Cruachan (FOC)
Heathrow Airport Terminals 1, 2 and 3 (HXX)
IBM Halt (IBM)
London St Pancras (Intl) (SPX)
Manchester United Football Ground (MUF)
Okehampton (OKE)
Sampford Courtenay (SMC)
