7.716289945440374 percent of stations (198) have direct services to liverpool
32.69680436477007 percent of stations (839) have services to liverpool with a single connection
59.11925175370226 percent of stations (1517) have services to liverpool with more than one connection
These stations are:
Abbey Wood (ABW)
Aber (ABE)
Abercynon (ACY)
Aberdare (ABA)
Aberdour (AUR)
Achanalt (AAT)
Achnasheen (ACN)
Achnashellach (ACH)
Acton Central (ACC)
Acton Main Line (AML)
Addiewell (ADW)
Addlestone (ASN)
Adisham (ADM)
Airbles (AIR)
Airdrie (ADR)
Albany Park (AYP)
Aldermaston (AMT)
Aldershot (AHT)
Aldrington (AGT)
Alexandra Palace (AAP)
Alexandra Parade (AXP)
Alexandria (ALX)
Alloa (ALO)
Alness (ASS)
Alresford (Essex) (ALR)
Althorne (Essex) (ALN)
Altnabreac (ABC)
Alton (AON)
Ambergate (AMB)
Amberley (AMY)
Amersham (AMR)
Anderston (AND)
Andover (ADV)
Anerley (ANZ)
Angel Road (AGR)
Angmering (ANG)
Annan (ANN)
Anniesland (ANL)
Appledore (Kent) (APD)
Appleford (APF)
Appley Bridge (APB)
Ardgay (ARD)
Ardlui (AUI)
Ardrossan Harbour (ADS)
Ardrossan South Beach (ASB)
Ardrossan Town (ADN)
Argyle Street (AGS)
Arisaig (ARG)
Arlesey (ARL)
Armadale (West Lothian) (ARM)
Arrochar & Tarbet (ART)
Arundel (ARU)
Ascot (Berks) (ACT)
Ascott-under-Wychwood (AUW)
Ash (ASH)
Ash Vale (AHV)
Ashfield (ASF)
Ashford (Surrey) (AFS)
Ashford International (AFK)
Ashtead (AHD)
Ashurst (Kent) (AHS)
Ashurst New Forest (ANF)
Ashwell & Morden (AWM)
Askam (ASK)
Aspatria (ASP)
Aspley Guise (APG)
Attadale (ATT)
Auchinleck (AUK)
Aviemore (AVM)
Avoncliff (AVF)
Avonmouth (AVN)
Axminster (AXM)
Aylesbury (AYS)
Aylesbury Vale Parkway (AVP)
Aylesford (AYL)
Aylesham (AYH)
Ayr (AYR)
Bagshot (BAG)
Baildon (BLD)
Baillieston (BIO)
Balcombe (BAB)
Baldock (BDK)
Balloch (BHC)
Balmossie (BSI)
Banavie (BNV)
Banstead (BAD)
Barassie (BSS)
Bare Lane (BAR)
Bargeddie (BGI)
Bargoed (BGD)
Barking (BKG)
Barlaston (BRT)
Barming (BMG)
Barnehurst (BNH)
Barnes (BNS)
Barnes Bridge (BNI)
Barnham (BAA)
Barnhill (BNL)
Barnstaple (BNP)
Barrhead (BRR)
Barrhill (BRL)
Barrow Haven (BAV)
Barry (BRY)
Barry Docks (BYD)
Barry Island (BYI)
Barry Links (BYL)
Barton-on-Humber (BAU)
Basildon (BSO)
Bat & Ball (BBL)
Bathgate (BHG)
Battersby (BTT)
Battersea Park (BAK)
Battle (BAT)
Battlesbridge (BLB)
Bayford (BAY)
Beaconsfield (BCF)
Bearley (BER)
Bearsden (BRN)
Bearsted (BSD)
Beasdale (BSL)
Beaulieu Road (BEU)
Beauly (BEL)
Beccles (BCC)
Beckenham Hill (BEC)
Beckenham Junction (BKJ)
Bedford St Johns (BSJ)
Bedhampton (BDH)
Bedminster (BMT)
Bedwyn (BDW)
Bekesbourne (BKS)
Bellgrove (BLG)
Bellingham (BGM)
Bellshill (BLH)
Belmont (BLM)
Belper (BLP)
Beltring (BEG)
Belvedere (BVD)
Benfleet (BEF)
Bentley (Hants) (BTY)
Bere Alston (BAS)
Bere Ferrers (BFE)
Berrylands (BRS)
Berwick (Sussex) (BRK)
Bescar Lane (BES)
Betchworth (BTO)
Bethnal Green (BET)
Betws-y-Coed (BYC)
Bexhill (BEX)
Bexley (BXY)
Bexleyheath (BXH)
Bicester North (BCS)
Bicester Village (BIT)
Bickley (BKL)
Biggleswade (BIW)
Billericay (BIC)
Billingham (Cleveland) (BIL)
Billingshurst (BIG)
Birchgrove (BCG)
Birchington-on-sea (BCH)
Birkbeck (BIK)
Bishopbriggs (BBG)
Bishops Stortford (BIS)
Bishopstone (Sussex) (BIP)
Bishopton (Strathclyde) (BPT)
Bitterne (BTE)
Blackheath (BKH)
Blackridge (BKR)
Blackwater (BAW)
Blaenau Ffestiniog (BFF)
Blair Atholl (BLA)
Blairhill (BAI)
Blantyre (BLT)
Bognor Regis (BOG)
Bogston (BGS)
Bookham (BKA)
Bootle (Cumbria) (BOC)
Borough Green & Wrotham (BRG)
Bosham (BOH)
Botley (BOE)
Bourne End (BNE)
Bow Brickhill (BWB)
Bowes Park (BOP)
Bowling (BWG)
Box Hill & Westhumble (BXW)
Bracknell (BCE)
Bradford-on-Avon (BOA)
Brading (BDN)
Braintree (BTR)
Braintree Freeport (BTP)
Bramley (Hants) (BMY)
Brampton (Cumbria) (BMP)
Brampton (Suffolk) (BRP)
Branchton (BCN)
Branksome (BSM)
Braystones (Cumbria) (BYS)
Breich (BRC)
Brentford (BFD)
Brentwood (BRE)
Bricket Wood (BWO)
Bridge of Allan (BEA)
Bridge of Orchy (BRO)
Bridgeton (BDG)
Bridgwater (BWT)
Brighton (East Sussex) (BTN)
Brimsdown (BMD)
Brithdir (BHD)
Brixton (BRX)
Broadstairs (BSR)
Brockley (BCY)
Bromley North (BMN)
Bromley South (BMS)
Brondesbury (BSY)
Brondesbury Park (BSP)
Brookmans Park (BPK)
Brookwood (BKO)
Brora (BRA)
Broughty Ferry (BYF)
Broxbourne (BXB)
Bruce Grove (BCV)
Brunstane (BSU)
Bruton (BRU)
Bugle (BGL)
Bures (BUE)
Burgess Hill (BUG)
Burnham (Bucks) (BNM)
Burnham-on-Crouch (BUU)
Burnside (Strathclyde) (BUI)
Burntisland (BTS)
Burscough Bridge (BCB)
Bursledon (BUO)
Busby (BUS)
Bush Hill Park (BHK)
Buxted (BXD)
Byfleet & New Haw (BFN)
Cadoxton (CAD)
Caerphilly (CPH)
Caldercruix (CAC)
Caledonian Rd & Barnsbury (CIR)
Calstock (CSK)
Cam & Dursley (CDU)
Camberley (CAM)
Cambridge Heath (CBH)
Cambuslang (CBL)
Camden Road (CMD)
Camelon (CMO)
Canada Water (ZCW)
Canonbury (CNN)
Canterbury East (CBE)
Canterbury West (CBW)
Carbis Bay (CBB)
Cardenden (CDD)
Cardiff Bay (CDB)
Cardiff Queen Street (CDQ)
Cardonald (CDO)
Cardross (CDR)
Carfin (CRF)
Carluke (CLU)
Carmyle (CML)
Carnoustie (CAN)
Carntyne (CAY)
Carrbridge (CAG)
Carshalton (CSH)
Carshalton Beeches (CSB)
Carstairs (CRS)
Cartsdyke (CDY)
Castle Bar Park (CBP)
Castle Cary (CLC)
Caterham (CAT)
Catford (CTF)
Catford Bridge (CFB)
Cathays (CYS)
Cathcart (CCT)
Causeland (CAU)
Chadwell Heath (CTH)
Chafford Hundred Lakeside (CFH)
Chalfont & Latimer (CFO)
Chalkwell (CHW)
Chandlers Ford (CFR)
Chapelton (Devon) (CPN)
Chappel & Wakes Colne (CWC)
Charing (Kent) (CHG)
Charing Cross (Glasgow) (CHC)
Charlbury (CBY)
Charlton (CTN)
Chartham (CRT)
Chatelherault (CTE)
Chatham (CTM)
Cheam (CHE)
Chelmsford (CHM)
Chelsfield (CLD)
Chertsey (CHY)
Cheshunt (CHN)
Chessington North (CSN)
Chessington South (CSS)
Chestfield & Swalecliffe (CSW)
Chetnole (CNO)
Chichester (CCH)
Chilham (CIL)
Chilworth (CHL)
Chingford (CHI)
Chippenham (CPM)
Chipstead (CHP)
Chislehurst (CIT)
Chiswick (CHK)
Cholsey (CHO)
Chorleywood (CLW)
Christchurch (CHR)
Christs Hospital (CHH)
City Thameslink (CTK)
Clacton-on-Sea (CLT)
Clandon (CLA)
Clapham High Street (CLP)
Clapton (CPT)
Clarkston (CKS)
Claverdon (CLV)
Claygate (CLG)
Cleland (CEA)
Clifton Down (CFN)
Clock House (CLK)
Clydebank (CYK)
Coatbridge Central (CBC)
Coatbridge Sunnyside (CBS)
Coatdyke (COA)
Cobham & Stoke d'Abernon (CSD)
Cogan (CGN)
Colchester (COL)
Colchester Town (CET)
Collington (CLL)
Combe (Oxon) (CME)
Connel Ferry (CON)
Conon Bridge (CBD)
Cooden Beach (COB)
Cookham (COO)
Cooksbridge (CBR)
Coombe Junction Halt (COE)
Copplestone (COP)
Corby (COR)
Corkerhill (CKH)
Corkickle (CKL)
Corpach (CPA)
Corrour (CRR)
Coryton (COY)
Cosham (CSA)
Coulsdon South (CDS)
Coulsdon Town (CDN)
Cowden (Kent) (CWN)
Cowdenbeath (COW)
Craigendoran (CGD)
Cranbrook (Devon) (CBK)
Crawley (CRW)
Crayford (CRY)
Crediton (CDI)
Cressing (Essex) (CES)
Creswell (CWD)
Crewkerne (CKN)
Crews Hill (CWH)
Crianlarich (CNR)
Cricklewood (CRI)
Croftfoot (CFF)
Crofton Park (CFT)
Cromford (CMF)
Crookston (CKT)
Crosshill (COI)
Crosskeys (CKY)
Crossmyloof (CMY)
Crouch Hill (CRH)
Crowborough (COH)
Crowhurst (CWU)
Crowthorne (CRN)
Croy (CRO)
Crystal Palace (CYP)
Cuffley (CUF)
Culham (CUM)
Culrain (CUA)
Cumbernauld (CUB)
Curriehill (CUH)
Cuxton (CUX)
Cwmbach (CMH)
Dagenham Dock (DDK)
Dalgety Bay (DAG)
Dalmally (DAL)
Dalmarnock (DAK)
Dalmeny (DAM)
Dalmuir (DMR)
Dalreoch (DLR)
Dalry (DLY)
Dalston (Cumbria) (DLS)
Dalston Junction (DLJ)
Dalston Kingsland (DLK)
Dalwhinnie (DLW)
Danby (DNY)
Danescourt (DCT)
Darsham (DSM)
Dartford (DFD)
Datchet (DAT)
Dawlish Warren (DWW)
Deal (DEA)
Dean (Wilts) (DEN)
Denham (DNM)
Denham Golf Club (DGC)
Denmark Hill (DMK)
Deptford (DEP)
Derby Road (Ipswich) (DBR)
Devonport (Devon) (DPT)
Devonport Dockyard (DOC)
Didcot Parkway (DID)
Digby & Sowton (DIG)
Dilton Marsh (DMH)
Dinas (Rhondda) (DMG)
Dinas Powys (DNS)
Dingle Road (DGL)
Dingwall (DIN)
Doleham (DLH)
Dolgarrog (DLG)
Dolwyddelan (DWD)
Dorchester South (DCH)
Dorchester West (DCW)
Dorking (Main) (DKG)
Dorking Deepdene (DPD)
Dorking West (DKT)
Dormans (DMS)
Dorridge (DDG)
Dover Priory (DVP)
Dovercourt (DVC)
Drayton Green (DRG)
Drayton Park (DYP)
Drem (DRM)
Drigg (DRI)
Drumchapel (DMC)
Drumfrochar (DFR)
Drumgelloch (DRU)
Drumry (DMY)
Dublin Ferryport (DFP)
Dublin Port - Stena (DPS)
Duffield (DFI)
Duirinish (DRN)
Duke Street (DST)
Dullingham (DUL)
Dumbarton Central (DBC)
Dumbarton East (DBE)
Dumbreck (DUM)
Dumfries (DMF)
Dumpton Park (DMP)
Duncraig (DCG)
Dunfermline Queen Margaret (DFL)
Dunfermline Town (DFE)
Dunkeld & Birnam (DKD)
Dunlop (DNL)
Dunton Green (DNG)
Durrington-on-Sea (DUR)
Dyce (DYC)
Ealing Broadway (EAL)
Earley (EAR)
Earlsfield (EAD)
Earlswood (Surrey) (ELD)
East Dulwich (EDW)
East Farleigh (EFL)
East Grinstead (EGR)
East Kilbride (EKL)
East Malling (EML)
East Tilbury (ETL)
East Worthing (EWR)
Eastbourne (EBN)
Eastbrook (EBK)
Easterhouse (EST)
Eastleigh (ESL)
Ebbsfleet International (EBD)
Ebbw Vale Parkway (EBV)
Ebbw Vale Town (EBB)
Eden Park (EDN)
Edenbridge (EBR)
Edenbridge Town (EBT)
Edinburgh Gateway (EGY)
Edinburgh Park (EDP)
Edmonton Green (EDR)
Effingham Junction (EFF)
Eggesford (EGG)
Egham (EGH)
Elgin (ELG)
Elmers End (ELE)
Elmstead Woods (ESD)
Elmswell (ESW)
Elsenham (Essex) (ESM)
Elstree & Borehamwood (ELS)
Eltham (ELW)
Emerson Park (EMP)
Emsworth (EMS)
Energlyn & Churchill Park (ECP)
Enfield Chase (ENC)
Enfield Lock (ENL)
Enfield Town (ENF)
Epsom (Surrey) (EPS)
Epsom Downs (EPD)
Eridge (ERI)
Erith (ERH)
Esher (ESH)
Eskbank (EKB)
Essex Road (EXR)
Etchingham (ETC)
Evesham (EVE)
Ewell East (EWE)
Ewell West (EWW)
Exeter Central (EXC)
Exeter St Thomas (EXT)
Exhibition Centre (Glasgow) (EXG)
Exmouth (EXM)
Exton (EXN)
Eynsford (EYN)
Fairlie (FRL)
Fairwater (FRW)
Falconwood (FCN)
Falkirk High (FKK)
Falmer (FMR)
Falmouth Docks (FAL)
Falmouth Town (FMT)
Fareham (FRM)
Farnborough (Main) (FNB)
Farnborough North (FNN)
Farncombe (FNC)
Farnham (FNH)
Farningham Road (FNR)
Farringdon (ZFD)
Fauldhouse (FLD)
Faversham (FAV)
Faygate (FGT)
Fearn (FRN)
Felixstowe (FLX)
Feltham (FEL)
Feniton (FNT)
Fenny Stratford (FEN)
Fernhill (FER)
Finchley Road & Frognal (FNY)
Finstock (FIN)
Fishbourne (Sussex) (FSB)
Fishersgate (FSG)
Fleet (FLE)
Flimby (FLM)
Flitwick (FLT)
Folkestone Central (FKC)
Folkestone West (FKW)
Ford (FOD)
Forest Gate (FOG)
Forest Hill (FOH)
Forres (FOR)
Forsinard (FRS)
Fort Matilda (FTM)
Fort William (FTW)
Foxfield (FOX)
Foxton (FXN)
Frant (FRT)
Fratton (FTN)
Freshford (FFD)
Frimley (FML)
Frinton-on-Sea (FRI)
Frome (FRO)
Fulwell (FLW)
Furze Platt (FZP)
Gainsborough Central (GNB)
Galashiels (GAL)
Garelochhead (GCH)
Garrowhill (GAR)
Garscadden (GRS)
Garston (Hertfordshire) (GSN)
Gartcosh (GRH)
Garth (Mid Glamorgan) (GMG)
Garve (GVE)
Gathurst (GST)
Gatwick Airport (GTW)
Georgemas Junction (GGJ)
Gerrards Cross (GER)
Gidea Park (GDP)
Giffnock (GFN)
Gilfach Fargoed (GFF)
Gillingham (Dorset) (GIL)
Gillingham (Kent) (GLM)
Gilshochill (GSC)
Gipsy Hill (GIP)
Girvan (GIR)
Glan Conwy (GCW)
Glasgow Queen Street (GLQ)
Gleneagles (GLE)
Glenfinnan (GLF)
Glengarnock (GLG)
Glenrothes with Thornton (GLT)
Glynde (GLY)
Godalming (GOD)
Godstone (GDN)
Golf Street (GOF)
Golspie (GOL)
Gomshall (GOM)
Goodmayes (GMY)
Gordon Hill (GDH)
Gorebridge (GBG)
Goring & Streatley (GOR)
Goring-by-Sea (GBS)
Gospel Oak (GPO)
Gourock (GRK)
Goxhill (GOX)
Grange Park (GPK)
Grangetown (Cardiff) (GTN)
Grateley (GRT)
Gravesend (GRV)
Grays (GRY)
Great Ayton (GTA)
Great Bentley (GRB)
Great Chesterford (GRC)
Great Coates (GCT)
Great Missenden (GMN)
Green Road (GNR)
Greenfaulds (GRL)
Greenford (GFD)
Greenhithe (GNH)
Greenock Central (GKC)
Greenock West (GKW)
Greenwich (GNW)
Gretna Green (GEA)
Grimsby Docks (GMD)
Grove Park (GRP)
Gunnersbury (GUN)
Gunnislake (GSL)
Gypsy Lane (GYP)
Hackbridge (HCB)
Hackney Central (HKC)
Hackney Downs (HAC)
Hackney Wick (HKW)
Haddenham & Thame Parkway (HDM)
Hadley Wood (HDW)
Haggerston (HGG)
Hairmyres (HMY)
Halesworth (HAS)
Halling (HAI)
Ham Street (HMT)
Hamble (HME)
Hamilton Central (HNC)
Hamilton West (HNW)
Hampden Park (Sussex) (HMD)
Hampstead Heath (HDH)
Hampton (London) (HMP)
Hampton Court (HMC)
Hampton Wick (HMW)
Hamworthy (HAM)
Hanborough (HND)
Hanwell (HAN)
Harlington (Beds) (HLN)
Harlow Mill (HWM)
Harlow Town (HWN)
Harold Wood (HRO)
Harpenden (HPD)
Harrietsham (HRM)
Harringay (HGY)
Harringay Green Lanes (HRY)
Harrington (HRR)
Harrow-on-the-Hill (HOH)
Hartwood (HTW)
Harwich International (HPQ)
Harwich Town (HWC)
Haslemere (HSL)
Hassocks (HSK)
Hastings (HGS)
Hatfield (Herts) (HAT)
Hatfield Peverel (HAP)
Havant (HAV)
Hawkhead (HKH)
Haydons Road (HYR)
Hayes & Harlington (HAY)
Hayes (Kent) (HYS)
Haywards Heath (HHE)
Headcorn (HCN)
Healing (HLI)
Heath High Level (HHL)
Heath Low Level (HLL)
Heathrow Airport Terminal 4 (HAF)
Heathrow Airport Terminal 5 (HWV)
Hedge End (HDE)
Helensburgh Central (HLC)
Helensburgh Upper (HLU)
Helmsdale (HMS)
Hendon (HEN)
Hengoed (HNG)
Henley-on-Thames (HOT)
Herne Bay (HNB)
Herne Hill (HNH)
Hersham (HER)
Hertford East (HFE)
Hertford North (HFN)
Hever (HEV)
Heyford (HYD)
Heysham Port (HHB)
High Brooms (HIB)
High Street (Glasgow) (HST)
High Wycombe (HWY)
Higham (Kent) (HGM)
Highams Park (HIP)
Highbridge & Burnham (HIG)
Hildenborough (HLB)
Hillfoot (HLF)
Hillington East (HLE)
Hillington West (HLW)
Hilsea (HLS)
Hinchley Wood (HYW)
Hinton Admiral (HNA)
Hitchin (HIT)
Hither Green (HGR)
Hockley (HOC)
Hollingbourne (HBN)
Holmwood (HLM)
Holton Heath (HOL)
Holytown (HLY)
Homerton (HMN)
Honeybourne (HYB)
Honiton (HON)
Honor Oak Park (HPA)
Hook (HOK)
Horley (HOR)
Hornsey (HRN)
Horsham (HRH)
Horsley (HSY)
Hoscar (HSC)
Hounslow (HOU)
Hove (HOV)
How Wood (Herts) (HWW)
Howwood (Renfrewshire) (HOZ)
Hoxton (HOX)
Hungerford (HGD)
Huntingdon (HUN)
Huntly (HNT)
Hurst Green (HUR)
Hyndland (HYN)
Hythe (Essex) (HYH)
Ifield (IFI)
Ilford (IFD)
Ingatestone (INT)
Insch (INS)
Invergordon (IGD)
Invergowrie (ING)
Inverkip (INP)
Inverness (INV)
Invershin (INH)
Inverurie (INR)
Ipswich (IPS)
Irvine (IRV)
Isleworth (ISL)
Islip (ISP)
Iver (IVR)
Ivybridge (IVY)
James Cook (JCH)
Johnstone (Strathclyde) (JHN)
Jordanhill (JOR)
Kearsney (Kent) (KSN)
Keith (KEH)
Kelvedon (KEL)
Kelvindale (KVD)
Kemble (KEM)
Kempston Hardwick (KMH)
Kempton Park Racecourse (KMP)
Kemsing (KMS)
Kemsley (KML)
Kenley (KLY)
Kennett (KNE)
Kennishead (KNS)
Kensal Rise (KNR)
Kent House (KTH)
Kentish Town (KTN)
Kentish Town West (KTW)
Kew Bridge (KWB)
Kew Gardens (KWG)
Keyham (KEY)
Keynsham (KYN)
Kidbrooke (KDB)
Kildonan (KIL)
Kilgetty (KGT)
Kilmarnock (KMK)
Kilmaurs (KLM)
Kilpatrick (KPT)
Kilwinning (KWN)
Kinbrace (KBC)
Kingham (KGM)
Kinghorn (KGH)
Kings Nympton (KGN)
Kings Park (KGP)
Kings Sutton (KGS)
Kingsknowe (KGE)
Kingston (KNG)
Kingswood (KND)
Kingussie (KIN)
Kintbury (KIT)
Kirby Cross (KBX)
Kirkby-in-Ashfield (KKB)
Kirkby-in-Furness (KBF)
Kirkconnel (KRK)
Kirkhill (KKH)
Kirknewton (KKN)
Kirkwood (KWD)
Knebworth (KBW)
Knockholt (KCK)
Kyle of Lochalsh (KYL)
Ladybank (LDY)
Ladywell (LAD)
Laindon (LAI)
Lairg (LRG)
Lake (LKE)
Lamphey (LAM)
Lanark (LNK)
Lancing (LAC)
Langbank (LGB)
Langley (Berks) (LNY)
Langside (LGS)
Langwith-Whaley Thorns (LAG)
Lapford (LAP)
Larbert (LBT)
Largs (LAR)
Larkhall (LRH)
Laurencekirk (LAU)
Lawrence Hill (LWH)
Lea Bridge (LEB)
Leagrave (LEA)
Leatherhead (LHD)
Lee (London) (LEE)
Leigh (Kent) (LIH)
Leigh-on-Sea (LES)
Lelant (LEL)
Lelant Saltings (LTS)
Lenham (LEN)
Lenzie (LNZ)
Letchworth Garden City (LET)
Lewes (LWS)
Lewisham (LEW)
Leyton Midland Road (LEM)
Leytonstone High Road (LER)
Lidlington (LID)
Limehouse (LHS)
Lingfield (LFD)
Linlithgow (LIN)
Liphook (LIP)
Liss (LIS)
Lisvane & Thornhill (LVT)
Little Kimble (LTK)
Littlehampton (LIT)
Littlehaven (LVN)
Livingston North (LSN)
Livingston South (LVG)
Llanbradach (LNB)
Llandaf (LLN)
Llanhilleth (LTH)
Llanishen (LLS)
Llanrwst (LWR)
Llantwit Major (LWM)
Llwynypia (LLY)
Loch Awe (LHA)
Loch Eil Outward Bound (LHE)
Lochailort (LCL)
Locheilside (LCS)
Lochgelly (LCG)
Lochluichart (LCC)
Lochwinnoch (LHW)
London Fields (LOF)
London Road (Brighton) (LRB)
London Road (Guildford) (LRD)
London Waterloo East (WAE)
Longcross (LNG)
Longfield (LGF)
Longniddry (LND)
Looe (LOO)
Loughborough Junction (LGJ)
Lower Sydenham (LSY)
Luton (LUT)
Luton Airport Parkway (LTN)
Luxulyan (LUX)
Lymington Pier (LYP)
Lymington Town (LYT)
Lympstone Commando (LYC)
Lympstone Village (LYM)
Maesteg (MST)
Maesteg (Ewenny Road) (MEW)
Maiden Newton (MDN)
Maidenhead (MAI)
Maidstone Barracks (MDB)
Maidstone East (MDE)
Maidstone West (MDW)
Malden Manor (MAL)
Mallaig (MLG)
Manningtree (MNG)
Manor Park (MNP)
Manorbier (MRB)
Marden (Kent) (MRN)
Margate (MAR)
Market Rasen (MKR)
Marks Tey (MKT)
Marlow (MLW)
Martin Mill (MTM)
Martins Heron (MAO)
Marton (MTO)
Maryhill (MYH)
Maryland (MYL)
Maryport (MRY)
Matlock (MAT)
Matlock Bath (MTB)
Maxwell Park (MAX)
Maybole (MAY)
Maze Hill (MZH)
Meldreth (MEL)
Melksham (MKM)
Melton (Suffolk) (MES)
Menheniot (MEN)
Meols Cop (MEC)
Meopham (MEP)
Merryton (MEY)
Merstham (MHM)
Merthyr Tydfil (MER)
Merthyr Vale (MEV)
Micheldever (MIC)
Midgham (MDG)
Milford (Surrey) (MLF)
Mill Hill Broadway (MIL)
Millbrook (Beds) (MLB)
Millbrook (Hants) (MBK)
Milliken Park (MIN)
Millom (MLM)
Milngavie (MLN)
Minster (MSR)
Mistley (MIS)
Mitcham Eastfields (MTC)
Mitcham Junction (MIJ)
Monifieth (MON)
Monks Risborough (MRS)
Montpelier (MTP)
Moorgate (MOG)
Morar (MRR)
Morchard Road (MRD)
Morden South (MDS)
Morecambe (MCM)
Moreton (Dorset) (MTN)
Moreton-in-Marsh (MIM)
Mortimer (MOR)
Mortlake (MTL)
Mosspark (MPK)
Motspur Park (MOT)
Mottingham (MTG)
Mottisfont & Dunbridge (DBG)
Moulsecoomb (MCB)
Mount Florida (MFL)
Mount Vernon (MTV)
Mountain Ash (MTA)
Muir of Ord (MOO)
Muirend (MUI)
Musselburgh (MUB)
Nailsea & Backwell (NLS)
Nairn (NRN)
Narberth (NAR)
Needham Market (NMT)
Neilston (NEI)
Nethertown (NRT)
Netley (NTL)
New Barnet (NBA)
New Beckenham (NBC)
New Clee (NCE)
New Cross (NWX)
New Cross Gate (NXG)
New Cumnock (NCK)
New Eltham (NEH)
New Holland (NHL)
New Hythe (NHE)
New Lane (NLN)
New Malden (NEM)
New Milton (NWM)
New Southgate (NSG)
Newbridge (NBE)
Newbury (NBY)
Newbury Racecourse (NRC)
Newcourt (NCO)
Newcraighall (NEW)
Newhaven Harbour (NVH)
Newhaven Town (NVN)
Newington (NGT)
Newmarket (NMK)
Newport (Essex) (NWE)
Newquay (NQY)
Newton (Lanark) (NTN)
Newton St Cyres (NTC)
Newtongrange (NEG)
Newtonmore (NWR)
Newton-on-Ayr (NOA)
Ninian Park (NNP)
Nitshill (NIT)
Norbiton (NBT)
Normans Bay (NSB)
North Berwick (NBW)
North Camp (NCM)
North Dulwich (NDL)
North Fambridge (NFA)
North Llanrwst (NLR)
North Queensferry (NQU)
North Sheen (NSH)
Northfleet (NFL)
Northolt Park (NLT)
Northumberland Park (NUM)
Norton Bridge (NTB)
Norwood Junction (NWD)
Nunhead (NHD)
Nunthorpe (NNT)
Nutbourne (NUT)
Nutfield (NUF)
Oakleigh Park (OKL)
Oban (OBN)
Ockendon (OCK)
Ockley (OLY)
Old Street (OLD)
Oldfield Park (OLF)
Ore (ORE)
Orpington (ORP)
Otford (OTF)
Oulton Broad South (OUS)
Overton (OVR)
Oxford Parkway (OXP)
Oxshott (OXS)
Oxted (OXT)
Paddock Wood (PDW)
Paisley Canal (PCN)
Paisley Gilmour Street (PYG)
Paisley St James (PYJ)
Palmers Green (PAL)
Pangbourne (PAN)
Parbold (PBL)
Park Street (PKT)
Parkstone (Dorset) (PKS)
Parson Street (PSN)
Partick (PTK)
Parton (PRN)
Patterton (PTT)
Peckham Rye (PMR)
Pembroke (PMB)
Pembroke Dock (PMD)
Penally (PNA)
Penarth (PEN)
Pengam (PGM)
Penge East (PNE)
Penge West (PNW)
Penmere (PNM)
Penrhiwceiber (PER)
Penryn (Cornwall) (PYN)
Penshurst (PHR)
Pentre-Bach (PTB)
Perranwell (PRW)
Pershore (PSH)
Perth (PTH)
Petersfield (PTR)
Petts Wood (PET)
Pevensey & Westham (PEV)
Pevensey Bay (PEB)
Pewsey (PEW)
Pilning (PIL)
Pinhoe (PIN)
Pitlochry (PIT)
Pitsea (PSE)
Plockton (PLK)
Pluckley (PLC)
Plumpton (PMP)
Plumstead (PLU)
Pokesdown (POK)
Polegate (PLG)
Pollokshaws East (PWE)
Pollokshaws West (PWW)
Pollokshields East (PLE)
Pollokshields West (PLW)
Polmont (PMT)
Polsloe Bridge (POL)
Ponders End (PON)
Pontlottyn (PLT)
Pontyclun (PYC)
Pont-y-Pant (PYP)
Pontypridd (PPD)
Poole (POO)
Port Glasgow (PTG)
Portchester (PTC)
Porth (POR)
Portlethen (PLN)
Portslade (PLD)
Portsmouth & Southsea (PMS)
Portsmouth Arms (PMA)
Portsmouth Harbour (PMH)
Possilpark & Parkhouse (PPK)
Potters Bar (PBR)
Preston Park (PRP)
Prestonpans (PST)
Prestwick International Airport (PRA)
Prestwick Town (PTW)
Priesthill & Darnley (PTL)
Princes Risborough (PRR)
Prittlewell (PRL)
Pulborough (PUL)
Purfleet (PFL)
Purley (PUR)
Purley Oaks (PUO)
Putney (PUT)
Pye Corner (PYE)
Quakers Yard (QYD)
Queenborough (QBR)
Queens Park (Glasgow) (QPK)
Queens Road (Peckham) (QRP)
Queenstown Road (Battersea) (QRB)
Quintrell Downs (QUI)
Radlett (RDT)
Radley (RAD)
Radyr (RDR)
Rainham (Essex) (RNM)
Rainham (Kent) (RAI)
Ramsgate (RAM)
Rannoch (RAN)
Ravenglass for Eskdale (RAV)
Ravensbourne (RVB)
Rayleigh (RLG)
Raynes Park (RAY)
Reading West (RDW)
Rectory Road (REC)
Redbridge (RDB)
Redhill (RDH)
Redland (RDA)
Reedham (Surrey) (RHM)
Reigate (REI)
Renton (RTN)
Rhiwbina (RHI)
Rhoose Cardiff International Airport (RIA)
Rhymney (RHY)
Richmond (London) (RMD)
Rickmansworth (RIC)
Riddlesdown (RDD)
Ridgmont (RID)
Risca & Pontymister (RCA)
Robertsbridge (RBR)
Roche (ROC)
Rochester (RTR)
Rochford (RFD)
Rogart (ROG)
Rogerstone (ROR)
Roman Bridge (RMB)
Romford (RMF)
Romsey (ROM)
Rosyth (ROS)
Rotherhithe (ROE)
Rowlands Castle (RLN)
Roy Bridge (RYB)
Roydon (RYN)
Royston (RYS)
Rutherglen (RUT)
Ryde Esplanade (RYD)
Ryde Pier Head (RYP)
Ryde St Johns Road (RYR)
Rye (Sussex) (RYE)
Rye House (RYH)
Salfords (Surrey) (SAF)
Salisbury (SAL)
Saltash (STS)
Saltcoats (SLT)
Sanderstead (SNR)
Sandhurst (Berks) (SND)
Sandling (SDG)
Sandown (SAN)
Sandplace (SDP)
Sandwich (SDW)
Sandy (SDY)
Sanquhar (SQH)
Sarn (SRR)
Saundersfoot (SDF)
Saunderton (SDR)
Sawbridgeworth (SAW)
Saxmundham (SAX)
Scotscalder (SCT)
Scotstounhill (SCH)
Sea Mills (SML)
Seaford (Sussex) (SEF)
Seascale (SSC)
Seaton Carew (SEC)
Seer Green & Jordans (SRG)
Sellafield (SEL)
Selling (SEG)
Seven Kings (SVK)
Sevenoaks (SEV)
Severn Beach (SVB)
Shadwell (SDE)
Shalford (Surrey) (SFR)
Shanklin (SHN)
Shawfair (SFI)
Shawford (SHW)
Shawlands (SHL)
Sheerness-on-Sea (SSS)
Shelford (Cambs) (SED)
Shenfield (SNF)
Shepherds Well (SPH)
Shepperton (SHP)
Shepreth (STH)
Sherborne (SHE)
Shettleston (SLS)
Shieldmuir (SDM)
Shiplake (SHI)
Shipton (SIP)
Shirebrook (SHB)
Shirehampton (SHH)
Shoeburyness (SRY)
Sholing (SHO)
Shoreditch High Street (SDC)
Shoreham (Kent) (SEH)
Shoreham-by-Sea (SSE)
Shortlands (SRT)
Shotts (SHS)
Sidcup (SID)
Silecroft (SIC)
Silver Street (SLV)
Singer (SIN)
Sittingbourne (SIT)
Slade Green (SGR)
Slateford (SLA)
Slough (SLO)
Smallbrook Junction (SAB)
Snodland (SDA)
Snowdown (SWO)
Sole Street (SOR)
Solihull (SOL)
South Acton (SAT)
South Bermondsey (SBM)
South Croydon (SCY)
South Greenford (SGN)
South Gyle (SGL)
South Merton (SMO)
South Ruislip (SRU)
South Tottenham (STO)
South Woodham Ferrers (SOF)
Southall (STL)
Southbourne (SOB)
Southbury (SBU)
Southease (SEE)
Southend Airport (SIA)
Southend Central (SOC)
Southend East (SOE)
Southend Victoria (SOV)
Southminster (SMN)
Southwick (SWK)
Spean Bridge (SBR)
Spooner Row (SPN)
Springburn (SPR)
Springfield (SPF)
St Albans Abbey (SAA)
St Albans City (SAC)
St Andrews Road (SAR)
St Bees (SBS)
St Budeaux Ferry Road (SBF)
St Budeaux Victoria Road (SBV)
St Columb Road (SCR)
St Denys (SDN)
St Germans (SGM)
St Helier (Surrey) (SIH)
St Ives (Cornwall) (SIV)
St James Park (Exeter) (SJP)
St James Street (Walthamstow) (SJS)
St Johns (London) (SAJ)
St Keyne Wishing Well Halt (SKN)
St Leonards Warrior Square (SLQ)
St Margarets (Herts) (SMT)
St Margarets (London) (SMG)
St Mary Cray (SMY)
St Neots (SNO)
Staines (SNS)
Stallingborough (SLL)
Stamford Hill (SMH)
Stanford-le-Hope (SFO)
Stansted Mountfitchet (SST)
Staplehurst (SPU)
Stapleton Road (SRD)
Starcross (SCS)
Stepps (SPS)
Stevenston (STV)
Stewartby (SWR)
Stewarton (STT)
Stockton (STK)
Stoke Mandeville (SKM)
Stoke Newington (SKW)
Stone Crossing (SCG)
Stonegate (SOG)
Stonehouse (SHU)
Stoneleigh (SNL)
Stourbridge Town (SBT)
Stow (SOI)
Stowmarket (SMK)
Stranraer (STR)
Stratford International (SFA)
Strathcarron (STC)
Strawberry Hill (STW)
Streatham (Greater London) (STE)
Streatham Hill (SRH)
Stromeferry (STF)
Strood (Kent) (SOO)
Stroud (Gloucs) (STD)
Sturry (STU)
Sudbury & Harrow Road (SUD)
Sudbury (Suffolk) (SUY)
Sudbury Hill Harrow (SDH)
Summerston (SUM)
Sunbury (SUU)
Sundridge Park (SUP)
Sunningdale (SNG)
Sunnymeads (SNY)
Surbiton (SUR)
Surrey Quays (SQE)
Sutton (Surrey) (SUO)
Sutton Common (SUC)
Swale (SWL)
Swanley (SAY)
Swanscombe (SWM)
Swanwick (SNW)
Sway (SWY)
Swaythling (SWG)
Swindon (Wilts) (SWI)
Sydenham (London) (SYD)
Sydenham Hill (SYH)
Syon Lane (SYL)
Tackley (TAC)
Tadworth (TAD)
Taffs Well (TAF)
Tain (TAI)
Tal-y-Cafn (TLC)
Taplow (TAP)
Tattenham Corner (TAT)
Taynuilt (TAY)
Teddington (TED)
Templecombe (TMC)
Tenby (TEN)
Teynham (TEY)
Thames Ditton (THD)
Thatcham (THA)
Theale (THE)
Theobalds Grove (TEO)
Thornford (THO)
Thornliebank (THB)
Thornton Abbey (TNA)
Thorntonhall (THT)
Thorpe Bay (TPB)
Thorpe-le-Soken (TLS)
Three Bridges (TBD)
Three Oaks (TOK)
Thurso (THS)
Thurston (TRS)
Tilbury Town (TIL)
Tilehurst (TLH)
Tir-Phil (TIR)
Tisbury (TIS)
Tolworth (TOL)
Ton Pentre (TPN)
Tonbridge (TON)
Tondu (TDU)
Tonypandy (TNP)
Tooting (TOO)
Topsham (TOP)
Torre (TRR)
Totton (TTN)
Trefforest (TRF)
Trefforest Estate (TRE)
Trehafod (TRH)
Treherbert (TRB)
Treorchy (TRY)
Trimley (TRM)
Troed-y-rhiw (TRD)
Troon (TRN)
Trowbridge (TRO)
Tulloch (TUL)
Tulse Hill (TUH)
Tunbridge Wells (TBW)
Turkey Street (TUR)
Tweedbank (TWB)
Twickenham (TWI)
Twyford (TWY)
Ty Glas (TGS)
Tyndrum Lower (TYL)
Uckfield (UCK)
Uddingston (UDD)
Ulceby (ULC)
Umberleigh (UMB)
Uphall (UHA)
Upminster (UPM)
Upper Halliford (UPH)
Upper Holloway (UHL)
Upper Tyndrum (UTY)
Upper Warlingham (UWL)
Upwey (UPW)
Virginia Water (VIR)
Waddon (WDO)
Wadhurst (WAD)
Wallington (WLT)
Wallyford (WAF)
Walmer (WAM)
Waltham Cross (WLC)
Walthamstow Queen's Road (WMW)
Walton-on-Thames (WAL)
Walton-on-the-Naze (WON)
Wanborough (WAN)
Wandsworth Common (WSW)
Wandsworth Road (WWR)
Wandsworth Town (WNT)
Wanstead Park (WNP)
Wapping (WPE)
Warblington (WBL)
Ware (Herts) (WAR)
Wareham (Dorset) (WRM)
Wargrave (WGV)
Warminster (WMN)
Warnham (WNH)
Waterbeach (WBC)
Wateringbury (WTR)
Watford North (WFN)
Watton-at-Stone (WAS)
Waun-Gron Park (WNG)
Wedgwood (WED)
Weeley (WEE)
Welham Green (WMG)
Welling (WLI)
Welwyn Garden City (WGC)
Welwyn North (WLW)
Wembley Stadium (WCX)
Wemyss Bay (WMS)
Wendover (WND)
West Byfleet (WBY)
West Calder (WCL)
West Croydon (WCY)
West Drayton (WDT)
West Dulwich (WDU)
West Ealing (WEA)
West Ham (WEH)
West Hampstead (WHD)
West Hampstead Thameslink (WHP)
West Horndon (WHR)
West Kilbride (WKB)
West Malling (WMA)
West Norwood (WNW)
West Ruislip (WRU)
West St Leonards (WLD)
West Sutton (WSU)
West Wickham (WWI)
West Worthing (WWO)
Westbury (Wilts) (WSB)
Westcliff (WCF)
Westcombe Park (WCB)
Westenhanger (WHA)
Wester Hailes (WTA)
Westerfield (WFI)
Westerton (WES)
Westgate-on-Sea (WGA)
Weston Milton (WNM)
Wetheral (WRL)
Weybridge (WYB)
Weymouth (WEY)
Whatstandwell (WTS)
Whifflet (WFF)
Whimple (WHM)
Whinhill (WNL)
Whitchurch (Cardiff) (WHT)
Whitchurch (Hants) (WCH)
White Hart Lane (WHL)
White Notley (WNY)
Whitechapel (ZLW)
Whitecraigs (WCR)
Whitehaven (WTH)
Whitstable (WHI)
Whittlesford Parkway (WLF)
Whitton (London) (WTN)
Whitwell (Derbyshire) (WWL)
Whyteleafe (WHY)
Whyteleafe South (WHS)
Wick (WCK)
Wickford (WIC)
Wickham Market (WCM)
Wigton (WGT)
Wildmill (WMI)
Williamwood (WLM)
Wimbledon (WIM)
Wimbledon Chase (WBO)
Winchelsea (WSE)
Winchfield (WNF)
Winchmore Hill (WIH)
Windsor & Eton Central (WNC)
Windsor & Eton Riverside (WNR)
Winnersh (WNS)
Winnersh Triangle (WTI)
Wishaw (WSH)
Witham (WTM)
Witley (WTY)
Wivelsfield (WVF)
Wivenhoe (WIV)
Woburn Sands (WOB)
Woking (WOK)
Wokingham (WKM)
Woldingham (WOH)
Wood Street (WST)
Woodbridge (WDB)
Woodgrange Park (WGR)
Woodhall (WDL)
Woodmansterne (WME)
Wool (WOO)
Woolston (WLS)
Woolwich Arsenal (WWA)
Woolwich Dockyard (WWD)
Worcester Park (WCP)
Workington (WKG)
Worle (WOR)
Worplesdon (WPL)
Worthing (WRH)
Wrabness (WRB)
Wraysbury (WRY)
Wye (WYE)
Yalding (YAL)
Yate (YAE)
Yatton (YAT)
Yeoford (YEO)
Yeovil Junction (YVJ)
Yeovil Pen Mill (YVP)
Yetminster (YET)
Ynyswen (YNW)
Yoker (YOK)
Ystrad Mynach (YSM)
Ystrad Rhondda (YSR)
0.4676539360872954 percent of stations (12) have no services to liverpool or returned an error
These stations are:
Ashford International (Eurostar) (ASI)
Berney Arms (BYA)
Buckenham (Norfolk) (BUC)
Dunrobin Castle (DNO)
Elephant & Castle (Underground) (ZEL)
Falls of Cruachan (FOC)
Heathrow Airport Terminals 1, 2 and 3 (HXX)
IBM Halt (IBM)
London St Pancras (Intl) (SPX)
Manchester United Football Ground (MUF)
Okehampton (OKE)
Sampford Courtenay (SMC)
