40.29792238337907 percent of stations (1028) have direct services to London
50.294002352018815 percent of stations (1283) have services to London with a single connection
9.408075264602116 percent of stations (240) have services to London with more than one connection
These stations are:
Achanalt (AAT)
Achnasheen (ACN)
Achnashellach (ACH)
Aigburth (AIG)
Ainsdale (ANS)
Aintree (AIN)
Alexandra Parade (AXP)
Alexandria (ALX)
Alloa (ALO)
Altnabreac (ABC)
Appley Bridge (APB)
Ardlui (AUI)
Arisaig (ARG)
Arrochar & Tarbet (ART)
Ashfield (ASF)
Ashford International (Eurostar) (ASI)
Ashton-under-Lyne (AHN)
Attadale (ATT)
Aughton Park (AUG)
Baildon (BLD)
Balloch (BHC)
Banavie (BNV)
Bank Hall (BAH)
Barlaston (BRT)
Barnhill (BNL)
Barrhill (BRL)
Barrow Haven (BAV)
Barton-on-Humber (BAU)
Battersby (BTT)
Beasdale (BSL)
Beauly (BEL)
Berney Arms (BYA)
Bescar Lane (BES)
Billingham (Cleveland) (BIL)
Birkdale (BDL)
Bishopbriggs (BBG)
Blundellsands & Crosby (BLN)
Bootle New Strand (BNW)
Bootle Oriel Road (BOT)
Bordesley (BBS)
Bowling (BWG)
Brading (BDN)
Bridge of Orchy (BRO)
Brigg (BGG)
Bromley Cross (Lancs) (BMC)
Brora (BRA)
Brunswick (BRW)
Buckenham (Norfolk) (BUC)
Buckley (BCK)
Burnley Central (BNC)
Burscough Bridge (BCB)
Burscough Junction (BCJ)
Caergwrle (CGW)
Cardiff Bay (CDB)
Cefn-y-Bedd (CYB)
Chassen Road (CSR)
Clifton (Manchester) (CLI)
Clitheroe (CLH)
Connel Ferry (CON)
Conon Bridge (CBD)
Corpach (CPA)
Corrour (CRR)
Cressington (CSG)
Crianlarich (CNR)
Crouch Hill (CRH)
Culrain (CUA)
Dalmally (DAL)
Danby (DNY)
Danzey (DZY)
Darwen (DWN)
Denton (DTN)
Dingwall (DIN)
Duirinish (DRN)
Duke Street (DST)
Duncraig (DCG)
Dunrobin Castle (DNO)
Earlswood (West Midlands) (EWD)
Elephant & Castle (Underground) (ZEL)
Entwistle (ENT)
Falls of Cruachan (FOC)
Fazakerley (FAZ)
Flixton (FLI)
Formby (FBY)
Forsinard (FRS)
Fort William (FTW)
Freshfield (FRE)
Gainsborough Central (GNB)
Garelochhead (GCH)
Garve (GVE)
Gathurst (GST)
Georgemas Junction (GGJ)
Gilshochill (GSC)
Girvan (GIR)
Glazebrook (GLZ)
Glenfinnan (GLF)
Golspie (GOL)
Goxhill (GOX)
Great Ayton (GTA)
Great Coates (GCT)
Grimsby Docks (GMD)
Gwersyllt (GWE)
Gypsy Lane (GYP)
Hag Fold (HGF)
Hall Green (HLG)
Hall Road (HLR)
Hall-i'-th'-Wood (HID)
Hawarden (HWD)
Hawarden Bridge (HWB)
Healing (HLI)
Heathrow Airport Terminals 1, 2 and 3 (HXX)
Helensburgh Upper (HLU)
Helmsdale (HMS)
Henley-in-Arden (HNL)
Heswall (HSW)
Hightown (HTO)
Hillside (HIL)
Hope (Flintshire) (HPE)
Hoscar (HSC)
Humphrey Park (HUP)
Hunts Cross (HNX)
IBM Halt (IBM)
Ince (Manchester) (INC)
Invershin (INH)
Irlam (IRL)
James Cook (JCH)
Kelvindale (KVD)
Kildonan (KIL)
Kilpatrick (KPT)
Kinbrace (KBC)
Kirkby (Merseyside) (KIR)
Kirkdale (KKD)
Kirton Lindsey (KTL)
Kyle of Lochalsh (KYL)
Lairg (LRG)
Lake (LKE)
Lakenheath (LAK)
Langho (LHO)
Lenzie (LNZ)
Leyton Midland Road (LEM)
Loch Awe (LHA)
Loch Eil Outward Bound (LHE)
Lochailort (LCL)
Locheilside (LCS)
Lochluichart (LCC)
Maghull (MAG)
Mallaig (MLG)
Manchester United Football Ground (MUF)
Marton (MTO)
Maryhill (MYH)
Maybole (MAY)
Meols Cop (MEC)
Metheringham (MGM)
Moorside (MSD)
Morar (MRR)
Moston (MSO)
Muir of Ord (MOO)
Nafferton (NFN)
Nailsea & Backwell (NLS)
Nairn (NRN)
Neston (NES)
New Clee (NCE)
New Holland (NHL)
New Lane (NLN)
Normanton (NOR)
Norton Bridge (NTB)
Nunthorpe (NNT)
Oban (OBN)
Okehampton (OKE)
Old Roan (ORN)
Orrell (ORR)
Orrell Park (OPK)
Padgate (PDG)
Parbold (PBL)
Pemberton (PEM)
Penyffordd (PNF)
Pilning (PIL)
Plockton (PLK)
Possilpark & Parkhouse (PPK)
Rainford (RNF)
Ramsgreave & Wilpshire (RGW)
Rannoch (RAN)
Rawcliffe (RWC)
Reddish South (RDS)
Renton (RTN)
Rice Lane (RIL)
Rogart (ROG)
Roy Bridge (RYB)
Ryde Esplanade (RYD)
Ryde St Johns Road (RYR)
Salford Central (SFD)
Sampford Courtenay (SMC)
Sandhills (SDL)
Sandown (SAN)
Scotscalder (SCT)
Seaforth & Litherland (SFL)
Seaton Carew (SEC)
Shanklin (SHN)
Shippea Hill (SPP)
Shirley (SRL)
Smallbrook Junction (SAB)
Snaith (SNI)
Southport (SOP)
Spean Bridge (SBR)
Spring Road (SRI)
St Albans Abbey (SAA)
St Michaels (STM)
Stallingborough (SLL)
Stockton (STK)
Stourbridge Town (SBT)
Stranraer (STR)
Strathcarron (STC)
Stromeferry (STF)
Summerston (SUM)
Swinton (Manchester) (SNN)
Taynuilt (TAY)
Tees-side Airport (TEA)
The Lakes (Warks) (TLK)
Thornton Abbey (TNA)
Thurso (THS)
Town Green (TWN)
Trafford Park (TRA)
Tulloch (TUL)
Tyndrum Lower (TYL)
Ulceby (ULC)
Upholland (UPL)
Upper Holloway (UHL)
Upper Tyndrum (UTY)
Upton (Merseyside) (UPT)
Urmston (URM)
Walton (Merseyside) (WAO)
Waterloo (Merseyside) (WLO)
Wedgwood (WED)
Whalley (Lancs) (WHE)
Whitlocks End (WTE)
Wick (WCK)
Wood End (WDE)
Wootton Wawen (WWW)
Wrexham Central (WXC)
Wythall (WYT)
Yardley Wood (YRD)
