5.76099649669132 percent of stations (148) have direct services to preston
37.52432853250292 percent of stations (964) have services to preston with a single connection
56.24756714674971 percent of stations (1445) have services to preston with more than one connection
These stations are:
Abbey Wood (ABW)
Aber (ABE)
Abercynon (ACY)
Aberdare (ABA)
Achanalt (AAT)
Achnasheen (ACN)
Achnashellach (ACH)
Acklington (ACK)
Acle (ACL)
Acocks Green (ACG)
Acton Central (ACC)
Acton Main Line (AML)
Addlestone (ASN)
Adisham (ADM)
Ainsdale (ANS)
Albany Park (AYP)
Aldermaston (AMT)
Aldershot (AHT)
Aldrington (AGT)
Alexandra Palace (AAP)
Alexandra Parade (AXP)
Alexandria (ALX)
Allens West (ALW)
Alness (ASS)
Alresford (Essex) (ALR)
Althorne (Essex) (ALN)
Altnabreac (ABC)
Alton (AON)
Ambergate (AMB)
Amberley (AMY)
Amersham (AMR)
Ancaster (ANC)
Andover (ADV)
Anerley (ANZ)
Angel Road (AGR)
Angmering (ANG)
Appledore (Kent) (APD)
Appleford (APF)
Appley Bridge (APB)
Ardgay (ARD)
Ardlui (AUI)
Arisaig (ARG)
Arlesey (ARL)
Arram (ARR)
Arrochar & Tarbet (ART)
Arundel (ARU)
Ascot (Berks) (ACT)
Ascott-under-Wychwood (AUW)
Ash (ASH)
Ash Vale (AHV)
Ashfield (ASF)
Ashford (Surrey) (AFS)
Ashford International (AFK)
Ashtead (AHD)
Ashurst (Kent) (AHS)
Ashurst New Forest (ANF)
Ashwell & Morden (AWM)
Aslockton (ALK)
Aspley Guise (APG)
Attadale (ATT)
Avoncliff (AVF)
Avonmouth (AVN)
Axminster (AXM)
Aylesbury (AYS)
Aylesbury Vale Parkway (AVP)
Aylesford (AYL)
Aylesham (AYH)
Bagshot (BAG)
Balcombe (BAB)
Baldock (BDK)
Balloch (BHC)
Balmossie (BSI)
Banavie (BNV)
Bank Hall (BAH)
Banstead (BAD)
Bargoed (BGD)
Barking (BKG)
Barlaston (BRT)
Barming (BMG)
Barnehurst (BNH)
Barnes (BNS)
Barnes Bridge (BNI)
Barnham (BAA)
Barnhill (BNL)
Barnstaple (BNP)
Barrow Haven (BAV)
Barrow-Upon-Soar (BWS)
Barry (BRY)
Barry Docks (BYD)
Barry Island (BYI)
Barry Links (BYL)
Barton-on-Humber (BAU)
Basildon (BSO)
Bat & Ball (BBL)
Battersby (BTT)
Battersea Park (BAK)
Battle (BAT)
Battlesbridge (BLB)
Bayford (BAY)
Beaconsfield (BCF)
Bearley (BER)
Bearsted (BSD)
Beasdale (BSL)
Beaulieu Road (BEU)
Beauly (BEL)
Beccles (BCC)
Beckenham Hill (BEC)
Beckenham Junction (BKJ)
Bedford (BDM)
Bedford St Johns (BSJ)
Bedhampton (BDH)
Bedminster (BMT)
Bedwyn (BDW)
Bekesbourne (BKS)
Bellingham (BGM)
Belmont (BLM)
Belper (BLP)
Beltring (BEG)
Belvedere (BVD)
Bempton (BEM)
Benfleet (BEF)
Bentley (Hants) (BTY)
Bere Alston (BAS)
Bere Ferrers (BFE)
Berry Brow (BBW)
Berrylands (BRS)
Berwick (Sussex) (BRK)
Bescar Lane (BES)
Betchworth (BTO)
Bethnal Green (BET)
Betws-y-Coed (BYC)
Beverley (BEV)
Bexhill (BEX)
Bexley (BXY)
Bexleyheath (BXH)
Bicester North (BCS)
Bicester Village (BIT)
Bickley (BKL)
Biggleswade (BIW)
Billericay (BIC)
Billingham (Cleveland) (BIL)
Billingshurst (BIG)
Birchgrove (BCG)
Birchington-on-sea (BCH)
Birkbeck (BIK)
Birkdale (BDL)
Bishop Auckland (BIA)
Bishopbriggs (BBG)
Bishops Stortford (BIS)
Bishopstone (Sussex) (BIP)
Bitterne (BTE)
Blackheath (BKH)
Blackwater (BAW)
Blaenau Ffestiniog (BFF)
Blakedown (BKD)
Bleasby (BSB)
Blundellsands & Crosby (BLN)
Bognor Regis (BOG)
Bookham (BKA)
Bootle New Strand (BNW)
Bootle Oriel Road (BOT)
Bordesley (BBS)
Borough Green & Wrotham (BRG)
Bosham (BOH)
Boston (BSN)
Botley (BOE)
Bottesford (BTF)
Bourne End (BNE)
Bow Brickhill (BWB)
Bowes Park (BOP)
Bowling (BWG)
Box Hill & Westhumble (BXW)
Bracknell (BCE)
Bradford-on-Avon (BOA)
Brading (BDN)
Braintree (BTR)
Braintree Freeport (BTP)
Bramley (Hants) (BMY)
Brampton (Suffolk) (BRP)
Brandon (BND)
Branksome (BSM)
Brentford (BFD)
Brentwood (BRE)
Bridge of Orchy (BRO)
Bridgwater (BWT)
Bridlington (BDT)
Brigg (BGG)
Brighton (East Sussex) (BTN)
Brimsdown (BMD)
Brithdir (BHD)
Brixton (BRX)
Broadstairs (BSR)
Brockholes (BHS)
Brockley (BCY)
Bromley North (BMN)
Bromley South (BMS)
Brondesbury (BSY)
Brondesbury Park (BSP)
Brookmans Park (BPK)
Brookwood (BKO)
Brora (BRA)
Broxbourne (BXB)
Bruce Grove (BCV)
Brundall (BDA)
Brundall Gardens (BGA)
Bruton (BRU)
Buckley (BCK)
Bugle (BGL)
Bulwell (BLW)
Bures (BUE)
Burgess Hill (BUG)
Burnham (Bucks) (BNM)
Burnham-on-Crouch (BUU)
Bursledon (BUO)
Burton Joyce (BUJ)
Bury St Edmunds (BSE)
Bush Hill Park (BHK)
Buxted (BXD)
Byfleet & New Haw (BFN)
Cadoxton (CAD)
Caergwrle (CGW)
Caerphilly (CPH)
Caledonian Rd & Barnsbury (CIR)
Calstock (CSK)
Cam & Dursley (CDU)
Camberley (CAM)
Cambridge Heath (CBH)
Camden Road (CMD)
Canada Water (ZCW)
Canonbury (CNN)
Canterbury East (CBE)
Canterbury West (CBW)
Cantley (CNY)
Carbis Bay (CBB)
Cardiff Bay (CDB)
Cardiff Queen Street (CDQ)
Carlton (CTO)
Carshalton (CSH)
Carshalton Beeches (CSB)
Castle Bar Park (CBP)
Castle Cary (CLC)
Castleton Moor (CSM)
Caterham (CAT)
Catford (CTF)
Catford Bridge (CFB)
Cathays (CYS)
Causeland (CAU)
Cefn-y-Bedd (CYB)
Chadwell Heath (CTH)
Chafford Hundred Lakeside (CFH)
Chalfont & Latimer (CFO)
Chalkwell (CHW)
Chandlers Ford (CFR)
Chapelton (Devon) (CPN)
Chappel & Wakes Colne (CWC)
Charing (Kent) (CHG)
Charing Cross (Glasgow) (CHC)
Charlbury (CBY)
Charlton (CTN)
Chartham (CRT)
Chatham (CTM)
Chathill (CHT)
Cheam (CHE)
Chelmsford (CHM)
Chelsfield (CLD)
Chertsey (CHY)
Cheshunt (CHN)
Chessington North (CSN)
Chessington South (CSS)
Chestfield & Swalecliffe (CSW)
Chetnole (CNO)
Chichester (CCH)
Chilham (CIL)
Chilworth (CHL)
Chingford (CHI)
Chippenham (CPM)
Chipstead (CHP)
Chirk (CRK)
Chislehurst (CIT)
Chiswick (CHK)
Cholsey (CHO)
Chorleywood (CLW)
Christchurch (CHR)
Christs Hospital (CHH)
City Thameslink (CTK)
Clacton-on-Sea (CLT)
Clandon (CLA)
Clapham High Street (CLP)
Clapton (CPT)
Claverdon (CLV)
Claygate (CLG)
Clifton Down (CFN)
Clock House (CLK)
Cobham & Stoke d'Abernon (CSD)
Cogan (CGN)
Colchester (COL)
Colchester Town (CET)
Collingham (CLM)
Collington (CLL)
Combe (Oxon) (CME)
Commondale (COM)
Conisbrough (CNS)
Connel Ferry (CON)
Conon Bridge (CBD)
Cooden Beach (COB)
Cookham (COO)
Cooksbridge (CBR)
Coombe Junction Halt (COE)
Copplestone (COP)
Corby (COR)
Corpach (CPA)
Corrour (CRR)
Coryton (COY)
Cosham (CSA)
Cottingham (CGM)
Coulsdon South (CDS)
Coulsdon Town (CDN)
Cowden (Kent) (CWN)
Cradley Heath (CRA)
Cranbrook (Devon) (CBK)
Crawley (CRW)
Crayford (CRY)
Crediton (CDI)
Cressing (Essex) (CES)
Creswell (CWD)
Crewkerne (CKN)
Crews Hill (CWH)
Crianlarich (CNR)
Cricklewood (CRI)
Crofton Park (CFT)
Cromer (CMR)
Cromford (CMF)
Crosskeys (CKY)
Crouch Hill (CRH)
Crowborough (COH)
Crowhurst (CWU)
Crowthorne (CRN)
Crystal Palace (CYP)
Cuffley (CUF)
Culham (CUM)
Culrain (CUA)
Cuxton (CUX)
Cwmbach (CMH)
Dagenham Dock (DDK)
Dalmally (DAL)
Dalston Junction (DLJ)
Dalston Kingsland (DLK)
Danby (DNY)
Danescourt (DCT)
Danzey (DZY)
Darsham (DSM)
Dartford (DFD)
Datchet (DAT)
Dawlish Warren (DWW)
Deal (DEA)
Dean (Wilts) (DEN)
Deighton (DHN)
Denby Dale (DBD)
Denham (DNM)
Denham Golf Club (DGC)
Denmark Hill (DMK)
Denton (DTN)
Deptford (DEP)
Derby Road (Ipswich) (DBR)
Devonport (Devon) (DPT)
Devonport Dockyard (DOC)
Didcot Parkway (DID)
Digby & Sowton (DIG)
Dilton Marsh (DMH)
Dinas (Rhondda) (DMG)
Dinas Powys (DNS)
Dingle Road (DGL)
Dingwall (DIN)
Dinsdale (DND)
Diss (DIS)
Dodworth (DOD)
Doleham (DLH)
Dolgarrog (DLG)
Dolwyddelan (DWD)
Dorchester South (DCH)
Dorchester West (DCW)
Dorking (Main) (DKG)
Dorking Deepdene (DPD)
Dorking West (DKT)
Dormans (DMS)
Dorridge (DDG)
Dover Priory (DVP)
Dovercourt (DVC)
Downham Market (DOW)
Drayton Green (DRG)
Drayton Park (DYP)
Driffield (DRF)
Dublin Ferryport (DFP)
Dublin Port - Stena (DPS)
Duffield (DFI)
Duirinish (DRN)
Duke Street (DST)
Dullingham (DUL)
Dumpton Park (DMP)
Duncraig (DCG)
Dunton Green (DNG)
Durrington-on-Sea (DUR)
Ealing Broadway (EAL)
Earley (EAR)
Earlsfield (EAD)
Earlswood (Surrey) (ELD)
Earlswood (West Midlands) (EWD)
East Dulwich (EDW)
East Farleigh (EFL)
East Grinstead (EGR)
East Malling (EML)
East Midlands Parkway (EMD)
East Tilbury (ETL)
East Worthing (EWR)
Eastbourne (EBN)
Eastbrook (EBK)
Eastleigh (ESL)
Ebbsfleet International (EBD)
Ebbw Vale Parkway (EBV)
Ebbw Vale Town (EBB)
Eden Park (EDN)
Edenbridge (EBR)
Edenbridge Town (EBT)
Edmonton Green (EDR)
Effingham Junction (EFF)
Eggesford (EGG)
Egham (EGH)
Egton (EGT)
Elmers End (ELE)
Elmstead Woods (ESD)
Elmswell (ESW)
Elsenham (Essex) (ESM)
Elstree & Borehamwood (ELS)
Eltham (ELW)
Elton & Orston (ELO)
Emerson Park (EMP)
Emsworth (EMS)
Energlyn & Churchill Park (ECP)
Enfield Chase (ENC)
Enfield Lock (ENL)
Enfield Town (ENF)
Epsom (Surrey) (EPS)
Epsom Downs (EPD)
Eridge (ERI)
Erith (ERH)
Esher (ESH)
Essex Road (EXR)
Etchingham (ETC)
Evesham (EVE)
Ewell East (EWE)
Ewell West (EWW)
Exeter Central (EXC)
Exeter St Thomas (EXT)
Exmouth (EXM)
Exton (EXN)
Eynsford (EYN)
Fairwater (FRW)
Falconwood (FCN)
Falmer (FMR)
Falmouth Docks (FAL)
Falmouth Town (FMT)
Fareham (FRM)
Farnborough (Main) (FNB)
Farnborough North (FNN)
Farncombe (FNC)
Farnham (FNH)
Farningham Road (FNR)
Farringdon (ZFD)
Faversham (FAV)
Faygate (FGT)
Fazakerley (FAZ)
Fearn (FRN)
Felixstowe (FLX)
Feltham (FEL)
Feniton (FNT)
Fenny Stratford (FEN)
Fernhill (FER)
Filey (FIL)
Finchley Road & Frognal (FNY)
Finstock (FIN)
Fishbourne (Sussex) (FSB)
Fishersgate (FSG)
Fiskerton (FSK)
Fleet (FLE)
Flitwick (FLT)
Folkestone Central (FKC)
Folkestone West (FKW)
Ford (FOD)
Forest Gate (FOG)
Forest Hill (FOH)
Formby (FBY)
Forsinard (FRS)
Fort William (FTW)
Foxton (FXN)
Frant (FRT)
Fratton (FTN)
Freshfield (FRE)
Freshford (FFD)
Frimley (FML)
Frinton-on-Sea (FRI)
Frome (FRO)
Fulwell (FLW)
Furze Platt (FZP)
Gainsborough Central (GNB)
Gainsborough Lea Road (GBL)
Garelochhead (GCH)
Garth (Mid Glamorgan) (GMG)
Garve (GVE)
Gathurst (GST)
Gatwick Airport (GTW)
Georgemas Junction (GGJ)
Gerrards Cross (GER)
Gidea Park (GDP)
Gilfach Fargoed (GFF)
Gillingham (Dorset) (GIL)
Gillingham (Kent) (GLM)
Gilshochill (GSC)
Gipsy Hill (GIP)
Glaisdale (GLS)
Glan Conwy (GCW)
Glenfinnan (GLF)
Glynde (GLY)
Gobowen (GOB)
Godalming (GOD)
Godstone (GDN)
Golf Street (GOF)
Golspie (GOL)
Gomshall (GOM)
Goodmayes (GMY)
Goole (GOO)
Gordon Hill (GDH)
Goring & Streatley (GOR)
Goring-by-Sea (GBS)
Gospel Oak (GPO)
Goxhill (GOX)
Grange Park (GPK)
Grangetown (Cardiff) (GTN)
Grateley (GRT)
Gravesend (GRV)
Grays (GRY)
Great Ayton (GTA)
Great Bentley (GRB)
Great Chesterford (GRC)
Great Coates (GCT)
Great Missenden (GMN)
Great Yarmouth (GYM)
Greenford (GFD)
Greenhithe (GNH)
Greenwich (GNW)
Grimsby Docks (GMD)
Grosmont (GMT)
Grove Park (GRP)
Gunnersbury (GUN)
Gunnislake (GSL)
Gunton (GNT)
Gwersyllt (GWE)
Gypsy Lane (GYP)
Hackbridge (HCB)
Hackney Central (HKC)
Hackney Downs (HAC)
Hackney Wick (HKW)
Haddenham & Thame Parkway (HDM)
Haddiscoe (HAD)
Hadley Wood (HDW)
Haggerston (HGG)
Hagley (HAG)
Halesworth (HAS)
Hall Green (HLG)
Hall Road (HLR)
Halling (HAI)
Ham Street (HMT)
Hamble (HME)
Hampden Park (Sussex) (HMD)
Hampstead Heath (HDH)
Hampton (London) (HMP)
Hampton Court (HMC)
Hampton Wick (HMW)
Hamworthy (HAM)
Hanborough (HND)
Hanwell (HAN)
Harlington (Beds) (HLN)
Harlow Mill (HWM)
Harlow Town (HWN)
Harold Wood (HRO)
Harpenden (HPD)
Harrietsham (HRM)
Harringay (HGY)
Harringay Green Lanes (HRY)
Harrow-on-the-Hill (HOH)
Hartlebury (HBY)
Harwich International (HPQ)
Harwich Town (HWC)
Haslemere (HSL)
Hassocks (HSK)
Hastings (HGS)
Hatfield (Herts) (HAT)
Hatfield Peverel (HAP)
Hatton (HTN)
Havant (HAV)
Havenhouse (HVN)
Hawarden (HWD)
Hawarden Bridge (HWB)
Haydons Road (HYR)
Hayes & Harlington (HAY)
Hayes (Kent) (HYS)
Haywards Heath (HHE)
Headcorn (HCN)
Healing (HLI)
Heath High Level (HHL)
Heath Low Level (HLL)
Heathrow Airport Terminal 4 (HAF)
Heathrow Airport Terminal 5 (HWV)
Heckington (HEC)
Hedge End (HDE)
Heighington (HEI)
Helensburgh Upper (HLU)
Helmsdale (HMS)
Hendon (HEN)
Hengoed (HNG)
Henley-in-Arden (HNL)
Henley-on-Thames (HOT)
Herne Bay (HNB)
Herne Hill (HNH)
Hersham (HER)
Hertford East (HFE)
Hertford North (HFN)
Heswall (HSW)
Hever (HEV)
Heworth (HEW)
Heyford (HYD)
High Brooms (HIB)
High Wycombe (HWY)
Higham (Kent) (HGM)
Highams Park (HIP)
Highbridge & Burnham (HIG)
Hightown (HTO)
Hildenborough (HLB)
Hillside (HIL)
Hilsea (HLS)
Hinchley Wood (HYW)
Hinton Admiral (HNA)
Hitchin (HIT)
Hither Green (HGR)
Hockley (HOC)
Hollingbourne (HBN)
Holmwood (HLM)
Holton Heath (HOL)
Homerton (HMN)
Honeybourne (HYB)
Honiton (HON)
Honley (HOY)
Honor Oak Park (HPA)
Hook (HOK)
Hope (Flintshire) (HPE)
Horley (HOR)
Hornsey (HRN)
Horsham (HRH)
Horsley (HSY)
Hoscar (HSC)
Hounslow (HOU)
Hove (HOV)
Hoveton & Wroxham (HXM)
Hoxton (HOX)
Hubberts Bridge (HBB)
Hucknall (HKN)
Hungerford (HGD)
Hunmanby (HUB)
Huntingdon (HUN)
Hurst Green (HUR)
Hutton Cranswick (HUT)
Hykeham (HKM)
Hythe (Essex) (HYH)
Ifield (IFI)
Ilford (IFD)
Ince (Manchester) (INC)
Ingatestone (INT)
Invergordon (IGD)
Invergowrie (ING)
Invershin (INH)
Ipswich (IPS)
Isleworth (ISL)
Islip (ISP)
Iver (IVR)
Ivybridge (IVY)
James Cook (JCH)
Jewellery Quarter (JEQ)
Kearsney (Kent) (KSN)
Kelvedon (KEL)
Kelvindale (KVD)
Kemble (KEM)
Kempston Hardwick (KMH)
Kempton Park Racecourse (KMP)
Kemsing (KMS)
Kemsley (KML)
Kenley (KLY)
Kennett (KNE)
Kensal Rise (KNR)
Kent House (KTH)
Kentish Town (KTN)
Kentish Town West (KTW)
Kettering (KET)
Kew Bridge (KWB)
Kew Gardens (KWG)
Keyham (KEY)
Keynsham (KYN)
Kidbrooke (KDB)
Kidderminster (KID)
Kildale (KLD)
Kildonan (KIL)
Kilgetty (KGT)
Kilpatrick (KPT)
Kinbrace (KBC)
Kingham (KGM)
Kings Lynn (KLN)
Kings Nympton (KGN)
Kings Sutton (KGS)
Kingston (KNG)
Kingswood (KND)
Kintbury (KIT)
Kirby Cross (KBX)
Kirk Sandall (KKS)
Kirkby (Merseyside) (KIR)
Kirkby-in-Ashfield (KKB)
Kirton Lindsey (KTL)
Knebworth (KBW)
Knockholt (KCK)
Kyle of Lochalsh (KYL)
Ladywell (LAD)
Laindon (LAI)
Lairg (LRG)
Lake (LKE)
Lakenheath (LAK)
Lamphey (LAM)
Lancing (LAC)
Langley (Berks) (LNY)
Langley Green (LGG)
Langwith-Whaley Thorns (LAG)
Lapford (LAP)
Lapworth (LPW)
Laurencekirk (LAU)
Lawrence Hill (LWH)
Lea Bridge (LEB)
Leagrave (LEA)
Lealholm (LHM)
Leatherhead (LHD)
Lee (London) (LEE)
Leigh (Kent) (LIH)
Leigh-on-Sea (LES)
Lelant (LEL)
Lelant Saltings (LTS)
Lenham (LEN)
Letchworth Garden City (LET)
Lewes (LWS)
Lewisham (LEW)
Leyton Midland Road (LEM)
Leytonstone High Road (LER)
Lidlington (LID)
Limehouse (LHS)
Lincoln Central (LCN)
Lingfield (LFD)
Lingwood (LGD)
Liphook (LIP)
Liss (LIS)
Lisvane & Thornhill (LVT)
Little Kimble (LTK)
Littlehampton (LIT)
Littlehaven (LVN)
Littleport (LTP)
Llanbradach (LNB)
Llandaf (LLN)
Llanhilleth (LTH)
Llanishen (LLS)
Llanrwst (LWR)
Llantwit Major (LWM)
Llwynypia (LLY)
Loch Awe (LHA)
Loch Eil Outward Bound (LHE)
Lochailort (LCL)
Locheilside (LCS)
Lochluichart (LCC)
Lockwood (LCK)
London Fields (LOF)
London Road (Brighton) (LRB)
London Road (Guildford) (LRD)
London Waterloo East (WAE)
Longbeck (LGK)
Longcross (LNG)
Longfield (LGF)
Looe (LOO)
Loughborough (LBO)
Loughborough Junction (LGJ)
Lowdham (LOW)
Lower Sydenham (LSY)
Lowestoft (LWT)
Luton (LUT)
Luton Airport Parkway (LTN)
Luxulyan (LUX)
Lye (West Midlands) (LYE)
Lymington Pier (LYP)
Lymington Town (LYT)
Lympstone Commando (LYC)
Lympstone Village (LYM)
Maesteg (MST)
Maesteg (Ewenny Road) (MEW)
Maiden Newton (MDN)
Maidenhead (MAI)
Maidstone Barracks (MDB)
Maidstone East (MDE)
Maidstone West (MDW)
Malden Manor (MAL)
Mallaig (MLG)
Manningtree (MNG)
Manor Park (MNP)
Manorbier (MRB)
Mansfield (MFT)
Mansfield Woodhouse (MSW)
Marden (Kent) (MRN)
Margate (MAR)
Market Harborough (MHR)
Market Rasen (MKR)
Marks Tey (MKT)
Marlow (MLW)
Marske (MSK)
Martin Mill (MTM)
Martins Heron (MAO)
Marton (MTO)
Maryhill (MYH)
Maryland (MYL)
Matlock (MAT)
Matlock Bath (MTB)
Maze Hill (MZH)
Meldreth (MEL)
Melksham (MKM)
Melton (Suffolk) (MES)
Menheniot (MEN)
Meols Cop (MEC)
Meopham (MEP)
Merstham (MHM)
Merthyr Tydfil (MER)
Merthyr Vale (MEV)
Metheringham (MGM)
Mexborough (MEX)
Micheldever (MIC)
Midgham (MDG)
Milford (Surrey) (MLF)
Mill Hill Broadway (MIL)
Millbrook (Beds) (MLB)
Millbrook (Hants) (MBK)
Minster (MSR)
Mistley (MIS)
Mitcham Eastfields (MTC)
Mitcham Junction (MIJ)
Monks Risborough (MRS)
Montpelier (MTP)
Moorgate (MOG)
Morar (MRR)
Morchard Road (MRD)
Morden South (MDS)
Moreton (Dorset) (MTN)
Moreton-in-Marsh (MIM)
Mortimer (MOR)
Mortlake (MTL)
Motspur Park (MOT)
Mottingham (MTG)
Mottisfont & Dunbridge (DBG)
Moulsecoomb (MCB)
Mountain Ash (MTA)
Muir of Ord (MOO)
Nafferton (NFN)
Nailsea & Backwell (NLS)
Narberth (NAR)
Needham Market (NMT)
Neston (NES)
Netherfield (NET)
Netley (NTL)
New Barnet (NBA)
New Beckenham (NBC)
New Clee (NCE)
New Cross (NWX)
New Cross Gate (NXG)
New Eltham (NEH)
New Holland (NHL)
New Hythe (NHE)
New Lane (NLN)
New Malden (NEM)
New Milton (NWM)
New Southgate (NSG)
Newark Castle (NCT)
Newbridge (NBE)
Newbury (NBY)
Newbury Racecourse (NRC)
Newcourt (NCO)
Newhaven Harbour (NVH)
Newhaven Town (NVN)
Newington (NGT)
Newmarket (NMK)
Newport (Essex) (NWE)
Newquay (NQY)
Newstead (NSD)
Newton Aycliffe (NAY)
Newton St Cyres (NTC)
Ninian Park (NNP)
Norbiton (NBT)
Normans Bay (NSB)
North Camp (NCM)
North Dulwich (NDL)
North Fambridge (NFA)
North Llanrwst (NLR)
North Road (Darlington) (NRD)
North Sheen (NSH)
North Walsham (NWA)
Northfleet (NFL)
Northolt Park (NLT)
Northumberland Park (NUM)
Norton Bridge (NTB)
Norwood Junction (NWD)
Nunhead (NHD)
Nunthorpe (NNT)
Nutbourne (NUT)
Nutfield (NUF)
Oakleigh Park (OKL)
Oban (OBN)
Ockendon (OCK)
Ockley (OLY)
Old Hill (OHL)
Old Street (OLD)
Oldfield Park (OLF)
Olton (OLT)
Ore (ORE)
Orpington (ORP)
Orrell (ORR)
Otford (OTF)
Oulton Broad North (OUN)
Oulton Broad South (OUS)
Overton (OVR)
Oxford Parkway (OXP)
Oxshott (OXS)
Oxted (OXT)
Paddock Wood (PDW)
Palmers Green (PAL)
Pangbourne (PAN)
Parbold (PBL)
Parkstone (Dorset) (PKS)
Parson Street (PSN)
Peckham Rye (PMR)
Pegswood (PEG)
Pemberton (PEM)
Pembroke (PMB)
Pembroke Dock (PMD)
Penally (PNA)
Penarth (PEN)
Pengam (PGM)
Penge East (PNE)
Penge West (PNW)
Penistone (PNS)
Penmere (PNM)
Penrhiwceiber (PER)
Penryn (Cornwall) (PYN)
Penshurst (PHR)
Pentre-Bach (PTB)
Penyffordd (PNF)
Perranwell (PRW)
Pershore (PSH)
Petersfield (PTR)
Petts Wood (PET)
Pevensey & Westham (PEV)
Pevensey Bay (PEB)
Pewsey (PEW)
Pilning (PIL)
Pinhoe (PIN)
Pitsea (PSE)
Plockton (PLK)
Pluckley (PLC)
Plumpton (PMP)
Plumstead (PLU)
Pokesdown (POK)
Polegate (PLG)
Polsloe Bridge (POL)
Ponders End (PON)
Pontlottyn (PLT)
Pont-y-Pant (PYP)
Pontypridd (PPD)
Poole (POO)
Portchester (PTC)
Porth (POR)
Portlethen (PLN)
Portslade (PLD)
Portsmouth & Southsea (PMS)
Portsmouth Arms (PMA)
Portsmouth Harbour (PMH)
Possilpark & Parkhouse (PPK)
Potters Bar (PBR)
Preston Park (PRP)
Princes Risborough (PRR)
Prittlewell (PRL)
Pulborough (PUL)
Purfleet (PFL)
Purley (PUR)
Purley Oaks (PUO)
Putney (PUT)
Pye Corner (PYE)
Quakers Yard (QYD)
Queenborough (QBR)
Queens Road (Peckham) (QRP)
Queenstown Road (Battersea) (QRB)
Quintrell Downs (QUI)
Radcliffe-on-Trent (RDF)
Radlett (RDT)
Radley (RAD)
Radyr (RDR)
Rainford (RNF)
Rainham (Essex) (RNM)
Rainham (Kent) (RAI)
Ramsgate (RAM)
Rannoch (RAN)
Rauceby (RAU)
Ravensbourne (RVB)
Rayleigh (RLG)
Raynes Park (RAY)
Reading West (RDW)
Rectory Road (REC)
Redbridge (RDB)
Redcar British Steel (RBS)
Redcar Central (RCC)
Redcar East (RCE)
Reddish South (RDS)
Redhill (RDH)
Redland (RDA)
Reedham (Norfolk) (REE)
Reedham (Surrey) (RHM)
Reigate (REI)
Renton (RTN)
Rhiwbina (RHI)
Rhoose Cardiff International Airport (RIA)
Rhymney (RHY)
Rice Lane (RIL)
Richmond (London) (RMD)
Rickmansworth (RIC)
Riddlesdown (RDD)
Ridgmont (RID)
Risca & Pontymister (RCA)
Robertsbridge (RBR)
Roche (ROC)
Rochester (RTR)
Rochford (RFD)
Rogart (ROG)
Rogerstone (ROR)
Rolleston (ROL)
Roman Bridge (RMB)
Romford (RMF)
Romsey (ROM)
Rotherhithe (ROE)
Roughton Road (RNR)
Rowlands Castle (RLN)
Rowley Regis (ROW)
Roy Bridge (RYB)
Roydon (RYN)
Royston (RYS)
Ruabon (RUA)
Ruskington (RKT)
Ruswarp (RUS)
Ryde Esplanade (RYD)
Ryde Pier Head (RYP)
Ryde St Johns Road (RYR)
Rye (Sussex) (RYE)
Rye House (RYH)
Salfords (Surrey) (SAF)
Salhouse (SAH)
Salisbury (SAL)
Saltash (STS)
Saltburn (SLB)
Saltmarshe (SAM)
Sanderstead (SNR)
Sandhurst (Berks) (SND)
Sandling (SDG)
Sandown (SAN)
Sandplace (SDP)
Sandwich (SDW)
Sandy (SDY)
Sarn (SRR)
Saundersfoot (SDF)
Saunderton (SDR)
Sawbridgeworth (SAW)
Saxilby (SXY)
Saxmundham (SAX)
Scotscalder (SCT)
Sea Mills (SML)
Seaford (Sussex) (SEF)
Seaforth & Litherland (SFL)
Seaham (SEA)
Seaton Carew (SEC)
Seer Green & Jordans (SRG)
Selling (SEG)
Seven Kings (SVK)
Sevenoaks (SEV)
Severn Beach (SVB)
Shadwell (SDE)
Shalford (Surrey) (SFR)
Shanklin (SHN)
Shawford (SHW)
Sheerness-on-Sea (SSS)
Shelford (Cambs) (SED)
Shenfield (SNF)
Shepherds Well (SPH)
Shepley (SPY)
Shepperton (SHP)
Shepreth (STH)
Sherborne (SHE)
Sheringham (SHM)
Shildon (SHD)
Shiplake (SHI)
Shippea Hill (SPP)
Shipton (SIP)
Shirebrook (SHB)
Shirehampton (SHH)
Shirley (SRL)
Shoeburyness (SRY)
Sholing (SHO)
Shoreditch High Street (SDC)
Shoreham (Kent) (SEH)
Shoreham-by-Sea (SSE)
Shortlands (SRT)
Sidcup (SID)
Sileby (SIL)
Silkstone Common (SLK)
Silver Street (SLV)
Sittingbourne (SIT)
Skegness (SKG)
Slade Green (SGR)
Sleaford (SLR)
Sleights (SLH)
Slough (SLO)
Small Heath (SMA)
Smallbrook Junction (SAB)
Snodland (SDA)
Snowdown (SWO)
Sole Street (SOR)
Solihull (SOL)
Somerleyton (SYT)
South Acton (SAT)
South Bank (SBK)
South Bermondsey (SBM)
South Croydon (SCY)
South Greenford (SGN)
South Merton (SMO)
South Ruislip (SRU)
South Tottenham (STO)
South Woodham Ferrers (SOF)
Southall (STL)
Southbourne (SOB)
Southbury (SBU)
Southease (SEE)
Southend Airport (SIA)
Southend Central (SOC)
Southend East (SOE)
Southend Victoria (SOV)
Southminster (SMN)
Southport (SOP)
Southwick (SWK)
Spalding (SPA)
Spean Bridge (SBR)
Spooner Row (SPN)
Spring Road (SRI)
St Albans City (SAC)
St Andrews Road (SAR)
St Budeaux Ferry Road (SBF)
St Budeaux Victoria Road (SBV)
St Columb Road (SCR)
St Denys (SDN)
St Germans (SGM)
St Helier (Surrey) (SIH)
St Ives (Cornwall) (SIV)
St James Park (Exeter) (SJP)
St James Street (Walthamstow) (SJS)
St Johns (London) (SAJ)
St Keyne Wishing Well Halt (SKN)
St Leonards Warrior Square (SLQ)
St Margarets (Herts) (SMT)
St Margarets (London) (SMG)
St Mary Cray (SMY)
St Neots (SNO)
Staines (SNS)
Stallingborough (SLL)
Stamford Hill (SMH)
Stanford-le-Hope (SFO)
Stansted Mountfitchet (SST)
Staplehurst (SPU)
Stapleton Road (SRD)
Starcross (SCS)
Stewartby (SWR)
Stocksmoor (SSM)
Stockton (STK)
Stoke Mandeville (SKM)
Stoke Newington (SKW)
Stone Crossing (SCG)
Stonegate (SOG)
Stonehouse (SHU)
Stoneleigh (SNL)
Stourbridge Junction (SBJ)
Stourbridge Town (SBT)
Stowmarket (SMK)
Stratford International (SFA)
Stratford-upon-Avon (SAV)
Stratford-upon-Avon Parkway (STY)
Strathcarron (STC)
Strawberry Hill (STW)
Streatham (Greater London) (STE)
Streatham Hill (SRH)
Stromeferry (STF)
Strood (Kent) (SOO)
Stroud (Gloucs) (STD)
Sturry (STU)
Sudbury & Harrow Road (SUD)
Sudbury (Suffolk) (SUY)
Sudbury Hill Harrow (SDH)
Summerston (SUM)
Sunbury (SUU)
Sundridge Park (SUP)
Sunningdale (SNG)
Sunnymeads (SNY)
Surbiton (SUR)
Surrey Quays (SQE)
Sutton (Surrey) (SUO)
Sutton Common (SUC)
Sutton Parkway (SPK)
Swale (SWL)
Swanley (SAY)
Swanscombe (SWM)
Swanwick (SNW)
Sway (SWY)
Swaythling (SWG)
Swinderby (SWD)
Swindon (Wilts) (SWI)
Swineshead (SWE)
Sydenham (London) (SYD)
Sydenham Hill (SYH)
Syon Lane (SYL)
Syston (SYS)
Tackley (TAC)
Tadworth (TAD)
Taffs Well (TAF)
Tain (TAI)
Tal-y-Cafn (TLC)
Taplow (TAP)
Tattenham Corner (TAT)
Taynuilt (TAY)
Teddington (TED)
Tees-side Airport (TEA)
Templecombe (TMC)
Tenby (TEN)
Teynham (TEY)
Thames Ditton (THD)
Thatcham (THA)
The Hawthorns (THW)
The Lakes (Warks) (TLK)
Theale (THE)
Theobalds Grove (TEO)
Thorne North (TNN)
Thornford (THO)
Thornton Abbey (TNA)
Thorpe Bay (TPB)
Thorpe Culvert (TPC)
Thorpe-le-Soken (TLS)
Three Bridges (TBD)
Three Oaks (TOK)
Thurgarton (THU)
Thurso (THS)
Thurston (TRS)
Tilbury Town (TIL)
Tilehurst (TLH)
Tir-Phil (TIR)
Tisbury (TIS)
Tolworth (TOL)
Ton Pentre (TPN)
Tonbridge (TON)
Tondu (TDU)
Tonypandy (TNP)
Tooting (TOO)
Topsham (TOP)
Torre (TRR)
Totton (TTN)
Trefforest (TRF)
Trefforest Estate (TRE)
Trehafod (TRH)
Treherbert (TRB)
Treorchy (TRY)
Trimley (TRM)
Troed-y-rhiw (TRD)
Trowbridge (TRO)
Tulloch (TUL)
Tulse Hill (TUH)
Tunbridge Wells (TBW)
Turkey Street (TUR)
Twickenham (TWI)
Twyford (TWY)
Ty Glas (TGS)
Tyndrum Lower (TYL)
Tyseley (TYS)
Uckfield (UCK)
Ulceby (ULC)
Umberleigh (UMB)
Upholland (UPL)
Upminster (UPM)
Upper Halliford (UPH)
Upper Holloway (UHL)
Upper Tyndrum (UTY)
Upper Warlingham (UWL)
Upton (Merseyside) (UPT)
Upwey (UPW)
Virginia Water (VIR)
Waddon (WDO)
Wadhurst (WAD)
Wainfleet (WFL)
Wallington (WLT)
Walmer (WAM)
Waltham Cross (WLC)
Walthamstow Queen's Road (WMW)
Walton-on-Thames (WAL)
Walton-on-the-Naze (WON)
Wanborough (WAN)
Wandsworth Common (WSW)
Wandsworth Road (WWR)
Wandsworth Town (WNT)
Wanstead Park (WNP)
Wapping (WPE)
Warblington (WBL)
Ware (Herts) (WAR)
Wareham (Dorset) (WRM)
Wargrave (WGV)
Warminster (WMN)
Warnham (WNH)
Warwick (WRW)
Warwick Parkway (WRP)
Waterbeach (WBC)
Wateringbury (WTR)
Waterloo (Merseyside) (WLO)
Watlington (WTG)
Watton-at-Stone (WAS)
Waun-Gron Park (WNG)
Wedgwood (WED)
Weeley (WEE)
Welham Green (WMG)
Welling (WLI)
Wellingborough (WEL)
Welwyn Garden City (WGC)
Welwyn North (WLW)
Wembley Stadium (WCX)
Wendover (WND)
West Byfleet (WBY)
West Croydon (WCY)
West Drayton (WDT)
West Dulwich (WDU)
West Ealing (WEA)
West Ham (WEH)
West Hampstead (WHD)
West Hampstead Thameslink (WHP)
West Horndon (WHR)
West Malling (WMA)
West Norwood (WNW)
West Ruislip (WRU)
West Runton (WRN)
West St Leonards (WLD)
West Sutton (WSU)
West Wickham (WWI)
West Worthing (WWO)
Westbury (Wilts) (WSB)
Westcliff (WCF)
Westcombe Park (WCB)
Westenhanger (WHA)
Westerfield (WFI)
Westgate-on-Sea (WGA)
Weston Milton (WNM)
Weybridge (WYB)
Weymouth (WEY)
Whatstandwell (WTS)
Whimple (WHM)
Whitby (WTB)
Whitchurch (Cardiff) (WHT)
Whitchurch (Hants) (WCH)
White Hart Lane (WHL)
White Notley (WNY)
Whitechapel (ZLW)
Whitlocks End (WTE)
Whitstable (WHI)
Whittlesford Parkway (WLF)
Whitton (London) (WTN)
Whitwell (Derbyshire) (WWL)
Whyteleafe (WHY)
Whyteleafe South (WHS)
Wick (WCK)
Wickford (WIC)
Wickham Market (WCM)
Widdrington (WDD)
Widney Manor (WMR)
Wildmill (WMI)
Wilmcote (WMC)
Wimbledon (WIM)
Wimbledon Chase (WBO)
Winchelsea (WSE)
Winchfield (WNF)
Winchmore Hill (WIH)
Windsor & Eton Central (WNC)
Windsor & Eton Riverside (WNR)
Winnersh (WNS)
Winnersh Triangle (WTI)
Witham (WTM)
Witley (WTY)
Wivelsfield (WVF)
Wivenhoe (WIV)
Woburn Sands (WOB)
Woking (WOK)
Wokingham (WKM)
Woldingham (WOH)
Wood End (WDE)
Wood Street (WST)
Woodbridge (WDB)
Woodgrange Park (WGR)
Woodmansterne (WME)
Wool (WOO)
Woolston (WLS)
Woolwich Arsenal (WWA)
Woolwich Dockyard (WWD)
Wootton Wawen (WWW)
Worcester Park (WCP)
Worksop (WRK)
Worle (WOR)
Worplesdon (WPL)
Worstead (WRT)
Worthing (WRH)
Wrabness (WRB)
Wraysbury (WRY)
Wrexham Central (WXC)
Wye (WYE)
Wythall (WYT)
Yalding (YAL)
Yardley Wood (YRD)
Yate (YAE)
Yatton (YAT)
Yeoford (YEO)
Yeovil Junction (YVJ)
Yeovil Pen Mill (YVP)
Yetminster (YET)
Ynyswen (YNW)
Ystrad Mynach (YSM)
Ystrad Rhondda (YSR)
0.46710782405605294 percent of stations (12) have no services to preston or returned an error
These stations are:
Ashford International (Eurostar) (ASI)
Berney Arms (BYA)
Buckenham (Norfolk) (BUC)
Dunrobin Castle (DNO)
Elephant & Castle (Underground) (ZEL)
Falls of Cruachan (FOC)
Heathrow Airport Terminals 1, 2 and 3 (HXX)
IBM Halt (IBM)
London St Pancras (Intl) (SPX)
Manchester United Football Ground (MUF)
Okehampton (OKE)
Sampford Courtenay (SMC)
