5.799922148695991 percent of stations (149) have direct services to shrewsbury
23.04398598676528 percent of stations (592) have services to shrewsbury with a single connection
70.68898404048268 percent of stations (1816) have services to shrewsbury with more than one connection
These stations are:
Abbey Wood (ABW)
Aberdeen (ABD)
Aberdour (AUR)
Accrington (ACR)
Achanalt (AAT)
Achnasheen (ACN)
Achnashellach (ACH)
Acklington (ACK)
Acle (ACL)
Acton Central (ACC)
Acton Main Line (AML)
Addiewell (ADW)
Addlestone (ASN)
Adisham (ADM)
Adwick (AWK)
Aigburth (AIG)
Ainsdale (ANS)
Aintree (AIN)
Airbles (AIR)
Airdrie (ADR)
Albany Park (AYP)
Aldermaston (AMT)
Aldershot (AHT)
Aldrington (AGT)
Alexandra Palace (AAP)
Alexandra Parade (AXP)
Alexandria (ALX)
Allens West (ALW)
Alloa (ALO)
Alness (ASS)
Alresford (Essex) (ALR)
Althorne (Essex) (ALN)
Altnabreac (ABC)
Alton (AON)
Ambergate (AMB)
Amberley (AMY)
Amersham (AMR)
Ancaster (ANC)
Anderston (AND)
Andover (ADV)
Anerley (ANZ)
Angel Road (AGR)
Angmering (ANG)
Annan (ANN)
Anniesland (ANL)
Ansdell & Fairhaven (AFV)
Apperley Bridge (APY)
Appleby (APP)
Appledore (Kent) (APD)
Appleford (APF)
Arbroath (ARB)
Ardgay (ARD)
Ardlui (AUI)
Ardrossan Harbour (ADS)
Ardrossan South Beach (ASB)
Ardrossan Town (ADN)
Argyle Street (AGS)
Arisaig (ARG)
Arlesey (ARL)
Armadale (West Lothian) (ARM)
Armathwaite (AWT)
Arram (ARR)
Arrochar & Tarbet (ART)
Arundel (ARU)
Ascot (Berks) (ACT)
Ascott-under-Wychwood (AUW)
Ash (ASH)
Ash Vale (AHV)
Ashfield (ASF)
Ashford (Surrey) (AFS)
Ashford International (AFK)
Ashtead (AHD)
Ashton-under-Lyne (AHN)
Ashurst (Kent) (AHS)
Ashurst New Forest (ANF)
Ashwell & Morden (AWM)
Askam (ASK)
Aspatria (ASP)
Aspley Guise (APG)
Atherstone (ATH)
Atherton (ATN)
Attadale (ATT)
Attleborough (ATL)
Auchinleck (AUK)
Aughton Park (AUG)
Aviemore (AVM)
Avonmouth (AVN)
Axminster (AXM)
Aylesbury (AYS)
Aylesbury Vale Parkway (AVP)
Aylesford (AYL)
Aylesham (AYH)
Ayr (AYR)
Bagshot (BAG)
Baildon (BLD)
Baillieston (BIO)
Balcombe (BAB)
Baldock (BDK)
Balham (BAL)
Balloch (BHC)
Balmossie (BSI)
Bamber Bridge (BMB)
Banavie (BNV)
Bank Hall (BAH)
Banstead (BAD)
Barassie (BSS)
Barbican (ZBB)
Bardon Mill (BLL)
Bare Lane (BAR)
Bargeddie (BGI)
Barking (BKG)
Barlaston (BRT)
Barming (BMG)
Barnehurst (BNH)
Barnes (BNS)
Barnes Bridge (BNI)
Barnham (BAA)
Barnhill (BNL)
Barnsley (BNY)
Barnstaple (BNP)
Barrhead (BRR)
Barrhill (BRL)
Barrow Haven (BAV)
Barrow-Upon-Soar (BWS)
Barry Links (BYL)
Barton-on-Humber (BAU)
Basildon (BSO)
Bat & Ball (BBL)
Bathgate (BHG)
Batley (BTL)
Battersby (BTT)
Battersea Park (BAK)
Battle (BAT)
Battlesbridge (BLB)
Bayford (BAY)
Beaconsfield (BCF)
Bearley (BER)
Bearsden (BRN)
Bearsted (BSD)
Beasdale (BSL)
Beaulieu Road (BEU)
Beauly (BEL)
Beccles (BCC)
Beckenham Hill (BEC)
Beckenham Junction (BKJ)
Bedford (BDM)
Bedford St Johns (BSJ)
Bedhampton (BDH)
Bedworth (BEH)
Bedwyn (BDW)
Bekesbourne (BKS)
Bellgrove (BLG)
Bellingham (BGM)
Bellshill (BLH)
Belmont (BLM)
Belper (BLP)
Beltring (BEG)
Belvedere (BVD)
Bempton (BEM)
Ben Rhydding (BEY)
Benfleet (BEF)
Bentham (BEN)
Bentley (Hants) (BTY)
Bentley (South Yorks) (BYK)
Bere Alston (BAS)
Bere Ferrers (BFE)
Bermuda Park (BEP)
Berry Brow (BBW)
Berrylands (BRS)
Berwick (Sussex) (BRK)
Bescar Lane (BES)
Betchworth (BTO)
Bethnal Green (BET)
Beverley (BEV)
Bexhill (BEX)
Bexley (BXY)
Bexleyheath (BXH)
Bicester North (BCS)
Bicester Village (BIT)
Bickley (BKL)
Biggleswade (BIW)
Billericay (BIC)
Billingham (Cleveland) (BIL)
Billingshurst (BIG)
Bingley (BIY)
Birchington-on-sea (BCH)
Birkbeck (BIK)
Birkdale (BDL)
Birkenhead North (BKN)
Birkenhead Park (BKP)
Bishop Auckland (BIA)
Bishopbriggs (BBG)
Bishops Stortford (BIS)
Bishopstone (Sussex) (BIP)
Bishopton (Strathclyde) (BPT)
Bitterne (BTE)
Blackburn (BBN)
Blackheath (BKH)
Blackhorse Road (BHO)
Blackpool Pleasure Beach (BPB)
Blackpool South (BPS)
Blackridge (BKR)
Blackwater (BAW)
Blair Atholl (BLA)
Blairhill (BAI)
Blantyre (BLT)
Blaydon (BLO)
Bleasby (BSB)
Blundellsands & Crosby (BLN)
Bognor Regis (BOG)
Bogston (BGS)
Bolton-Upon-Dearne (BTD)
Bookham (BKA)
Bootle (Cumbria) (BOC)
Bootle New Strand (BNW)
Bootle Oriel Road (BOT)
Bordesley (BBS)
Borough Green & Wrotham (BRG)
Bosham (BOH)
Boston (BSN)
Botley (BOE)
Bourne End (BNE)
Bow Brickhill (BWB)
Bowes Park (BOP)
Bowling (BWG)
Box Hill & Westhumble (BXW)
Bracknell (BCE)
Brading (BDN)
Braintree (BTR)
Braintree Freeport (BTP)
Bramley (Hants) (BMY)
Bramley (W Yorks) (BLE)
Brampton (Cumbria) (BMP)
Brampton (Suffolk) (BRP)
Branchton (BCN)
Brandon (BND)
Branksome (BSM)
Braystones (Cumbria) (BYS)
Breich (BRC)
Brentford (BFD)
Brentwood (BRE)
Bridge of Allan (BEA)
Bridge of Orchy (BRO)
Bridgeton (BDG)
Bridlington (BDT)
Brierfield (BRF)
Brigg (BGG)
Brighouse (BGH)
Brighton (East Sussex) (BTN)
Brimsdown (BMD)
Brixton (BRX)
Broad Green (BGE)
Broadstairs (BSR)
Brockholes (BHS)
Brockley (BCY)
Bromley Cross (Lancs) (BMC)
Bromley North (BMN)
Bromley South (BMS)
Brondesbury (BSY)
Brondesbury Park (BSP)
Brookmans Park (BPK)
Brookwood (BKO)
Broomfleet (BMF)
Brora (BRA)
Broughty Ferry (BYF)
Broxbourne (BXB)
Bruce Grove (BCV)
Brundall (BDA)
Brundall Gardens (BGA)
Brunstane (BSU)
Brunswick (BRW)
Bruton (BRU)
Bryn (BYN)
Bugle (BGL)
Bulwell (BLW)
Bures (BUE)
Burgess Hill (BUG)
Burley Park (BUY)
Burley-in-Wharfedale (BUW)
Burnham (Bucks) (BNM)
Burnham-on-Crouch (BUU)
Burnley Barracks (BUB)
Burnley Central (BNC)
Burnley Manchester Road (BYM)
Burnside (Strathclyde) (BUI)
Burntisland (BTS)
Burscough Junction (BCJ)
Bursledon (BUO)
Burton Joyce (BUJ)
Bury St Edmunds (BSE)
Busby (BUS)
Bush Hill Park (BHK)
Buxted (BXD)
Byfleet & New Haw (BFN)
Caldercruix (CAC)
Caledonian Rd & Barnsbury (CIR)
Calstock (CSK)
Cam & Dursley (CDU)
Camberley (CAM)
Cambridge Heath (CBH)
Cambuslang (CBL)
Camden Road (CMD)
Camelon (CMO)
Canada Water (ZCW)
Canonbury (CNN)
Canterbury East (CBE)
Canterbury West (CBW)
Cantley (CNY)
Carbis Bay (CBB)
Cardenden (CDD)
Cardiff Bay (CDB)
Cardonald (CDO)
Cardross (CDR)
Carfin (CRF)
Carlton (CTO)
Carluke (CLU)
Carmyle (CML)
Carnoustie (CAN)
Carntyne (CAY)
Carrbridge (CAG)
Carshalton (CSH)
Carshalton Beeches (CSB)
Carstairs (CRS)
Cartsdyke (CDY)
Castle Bar Park (CBP)
Castle Cary (CLC)
Castleford (CFD)
Castleton (Manchester) (CAS)
Castleton Moor (CSM)
Caterham (CAT)
Catford (CTF)
Catford Bridge (CFB)
Cathcart (CCT)
Cattal (CTL)
Causeland (CAU)
Chadwell Heath (CTH)
Chafford Hundred Lakeside (CFH)
Chalfont & Latimer (CFO)
Chalkwell (CHW)
Chandlers Ford (CFR)
Chapelton (Devon) (CPN)
Chapeltown (South Yorks) (CLN)
Chappel & Wakes Colne (CWC)
Charing (Kent) (CHG)
Charing Cross (Glasgow) (CHC)
Charlton (CTN)
Chartham (CRT)
Chatelherault (CTE)
Chatham (CTM)
Chathill (CHT)
Cheam (CHE)
Chelmsford (CHM)
Chelsfield (CLD)
Cherry Tree (CYT)
Chertsey (CHY)
Cheshunt (CHN)
Chessington North (CSN)
Chessington South (CSS)
Chestfield & Swalecliffe (CSW)
Chetnole (CNO)
Chichester (CCH)
Chilham (CIL)
Chilworth (CHL)
Chingford (CHI)
Chipstead (CHP)
Chislehurst (CIT)
Chiswick (CHK)
Cholsey (CHO)
Chorleywood (CLW)
Christchurch (CHR)
Christs Hospital (CHH)
Church & Oswaldtwistle (CTW)
Church Fenton (CHF)
City Thameslink (CTK)
Clacton-on-Sea (CLT)
Clandon (CLA)
Clapham (North Yorkshire) (CPY)
Clapham High Street (CLP)
Clapham Junction (CLJ)
Clapton (CPT)
Clarkston (CKS)
Claverdon (CLV)
Claygate (CLG)
Cleland (CEA)
Clifton (Manchester) (CLI)
Clifton Down (CFN)
Clitheroe (CLH)
Clock House (CLK)
Clydebank (CYK)
Coatbridge Central (CBC)
Coatbridge Sunnyside (CBS)
Coatdyke (COA)
Cobham & Stoke d'Abernon (CSD)
Colchester (COL)
Colchester Town (CET)
Collingham (CLM)
Collington (CLL)
Colne (CNE)
Combe (Oxon) (CME)
Commondale (COM)
Conisbrough (CNS)
Connel Ferry (CON)
Conon Bridge (CBD)
Cononley (CEY)
Conway Park (CNP)
Cooden Beach (COB)
Cookham (COO)
Cooksbridge (CBR)
Coombe Junction Halt (COE)
Copplestone (COP)
Corbridge (CRB)
Corby (COR)
Corkerhill (CKH)
Corkickle (CKL)
Corpach (CPA)
Corrour (CRR)
Cottingham (CGM)
Cottingley (COT)
Coulsdon South (CDS)
Coulsdon Town (CDN)
Coventry Arena (CAA)
Cowden (Kent) (CWN)
Cowdenbeath (COW)
Craigendoran (CGD)
Cramlington (CRM)
Cranbrook (Devon) (CBK)
Crawley (CRW)
Crayford (CRY)
Crediton (CDI)
Cressing (Essex) (CES)
Cressington (CSG)
Creswell (CWD)
Crewkerne (CKN)
Crews Hill (CWH)
Crianlarich (CNR)
Cricklewood (CRI)
Croftfoot (CFF)
Crofton Park (CFT)
Cromer (CMR)
Cromford (CMF)
Crookston (CKT)
Crossflatts (CFL)
Crosshill (COI)
Crossmyloof (CMY)
Croston (CSO)
Crouch Hill (CRH)
Crowborough (COH)
Crowhurst (CWU)
Crowthorne (CRN)
Croy (CRO)
Crystal Palace (CYP)
Cuffley (CUF)
Culham (CUM)
Culrain (CUA)
Cumbernauld (CUB)
Cupar (CUP)
Curriehill (CUH)
Cuxton (CUX)
Dagenham Dock (DDK)
Daisy Hill (DSY)
Dalgety Bay (DAG)
Dalmally (DAL)
Dalmarnock (DAK)
Dalmeny (DAM)
Dalmuir (DMR)
Dalreoch (DLR)
Dalry (DLY)
Dalston (Cumbria) (DLS)
Dalston Junction (DLJ)
Dalston Kingsland (DLK)
Dalwhinnie (DLW)
Danby (DNY)
Darnall (DAN)
Darsham (DSM)
Dartford (DFD)
Darton (DRT)
Darwen (DWN)
Datchet (DAT)
Dawlish (DWL)
Dawlish Warren (DWW)
Deal (DEA)
Dean (Wilts) (DEN)
Deighton (DHN)
Denby Dale (DBD)
Denham (DNM)
Denham Golf Club (DGC)
Denmark Hill (DMK)
Dent (DNT)
Deptford (DEP)
Derby Road (Ipswich) (DBR)
Devonport (Devon) (DPT)
Devonport Dockyard (DOC)
Digby & Sowton (DIG)
Dingwall (DIN)
Dinsdale (DND)
Diss (DIS)
Dodworth (DOD)
Doleham (DLH)
Dorchester South (DCH)
Dorchester West (DCW)
Dorking (Main) (DKG)
Dorking Deepdene (DPD)
Dorking West (DKT)
Dormans (DMS)
Dover Priory (DVP)
Dovercourt (DVC)
Downham Market (DOW)
Drayton Green (DRG)
Drayton Park (DYP)
Drem (DRM)
Driffield (DRF)
Drigg (DRI)
Drumchapel (DMC)
Drumfrochar (DFR)
Drumgelloch (DRU)
Drumry (DMY)
Duffield (DFI)
Duirinish (DRN)
Duke Street (DST)
Dullingham (DUL)
Dumbarton Central (DBC)
Dumbarton East (DBE)
Dumbreck (DUM)
Dumfries (DMF)
Dumpton Park (DMP)
Duncraig (DCG)
Dundee (DEE)
Dunfermline Queen Margaret (DFL)
Dunfermline Town (DFE)
Dunkeld & Birnam (DKD)
Dunlop (DNL)
Dunston (DOT)
Dunton Green (DNG)
Durrington-on-Sea (DUR)
Dyce (DYC)
Eaglescliffe (EAG)
Ealing Broadway (EAL)
Earley (EAR)
Earlsfield (EAD)
Earlswood (Surrey) (ELD)
East Croydon (ECR)
East Dulwich (EDW)
East Farleigh (EFL)
East Garforth (EGF)
East Grinstead (EGR)
East Kilbride (EKL)
East Malling (EML)
East Midlands Parkway (EMD)
East Tilbury (ETL)
East Worthing (EWR)
Eastbourne (EBN)
Easterhouse (EST)
Eastleigh (ESL)
Eastrington (EGN)
Ebbsfleet International (EBD)
Eccles Road (ECS)
Eccleston Park (ECL)
Eden Park (EDN)
Edenbridge (EBR)
Edenbridge Town (EBT)
Edge Hill (EDG)
Edinburgh Gateway (EGY)
Edinburgh Park (EDP)
Edmonton Green (EDR)
Effingham Junction (EFF)
Eggesford (EGG)
Egham (EGH)
Egton (EGT)
Elephant & Castle (EPH)
Elgin (ELG)
Ellesmere Port (ELP)
Elmers End (ELE)
Elmstead Woods (ESD)
Elmswell (ESW)
Elsecar (ELR)
Elsenham (Essex) (ESM)
Elstree & Borehamwood (ELS)
Eltham (ELW)
Elton & Orston (ELO)
Emerson Park (EMP)
Emsworth (EMS)
Enfield Chase (ENC)
Enfield Lock (ENL)
Enfield Town (ENF)
Entwistle (ENT)
Epsom (Surrey) (EPS)
Epsom Downs (EPD)
Eridge (ERI)
Erith (ERH)
Esher (ESH)
Eskbank (EKB)
Essex Road (EXR)
Etchingham (ETC)
Euxton Balshaw Lane (EBA)
Ewell East (EWE)
Ewell West (EWW)
Exeter Central (EXC)
Exeter St Thomas (EXT)
Exhibition Centre (Glasgow) (EXG)
Exmouth (EXM)
Exton (EXN)
Eynsford (EYN)
Fairlie (FRL)
Falconwood (FCN)
Falkirk High (FKK)
Falmer (FMR)
Falmouth Docks (FAL)
Falmouth Town (FMT)
Farnborough (Main) (FNB)
Farnborough North (FNN)
Farncombe (FNC)
Farnham (FNH)
Farningham Road (FNR)
Farnworth (FNW)
Farringdon (ZFD)
Fauldhouse (FLD)
Faversham (FAV)
Faygate (FGT)
Fazakerley (FAZ)
Fearn (FRN)
Featherstone (FEA)
Felixstowe (FLX)
Feltham (FEL)
Feniton (FNT)
Fenny Stratford (FEN)
Ferriby (FRY)
Filey (FIL)
Finchley Road & Frognal (FNY)
Finsbury Park (FPK)
Finstock (FIN)
Fishbourne (Sussex) (FSB)
Fishersgate (FSG)
Fiskerton (FSK)
Fitzwilliam (FZW)
Fleet (FLE)
Flimby (FLM)
Flitwick (FLT)
Folkestone Central (FKC)
Folkestone West (FKW)
Ford (FOD)
Forest Gate (FOG)
Forest Hill (FOH)
Formby (FBY)
Forres (FOR)
Forsinard (FRS)
Fort Matilda (FTM)
Fort William (FTW)
Foxfield (FOX)
Foxton (FXN)
Frant (FRT)
Freshfield (FRE)
Frimley (FML)
Frinton-on-Sea (FRI)
Fulwell (FLW)
Furze Platt (FZP)
Gainsborough Central (GNB)
Gainsborough Lea Road (GBL)
Galashiels (GAL)
Garelochhead (GCH)
Gargrave (GGV)
Garrowhill (GAR)
Garscadden (GRS)
Garsdale (GSD)
Garswood (GSW)
Gartcosh (GRH)
Garve (GVE)
Gatwick Airport (GTW)
Georgemas Junction (GGJ)
Gerrards Cross (GER)
Gidea Park (GDP)
Giffnock (GFN)
Giggleswick (GIG)
Gillingham (Dorset) (GIL)
Gillingham (Kent) (GLM)
Gilshochill (GSC)
Gipsy Hill (GIP)
Girvan (GIR)
Glaisdale (GLS)
Glasgow Queen Street (GLQ)
Glasshoughton (GLH)
Gleneagles (GLE)
Glenfinnan (GLF)
Glengarnock (GLG)
Glenrothes with Thornton (GLT)
Glynde (GLY)
Godalming (GOD)
Godstone (GDN)
Goldthorpe (GOE)
Golf Street (GOF)
Golspie (GOL)
Gomshall (GOM)
Goodmayes (GMY)
Goole (GOO)
Gordon Hill (GDH)
Gorebridge (GBG)
Goring & Streatley (GOR)
Goring-by-Sea (GBS)
Gospel Oak (GPO)
Gourock (GRK)
Goxhill (GOX)
Grange Park (GPK)
Grantham (GRA)
Grateley (GRT)
Gravesend (GRV)
Grays (GRY)
Great Ayton (GTA)
Great Bentley (GRB)
Great Chesterford (GRC)
Great Coates (GCT)
Great Missenden (GMN)
Great Yarmouth (GYM)
Green Road (GNR)
Greenfaulds (GRL)
Greenford (GFD)
Greenhithe (GNH)
Greenock Central (GKC)
Greenock West (GKW)
Greenwich (GNW)
Gretna Green (GEA)
Grimsby Docks (GMD)
Grosmont (GMT)
Grove Park (GRP)
Guiseley (GSY)
Gunnersbury (GUN)
Gunnislake (GSL)
Gunton (GNT)
Gypsy Lane (GYP)
Hackbridge (HCB)
Hackney Central (HKC)
Hackney Downs (HAC)
Hackney Wick (HKW)
Haddenham & Thame Parkway (HDM)
Haddiscoe (HAD)
Hadley Wood (HDW)
Hag Fold (HGF)
Haggerston (HGG)
Hairmyres (HMY)
Halesworth (HAS)
Halifax (HFX)
Hall Road (HLR)
Halling (HAI)
Hall-i'-th'-Wood (HID)
Haltwhistle (HWH)
Ham Street (HMT)
Hamble (HME)
Hamilton Central (HNC)
Hamilton West (HNW)
Hammerton (HMM)
Hampden Park (Sussex) (HMD)
Hampstead Heath (HDH)
Hampton (London) (HMP)
Hampton Court (HMC)
Hampton Wick (HMW)
Hamworthy (HAM)
Hanwell (HAN)
Hapton (HPN)
Harlesden (HDN)
Harling Road (HRD)
Harlington (Beds) (HLN)
Harlow Mill (HWM)
Harlow Town (HWN)
Harold Wood (HRO)
Harpenden (HPD)
Harrietsham (HRM)
Harringay (HGY)
Harringay Green Lanes (HRY)
Harrington (HRR)
Harrogate (HGT)
Harrow-on-the-Hill (HOH)
Hartlepool (HPL)
Hartwood (HTW)
Harwich International (HPQ)
Harwich Town (HWC)
Haslemere (HSL)
Hassocks (HSK)
Hastings (HGS)
Hatfield (Herts) (HAT)
Hatfield Peverel (HAP)
Havant (HAV)
Havenhouse (HVN)
Hawkhead (HKH)
Haydon Bridge (HDB)
Haydons Road (HYR)
Hayes & Harlington (HAY)
Hayes (Kent) (HYS)
Hayle (HYL)
Haywards Heath (HHE)
Headcorn (HCN)
Headingley (HDY)
Headstone Lane (HDL)
Healing (HLI)
Heathrow Airport Terminal 4 (HAF)
Heathrow Airport Terminal 5 (HWV)
Hebden Bridge (HBD)
Heckington (HEC)
Hedge End (HDE)
Heighington (HEI)
Helensburgh Central (HLC)
Helensburgh Upper (HLU)
Hellifield (HLD)
Helmsdale (HMS)
Hendon (HEN)
Henley-on-Thames (HOT)
Hensall (HEL)
Herne Bay (HNB)
Herne Hill (HNH)
Hersham (HER)
Hertford East (HFE)
Hertford North (HFN)
Hessle (HES)
Hever (HEV)
Heworth (HEW)
Hexham (HEX)
Heyford (HYD)
Heysham Port (HHB)
High Brooms (HIB)
High Street (Glasgow) (HST)
High Street Kensington Underground (ZHS)
High Wycombe (HWY)
Higham (Kent) (HGM)
Highams Park (HIP)
Highbury & Islington (HHY)
Hightown (HTO)
Hildenborough (HLB)
Hillfoot (HLF)
Hillington East (HLE)
Hillington West (HLW)
Hillside (HIL)
Hilsea (HLS)
Hinchley Wood (HYW)
Hindley (HIN)
Hinton Admiral (HNA)
Hitchin (HIT)
Hither Green (HGR)
Hockley (HOC)
Hollingbourne (HBN)
Holmwood (HLM)
Holton Heath (HOL)
Holytown (HLY)
Homerton (HMN)
Honiton (HON)
Honley (HOY)
Honor Oak Park (HPA)
Hook (HOK)
Horley (HOR)
Hornbeam Park (HBP)
Hornsey (HRN)
Horsforth (HRS)
Horsham (HRH)
Horsley (HSY)
Horton-in-Ribblesdale (HIR)
Hoscar (HSC)
Hounslow (HOU)
Hove (HOV)
Hoveton & Wroxham (HXM)
Howwood (Renfrewshire) (HOZ)
Hoxton (HOX)
Hoylake (HYK)
Hubberts Bridge (HBB)
Hucknall (HKN)
Huncoat (HCT)
Hungerford (HGD)
Hunmanby (HUB)
Huntingdon (HUN)
Huntly (HNT)
Hunts Cross (HNX)
Hurst Green (HUR)
Hutton Cranswick (HUT)
Huyton (HUY)
Hykeham (HKM)
Hyndland (HYN)
Hythe (Essex) (HYH)
Ifield (IFI)
Ilford (IFD)
Ilkley (ILK)
Imperial Wharf (IMW)
Ince & Elton (INE)
Ince (Manchester) (INC)
Ingatestone (INT)
Insch (INS)
Invergordon (IGD)
Invergowrie (ING)
Inverkip (INP)
Inverness (INV)
Invershin (INH)
Inverurie (INR)
Ipswich (IPS)
Irvine (IRV)
Isleworth (ISL)
Islip (ISP)
Iver (IVR)
Ivybridge (IVY)
James Cook (JCH)
Johnstone (Strathclyde) (JHN)
Jordanhill (JOR)
Kearsley (Manchester) (KSL)
Kearsney (Kent) (KSN)
Keighley (KEI)
Keith (KEH)
Kelvedon (KEL)
Kelvindale (KVD)
Kemble (KEM)
Kempston Hardwick (KMH)
Kempton Park Racecourse (KMP)
Kemsing (KMS)
Kemsley (KML)
Kenley (KLY)
Kennett (KNE)
Kennishead (KNS)
Kensal Green (KNL)
Kensal Rise (KNR)
Kensington Olympia (KPA)
Kent House (KTH)
Kentish Town (KTN)
Kentish Town West (KTW)
Kenton (KNT)
Kettering (KET)
Kew Bridge (KWB)
Kew Gardens (KWG)
Keyham (KEY)
Kidbrooke (KDB)
Kilburn High Road (KBN)
Kildale (KLD)
Kildonan (KIL)
Kilmarnock (KMK)
Kilmaurs (KLM)
Kilpatrick (KPT)
Kilwinning (KWN)
Kinbrace (KBC)
Kinghorn (KGH)
Kings Lynn (KLN)
Kings Nympton (KGN)
Kings Park (KGP)
Kings Sutton (KGS)
Kingsknowe (KGE)
Kingston (KNG)
Kingswood (KND)
Kingussie (KIN)
Kintbury (KIT)
Kirby Cross (KBX)
Kirk Sandall (KKS)
Kirkby (Merseyside) (KIR)
Kirkby Stephen (KSW)
Kirkby-in-Ashfield (KKB)
Kirkby-in-Furness (KBF)
Kirkconnel (KRK)
Kirkdale (KKD)
Kirkhill (KKH)
Kirknewton (KKN)
Kirkstall Forge (KLF)
Kirkwood (KWD)
Kirton Lindsey (KTL)
Kiveton Bridge (KIV)
Kiveton Park (KVP)
Knaresborough (KNA)
Knebworth (KBW)
Knockholt (KCK)
Knottingley (KNO)
Kyle of Lochalsh (KYL)
Ladywell (LAD)
Laindon (LAI)
Lairg (LRG)
Lake (LKE)
Lakenheath (LAK)
Lanark (LNK)
Lancing (LAC)
Langbank (LGB)
Langho (LHO)
Langley (Berks) (LNY)
Langside (LGS)
Langwathby (LGW)
Langwith-Whaley Thorns (LAG)
Lapford (LAP)
Larbert (LBT)
Largs (LAR)
Larkhall (LRH)
Laurencekirk (LAU)
Lazonby & Kirkoswald (LZB)
Lea Bridge (LEB)
Leagrave (LEA)
Lealholm (LHM)
Leasowe (LSW)
Leatherhead (LHD)
Lee (London) (LEE)
Leigh (Kent) (LIH)
Leigh-on-Sea (LES)
Lelant (LEL)
Lelant Saltings (LTS)
Lenham (LEN)
Lenzie (LNZ)
Letchworth Garden City (LET)
Leuchars (for St. Andrews) (LEU)
Lewes (LWS)
Lewisham (LEW)
Leyton Midland Road (LEM)
Leytonstone High Road (LER)
Lidlington (LID)
Limehouse (LHS)
Lincoln Central (LCN)
Lingfield (LFD)
Lingwood (LGD)
Linlithgow (LIN)
Liphook (LIP)
Liss (LIS)
Little Kimble (LTK)
Little Sutton (LTT)
Littleborough (LTL)
Littlehampton (LIT)
Littlehaven (LVN)
Littleport (LTP)
Livingston North (LSN)
Livingston South (LVG)
Loch Awe (LHA)
Loch Eil Outward Bound (LHE)
Lochailort (LCL)
Locheilside (LCS)
Lochgelly (LCG)
Lochluichart (LCC)
Lochwinnoch (LHW)
Lockwood (LCK)
London Blackfriars (BFR)
London Bridge (LBG)
London Cannon Street (CST)
London Charing Cross (CHX)
London Fenchurch Street (FST)
London Fields (LOF)
London Kings Cross (KGX)
London Liverpool Street (LST)
London Marylebone (MYB)
London Paddington (PAD)
London Road (Brighton) (LRB)
London Road (Guildford) (LRD)
London St Pancras International (STP)
London Victoria (VIC)
London Waterloo (WAT)
London Waterloo East (WAE)
Long Preston (LPR)
Longbeck (LGK)
Longcross (LNG)
Longfield (LGF)
Longniddry (LND)
Looe (LOO)
Lostock Hall (LOH)
Loughborough (LBO)
Loughborough Junction (LGJ)
Lowdham (LOW)
Lower Sydenham (LSY)
Lowestoft (LWT)
Luton (LUT)
Luton Airport Parkway (LTN)
Luxulyan (LUX)
Lymington Pier (LYP)
Lymington Town (LYT)
Lympstone Commando (LYC)
Lympstone Village (LYM)
Lytham (LTM)
Maghull (MAG)
Maiden Newton (MDN)
Maidenhead (MAI)
Maidstone Barracks (MDB)
Maidstone East (MDE)
Maidstone West (MDW)
Malden Manor (MAL)
Mallaig (MLG)
Manningtree (MNG)
Manor Park (MNP)
Manor Road (MNR)
Manors (MAS)
Mansfield (MFT)
Mansfield Woodhouse (MSW)
Marden (Kent) (MRN)
Margate (MAR)
Market Harborough (MHR)
Market Rasen (MKR)
Marks Tey (MKT)
Marlow (MLW)
Marske (MSK)
Martin Mill (MTM)
Martins Heron (MAO)
Marton (MTO)
Maryhill (MYH)
Maryland (MYL)
Maryport (MRY)
Matlock (MAT)
Matlock Bath (MTB)
Maxwell Park (MAX)
Maybole (MAY)
Maze Hill (MZH)
Meldreth (MEL)
Melksham (MKM)
Melton (Suffolk) (MES)
Menheniot (MEN)
Menston (MNN)
Meols (MEO)
Meopham (MEP)
Merryton (MEY)
Merstham (MHM)
Metheringham (MGM)
MetroCentre (MCE)
Mexborough (MEX)
Micheldever (MIC)
Micklefield (MIK)
Midgham (MDG)
Milford (Surrey) (MLF)
Mill Hill (Lancs) (MLH)
Mill Hill Broadway (MIL)
Millbrook (Beds) (MLB)
Millbrook (Hants) (MBK)
Milliken Park (MIN)
Millom (MLM)
Mills Hill (Manchester) (MIH)
Milngavie (MLN)
Minster (MSR)
Mirfield (MIR)
Mistley (MIS)
Mitcham Eastfields (MTC)
Mitcham Junction (MIJ)
Monifieth (MON)
Monks Risborough (MRS)
Montpelier (MTP)
Montrose (MTS)
Moorgate (MOG)
Moorside (MSD)
Moorthorpe (MRP)
Morar (MRR)
Morchard Road (MRD)
Morden South (MDS)
Morecambe (MCM)
Moreton (Dorset) (MTN)
Moreton (Merseyside) (MRT)
Morley (MLY)
Mortimer (MOR)
Mortlake (MTL)
Moses Gate (MSS)
Moss Side (MOS)
Mossley Hill (MSH)
Mosspark (MPK)
Moston (MSO)
Motspur Park (MOT)
Mottingham (MTG)
Mottisfont & Dunbridge (DBG)
Moulsecoomb (MCB)
Mount Florida (MFL)
Mount Vernon (MTV)
Muir of Ord (MOO)
Muirend (MUI)
Musselburgh (MUB)
Mytholmroyd (MYT)
Nafferton (NFN)
Nairn (NRN)
Needham Market (NMT)
Neilston (NEI)
Nelson (NEL)
Netherfield (NET)
Nethertown (NRT)
Netley (NTL)
New Barnet (NBA)
New Beckenham (NBC)
New Brighton (NBN)
New Clee (NCE)
New Cross (NWX)
New Cross Gate (NXG)
New Cumnock (NCK)
New Eltham (NEH)
New Holland (NHL)
New Hythe (NHE)
New Lane (NLN)
New Malden (NEM)
New Milton (NWM)
New Pudsey (NPD)
New Southgate (NSG)
Newark Castle (NCT)
Newark North Gate (NNG)
Newbury (NBY)
Newbury Racecourse (NRC)
Newcourt (NCO)
Newcraighall (NEW)
Newhaven Harbour (NVH)
Newhaven Town (NVN)
Newington (NGT)
Newmarket (NMK)
Newport (Essex) (NWE)
Newquay (NQY)
Newstead (NSD)
Newton (Lanark) (NTN)
Newton Aycliffe (NAY)
Newton St Cyres (NTC)
Newtongrange (NEG)
Newtonmore (NWR)
Newton-on-Ayr (NOA)
Nitshill (NIT)
Norbiton (NBT)
Norbury (NRB)
Normans Bay (NSB)
Normanton (NOR)
North Berwick (NBW)
North Camp (NCM)
North Dulwich (NDL)
North Fambridge (NFA)
North Queensferry (NQU)
North Road (Darlington) (NRD)
North Sheen (NSH)
North Walsham (NWA)
North Wembley (NWB)
Northfleet (NFL)
Northolt Park (NLT)
Northumberland Park (NUM)
Norton Bridge (NTB)
Norwich (NRW)
Norwood Junction (NWD)
Nunhead (NHD)
Nunthorpe (NNT)
Nutbourne (NUT)
Nutfield (NUF)
Oakleigh Park (OKL)
Oban (OBN)
Ockendon (OCK)
Ockley (OLY)
Old Roan (ORN)
Old Street (OLD)
Ore (ORE)
Ormskirk (OMS)
Orpington (ORP)
Orrell (ORR)
Orrell Park (OPK)
Otford (OTF)
Oulton Broad North (OUN)
Oulton Broad South (OUS)
Outwood (OUT)
Overpool (OVE)
Overton (OVR)
Oxford Parkway (OXP)
Oxshott (OXS)
Oxted (OXT)
Paddock Wood (PDW)
Paisley Canal (PCN)
Paisley Gilmour Street (PYG)
Paisley St James (PYJ)
Palmers Green (PAL)
Pangbourne (PAN)
Pannal (PNL)
Parkstone (Dorset) (PKS)
Partick (PTK)
Parton (PRN)
Patterton (PTT)
Peckham Rye (PMR)
Pegswood (PEG)
Pemberton (PEM)
Penge East (PNE)
Penge West (PNW)
Penistone (PNS)
Penmere (PNM)
Penryn (Cornwall) (PYN)
Penshurst (PHR)
Perranwell (PRW)
Perth (PTH)
Petersfield (PTR)
Petts Wood (PET)
Pevensey & Westham (PEV)
Pevensey Bay (PEB)
Pewsey (PEW)
Pilning (PIL)
Pinhoe (PIN)
Pitlochry (PIT)
Pitsea (PSE)
Pleasington (PLS)
Plockton (PLK)
Pluckley (PLC)
Plumpton (PMP)
Plumstead (PLU)
Pokesdown (POK)
Polegate (PLG)
Pollokshaws East (PWE)
Pollokshaws West (PWW)
Pollokshields East (PLE)
Pollokshields West (PLW)
Polmont (PMT)
Polsloe Bridge (POL)
Ponders End (PON)
Pontefract Baghill (PFR)
Pontefract Monkhill (PFM)
Pontefract Tanshelf (POT)
Poole (POO)
Poppleton (POP)
Port Glasgow (PTG)
Portchester (PTC)
Portlethen (PLN)
Portslade (PLD)
Portsmouth Arms (PMA)
Possilpark & Parkhouse (PPK)
Potters Bar (PBR)
Prescot (PSC)
Preston Park (PRP)
Prestonpans (PST)
Prestwick International Airport (PRA)
Prestwick Town (PTW)
Priesthill & Darnley (PTL)
Princes Risborough (PRR)
Prittlewell (PRL)
Prudhoe (PRU)
Pulborough (PUL)
Purfleet (PFL)
Purley (PUR)
Purley Oaks (PUO)
Putney (PUT)
Queenborough (QBR)
Queens Park (Glasgow) (QPK)
Queens Park (London) (QPW)
Queens Road (Peckham) (QRP)
Queenstown Road (Battersea) (QRB)
Quintrell Downs (QUI)
Radlett (RDT)
Radley (RAD)
Rainford (RNF)
Rainham (Essex) (RNM)
Rainham (Kent) (RAI)
Ramsgate (RAM)
Ramsgreave & Wilpshire (RGW)
Rannoch (RAN)
Rauceby (RAU)
Ravenglass for Eskdale (RAV)
Ravensbourne (RVB)
Ravensthorpe (RVN)
Rawcliffe (RWC)
Rayleigh (RLG)
Raynes Park (RAY)
Reading West (RDW)
Rectory Road (REC)
Redbridge (RDB)
Redcar British Steel (RBS)
Redcar Central (RCC)
Redcar East (RCE)
Redhill (RDH)
Redland (RDA)
Reedham (Norfolk) (REE)
Reedham (Surrey) (RHM)
Reigate (REI)
Renton (RTN)
Retford (RET)
Ribblehead (RHD)
Rice Lane (RIL)
Richmond (London) (RMD)
Rickmansworth (RIC)
Riddlesdown (RDD)
Ridgmont (RID)
Riding Mill (RDM)
Rishton (RIS)
Robertsbridge (RBR)
Roby (ROB)
Rochdale (RCD)
Roche (ROC)
Rochester (RTR)
Rochford (RFD)
Rogart (ROG)
Rolleston (ROL)
Romford (RMF)
Rose Grove (RSG)
Rosyth (ROS)
Rotherhithe (ROE)
Roughton Road (RNR)
Rowlands Castle (RLN)
Roy Bridge (RYB)
Roydon (RYN)
Royston (RYS)
Rufford (RUF)
Ruskington (RKT)
Ruswarp (RUS)
Rutherglen (RUT)
Ryde Esplanade (RYD)
Ryde Pier Head (RYP)
Ryde St Johns Road (RYR)
Rye (Sussex) (RYE)
Rye House (RYH)
Salford Central (SFD)
Salfords (Surrey) (SAF)
Salhouse (SAH)
Saltaire (SAE)
Saltash (STS)
Saltburn (SLB)
Saltcoats (SLT)
Saltmarshe (SAM)
Salwick (SLW)
Sandal & Agbrigg (SNA)
Sanderstead (SNR)
Sandhills (SDL)
Sandhurst (Berks) (SND)
Sandling (SDG)
Sandown (SAN)
Sandplace (SDP)
Sandwich (SDW)
Sandy (SDY)
Sanquhar (SQH)
Saunderton (SDR)
Sawbridgeworth (SAW)
Saxilby (SXY)
Saxmundham (SAX)
Scotscalder (SCT)
Scotstounhill (SCH)
Sea Mills (SML)
Seaford (Sussex) (SEF)
Seaforth & Litherland (SFL)
Seaham (SEA)
Seascale (SSC)
Seaton Carew (SEC)
Seer Green & Jordans (SRG)
Selhurst (SRS)
Sellafield (SEL)
Selling (SEG)
Settle (SET)
Seven Kings (SVK)
Seven Sisters (SVS)
Sevenoaks (SEV)
Severn Beach (SVB)
Shadwell (SDE)
Shalford (Surrey) (SFR)
Shanklin (SHN)
Shawfair (SFI)
Shawford (SHW)
Shawlands (SHL)
Sheerness-on-Sea (SSS)
Shelford (Cambs) (SED)
Shenfield (SNF)
Shepherd's Bush (SPB)
Shepherds Well (SPH)
Shepley (SPY)
Shepperton (SHP)
Shepreth (STH)
Sherborne (SHE)
Sherburn-in-Elmet (SIE)
Sheringham (SHM)
Shettleston (SLS)
Shieldmuir (SDM)
Shildon (SHD)
Shiplake (SHI)
Shipley (Yorks) (SHY)
Shippea Hill (SPP)
Shipton (SIP)
Shirebrook (SHB)
Shirehampton (SHH)
Shireoaks (SRO)
Shoeburyness (SRY)
Sholing (SHO)
Shoreditch High Street (SDC)
Shoreham (Kent) (SEH)
Shoreham-by-Sea (SSE)
Shortlands (SRT)
Shotts (SHS)
Sidcup (SID)
Sileby (SIL)
Silecroft (SIC)
Silkstone Common (SLK)
Silver Street (SLV)
Singer (SIN)
Sittingbourne (SIT)
Skegness (SKG)
Skipton (SKI)
Slade Green (SGR)
Slateford (SLA)
Sleaford (SLR)
Sleights (SLH)
Slough (SLO)
Smallbrook Junction (SAB)
Smithy Bridge (SMB)
Snaith (SNI)
Snodland (SDA)
Snowdown (SWO)
Sole Street (SOR)
Somerleyton (SYT)
South Acton (SAT)
South Bank (SBK)
South Bermondsey (SBM)
South Croydon (SCY)
South Elmsall (SES)
South Greenford (SGN)
South Gyle (SGL)
South Hampstead (SOH)
South Kenton (SOK)
South Merton (SMO)
South Milford (SOM)
South Ruislip (SRU)
South Tottenham (STO)
South Woodham Ferrers (SOF)
Southall (STL)
Southbourne (SOB)
Southbury (SBU)
Southease (SEE)
Southend Airport (SIA)
Southend Central (SOC)
Southend East (SOE)
Southend Victoria (SOV)
Southminster (SMN)
Southwick (SWK)
Sowerby Bridge (SOW)
Spalding (SPA)
Spean Bridge (SBR)
Spooner Row (SPN)
Springburn (SPR)
Springfield (SPF)
Squires Gate (SQU)
St Albans City (SAC)
St Andrews Road (SAR)
St Annes-on-Sea (SAS)
St Bees (SBS)
St Budeaux Ferry Road (SBF)
St Budeaux Victoria Road (SBV)
St Columb Road (SCR)
St Denys (SDN)
St Germans (SGM)
St Helens Central (SNH)
St Helier (Surrey) (SIH)
St Ives (Cornwall) (SIV)
St James Park (Exeter) (SJP)
St James Street (Walthamstow) (SJS)
St Johns (London) (SAJ)
St Keyne Wishing Well Halt (SKN)
St Leonards Warrior Square (SLQ)
St Margarets (Herts) (SMT)
St Margarets (London) (SMG)
St Mary Cray (SMY)
St Michaels (STM)
St Neots (SNO)
Staines (SNS)
Stallingborough (SLL)
Stamford Hill (SMH)
Stanford-le-Hope (SFO)
Stanlow & Thornton (SNT)
Stansted Mountfitchet (SST)
Staplehurst (SPU)
Starbeck (SBE)
Starcross (SCS)
Steeton & Silsden (SON)
Stepps (SPS)
Stevenage (SVG)
Stevenston (STV)
Stewartby (SWR)
Stewarton (STT)
Stocksfield (SKS)
Stocksmoor (SSM)
Stockton (STK)
Stoke Mandeville (SKM)
Stoke Newington (SKW)
Stone Crossing (SCG)
Stonebridge Park (SBP)
Stonegate (SOG)
Stonehaven (STN)
Stonehouse (SHU)
Stoneleigh (SNL)
Stourbridge Town (SBT)
Stow (SOI)
Stowmarket (SMK)
Stranraer (STR)
Stratford (London) (SRA)
Stratford International (SFA)
Strathcarron (STC)
Strawberry Hill (STW)
Streatham (Greater London) (STE)
Streatham Common (SRC)
Streatham Hill (SRH)
Streethouse (SHC)
Stromeferry (STF)
Strood (Kent) (SOO)
Stroud (Gloucs) (STD)
Sturry (STU)
Sudbury & Harrow Road (SUD)
Sudbury (Suffolk) (SUY)
Sudbury Hill Harrow (SDH)
Summerston (SUM)
Sunbury (SUU)
Sunderland (SUN)
Sundridge Park (SUP)
Sunningdale (SNG)
Sunnymeads (SNY)
Surbiton (SUR)
Surrey Quays (SQE)
Sutton (Surrey) (SUO)
Sutton Common (SUC)
Sutton Parkway (SPK)
Swale (SWL)
Swanley (SAY)
Swanscombe (SWM)
Swanwick (SNW)
Sway (SWY)
Swaythling (SWG)
Swinderby (SWD)
Swineshead (SWE)
Swinton (Manchester) (SNN)
Swinton (South Yorks) (SWN)
Sydenham (London) (SYD)
Sydenham Hill (SYH)
Syon Lane (SYL)
Syston (SYS)
Tackley (TAC)
Tadworth (TAD)
Tain (TAI)
Taplow (TAP)
Tattenham Corner (TAT)
Taynuilt (TAY)
Teddington (TED)
Tees-side Airport (TEA)
Teignmouth (TGM)
Templecombe (TMC)
Teynham (TEY)
Thames Ditton (THD)
Thatcham (THA)
Thatto Heath (THH)
Theale (THE)
Theobalds Grove (TEO)
Thetford (TTF)
Thorne North (TNN)
Thornford (THO)
Thornliebank (THB)
Thornton Abbey (TNA)
Thornton Heath (TTH)
Thorntonhall (THT)
Thorpe Bay (TPB)
Thorpe Culvert (TPC)
Thorpe-le-Soken (TLS)
Three Bridges (TBD)
Three Oaks (TOK)
Thurgarton (THU)
Thurnscoe (THC)
Thurso (THS)
Thurston (TRS)
Tilbury Town (TIL)
Tilehurst (TLH)
Tisbury (TIS)
Todmorden (TOD)
Tolworth (TOL)
Tonbridge (TON)
Tooting (TOO)
Topsham (TOP)
Torre (TRR)
Tottenham Hale (TOM)
Totton (TTN)
Town Green (TWN)
Trimley (TRM)
Troon (TRN)
Tulloch (TUL)
Tulse Hill (TUH)
Tunbridge Wells (TBW)
Turkey Street (TUR)
Tweedbank (TWB)
Twickenham (TWI)
Twyford (TWY)
Tyndrum Lower (TYL)
Uckfield (UCK)
Uddingston (UDD)
Ulceby (ULC)
Ulleskelf (ULL)
Umberleigh (UMB)
Uphall (UHA)
Upholland (UPL)
Upminster (UPM)
Upper Halliford (UPH)
Upper Holloway (UHL)
Upper Tyndrum (UTY)
Upper Warlingham (UWL)
Upwey (UPW)
Vauxhall (VXH)
Virginia Water (VIR)
Waddon (WDO)
Wadhurst (WAD)
Wainfleet (WFL)
Wakefield Kirkgate (WKK)
Walkden (WKD)
Wallasey Grove Road (WLG)
Wallasey Village (WLV)
Wallington (WLT)
Wallyford (WAF)
Walmer (WAM)
Walsden (WDN)
Waltham Cross (WLC)
Walthamstow Central (WHC)
Walthamstow Queen's Road (WMW)
Walton (Merseyside) (WAO)
Walton-on-Thames (WAL)
Walton-on-the-Naze (WON)
Wanborough (WAN)
Wandsworth Common (WSW)
Wandsworth Road (WWR)
Wandsworth Town (WNT)
Wanstead Park (WNP)
Wapping (WPE)
Warblington (WBL)
Ware (Herts) (WAR)
Wareham (Dorset) (WRM)
Wargrave (WGV)
Warnham (WNH)
Warwick (WRW)
Waterbeach (WBC)
Wateringbury (WTR)
Waterloo (Merseyside) (WLO)
Watlington (WTG)
Watton-at-Stone (WAS)
Wavertree Technology Park (WAV)
Wedgwood (WED)
Weeley (WEE)
Weeton (WET)
Welham Green (WMG)
Welling (WLI)
Wellingborough (WEL)
Welwyn Garden City (WGC)
Welwyn North (WLW)
Wembley Central (WMB)
Wembley Stadium (WCX)
Wemyss Bay (WMS)
Wendover (WND)
Wennington (WNN)
West Allerton (WSA)
West Brompton (WBP)
West Byfleet (WBY)
West Calder (WCL)
West Croydon (WCY)
West Drayton (WDT)
West Dulwich (WDU)
West Ealing (WEA)
West Ham (WEH)
West Hampstead (WHD)
West Hampstead Thameslink (WHP)
West Horndon (WHR)
West Kilbride (WKB)
West Kirby (WKI)
West Malling (WMA)
West Norwood (WNW)
West Ruislip (WRU)
West Runton (WRN)
West St Leonards (WLD)
West Sutton (WSU)
West Wickham (WWI)
West Worthing (WWO)
Westcliff (WCF)
Westcombe Park (WCB)
Westenhanger (WHA)
Wester Hailes (WTA)
Westerfield (WFI)
Westerton (WES)
Westgate-on-Sea (WGA)
Wetheral (WRL)
Weybridge (WYB)
Weymouth (WEY)
Whalley (Lancs) (WHE)
Whatstandwell (WTS)
Whifflet (WFF)
Whimple (WHM)
Whinhill (WNL)
Whitby (WTB)
Whitchurch (Hants) (WCH)
White Hart Lane (WHL)
White Notley (WNY)
Whitechapel (ZLW)
Whitecraigs (WCR)
Whitehaven (WTH)
Whitley Bridge (WBD)
Whitstable (WHI)
Whittlesford Parkway (WLF)
Whitton (London) (WTN)
Whitwell (Derbyshire) (WWL)
Whyteleafe (WHY)
Whyteleafe South (WHS)
Wick (WCK)
Wickford (WIC)
Wickham Market (WCM)
Widdrington (WDD)
Wigan Wallgate (WGW)
Wigton (WGT)
Willesden Junction (WIJ)
Williamwood (WLM)
Wimbledon (WIM)
Wimbledon Chase (WBO)
Winchelsea (WSE)
Winchfield (WNF)
Winchmore Hill (WIH)
Windsor & Eton Central (WNC)
Windsor & Eton Riverside (WNR)
Winnersh (WNS)
Winnersh Triangle (WTI)
Wishaw (WSH)
Witham (WTM)
Witley (WTY)
Wivelsfield (WVF)
Wivenhoe (WIV)
Woburn Sands (WOB)
Woking (WOK)
Wokingham (WKM)
Woldingham (WOH)
Wombwell (WOM)
Wood Street (WST)
Woodbridge (WDB)
Woodgrange Park (WGR)
Woodhall (WDL)
Woodhouse (WDH)
Woodlesford (WDS)
Woodmansterne (WME)
Wool (WOO)
Woolston (WLS)
Woolwich Arsenal (WWA)
Woolwich Dockyard (WWD)
Worcester Park (WCP)
Workington (WKG)
Worksop (WRK)
Worplesdon (WPL)
Worstead (WRT)
Worthing (WRH)
Wrabness (WRB)
Wraysbury (WRY)
Wressle (WRS)
Wye (WYE)
Wylam (WYM)
Wymondham (WMD)
Yalding (YAL)
Yate (YAE)
Yeoford (YEO)
Yeovil Junction (YVJ)
Yeovil Pen Mill (YVP)
Yetminster (YET)
Yoker (YOK)
0.46710782405605294 percent of stations (12) have no services to shrewsbury or returned an error
These stations are:
Ashford International (Eurostar) (ASI)
Berney Arms (BYA)
Buckenham (Norfolk) (BUC)
Dunrobin Castle (DNO)
Elephant & Castle (Underground) (ZEL)
Falls of Cruachan (FOC)
Heathrow Airport Terminals 1, 2 and 3 (HXX)
IBM Halt (IBM)
London St Pancras (Intl) (SPX)
Manchester United Football Ground (MUF)
Okehampton (OKE)
Sampford Courtenay (SMC)
