6.967691708836123 percent of stations (179) have direct services to southampton
51.537563254184505 percent of stations (1324) have services to southampton with a single connection
40.988711560918645 percent of stations (1053) have services to southampton with more than one connection
These stations are:
Abbey Wood (ABW)
Abergele & Pensarn (AGL)
Accrington (ACR)
Achanalt (AAT)
Achnasheen (ACN)
Achnashellach (ACH)
Acle (ACL)
Acton Central (ACC)
Aigburth (AIG)
Ainsdale (ANS)
Aintree (AIN)
Albany Park (AYP)
Alexandra Palace (AAP)
Alexandra Parade (AXP)
Alexandria (ALX)
Alloa (ALO)
Alness (ASS)
Alresford (Essex) (ALR)
Althorne (Essex) (ALN)
Altnabreac (ABC)
Amersham (AMR)
Ancaster (ANC)
Anderston (AND)
Angel Road (AGR)
Annan (ANN)
Ansdell & Fairhaven (AFV)
Appledore (Kent) (APD)
Apsley (APS)
Ardgay (ARD)
Ardlui (AUI)
Ardrossan South Beach (ASB)
Argyle Street (AGS)
Arisaig (ARG)
Arrochar & Tarbet (ART)
Ashfield (ASF)
Ashford International (AFK)
Ashton-under-Lyne (AHN)
Ashwell & Morden (AWM)
Askam (ASK)
Aslockton (ALK)
Aspatria (ASP)
Aspley Guise (APG)
Atherton (ATN)
Attadale (ATT)
Attleborough (ATL)
Auchinleck (AUK)
Audley End (AUD)
Aughton Park (AUG)
Aylesbury Vale Parkway (AVP)
Aylesford (AYL)
Ayr (AYR)
Bache (BAC)
Bagshot (BAG)
Baildon (BLD)
Baillieston (BIO)
Balloch (BHC)
Balmossie (BSI)
Bamber Bridge (BMB)
Banavie (BNV)
Bank Hall (BAH)
Barassie (BSS)
Bare Lane (BAR)
Bargeddie (BGI)
Barking (BKG)
Barlaston (BRT)
Barnehurst (BNH)
Barnhill (BNL)
Barnstaple (BNP)
Barrhead (BRR)
Barrhill (BRL)
Barrow Haven (BAV)
Barrow-Upon-Soar (BWS)
Barry Links (BYL)
Barton-on-Humber (BAU)
Basildon (BSO)
Bat & Ball (BBL)
Battersby (BTT)
Battle (BAT)
Battlesbridge (BLB)
Bayford (BAY)
Beasdale (BSL)
Beauly (BEL)
Bebington (BEB)
Beccles (BCC)
Beckenham Hill (BEC)
Beckenham Junction (BKJ)
Bedford St Johns (BSJ)
Bellingham (BGM)
Beltring (BEG)
Belvedere (BVD)
Benfleet (BEF)
Bentham (BEN)
Bere Alston (BAS)
Bere Ferrers (BFE)
Bescar Lane (BES)
Betchworth (BTO)
Bethnal Green (BET)
Betws-y-Coed (BYC)
Bexley (BXY)
Bexleyheath (BXH)
Bickley (BKL)
Bidston (BID)
Billericay (BIC)
Billingham (Cleveland) (BIL)
Bingham (BIN)
Birkbeck (BIK)
Birkdale (BDL)
Birkenhead Central (BKC)
Birkenhead Hamilton Square (BKQ)
Birkenhead North (BKN)
Birkenhead Park (BKP)
Bishopbriggs (BBG)
Bishops Stortford (BIS)
Bishopton (Strathclyde) (BPT)
Blackburn (BBN)
Blackheath (BKH)
Blackhorse Road (BHO)
Blackpool Pleasure Beach (BPB)
Blackpool South (BPS)
Blaenau Ffestiniog (BFF)
Blundellsands & Crosby (BLN)
Bogston (BGS)
Bootle (Cumbria) (BOC)
Bootle New Strand (BNW)
Bootle Oriel Road (BOT)
Bordesley (BBS)
Boston (BSN)
Bottesford (BTF)
Bourne End (BNE)
Bow Brickhill (BWB)
Bowes Park (BOP)
Bowling (BWG)
Brading (BDN)
Braintree (BTR)
Braintree Freeport (BTP)
Brampton (Cumbria) (BMP)
Brampton (Suffolk) (BRP)
Brandon (BND)
Braystones (Cumbria) (BYS)
Brentwood (BRE)
Bricket Wood (BWO)
Bridge of Orchy (BRO)
Bridgeton (BDG)
Brierfield (BRF)
Brigg (BGG)
Brimsdown (BMD)
Brixton (BRX)
Broad Green (BGE)
Bromborough (BOM)
Bromborough Rake (BMR)
Bromley Cross (Lancs) (BMC)
Bromley North (BMN)
Brookmans Park (BPK)
Brora (BRA)
Broxbourne (BXB)
Bruce Grove (BCV)
Brundall (BDA)
Brundall Gardens (BGA)
Brunswick (BRW)
Bryn (BYN)
Buckley (BCK)
Bugle (BGL)
Bulwell (BLW)
Bures (BUE)
Burneside (Cumbria) (BUD)
Burnham-on-Crouch (BUU)
Burnley Barracks (BUB)
Burnley Central (BNC)
Burnside (Strathclyde) (BUI)
Burscough Junction (BCJ)
Bury St Edmunds (BSE)
Bush Hill Park (BHK)
Bushey (BSH)
Caergwrle (CGW)
Calstock (CSK)
Camberley (CAM)
Cambridge Heath (CBH)
Canterbury East (CBE)
Canterbury West (CBW)
Cantley (CNY)
Capenhurst (CPU)
Carbis Bay (CBB)
Cardiff Bay (CDB)
Carmyle (CML)
Carpenders Park (CPK)
Carrbridge (CAG)
Carstairs (CRS)
Cartsdyke (CDY)
Castle Bar Park (CBP)
Castleford (CFD)
Castleton (Manchester) (CAS)
Castleton Moor (CSM)
Catford (CTF)
Catford Bridge (CFB)
Cathcart (CCT)
Causeland (CAU)
Cefn-y-Bedd (CYB)
Chadwell Heath (CTH)
Chafford Hundred Lakeside (CFH)
Chalfont & Latimer (CFO)
Chalkwell (CHW)
Chapelton (Devon) (CPN)
Chappel & Wakes Colne (CWC)
Charlton (CTN)
Chartham (CRT)
Chassen Road (CSR)
Chatelherault (CTE)
Cheddington (CED)
Chelmsford (CHM)
Chelsfield (CLD)
Cherry Tree (CYT)
Cheshunt (CHN)
Chilham (CIL)
Chilworth (CHL)
Chingford (CHI)
Chislehurst (CIT)
Chorleywood (CLW)
Church & Oswaldtwistle (CTW)
Clacton-on-Sea (CLT)
Clapton (CPT)
Clifton (Manchester) (CLI)
Clitheroe (CLH)
Clock House (CLK)
Clydebank (CYK)
Colchester (COL)
Colchester Town (CET)
Collingham (CLM)
Colne (CNE)
Commondale (COM)
Connel Ferry (CON)
Conon Bridge (CBD)
Conway Park (CNP)
Cookham (COO)
Coombe Junction Halt (COE)
Copplestone (COP)
Corby (COR)
Corkickle (CKL)
Corpach (CPA)
Corrour (CRR)
Crayford (CRY)
Crediton (CDI)
Cressing (Essex) (CES)
Cressington (CSG)
Creswell (CWD)
Crews Hill (CWH)
Crianlarich (CNR)
Croftfoot (CFF)
Crofton Park (CFT)
Cromer (CMR)
Crosshill (COI)
Croston (CSO)
Crouch Hill (CRH)
Crowhurst (CWU)
Cuffley (CUF)
Culrain (CUA)
Cuxton (CUX)
Dagenham Dock (DDK)
Daisy Hill (DSY)
Dalmally (DAL)
Dalmarnock (DAK)
Dalry (DLY)
Dalston (Cumbria) (DLS)
Danby (DNY)
Danzey (DZY)
Darsham (DSM)
Dartford (DFD)
Darwen (DWN)
Dawlish Warren (DWW)
Deal (DEA)
Deganwy (DGY)
Denham (DNM)
Denham Golf Club (DGC)
Denton (DTN)
Deptford (DEP)
Derby Road (Ipswich) (DBR)
Devonport (Devon) (DPT)
Devonport Dockyard (DOC)
Digby & Sowton (DIG)
Dingwall (DIN)
Diss (DIS)
Doleham (DLH)
Dolgarrog (DLG)
Dolwyddelan (DWD)
Dorking Deepdene (DPD)
Dorking West (DKT)
Dover Priory (DVP)
Dovercourt (DVC)
Downham Market (DOW)
Drayton Green (DRG)
Drayton Park (DYP)
Drigg (DRI)
Drumchapel (DMC)
Drumry (DMY)
Dublin Ferryport (DFP)
Dublin Port - Stena (DPS)
Duirinish (DRN)
Duke Street (DST)
Dullingham (DUL)
Dumfries (DMF)
Duncraig (DCG)
Dunlop (DNL)
Dunton Green (DNG)
Dyce (DYC)
Earlswood (West Midlands) (EWD)
East Dulwich (EDW)
East Farleigh (EFL)
East Tilbury (ETL)
Eastham Rake (ERA)
Eastrington (EGN)
Ebbsfleet International (EBD)
Eccles Road (ECS)
Eccleston Park (ECL)
Eden Park (EDN)
Edenbridge (EBR)
Edge Hill (EDG)
Edmonton Green (EDR)
Eggesford (EGG)
Egton (EGT)
Elgin (ELG)
Ellesmere Port (ELP)
Elmers End (ELE)
Elmstead Woods (ESD)
Elmswell (ESW)
Elsenham (Essex) (ESM)
Eltham (ELW)
Elton & Orston (ELO)
Ely (ELY)
Emerson Park (EMP)
Enfield Chase (ENC)
Enfield Lock (ENL)
Enfield Town (ENF)
Entwistle (ENT)
Erith (ERH)
Essex Road (EXR)
Etchingham (ETC)
Euxton Balshaw Lane (EBA)
Exeter St Thomas (EXT)
Exhibition Centre (Glasgow) (EXG)
Exmouth (EXM)
Exton (EXN)
Eynsford (EYN)
Fairlie (FRL)
Falconwood (FCN)
Falmouth Docks (FAL)
Falmouth Town (FMT)
Farnworth (FNW)
Fazakerley (FAZ)
Fearn (FRN)
Felixstowe (FLX)
Fenny Stratford (FEN)
Finsbury Park (FPK)
Flimby (FLM)
Flixton (FLI)
Folkestone Central (FKC)
Folkestone West (FKW)
Forest Gate (FOG)
Formby (FBY)
Forres (FOR)
Forsinard (FRS)
Fort Matilda (FTM)
Fort William (FTW)
Foxfield (FOX)
Foxton (FXN)
Frant (FRT)
Freshfield (FRE)
Frimley (FML)
Frinton-on-Sea (FRI)
Frodsham (FRD)
Furze Platt (FZP)
Gainsborough Central (GNB)
Garelochhead (GCH)
Garrowhill (GAR)
Garscadden (GRS)
Garston (Hertfordshire) (GSN)
Garswood (GSW)
Garve (GVE)
Georgemas Junction (GGJ)
Gerrards Cross (GER)
Gidea Park (GDP)
Gilshochill (GSC)
Girvan (GIR)
Glaisdale (GLS)
Glan Conwy (GCW)
Glasshoughton (GLH)
Glazebrook (GLZ)
Glenfinnan (GLF)
Glengarnock (GLG)
Godstone (GDN)
Golf Street (GOF)
Golspie (GOL)
Goodmayes (GMY)
Gordon Hill (GDH)
Gourock (GRK)
Goxhill (GOX)
Grange Park (GPK)
Grantham (GRA)
Gravesend (GRV)
Grays (GRY)
Great Ayton (GTA)
Great Bentley (GRB)
Great Chesterford (GRC)
Great Coates (GCT)
Great Missenden (GMN)
Great Yarmouth (GYM)
Green Lane (GNL)
Green Road (GNR)
Greenford (GFD)
Greenhithe (GNH)
Greenock Central (GKC)
Greenock West (GKW)
Greenwich (GNW)
Gretna Green (GEA)
Grimsby Docks (GMD)
Grosmont (GMT)
Grove Park (GRP)
Gunnersbury (GUN)
Gunnislake (GSL)
Gunton (GNT)
Gwersyllt (GWE)
Gypsy Lane (GYP)
Hackney Downs (HAC)
Haddiscoe (HAD)
Hadley Wood (HDW)
Hag Fold (HGF)
Halesworth (HAS)
Hall Green (HLG)
Hall Road (HLR)
Halling (HAI)
Hall-i'-th'-Wood (HID)
Ham Street (HMT)
Hapton (HPN)
Harlesden (HDN)
Harling Road (HRD)
Harlow Mill (HWM)
Harlow Town (HWN)
Harold Wood (HRO)
Harringay (HGY)
Harringay Green Lanes (HRY)
Harrington (HRR)
Harrow-on-the-Hill (HOH)
Hartlebury (HBY)
Harwich International (HPQ)
Harwich Town (HWC)
Hastings (HGS)
Hatch End (HTE)
Hatfield (Herts) (HAT)
Hatfield Peverel (HAP)
Havenhouse (HVN)
Hawarden (HWD)
Hawarden Bridge (HWB)
Hayes (Kent) (HYS)
Headcorn (HCN)
Headstone Lane (HDL)
Healing (HLI)
Heathrow Airport Terminal 4 (HAF)
Heckington (HEC)
Helensburgh Upper (HLU)
Helmsdale (HMS)
Helsby (HSB)
Henley-in-Arden (HNL)
Hertford East (HFE)
Hertford North (HFN)
Heswall (HSW)
Heworth (HEW)
Heysham Port (HHB)
High Brooms (HIB)
Higham (Kent) (HGM)
Highams Park (HIP)
Hightown (HTO)
Hildenborough (HLB)
Hillside (HIL)
Hindley (HIN)
Hither Green (HGR)
Hockley (HOC)
Hooton (HOO)
Hope (Flintshire) (HPE)
Hornsey (HRN)
Hoscar (HSC)
Hoveton & Wroxham (HXM)
How Wood (Herts) (HWW)
Howwood (Renfrewshire) (HOZ)
Hoylake (HYK)
Hubberts Bridge (HBB)
Hucknall (HKN)
Humphrey Park (HUP)
Huncoat (HCT)
Huyton (HUY)
Hykeham (HKM)
Hythe (Essex) (HYH)
Ilford (IFD)
Ince & Elton (INE)
Ince (Manchester) (INC)
Ingatestone (INT)
Invergordon (IGD)
Invergowrie (ING)
Invershin (INH)
Inverurie (INR)
Ipswich (IPS)
Irvine (IRV)
James Cook (JCH)
Johnstone (Strathclyde) (JHN)
Jordanhill (JOR)
Kearsley (Manchester) (KSL)
Kelvedon (KEL)
Kelvindale (KVD)
Kempston Hardwick (KMH)
Kemsley (KML)
Kendal (KEN)
Kennett (KNE)
Kensal Green (KNL)
Kent House (KTH)
Kenton (KNT)
Kettering (KET)
Kew Gardens (KWG)
Keyham (KEY)
Kidbrooke (KDB)
Kilburn High Road (KBN)
Kildale (KLD)
Kildonan (KIL)
Kilgetty (KGT)
Kilmarnock (KMK)
Kilmaurs (KLM)
Kilpatrick (KPT)
Kilwinning (KWN)
Kinbrace (KBC)
Kings Langley (KGL)
Kings Lynn (KLN)
Kings Nympton (KGN)
Kings Park (KGP)
Kirby Cross (KBX)
Kirkby (Merseyside) (KIR)
Kirkby-in-Ashfield (KKB)
Kirkby-in-Furness (KBF)
Kirkconnel (KRK)
Kirkdale (KKD)
Kirkhill (KKH)
Kirkwood (KWD)
Kirton Lindsey (KTL)
Knebworth (KBW)
Knockholt (KCK)
Kyle of Lochalsh (KYL)
Ladywell (LAD)
Laindon (LAI)
Lairg (LRG)
Lake (LKE)
Lakenheath (LAK)
Lamphey (LAM)
Langbank (LGB)
Langho (LHO)
Langley Green (LGG)
Langside (LGS)
Langwith-Whaley Thorns (LAG)
Lapford (LAP)
Largs (LAR)
Larkhall (LRH)
Laurencekirk (LAU)
Lea Bridge (LEB)
Lealholm (LHM)
Leasowe (LSW)
Lee (London) (LEE)
Leigh (Kent) (LIH)
Leigh-on-Sea (LES)
Lelant (LEL)
Lelant Saltings (LTS)
Lenzie (LNZ)
Lewisham (LEW)
Leyton Midland Road (LEM)
Leytonstone High Road (LER)
Lidlington (LID)
Limehouse (LHS)
Lingwood (LGD)
Little Kimble (LTK)
Little Sutton (LTT)
Littleborough (LTL)
Littleport (LTP)
Liverpool Central (LVC)
Liverpool James Street (LVJ)
Llandudno (LLD)
Llanrwst (LWR)
Loch Awe (LHA)
Loch Eil Outward Bound (LHE)
Lochailort (LCL)
Locheilside (LCS)
Lochluichart (LCC)
Lochwinnoch (LHW)
London Charing Cross (CHX)
London Fields (LOF)
Looe (LOO)
Lostock Hall (LOH)
Loughborough (LBO)
Lower Sydenham (LSY)
Lowestoft (LWT)
Luxulyan (LUX)
Lye (West Midlands) (LYE)
Lympstone Commando (LYC)
Lympstone Village (LYM)
Lytham (LTM)
Maghull (MAG)
Maidstone Barracks (MDB)
Maidstone East (MDE)
Maidstone West (MDW)
Mallaig (MLG)
Manea (MNE)
Manningtree (MNG)
Manor Park (MNP)
Manor Road (MNR)
Manorbier (MRB)
Mansfield (MFT)
Mansfield Woodhouse (MSW)
March (MCH)
Marden (Kent) (MRN)
Market Harborough (MHR)
Market Rasen (MKR)
Marks Tey (MKT)
Marlow (MLW)
Martin Mill (MTM)
Marton (MTO)
Maryhill (MYH)
Maryland (MYL)
Maryport (MRY)
Maxwell Park (MAX)
Maybole (MAY)
Maze Hill (MZH)
Meldreth (MEL)
Melton (Suffolk) (MES)
Menheniot (MEN)
Meols (MEO)
Merryton (MEY)
Metheringham (MGM)
Mill Hill (Lancs) (MLH)
Millbrook (Beds) (MLB)
Milliken Park (MIN)
Millom (MLM)
Mills Hill (Manchester) (MIH)
Minster (MSR)
Mistley (MIS)
Monks Risborough (MRS)
Moorfields (MRF)
Moorgate (MOG)
Moorside (MSD)
Morar (MRR)
Morchard Road (MRD)
Morden South (MDS)
Morecambe (MCM)
Moreton (Merseyside) (MRT)
Moses Gate (MSS)
Moss Side (MOS)
Mossley Hill (MSH)
Moston (MSO)
Mottingham (MTG)
Mouldsworth (MLD)
Mount Florida (MFL)
Mount Vernon (MTV)
Muir of Ord (MOO)
Muirend (MUI)
Nairn (NRN)
Narberth (NAR)
Needham Market (NMT)
Neilston (NEI)
Nelson (NEL)
Neston (NES)
Netherfield (NET)
Nethertown (NRT)
New Barnet (NBA)
New Beckenham (NBC)
New Brighton (NBN)
New Clee (NCE)
New Cross (NWX)
New Cumnock (NCK)
New Eltham (NEH)
New Holland (NHL)
New Hythe (NHE)
New Lane (NLN)
New Southgate (NSG)
Newark North Gate (NNG)
Newcourt (NCO)
Newmarket (NMK)
Newport (Essex) (NWE)
Newquay (NQY)
Newstead (NSD)
Newton St Cyres (NTC)
Newtonmore (NWR)
Newton-on-Ayr (NOA)
North Dulwich (NDL)
North Fambridge (NFA)
North Llanrwst (NLR)
North Walsham (NWA)
North Wembley (NWB)
Northallerton (NTR)
Northfleet (NFL)
Northolt Park (NLT)
Northumberland Park (NUM)
Norton Bridge (NTB)
Norwich (NRW)
Nunthorpe (NNT)
Nutfield (NUF)
Oakleigh Park (OKL)
Oban (OBN)
Ockendon (OCK)
Old Hill (OHL)
Old Roan (ORN)
Old Street (OLD)
Ormskirk (OMS)
Orpington (ORP)
Orrell (ORR)
Orrell Park (OPK)
Otford (OTF)
Oulton Broad North (OUN)
Oulton Broad South (OUS)
Overpool (OVE)
Paddock Wood (PDW)
Padgate (PDG)
Palmers Green (PAL)
Park Street (PKT)
Parton (PRN)
Patterton (PTT)
Pemberton (PEM)
Pembroke (PMB)
Pembroke Dock (PMD)
Penally (PNA)
Penge East (PNE)
Penmere (PNM)
Penryn (Cornwall) (PYN)
Penshurst (PHR)
Penyffordd (PNF)
Perranwell (PRW)
Petts Wood (PET)
Pilning (PIL)
Pitsea (PSE)
Pleasington (PLS)
Plockton (PLK)
Pluckley (PLC)
Plumstead (PLU)
Pollokshaws East (PWE)
Pollokshields East (PLE)
Pollokshields West (PLW)
Polsloe Bridge (POL)
Ponders End (PON)
Pont-y-Pant (PYP)
Port Glasgow (PTG)
Port Sunlight (PSL)
Portlethen (PLN)
Portsmouth Arms (PMA)
Possilpark & Parkhouse (PPK)
Potters Bar (PBR)
Prescot (PSC)
Prestwick International Airport (PRA)
Prestwick Town (PTW)
Prittlewell (PRL)
Purfleet (PFL)
Queenborough (QBR)
Queens Park (Glasgow) (QPK)
Quintrell Downs (QUI)
Radcliffe-on-Trent (RDF)
Rainford (RNF)
Rainham (Essex) (RNM)
Ramsgate (RAM)
Ramsgreave & Wilpshire (RGW)
Rannoch (RAN)
Rauceby (RAU)
Ravenglass for Eskdale (RAV)
Ravensbourne (RVB)
Rayleigh (RLG)
Rectory Road (REC)
Reddish South (RDS)
Reedham (Norfolk) (REE)
Renton (RTN)
Rice Lane (RIL)
Rickmansworth (RIC)
Ridgmont (RID)
Rishton (RIS)
Robertsbridge (RBR)
Roby (ROB)
Rochdale (RCD)
Roche (ROC)
Rochford (RFD)
Rock Ferry (RFY)
Rogart (ROG)
Roman Bridge (RMB)
Romford (RMF)
Rose Grove (RSG)
Roughton Road (RNR)
Roy Bridge (RYB)
Roydon (RYN)
Rufford (RUF)
Runcorn East (RUE)
Ruskington (RKT)
Ruswarp (RUS)
Rutherglen (RUT)
Ryde Esplanade (RYD)
Ryde St Johns Road (RYR)
Rye (Sussex) (RYE)
Rye House (RYH)
Salford Central (SFD)
Salhouse (SAH)
Saltcoats (SLT)
Salwick (SLW)
Sandhills (SDL)
Sandling (SDG)
Sandown (SAN)
Sandplace (SDP)
Sandwich (SDW)
Sanquhar (SQH)
Saundersfoot (SDF)
Sawbridgeworth (SAW)
Saxilby (SXY)
Saxmundham (SAX)
Scotscalder (SCT)
Scotstounhill (SCH)
Seaforth & Litherland (SFL)
Seaham (SEA)
Seascale (SSC)
Seaton Carew (SEC)
Seer Green & Jordans (SRG)
Sellafield (SEL)
Seven Kings (SVK)
Seven Sisters (SVS)
Sevenoaks (SEV)
Shalford (Surrey) (SFR)
Shanklin (SHN)
Shawlands (SHL)
Sheerness-on-Sea (SSS)
Shelford (Cambs) (SED)
Shenfield (SNF)
Shepreth (STH)
Sheringham (SHM)
Shippea Hill (SPP)
Shirebrook (SHB)
Shirley (SRL)
Shoeburyness (SRY)
Shoreham (Kent) (SEH)
Shortlands (SRT)
Shotton (SHT)
Sidcup (SID)
Sileby (SIL)
Silecroft (SIC)
Silver Street (SLV)
Singer (SIN)
Skegness (SKG)
Slade Green (SGR)
Sleaford (SLR)
Sleights (SLH)
Small Heath (SMA)
Smallbrook Junction (SAB)
Smithy Bridge (SMB)
Snodland (SDA)
Somerleyton (SYT)
South Acton (SAT)
South Bermondsey (SBM)
South Greenford (SGN)
South Hampstead (SOH)
South Kenton (SOK)
South Merton (SMO)
South Ruislip (SRU)
South Tottenham (STO)
South Woodham Ferrers (SOF)
Southbury (SBU)
Southend Airport (SIA)
Southend Central (SOC)
Southend East (SOE)
Southend Victoria (SOV)
Southminster (SMN)
Spalding (SPA)
Spean Bridge (SBR)
Spital (SPI)
Spooner Row (SPN)
Spring Road (SRI)
Springburn (SPR)
Squires Gate (SQU)
St Albans Abbey (SAA)
St Annes-on-Sea (SAS)
St Bees (SBS)
St Budeaux Ferry Road (SBF)
St Budeaux Victoria Road (SBV)
St Columb Road (SCR)
St Helens Central (SNH)
St Helier (Surrey) (SIH)
St Ives (Cornwall) (SIV)
St James Park (Exeter) (SJP)
St James Street (Walthamstow) (SJS)
St Johns (London) (SAJ)
St Keyne Wishing Well Halt (SKN)
St Leonards Warrior Square (SLQ)
St Margarets (Herts) (SMT)
St Michaels (STM)
Stallingborough (SLL)
Stamford Hill (SMH)
Stanford-le-Hope (SFO)
Stanlow & Thornton (SNT)
Stansted Airport (SSD)
Stansted Mountfitchet (SST)
Staplehurst (SPU)
Starcross (SCS)
Staveley (Cumbria) (SVL)
Stevenston (STV)
Stewartby (SWR)
Stewarton (STT)
Stockton (STK)
Stoke Mandeville (SKM)
Stoke Newington (SKW)
Stone Crossing (SCG)
Stonebridge Park (SBP)
Stonegate (SOG)
Stourbridge Town (SBT)
Stowmarket (SMK)
Stranraer (STR)
Stratford International (SFA)
Strathcarron (STC)
Stromeferry (STF)
Strood (Kent) (SOO)
Sturry (STU)
Sudbury & Harrow Road (SUD)
Sudbury (Suffolk) (SUY)
Sudbury Hill Harrow (SDH)
Summerston (SUM)
Sunderland (SUN)
Sundridge Park (SUP)
Sutton Common (SUC)
Sutton Parkway (SPK)
Swale (SWL)
Swanscombe (SWM)
Swinderby (SWD)
Swineshead (SWE)
Swinton (Manchester) (SNN)
Syston (SYS)
Tain (TAI)
Tal-y-Cafn (TLC)
Taynuilt (TAY)
Tees-side Airport (TEA)
Tenby (TEN)
Thatto Heath (THH)
The Lakes (Warks) (TLK)
Theobalds Grove (TEO)
Thetford (TTF)
Thornton Abbey (TNA)
Thorpe Bay (TPB)
Thorpe Culvert (TPC)
Thorpe-le-Soken (TLS)
Three Oaks (TOK)
Thurso (THS)
Thurston (TRS)
Tilbury Town (TIL)
Tonbridge (TON)
Topsham (TOP)
Tottenham Hale (TOM)
Town Green (TWN)
Trafford Park (TRA)
Trimley (TRM)
Troon (TRN)
Tulloch (TUL)
Tunbridge Wells (TBW)
Turkey Street (TUR)
Tyndrum Lower (TYL)
Tyseley (TYS)
Ulceby (ULC)
Umberleigh (UMB)
Upholland (UPL)
Upminster (UPM)
Upper Holloway (UHL)
Upper Tyndrum (UTY)
Upton (Merseyside) (UPT)
Wadhurst (WAD)
Wainfleet (WFL)
Walkden (WKD)
Wallasey Grove Road (WLG)
Wallasey Village (WLV)
Walmer (WAM)
Waltham Cross (WLC)
Walthamstow Central (WHC)
Walthamstow Queen's Road (WMW)
Walton (Merseyside) (WAO)
Walton-on-the-Naze (WON)
Wanborough (WAN)
Wanstead Park (WNP)
Ware (Herts) (WAR)
Waterbeach (WBC)
Wateringbury (WTR)
Waterloo (Merseyside) (WLO)
Watford High Street (WFH)
Watford North (WFN)
Watlington (WTG)
Watton-at-Stone (WAS)
Wavertree Technology Park (WAV)
Wedgwood (WED)
Weeley (WEE)
Welham Green (WMG)
Welling (WLI)
Wellingborough (WEL)
Welwyn Garden City (WGC)
Welwyn North (WLW)
Wembley Stadium (WCX)
Wendover (WND)
Wennington (WNN)
West Allerton (WSA)
West Horndon (WHR)
West Kilbride (WKB)
West Kirby (WKI)
West Ruislip (WRU)
West Runton (WRN)
West St Leonards (WLD)
West Sutton (WSU)
West Wickham (WWI)
Westcliff (WCF)
Westcombe Park (WCB)
Westenhanger (WHA)
Westerfield (WFI)
Wetheral (WRL)
Whalley (Lancs) (WHE)
Whitby (WTB)
White Hart Lane (WHL)
White Notley (WNY)
Whitecraigs (WCR)
Whitehaven (WTH)
Whitlocks End (WTE)
Whittlesea (WLE)
Whittlesford Parkway (WLF)
Whitwell (Derbyshire) (WWL)
Whyteleafe (WHY)
Wick (WCK)
Wickford (WIC)
Wickham Market (WCM)
Wigan Wallgate (WGW)
Wigton (WGT)
Williamwood (WLM)
Wimbledon Chase (WBO)
Winchelsea (WSE)
Winchmore Hill (WIH)
Windermere (WDM)
Windsor & Eton Central (WNC)
Witham (WTM)
Wivenhoe (WIV)
Woburn Sands (WOB)
Wolverton (WOL)
Wood End (WDE)
Wood Street (WST)
Woodbridge (WDB)
Woodgrange Park (WGR)
Woodhall (WDL)
Woolwich Arsenal (WWA)
Woolwich Dockyard (WWD)
Wootton Wawen (WWW)
Workington (WKG)
Worstead (WRT)
Wrabness (WRB)
Wressle (WRS)
Wrexham Central (WXC)
Wye (WYE)
Wymondham (WMD)
Wythall (WYT)
Yalding (YAL)
Yardley Wood (YRD)
Yeoford (YEO)
Yoker (YOK)
0.506033476060724 percent of stations (13) have no services to southampton or returned an error
These stations are:
Ashford International (Eurostar) (ASI)
Berney Arms (BYA)
Buckenham (Norfolk) (BUC)
Dunrobin Castle (DNO)
Elephant & Castle (Underground) (ZEL)
Falls of Cruachan (FOC)
Heathrow Airport Terminals 1, 2 and 3 (HXX)
IBM Halt (IBM)
London St Pancras (Intl) (SPX)
Manchester United Football Ground (MUF)
Okehampton (OKE)
Sampford Courtenay (SMC)
Southampton Airport Parkway (SOA)
